========CONFIG===========
part_labeled =  0.5
========CONFIG===========
[baseline] CyclicLR step size =  34
[baseline] batch_size =  100
Train Time used: 3 	 Loss: 1085.192 | Train Acc: 11.289% (59062/523193)
Using the default mapping tsv
[Eval] Valid Acc. : 25.86% 	 (13998/54138)
[Eval] Test Acc. : 24.16% 	 (13755/56926)
Train Time used: 3 	 Loss: 863.330 | Train Acc: 22.591% (118194/523193)
[Eval] Valid Acc. : 39.21% 	 (21227/54138)
[Eval] Test Acc. : 36.80% 	 (20949/56926)
Train Time used: 3 	 Loss: 620.669 | Train Acc: 38.791% (202954/523193)
[Eval] Valid Acc. : 50.41% 	 (27292/54138)
[Eval] Test Acc. : 49.12% 	 (27960/56926)
Train Time used: 3 	 Loss: 531.442 | Train Acc: 46.439% (242967/523193)
[Eval] Valid Acc. : 53.64% 	 (29037/54138)
[Eval] Test Acc. : 52.81% 	 (30060/56926)
Train Time used: 3 	 Loss: 498.394 | Train Acc: 49.274% (257799/523193)
[Eval] Valid Acc. : 56.39% 	 (30530/54138)
[Eval] Test Acc. : 55.00% 	 (31308/56926)
Train Time used: 3 	 Loss: 483.585 | Train Acc: 50.230% (262801/523193)
[Eval] Valid Acc. : 59.82% 	 (32383/54138)
[Eval] Test Acc. : 58.51% 	 (33307/56926)
Train Time used: 3 	 Loss: 415.374 | Train Acc: 56.798% (297161/523193)
[Eval] Valid Acc. : 62.72% 	 (33958/54138)
[Eval] Test Acc. : 61.79% 	 (35174/56926)
Train Time used: 3 	 Loss: 386.579 | Train Acc: 59.792% (312829/523193)
[Eval] Valid Acc. : 64.44% 	 (34888/54138)
[Eval] Test Acc. : 62.99% 	 (35858/56926)
Train Time used: 3 	 Loss: 377.824 | Train Acc: 60.448% (316262/523193)
[Eval] Valid Acc. : 64.51% 	 (34924/54138)
[Eval] Test Acc. : 62.92% 	 (35815/56926)
Train Time used: 3 	 Loss: 368.638 | Train Acc: 61.210% (320247/523193)
[Eval] Valid Acc. : 66.28% 	 (35883/54138)
[Eval] Test Acc. : 64.99% 	 (36999/56926)
Train Time used: 3 	 Loss: 337.792 | Train Acc: 64.418% (337031/523193)
[Eval] Valid Acc. : 68.26% 	 (36956/54138)
[Eval] Test Acc. : 66.74% 	 (37994/56926)
Train Time used: 3 	 Loss: 318.686 | Train Acc: 66.333% (347051/523193)
[Eval] Valid Acc. : 68.17% 	 (36905/54138)
[Eval] Test Acc. : 66.29% 	 (37734/56926)
Train Time used: 3 	 Loss: 320.751 | Train Acc: 65.833% (344436/523193)
[Eval] Valid Acc. : 67.14% 	 (36350/54138)
[Eval] Test Acc. : 66.06% 	 (37606/56926)
Train Time used: 3 	 Loss: 325.349 | Train Acc: 65.408% (342210/523193)
[Eval] Valid Acc. : 68.33% 	 (36990/54138)
[Eval] Test Acc. : 66.73% 	 (37985/56926)
Train Time used: 3 	 Loss: 299.023 | Train Acc: 68.112% (356359/523193)
[Eval] Valid Acc. : 69.89% 	 (37839/54138)
[Eval] Test Acc. : 68.11% 	 (38772/56926)
Train Time used: 3 	 Loss: 286.075 | Train Acc: 69.511% (363679/523193)
[Eval] Valid Acc. : 69.35% 	 (37545/54138)
[Eval] Test Acc. : 67.16% 	 (38234/56926)
Train Time used: 3 	 Loss: 297.792 | Train Acc: 68.109% (356343/523193)
[Eval] Valid Acc. : 66.92% 	 (36231/54138)
[Eval] Test Acc. : 65.78% 	 (37446/56926)
Train Time used: 3 	 Loss: 294.083 | Train Acc: 68.404% (357883/523193)
[Eval] Valid Acc. : 69.99% 	 (37892/54138)
[Eval] Test Acc. : 68.18% 	 (38813/56926)
Train Time used: 3 	 Loss: 269.639 | Train Acc: 71.083% (371901/523193)
[Eval] Valid Acc. : 70.80% 	 (38328/54138)
[Eval] Test Acc. : 69.06% 	 (39311/56926)
Train Time used: 3 	 Loss: 263.045 | Train Acc: 71.752% (375403/523193)
[Eval] Valid Acc. : 70.39% 	 (38107/54138)
[Eval] Test Acc. : 68.20% 	 (38824/56926)
Train Time used: 3 	 Loss: 275.603 | Train Acc: 70.161% (367080/523193)
[Eval] Valid Acc. : 69.01% 	 (37361/54138)
[Eval] Test Acc. : 67.39% 	 (38364/56926)
Train Time used: 3 	 Loss: 268.314 | Train Acc: 70.952% (371217/523193)
[Eval] Valid Acc. : 70.64% 	 (38243/54138)
[Eval] Test Acc. : 68.87% 	 (39205/56926)
Train Time used: 3 	 Loss: 244.454 | Train Acc: 73.755% (385882/523193)
[Eval] Valid Acc. : 71.19% 	 (38541/54138)
[Eval] Test Acc. : 69.06% 	 (39315/56926)
Train Time used: 3 	 Loss: 244.956 | Train Acc: 73.610% (385121/523193)
[Eval] Valid Acc. : 70.36% 	 (38093/54138)
[Eval] Test Acc. : 68.63% 	 (39066/56926)
Train Time used: 3 	 Loss: 260.425 | Train Acc: 71.903% (376190/523193)
[Eval] Valid Acc. : 70.03% 	 (37912/54138)
[Eval] Test Acc. : 67.96% 	 (38687/56926)
Train Time used: 3 	 Loss: 246.221 | Train Acc: 73.320% (383607/523193)
[Eval] Valid Acc. : 70.87% 	 (38367/54138)
[Eval] Test Acc. : 69.04% 	 (39301/56926)
Train Time used: 3 	 Loss: 224.026 | Train Acc: 75.845% (396816/523193)
[Eval] Valid Acc. : 71.21% 	 (38553/54138)
[Eval] Test Acc. : 69.15% 	 (39365/56926)
Train Time used: 3 	 Loss: 229.928 | Train Acc: 75.114% (392993/523193)
[Eval] Valid Acc. : 69.82% 	 (37801/54138)
[Eval] Test Acc. : 68.07% 	 (38749/56926)
Train Time used: 3 	 Loss: 248.626 | Train Acc: 73.012% (381996/523193)
[Eval] Valid Acc. : 70.51% 	 (38170/54138)
[Eval] Test Acc. : 67.93% 	 (38668/56926)
Train Time used: 3 	 Loss: 225.776 | Train Acc: 75.508% (395052/523193)
[Eval] Valid Acc. : 71.55% 	 (38735/54138)
[Eval] Test Acc. : 69.01% 	 (39285/56926)
Train Time used: 3 	 Loss: 206.579 | Train Acc: 77.790% (406992/523193)
[Eval] Valid Acc. : 71.20% 	 (38544/54138)
[Eval] Test Acc. : 69.15% 	 (39362/56926)
Train Time used: 3 	 Loss: 216.654 | Train Acc: 76.543% (400466/523193)
[Eval] Valid Acc. : 69.62% 	 (37691/54138)
[Eval] Test Acc. : 67.85% 	 (38623/56926)
Train Time used: 3 	 Loss: 233.010 | Train Acc: 74.544% (390009/523193)
[Eval] Valid Acc. : 70.57% 	 (38206/54138)
[Eval] Test Acc. : 68.36% 	 (38916/56926)
Train Time used: 3 	 Loss: 205.681 | Train Acc: 77.675% (406391/523193)
[Eval] Valid Acc. : 71.21% 	 (38554/54138)
[Eval] Test Acc. : 68.77% 	 (39146/56926)
Train Time used: 3 	 Loss: 192.115 | Train Acc: 79.358% (415197/523193)
[Eval] Valid Acc. : 70.70% 	 (38276/54138)
[Eval] Test Acc. : 68.52% 	 (39006/56926)
Train Time used: 3 	 Loss: 207.113 | Train Acc: 77.492% (405431/523193)
[Eval] Valid Acc. : 70.03% 	 (37913/54138)
[Eval] Test Acc. : 68.07% 	 (38750/56926)
Train Time used: 3 	 Loss: 214.440 | Train Acc: 76.537% (400438/523193)
[Eval] Valid Acc. : 70.95% 	 (38411/54138)
[Eval] Test Acc. : 68.63% 	 (39067/56926)
Train Time used: 3 	 Loss: 186.947 | Train Acc: 79.847% (417754/523193)
[Eval] Valid Acc. : 71.25% 	 (38572/54138)
[Eval] Test Acc. : 69.04% 	 (39303/56926)
Train Time used: 3 	 Loss: 181.153 | Train Acc: 80.597% (421677/523193)
[Eval] Valid Acc. : 70.29% 	 (38054/54138)
[Eval] Test Acc. : 67.75% 	 (38567/56926)
Train Time used: 3 	 Loss: 203.121 | Train Acc: 78.051% (408355/523193)
[Eval] Valid Acc. : 69.41% 	 (37576/54138)
[Eval] Test Acc. : 67.03% 	 (38157/56926)
Train Time used: 3 	 Loss: 201.760 | Train Acc: 77.904% (407587/523193)
[Eval] Valid Acc. : 70.51% 	 (38171/54138)
[Eval] Test Acc. : 68.02% 	 (38721/56926)
Train Time used: 3 	 Loss: 172.208 | Train Acc: 81.588% (426864/523193)
[Eval] Valid Acc. : 70.90% 	 (38382/54138)
[Eval] Test Acc. : 68.21% 	 (38829/56926)
Train Time used: 3 	 Loss: 170.433 | Train Acc: 81.753% (427724/523193)
[Eval] Valid Acc. : 69.68% 	 (37726/54138)
[Eval] Test Acc. : 67.55% 	 (38453/56926)
Train Time used: 3 	 Loss: 193.649 | Train Acc: 78.985% (413245/523193)
[Eval] Valid Acc. : 69.33% 	 (37533/54138)
[Eval] Test Acc. : 66.76% 	 (38001/56926)
Train Time used: 3 	 Loss: 185.480 | Train Acc: 79.799% (417503/523193)
[Eval] Valid Acc. : 70.49% 	 (38164/54138)
[Eval] Test Acc. : 67.91% 	 (38658/56926)
Train Time used: 3 	 Loss: 157.668 | Train Acc: 83.187% (435230/523193)
[Eval] Valid Acc. : 70.58% 	 (38209/54138)
[Eval] Test Acc. : 68.14% 	 (38788/56926)
Train Time used: 3 	 Loss: 163.137 | Train Acc: 82.508% (431674/523193)
[Eval] Valid Acc. : 69.61% 	 (37685/54138)
[Eval] Test Acc. : 67.33% 	 (38329/56926)
Train Time used: 3 	 Loss: 188.506 | Train Acc: 79.337% (415084/523193)
[Eval] Valid Acc. : 69.60% 	 (37681/54138)
[Eval] Test Acc. : 67.35% 	 (38339/56926)
Train Time used: 3 	 Loss: 168.446 | Train Acc: 81.754% (427731/523193)
[Eval] Valid Acc. : 70.42% 	 (38122/54138)
[Eval] Test Acc. : 68.06% 	 (38741/56926)
Train Time used: 3 	 Loss: 147.200 | Train Acc: 84.345% (441289/523193)
[Eval] Valid Acc. : 70.17% 	 (37989/54138)
[Eval] Test Acc. : 67.54% 	 (38447/56926)
Finish training Baseline!
[Result][Baseline] Best epoch : 29 	Valid. Acc. : 71.5486% 	 Test Acc.: 69.0106%
