========CONFIG===========
part_labeled =  0.01
========CONFIG===========
[baseline] CyclicLR step size =  2
[baseline] batch_size =  35
Train Time used: 0 	 Loss: 1186.817 | Train Acc: 3.167% (339/10704)
Using the default mapping tsv
[Eval] Valid Acc. : 2.58% 	 (1396/54138)
[Eval] Test Acc. : 2.39% 	 (1362/56926)
Train Time used: 0 	 Loss: 1186.782 | Train Acc: 3.167% (339/10704)
[Eval] Valid Acc. : 25.86% 	 (13998/54138)
[Eval] Test Acc. : 24.16% 	 (13755/56926)
Train Time used: 0 	 Loss: 1156.534 | Train Acc: 13.743% (1471/10704)
[Eval] Valid Acc. : 25.86% 	 (13998/54138)
[Eval] Test Acc. : 24.16% 	 (13755/56926)
Train Time used: 0 	 Loss: 1097.168 | Train Acc: 13.743% (1471/10704)
[Eval] Valid Acc. : 25.86% 	 (13998/54138)
[Eval] Test Acc. : 24.16% 	 (13755/56926)
Train Time used: 0 	 Loss: 1086.523 | Train Acc: 13.743% (1471/10704)
[Eval] Valid Acc. : 25.86% 	 (13998/54138)
[Eval] Test Acc. : 24.16% 	 (13755/56926)
Train Time used: 0 	 Loss: 1086.506 | Train Acc: 13.743% (1471/10704)
[Eval] Valid Acc. : 25.86% 	 (13998/54138)
[Eval] Test Acc. : 24.16% 	 (13755/56926)
Train Time used: 0 	 Loss: 1071.308 | Train Acc: 13.743% (1471/10704)
[Eval] Valid Acc. : 25.86% 	 (13998/54138)
[Eval] Test Acc. : 24.16% 	 (13755/56926)
Train Time used: 0 	 Loss: 1066.649 | Train Acc: 7.586% (812/10704)
[Eval] Valid Acc. : 25.86% 	 (13998/54138)
[Eval] Test Acc. : 24.16% 	 (13755/56926)
Train Time used: 0 	 Loss: 1063.961 | Train Acc: 7.595% (813/10704)
[Eval] Valid Acc. : 25.86% 	 (13998/54138)
[Eval] Test Acc. : 24.16% 	 (13755/56926)
Train Time used: 0 	 Loss: 1063.932 | Train Acc: 7.595% (813/10704)
[Eval] Valid Acc. : 25.86% 	 (13998/54138)
[Eval] Test Acc. : 24.16% 	 (13755/56926)
Train Time used: 0 	 Loss: 1047.941 | Train Acc: 13.743% (1471/10704)
[Eval] Valid Acc. : 25.86% 	 (13998/54138)
[Eval] Test Acc. : 24.16% 	 (13755/56926)
Train Time used: 0 	 Loss: 1047.258 | Train Acc: 13.743% (1471/10704)
[Eval] Valid Acc. : 25.86% 	 (13998/54138)
[Eval] Test Acc. : 24.16% 	 (13755/56926)
Train Time used: 0 	 Loss: 1022.710 | Train Acc: 13.743% (1471/10704)
[Eval] Valid Acc. : 25.86% 	 (13998/54138)
[Eval] Test Acc. : 24.16% 	 (13755/56926)
Train Time used: 0 	 Loss: 1022.640 | Train Acc: 13.743% (1471/10704)
[Eval] Valid Acc. : 28.22% 	 (15280/54138)
[Eval] Test Acc. : 26.32% 	 (14983/56926)
Train Time used: 0 	 Loss: 985.645 | Train Acc: 17.199% (1841/10704)
[Eval] Valid Acc. : 27.82% 	 (15061/54138)
[Eval] Test Acc. : 25.62% 	 (14585/56926)
Train Time used: 0 	 Loss: 979.180 | Train Acc: 19.479% (2085/10704)
[Eval] Valid Acc. : 27.62% 	 (14951/54138)
[Eval] Test Acc. : 25.31% 	 (14406/56926)
Train Time used: 0 	 Loss: 945.620 | Train Acc: 19.516% (2089/10704)
[Eval] Valid Acc. : 27.64% 	 (14964/54138)
[Eval] Test Acc. : 25.32% 	 (14412/56926)
Train Time used: 0 	 Loss: 945.519 | Train Acc: 19.525% (2090/10704)
[Eval] Valid Acc. : 30.13% 	 (16313/54138)
[Eval] Test Acc. : 28.50% 	 (16222/56926)
Train Time used: 0 	 Loss: 922.858 | Train Acc: 19.096% (2044/10704)
[Eval] Valid Acc. : 30.37% 	 (16443/54138)
[Eval] Test Acc. : 28.73% 	 (16357/56926)
Train Time used: 0 	 Loss: 945.968 | Train Acc: 12.603% (1349/10704)
[Eval] Valid Acc. : 32.06% 	 (17354/54138)
[Eval] Test Acc. : 30.47% 	 (17346/56926)
Train Time used: 0 	 Loss: 878.020 | Train Acc: 23.019% (2464/10704)
[Eval] Valid Acc. : 32.05% 	 (17349/54138)
[Eval] Test Acc. : 30.47% 	 (17344/56926)
Train Time used: 0 	 Loss: 877.901 | Train Acc: 22.982% (2460/10704)
[Eval] Valid Acc. : 29.31% 	 (15866/54138)
[Eval] Test Acc. : 27.46% 	 (15634/56926)
Train Time used: 0 	 Loss: 869.488 | Train Acc: 21.198% (2269/10704)
[Eval] Valid Acc. : 32.89% 	 (17804/54138)
[Eval] Test Acc. : 30.88% 	 (17580/56926)
Train Time used: 0 	 Loss: 862.338 | Train Acc: 25.364% (2715/10704)
[Eval] Valid Acc. : 33.27% 	 (18014/54138)
[Eval] Test Acc. : 31.42% 	 (17885/56926)
Train Time used: 0 	 Loss: 822.196 | Train Acc: 26.271% (2812/10704)
[Eval] Valid Acc. : 33.28% 	 (18016/54138)
[Eval] Test Acc. : 31.43% 	 (17893/56926)
Train Time used: 0 	 Loss: 822.069 | Train Acc: 26.271% (2812/10704)
[Eval] Valid Acc. : 34.34% 	 (18589/54138)
[Eval] Test Acc. : 32.34% 	 (18412/56926)
Train Time used: 0 	 Loss: 802.800 | Train Acc: 25.486% (2728/10704)
[Eval] Valid Acc. : 35.53% 	 (19234/54138)
[Eval] Test Acc. : 33.85% 	 (19270/56926)
Train Time used: 0 	 Loss: 826.624 | Train Acc: 24.626% (2636/10704)
[Eval] Valid Acc. : 37.71% 	 (20415/54138)
[Eval] Test Acc. : 35.60% 	 (20266/56926)
Train Time used: 0 	 Loss: 767.857 | Train Acc: 29.297% (3136/10704)
[Eval] Valid Acc. : 37.70% 	 (20411/54138)
[Eval] Test Acc. : 35.61% 	 (20270/56926)
Train Time used: 0 	 Loss: 767.712 | Train Acc: 29.325% (3139/10704)
[Eval] Valid Acc. : 37.69% 	 (20405/54138)
[Eval] Test Acc. : 35.67% 	 (20308/56926)
Train Time used: 0 	 Loss: 732.607 | Train Acc: 29.634% (3172/10704)
[Eval] Valid Acc. : 32.91% 	 (17819/54138)
[Eval] Test Acc. : 31.13% 	 (17722/56926)
Train Time used: 0 	 Loss: 772.460 | Train Acc: 25.561% (2736/10704)
[Eval] Valid Acc. : 36.12% 	 (19556/54138)
[Eval] Test Acc. : 33.93% 	 (19314/56926)
Train Time used: 0 	 Loss: 741.977 | Train Acc: 29.578% (3166/10704)
[Eval] Valid Acc. : 36.13% 	 (19562/54138)
[Eval] Test Acc. : 33.94% 	 (19321/56926)
Train Time used: 0 	 Loss: 741.851 | Train Acc: 29.596% (3168/10704)
[Eval] Valid Acc. : 38.85% 	 (21030/54138)
[Eval] Test Acc. : 37.35% 	 (21264/56926)
Train Time used: 0 	 Loss: 697.542 | Train Acc: 34.230% (3664/10704)
[Eval] Valid Acc. : 37.37% 	 (20230/54138)
[Eval] Test Acc. : 35.63% 	 (20282/56926)
Train Time used: 0 	 Loss: 756.170 | Train Acc: 28.784% (3081/10704)
[Eval] Valid Acc. : 39.54% 	 (21404/54138)
[Eval] Test Acc. : 37.77% 	 (21500/56926)
Train Time used: 0 	 Loss: 825.807 | Train Acc: 19.908% (2131/10704)
[Eval] Valid Acc. : 39.55% 	 (21412/54138)
[Eval] Test Acc. : 37.79% 	 (21511/56926)
Train Time used: 0 	 Loss: 824.893 | Train Acc: 19.946% (2135/10704)
[Eval] Valid Acc. : 38.42% 	 (20801/54138)
[Eval] Test Acc. : 36.34% 	 (20687/56926)
Train Time used: 0 	 Loss: 854.815 | Train Acc: 29.494% (3157/10704)
[Eval] Valid Acc. : 32.76% 	 (17734/54138)
[Eval] Test Acc. : 30.73% 	 (17494/56926)
Train Time used: 0 	 Loss: 826.149 | Train Acc: 23.645% (2531/10704)
[Eval] Valid Acc. : 32.76% 	 (17735/54138)
[Eval] Test Acc. : 30.54% 	 (17383/56926)
Train Time used: 0 	 Loss: 809.843 | Train Acc: 25.888% (2771/10704)
[Eval] Valid Acc. : 32.76% 	 (17738/54138)
[Eval] Test Acc. : 30.54% 	 (17384/56926)
Train Time used: 0 	 Loss: 809.377 | Train Acc: 25.878% (2770/10704)
[Eval] Valid Acc. : 36.04% 	 (19512/54138)
[Eval] Test Acc. : 33.99% 	 (19348/56926)
Train Time used: 0 	 Loss: 892.871 | Train Acc: 26.224% (2807/10704)
[Eval] Valid Acc. : 34.69% 	 (18782/54138)
[Eval] Test Acc. : 33.15% 	 (18870/56926)
Train Time used: 0 	 Loss: 961.742 | Train Acc: 24.234% (2594/10704)
[Eval] Valid Acc. : 36.13% 	 (19562/54138)
[Eval] Test Acc. : 34.62% 	 (19709/56926)
Train Time used: 0 	 Loss: 869.937 | Train Acc: 26.336% (2819/10704)
[Eval] Valid Acc. : 36.15% 	 (19570/54138)
[Eval] Test Acc. : 34.63% 	 (19712/56926)
Train Time used: 0 	 Loss: 869.644 | Train Acc: 26.345% (2820/10704)
[Eval] Valid Acc. : 41.96% 	 (22717/54138)
[Eval] Test Acc. : 40.86% 	 (23258/56926)
Train Time used: 0 	 Loss: 765.800 | Train Acc: 33.137% (3547/10704)
[Eval] Valid Acc. : 36.13% 	 (19562/54138)
[Eval] Test Acc. : 35.38% 	 (20143/56926)
Train Time used: 0 	 Loss: 846.234 | Train Acc: 21.216% (2271/10704)
[Eval] Valid Acc. : 35.43% 	 (19181/54138)
[Eval] Test Acc. : 33.69% 	 (19176/56926)
Train Time used: 0 	 Loss: 777.701 | Train Acc: 25.533% (2733/10704)
[Eval] Valid Acc. : 35.43% 	 (19182/54138)
[Eval] Test Acc. : 33.69% 	 (19181/56926)
Train Time used: 0 	 Loss: 777.480 | Train Acc: 25.561% (2736/10704)
[Eval] Valid Acc. : 40.44% 	 (21893/54138)
[Eval] Test Acc. : 38.58% 	 (21961/56926)
Finish training Baseline!
[Result][Baseline] Best epoch : 45 	Valid. Acc. : 41.9613% 	 Test Acc.: 40.8566%
