========CONFIG===========
part_labeled =  0.05
========CONFIG===========
[baseline] CyclicLR step size =  2
[baseline] batch_size =  100
Train Time used: 0 	 Loss: 1178.765 | Train Acc: 2.766% (1470/53139)
Using the default mapping tsv
[Eval] Valid Acc. : 25.86% 	 (13998/54138)
[Eval] Test Acc. : 24.16% 	 (13755/56926)
Train Time used: 0 	 Loss: 1118.137 | Train Acc: 14.144% (7516/53139)
[Eval] Valid Acc. : 25.86% 	 (13998/54138)
[Eval] Test Acc. : 24.16% 	 (13755/56926)
Train Time used: 0 	 Loss: 1079.621 | Train Acc: 14.144% (7516/53139)
[Eval] Valid Acc. : 25.86% 	 (13998/54138)
[Eval] Test Acc. : 24.16% 	 (13755/56926)
Train Time used: 0 	 Loss: 1063.092 | Train Acc: 13.141% (6983/53139)
[Eval] Valid Acc. : 24.04% 	 (13016/54138)
[Eval] Test Acc. : 22.14% 	 (12606/56926)
Train Time used: 0 	 Loss: 1058.052 | Train Acc: 10.928% (5807/53139)
[Eval] Valid Acc. : 25.86% 	 (13998/54138)
[Eval] Test Acc. : 24.16% 	 (13755/56926)
Train Time used: 0 	 Loss: 1042.047 | Train Acc: 14.144% (7516/53139)
[Eval] Valid Acc. : 25.86% 	 (13998/54138)
[Eval] Test Acc. : 24.16% 	 (13755/56926)
Train Time used: 0 	 Loss: 1018.351 | Train Acc: 14.144% (7516/53139)
[Eval] Valid Acc. : 28.27% 	 (15303/54138)
[Eval] Test Acc. : 26.35% 	 (15000/56926)
Train Time used: 0 	 Loss: 980.712 | Train Acc: 17.202% (9141/53139)
[Eval] Valid Acc. : 25.66% 	 (13894/54138)
[Eval] Test Acc. : 23.20% 	 (13207/56926)
Train Time used: 0 	 Loss: 943.709 | Train Acc: 19.590% (10410/53139)
[Eval] Valid Acc. : 29.74% 	 (16102/54138)
[Eval] Test Acc. : 28.07% 	 (15980/56926)
Train Time used: 0 	 Loss: 934.427 | Train Acc: 16.664% (8855/53139)
[Eval] Valid Acc. : 30.91% 	 (16734/54138)
[Eval] Test Acc. : 29.18% 	 (16612/56926)
Train Time used: 0 	 Loss: 896.744 | Train Acc: 22.257% (11827/53139)
[Eval] Valid Acc. : 29.95% 	 (16216/54138)
[Eval] Test Acc. : 28.15% 	 (16025/56926)
Train Time used: 0 	 Loss: 875.425 | Train Acc: 22.166% (11779/53139)
[Eval] Valid Acc. : 31.09% 	 (16831/54138)
[Eval] Test Acc. : 29.22% 	 (16633/56926)
Train Time used: 0 	 Loss: 859.533 | Train Acc: 24.530% (13035/53139)
[Eval] Valid Acc. : 35.34% 	 (19133/54138)
[Eval] Test Acc. : 33.79% 	 (19237/56926)
Train Time used: 0 	 Loss: 816.717 | Train Acc: 26.461% (14061/53139)
[Eval] Valid Acc. : 38.90% 	 (21058/54138)
[Eval] Test Acc. : 37.37% 	 (21272/56926)
Train Time used: 0 	 Loss: 811.758 | Train Acc: 18.612% (9890/53139)
[Eval] Valid Acc. : 37.72% 	 (20423/54138)
[Eval] Test Acc. : 36.33% 	 (20679/56926)
Train Time used: 0 	 Loss: 821.325 | Train Acc: 25.567% (13586/53139)
[Eval] Valid Acc. : 34.82% 	 (18852/54138)
[Eval] Test Acc. : 32.32% 	 (18400/56926)
Train Time used: 0 	 Loss: 798.555 | Train Acc: 27.626% (14680/53139)
[Eval] Valid Acc. : 38.31% 	 (20738/54138)
[Eval] Test Acc. : 36.46% 	 (20754/56926)
Train Time used: 0 	 Loss: 783.949 | Train Acc: 28.147% (14957/53139)
[Eval] Valid Acc. : 38.40% 	 (20788/54138)
[Eval] Test Acc. : 36.85% 	 (20980/56926)
Train Time used: 0 	 Loss: 765.051 | Train Acc: 28.849% (15330/53139)
[Eval] Valid Acc. : 42.03% 	 (22756/54138)
[Eval] Test Acc. : 40.78% 	 (23215/56926)
Train Time used: 0 	 Loss: 745.718 | Train Acc: 26.752% (14216/53139)
[Eval] Valid Acc. : 35.45% 	 (19193/54138)
[Eval] Test Acc. : 33.13% 	 (18861/56926)
Train Time used: 0 	 Loss: 741.674 | Train Acc: 26.512% (14088/53139)
[Eval] Valid Acc. : 42.23% 	 (22864/54138)
[Eval] Test Acc. : 40.74% 	 (23192/56926)
Train Time used: 0 	 Loss: 715.320 | Train Acc: 30.981% (16463/53139)
[Eval] Valid Acc. : 40.33% 	 (21833/54138)
[Eval] Test Acc. : 38.30% 	 (21803/56926)
Train Time used: 0 	 Loss: 707.815 | Train Acc: 31.856% (16928/53139)
[Eval] Valid Acc. : 42.06% 	 (22769/54138)
[Eval] Test Acc. : 39.81% 	 (22663/56926)
Train Time used: 0 	 Loss: 694.223 | Train Acc: 31.124% (16539/53139)
[Eval] Valid Acc. : 43.00% 	 (23282/54138)
[Eval] Test Acc. : 41.24% 	 (23475/56926)
Train Time used: 0 	 Loss: 658.735 | Train Acc: 35.654% (18946/53139)
[Eval] Valid Acc. : 42.93% 	 (23241/54138)
[Eval] Test Acc. : 40.74% 	 (23191/56926)
Train Time used: 0 	 Loss: 668.390 | Train Acc: 35.405% (18814/53139)
[Eval] Valid Acc. : 44.37% 	 (24020/54138)
[Eval] Test Acc. : 42.53% 	 (24210/56926)
Train Time used: 0 	 Loss: 666.264 | Train Acc: 35.629% (18933/53139)
[Eval] Valid Acc. : 45.48% 	 (24620/54138)
[Eval] Test Acc. : 43.62% 	 (24830/56926)
Train Time used: 0 	 Loss: 643.141 | Train Acc: 36.495% (19393/53139)
[Eval] Valid Acc. : 41.00% 	 (22198/54138)
[Eval] Test Acc. : 39.55% 	 (22517/56926)
Train Time used: 0 	 Loss: 661.757 | Train Acc: 32.347% (17189/53139)
[Eval] Valid Acc. : 47.38% 	 (25652/54138)
[Eval] Test Acc. : 45.49% 	 (25893/56926)
Train Time used: 0 	 Loss: 633.801 | Train Acc: 38.900% (20671/53139)
[Eval] Valid Acc. : 44.58% 	 (24137/54138)
[Eval] Test Acc. : 42.80% 	 (24362/56926)
Train Time used: 0 	 Loss: 649.681 | Train Acc: 38.386% (20398/53139)
[Eval] Valid Acc. : 45.66% 	 (24719/54138)
[Eval] Test Acc. : 43.95% 	 (25020/56926)
Train Time used: 0 	 Loss: 600.483 | Train Acc: 40.607% (21578/53139)
[Eval] Valid Acc. : 42.10% 	 (22794/54138)
[Eval] Test Acc. : 40.25% 	 (22914/56926)
Train Time used: 0 	 Loss: 602.932 | Train Acc: 36.293% (19286/53139)
[Eval] Valid Acc. : 48.11% 	 (26044/54138)
[Eval] Test Acc. : 46.85% 	 (26671/56926)
Train Time used: 0 	 Loss: 581.747 | Train Acc: 41.136% (21859/53139)
[Eval] Valid Acc. : 49.24% 	 (26658/54138)
[Eval] Test Acc. : 47.80% 	 (27212/56926)
Train Time used: 0 	 Loss: 566.449 | Train Acc: 43.578% (23157/53139)
[Eval] Valid Acc. : 50.77% 	 (27486/54138)
[Eval] Test Acc. : 49.55% 	 (28207/56926)
Train Time used: 0 	 Loss: 556.336 | Train Acc: 44.457% (23624/53139)
[Eval] Valid Acc. : 48.21% 	 (26099/54138)
[Eval] Test Acc. : 47.10% 	 (26813/56926)
Train Time used: 0 	 Loss: 553.686 | Train Acc: 44.039% (23402/53139)
[Eval] Valid Acc. : 50.16% 	 (27157/54138)
[Eval] Test Acc. : 49.10% 	 (27953/56926)
Train Time used: 0 	 Loss: 541.143 | Train Acc: 45.524% (24191/53139)
[Eval] Valid Acc. : 50.56% 	 (27370/54138)
[Eval] Test Acc. : 49.75% 	 (28319/56926)
Train Time used: 0 	 Loss: 537.003 | Train Acc: 45.723% (24297/53139)
[Eval] Valid Acc. : 52.97% 	 (28678/54138)
[Eval] Test Acc. : 51.67% 	 (29415/56926)
Train Time used: 0 	 Loss: 524.508 | Train Acc: 47.357% (25165/53139)
[Eval] Valid Acc. : 50.45% 	 (27315/54138)
[Eval] Test Acc. : 49.48% 	 (28165/56926)
Train Time used: 0 	 Loss: 534.137 | Train Acc: 46.265% (24585/53139)
[Eval] Valid Acc. : 52.61% 	 (28480/54138)
[Eval] Test Acc. : 51.53% 	 (29335/56926)
Train Time used: 0 	 Loss: 517.826 | Train Acc: 47.374% (25174/53139)
[Eval] Valid Acc. : 51.78% 	 (28031/54138)
[Eval] Test Acc. : 50.86% 	 (28955/56926)
Train Time used: 0 	 Loss: 520.652 | Train Acc: 46.700% (24816/53139)
[Eval] Valid Acc. : 54.24% 	 (29365/54138)
[Eval] Test Acc. : 53.16% 	 (30264/56926)
Train Time used: 0 	 Loss: 506.298 | Train Acc: 48.324% (25679/53139)
[Eval] Valid Acc. : 50.21% 	 (27185/54138)
[Eval] Test Acc. : 48.78% 	 (27768/56926)
Train Time used: 0 	 Loss: 517.774 | Train Acc: 46.790% (24864/53139)
[Eval] Valid Acc. : 53.02% 	 (28703/54138)
[Eval] Test Acc. : 51.81% 	 (29493/56926)
Train Time used: 0 	 Loss: 502.271 | Train Acc: 48.194% (25610/53139)
[Eval] Valid Acc. : 51.05% 	 (27639/54138)
[Eval] Test Acc. : 49.79% 	 (28343/56926)
Train Time used: 0 	 Loss: 513.270 | Train Acc: 46.977% (24963/53139)
[Eval] Valid Acc. : 55.43% 	 (30008/54138)
[Eval] Test Acc. : 54.04% 	 (30762/56926)
Train Time used: 0 	 Loss: 496.131 | Train Acc: 49.344% (26221/53139)
[Eval] Valid Acc. : 51.83% 	 (28062/54138)
[Eval] Test Acc. : 50.38% 	 (28678/56926)
Train Time used: 0 	 Loss: 501.701 | Train Acc: 48.063% (25540/53139)
[Eval] Valid Acc. : 53.73% 	 (29091/54138)
[Eval] Test Acc. : 52.55% 	 (29913/56926)
Train Time used: 0 	 Loss: 481.632 | Train Acc: 50.409% (26787/53139)
[Eval] Valid Acc. : 52.48% 	 (28410/54138)
[Eval] Test Acc. : 51.50% 	 (29315/56926)
Finish training Baseline!
[Result][Baseline] Best epoch : 46 	Valid. Acc. : 55.4287% 	 Test Acc.: 54.0386%
