========CONFIG===========
part_labeled =  0.2
========CONFIG===========
[baseline] CyclicLR step size =  14
[baseline] batch_size =  100
Train Time used: 1 	 Loss: 1134.925 | Train Acc: 8.813% (18719/212399)
Using the default mapping tsv
[Eval] Valid Acc. : 25.86% 	 (13998/54138)
[Eval] Test Acc. : 24.16% 	 (13755/56926)
Train Time used: 1 	 Loss: 1032.410 | Train Acc: 12.573% (26705/212399)
[Eval] Valid Acc. : 28.96% 	 (15681/54138)
[Eval] Test Acc. : 27.09% 	 (15421/56926)
Train Time used: 1 	 Loss: 857.465 | Train Acc: 23.026% (48906/212399)
[Eval] Valid Acc. : 37.28% 	 (20181/54138)
[Eval] Test Acc. : 34.83% 	 (19825/56926)
Train Time used: 1 	 Loss: 746.237 | Train Acc: 30.620% (65036/212399)
[Eval] Valid Acc. : 40.76% 	 (22064/54138)
[Eval] Test Acc. : 38.85% 	 (22113/56926)
Train Time used: 1 	 Loss: 677.306 | Train Acc: 34.267% (72783/212399)
[Eval] Valid Acc. : 37.98% 	 (20561/54138)
[Eval] Test Acc. : 36.14% 	 (20572/56926)
Train Time used: 1 	 Loss: 846.400 | Train Acc: 24.939% (52970/212399)
[Eval] Valid Acc. : 39.42% 	 (21341/54138)
[Eval] Test Acc. : 38.07% 	 (21670/56926)
Train Time used: 1 	 Loss: 659.765 | Train Acc: 34.773% (73857/212399)
[Eval] Valid Acc. : 45.91% 	 (24857/54138)
[Eval] Test Acc. : 44.44% 	 (25296/56926)
Train Time used: 1 	 Loss: 606.719 | Train Acc: 39.426% (83740/212399)
[Eval] Valid Acc. : 47.68% 	 (25815/54138)
[Eval] Test Acc. : 45.74% 	 (26039/56926)
Train Time used: 1 	 Loss: 566.712 | Train Acc: 41.972% (89148/212399)
[Eval] Valid Acc. : 48.08% 	 (26028/54138)
[Eval] Test Acc. : 47.24% 	 (26892/56926)
Train Time used: 1 	 Loss: 520.772 | Train Acc: 45.528% (96700/212399)
[Eval] Valid Acc. : 54.75% 	 (29639/54138)
[Eval] Test Acc. : 53.66% 	 (30549/56926)
Train Time used: 1 	 Loss: 480.568 | Train Acc: 48.733% (103508/212399)
[Eval] Valid Acc. : 55.59% 	 (30098/54138)
[Eval] Test Acc. : 54.37% 	 (30950/56926)
Train Time used: 1 	 Loss: 466.117 | Train Acc: 50.294% (106825/212399)
[Eval] Valid Acc. : 55.48% 	 (30034/54138)
[Eval] Test Acc. : 53.95% 	 (30710/56926)
Train Time used: 1 	 Loss: 448.644 | Train Acc: 51.493% (109370/212399)
[Eval] Valid Acc. : 57.26% 	 (30998/54138)
[Eval] Test Acc. : 55.51% 	 (31601/56926)
Train Time used: 1 	 Loss: 419.212 | Train Acc: 53.996% (114686/212399)
[Eval] Valid Acc. : 60.07% 	 (32522/54138)
[Eval] Test Acc. : 58.79% 	 (33469/56926)
Train Time used: 1 	 Loss: 400.866 | Train Acc: 56.100% (119155/212399)
[Eval] Valid Acc. : 59.58% 	 (32256/54138)
[Eval] Test Acc. : 57.59% 	 (32781/56926)
Train Time used: 1 	 Loss: 402.071 | Train Acc: 55.969% (118877/212399)
[Eval] Valid Acc. : 53.23% 	 (28816/54138)
[Eval] Test Acc. : 51.84% 	 (29513/56926)
Train Time used: 1 	 Loss: 436.389 | Train Acc: 53.316% (113243/212399)
[Eval] Valid Acc. : 60.66% 	 (32842/54138)
[Eval] Test Acc. : 59.19% 	 (33692/56926)
Train Time used: 1 	 Loss: 386.681 | Train Acc: 57.006% (121081/212399)
[Eval] Valid Acc. : 61.75% 	 (33432/54138)
[Eval] Test Acc. : 60.30% 	 (34328/56926)
Train Time used: 1 	 Loss: 371.959 | Train Acc: 58.262% (123747/212399)
[Eval] Valid Acc. : 61.38% 	 (33230/54138)
[Eval] Test Acc. : 59.39% 	 (33809/56926)
Train Time used: 1 	 Loss: 360.163 | Train Acc: 59.085% (125497/212399)
[Eval] Valid Acc. : 62.63% 	 (33909/54138)
[Eval] Test Acc. : 60.72% 	 (34563/56926)
Train Time used: 1 	 Loss: 333.158 | Train Acc: 61.913% (131503/212399)
[Eval] Valid Acc. : 64.51% 	 (34926/54138)
[Eval] Test Acc. : 62.98% 	 (35851/56926)
Train Time used: 1 	 Loss: 319.882 | Train Acc: 63.588% (135061/212399)
[Eval] Valid Acc. : 64.01% 	 (34652/54138)
[Eval] Test Acc. : 61.85% 	 (35209/56926)
Train Time used: 1 	 Loss: 329.031 | Train Acc: 62.473% (132692/212399)
[Eval] Valid Acc. : 62.06% 	 (33597/54138)
[Eval] Test Acc. : 59.81% 	 (34046/56926)
Train Time used: 1 	 Loss: 335.023 | Train Acc: 61.576% (130787/212399)
[Eval] Valid Acc. : 64.41% 	 (34868/54138)
[Eval] Test Acc. : 63.17% 	 (35962/56926)
Train Time used: 1 	 Loss: 301.209 | Train Acc: 65.276% (138645/212399)
[Eval] Valid Acc. : 65.72% 	 (35581/54138)
[Eval] Test Acc. : 64.28% 	 (36594/56926)
Train Time used: 1 	 Loss: 294.688 | Train Acc: 65.943% (140062/212399)
[Eval] Valid Acc. : 64.17% 	 (34739/54138)
[Eval] Test Acc. : 62.53% 	 (35596/56926)
Train Time used: 1 	 Loss: 299.348 | Train Acc: 65.208% (138501/212399)
[Eval] Valid Acc. : 65.49% 	 (35454/54138)
[Eval] Test Acc. : 63.35% 	 (36061/56926)
Train Time used: 1 	 Loss: 272.803 | Train Acc: 68.278% (145022/212399)
[Eval] Valid Acc. : 66.51% 	 (36008/54138)
[Eval] Test Acc. : 65.13% 	 (37075/56926)
Train Time used: 1 	 Loss: 261.666 | Train Acc: 69.623% (147878/212399)
[Eval] Valid Acc. : 65.30% 	 (35350/54138)
[Eval] Test Acc. : 63.36% 	 (36071/56926)
Train Time used: 1 	 Loss: 269.844 | Train Acc: 68.332% (145137/212399)
[Eval] Valid Acc. : 64.37% 	 (34847/54138)
[Eval] Test Acc. : 63.30% 	 (36035/56926)
Train Time used: 1 	 Loss: 269.326 | Train Acc: 68.323% (145118/212399)
[Eval] Valid Acc. : 65.77% 	 (35607/54138)
[Eval] Test Acc. : 64.30% 	 (36606/56926)
Train Time used: 1 	 Loss: 243.510 | Train Acc: 71.452% (151764/212399)
[Eval] Valid Acc. : 65.63% 	 (35531/54138)
[Eval] Test Acc. : 63.90% 	 (36375/56926)
Train Time used: 1 	 Loss: 246.067 | Train Acc: 70.903% (150597/212399)
[Eval] Valid Acc. : 65.49% 	 (35457/54138)
[Eval] Test Acc. : 63.69% 	 (36259/56926)
Train Time used: 1 	 Loss: 247.997 | Train Acc: 70.632% (150021/212399)
[Eval] Valid Acc. : 65.38% 	 (35397/54138)
[Eval] Test Acc. : 63.94% 	 (36397/56926)
Train Time used: 1 	 Loss: 229.229 | Train Acc: 72.962% (154971/212399)
[Eval] Valid Acc. : 66.90% 	 (36219/54138)
[Eval] Test Acc. : 65.45% 	 (37258/56926)
Train Time used: 1 	 Loss: 217.134 | Train Acc: 74.534% (158309/212399)
[Eval] Valid Acc. : 65.61% 	 (35522/54138)
[Eval] Test Acc. : 64.07% 	 (36475/56926)
Train Time used: 1 	 Loss: 232.616 | Train Acc: 72.464% (153913/212399)
[Eval] Valid Acc. : 62.92% 	 (34061/54138)
[Eval] Test Acc. : 60.65% 	 (34524/56926)
Train Time used: 1 	 Loss: 244.548 | Train Acc: 71.046% (150900/212399)
[Eval] Valid Acc. : 66.02% 	 (35742/54138)
[Eval] Test Acc. : 65.04% 	 (37026/56926)
Train Time used: 1 	 Loss: 209.166 | Train Acc: 75.474% (160307/212399)
[Eval] Valid Acc. : 65.73% 	 (35587/54138)
[Eval] Test Acc. : 64.76% 	 (36867/56926)
Train Time used: 1 	 Loss: 207.166 | Train Acc: 75.547% (160462/212399)
[Eval] Valid Acc. : 63.77% 	 (34522/54138)
[Eval] Test Acc. : 62.31% 	 (35471/56926)
Train Time used: 1 	 Loss: 238.769 | Train Acc: 71.682% (152252/212399)
[Eval] Valid Acc. : 65.10% 	 (35246/54138)
[Eval] Test Acc. : 64.18% 	 (36534/56926)
Train Time used: 1 	 Loss: 205.834 | Train Acc: 75.764% (160921/212399)
[Eval] Valid Acc. : 66.57% 	 (36037/54138)
[Eval] Test Acc. : 65.55% 	 (37316/56926)
Train Time used: 1 	 Loss: 186.967 | Train Acc: 78.191% (166077/212399)
[Eval] Valid Acc. : 65.13% 	 (35261/54138)
[Eval] Test Acc. : 63.61% 	 (36211/56926)
Train Time used: 1 	 Loss: 198.021 | Train Acc: 76.451% (162382/212399)
[Eval] Valid Acc. : 62.53% 	 (33852/54138)
[Eval] Test Acc. : 60.97% 	 (34709/56926)
Train Time used: 1 	 Loss: 230.748 | Train Acc: 72.905% (154849/212399)
[Eval] Valid Acc. : 65.30% 	 (35353/54138)
[Eval] Test Acc. : 63.79% 	 (36314/56926)
Train Time used: 1 	 Loss: 187.224 | Train Acc: 77.965% (165596/212399)
[Eval] Valid Acc. : 65.02% 	 (35203/54138)
[Eval] Test Acc. : 63.54% 	 (36170/56926)
Train Time used: 1 	 Loss: 186.402 | Train Acc: 77.752% (165144/212399)
[Eval] Valid Acc. : 62.33% 	 (33743/54138)
[Eval] Test Acc. : 60.55% 	 (34469/56926)
Train Time used: 1 	 Loss: 212.386 | Train Acc: 74.738% (158742/212399)
[Eval] Valid Acc. : 65.04% 	 (35210/54138)
[Eval] Test Acc. : 63.06% 	 (35898/56926)
Train Time used: 1 	 Loss: 178.921 | Train Acc: 78.910% (167605/212399)
[Eval] Valid Acc. : 66.40% 	 (35946/54138)
[Eval] Test Acc. : 64.48% 	 (36704/56926)
Train Time used: 1 	 Loss: 158.183 | Train Acc: 81.614% (173347/212399)
[Eval] Valid Acc. : 65.13% 	 (35262/54138)
[Eval] Test Acc. : 63.90% 	 (36375/56926)
Finish training Baseline!
[Result][Baseline] Best epoch : 34 	Valid. Acc. : 66.9013% 	 Test Acc.: 65.4499%
