========CONFIG===========
part_labeled =  0.3
========CONFIG===========
[baseline] CyclicLR step size =  20
[baseline] batch_size =  100
Train Time used: 2 	 Loss: 1107.192 | Train Acc: 11.804% (37125/314517)
Using the default mapping tsv
[Eval] Valid Acc. : 25.86% 	 (13998/54138)
[Eval] Test Acc. : 24.16% 	 (13755/56926)
Train Time used: 2 	 Loss: 975.692 | Train Acc: 14.077% (44275/314517)
[Eval] Valid Acc. : 32.47% 	 (17579/54138)
[Eval] Test Acc. : 30.98% 	 (17635/56926)
Train Time used: 2 	 Loss: 835.993 | Train Acc: 24.156% (75975/314517)
[Eval] Valid Acc. : 36.83% 	 (19937/54138)
[Eval] Test Acc. : 34.45% 	 (19610/56926)
Train Time used: 2 	 Loss: 704.157 | Train Acc: 32.362% (101784/314517)
[Eval] Valid Acc. : 41.15% 	 (22279/54138)
[Eval] Test Acc. : 39.03% 	 (22221/56926)
Train Time used: 2 	 Loss: 653.163 | Train Acc: 35.756% (112459/314517)
[Eval] Valid Acc. : 45.78% 	 (24784/54138)
[Eval] Test Acc. : 44.29% 	 (25214/56926)
Train Time used: 2 	 Loss: 578.019 | Train Acc: 42.153% (132578/314517)
[Eval] Valid Acc. : 52.31% 	 (28320/54138)
[Eval] Test Acc. : 51.05% 	 (29059/56926)
Train Time used: 2 	 Loss: 514.097 | Train Acc: 47.774% (150257/314517)
[Eval] Valid Acc. : 56.23% 	 (30441/54138)
[Eval] Test Acc. : 54.61% 	 (31087/56926)
Train Time used: 2 	 Loss: 487.396 | Train Acc: 50.494% (158811/314517)
[Eval] Valid Acc. : 56.42% 	 (30546/54138)
[Eval] Test Acc. : 54.89% 	 (31244/56926)
Train Time used: 2 	 Loss: 483.406 | Train Acc: 50.935% (160199/314517)
[Eval] Valid Acc. : 53.04% 	 (28713/54138)
[Eval] Test Acc. : 52.09% 	 (29654/56926)
Train Time used: 2 	 Loss: 481.915 | Train Acc: 50.195% (157873/314517)
[Eval] Valid Acc. : 59.75% 	 (32346/54138)
[Eval] Test Acc. : 58.32% 	 (33200/56926)
Train Time used: 2 	 Loss: 425.071 | Train Acc: 56.038% (176248/314517)
[Eval] Valid Acc. : 61.26% 	 (33165/54138)
[Eval] Test Acc. : 60.11% 	 (34217/56926)
Train Time used: 2 	 Loss: 409.464 | Train Acc: 57.497% (180837/314517)
[Eval] Valid Acc. : 61.59% 	 (33345/54138)
[Eval] Test Acc. : 60.02% 	 (34166/56926)
Train Time used: 2 	 Loss: 410.506 | Train Acc: 57.311% (180253/314517)
[Eval] Valid Acc. : 61.24% 	 (33154/54138)
[Eval] Test Acc. : 59.55% 	 (33901/56926)
Train Time used: 2 	 Loss: 391.890 | Train Acc: 59.028% (185652/314517)
[Eval] Valid Acc. : 64.50% 	 (34917/54138)
[Eval] Test Acc. : 63.43% 	 (36111/56926)
Train Time used: 2 	 Loss: 360.616 | Train Acc: 62.282% (195886/314517)
[Eval] Valid Acc. : 64.98% 	 (35177/54138)
[Eval] Test Acc. : 64.19% 	 (36539/56926)
Train Time used: 2 	 Loss: 352.363 | Train Acc: 62.926% (197914/314517)
[Eval] Valid Acc. : 65.02% 	 (35201/54138)
[Eval] Test Acc. : 64.30% 	 (36606/56926)
Train Time used: 2 	 Loss: 352.435 | Train Acc: 62.727% (197286/314517)
[Eval] Valid Acc. : 65.62% 	 (35526/54138)
[Eval] Test Acc. : 64.28% 	 (36591/56926)
Train Time used: 2 	 Loss: 332.486 | Train Acc: 64.964% (204322/314517)
[Eval] Valid Acc. : 66.71% 	 (36118/54138)
[Eval] Test Acc. : 65.89% 	 (37511/56926)
Train Time used: 2 	 Loss: 316.257 | Train Acc: 66.637% (209585/314517)
[Eval] Valid Acc. : 66.68% 	 (36100/54138)
[Eval] Test Acc. : 65.76% 	 (37436/56926)
Train Time used: 2 	 Loss: 316.653 | Train Acc: 66.480% (209090/314517)
[Eval] Valid Acc. : 66.05% 	 (35759/54138)
[Eval] Test Acc. : 64.39% 	 (36652/56926)
Train Time used: 2 	 Loss: 322.513 | Train Acc: 65.796% (206941/314517)
[Eval] Valid Acc. : 67.05% 	 (36299/54138)
[Eval] Test Acc. : 66.08% 	 (37619/56926)
Train Time used: 2 	 Loss: 294.422 | Train Acc: 68.881% (216641/314517)
[Eval] Valid Acc. : 68.23% 	 (36940/54138)
[Eval] Test Acc. : 67.22% 	 (38268/56926)
Train Time used: 2 	 Loss: 287.470 | Train Acc: 69.562% (218783/314517)
[Eval] Valid Acc. : 67.00% 	 (36271/54138)
[Eval] Test Acc. : 65.61% 	 (37350/56926)
Train Time used: 2 	 Loss: 303.660 | Train Acc: 67.705% (212944/314517)
[Eval] Valid Acc. : 66.45% 	 (35973/54138)
[Eval] Test Acc. : 64.66% 	 (36807/56926)
Train Time used: 2 	 Loss: 292.193 | Train Acc: 68.778% (216320/314517)
[Eval] Valid Acc. : 68.61% 	 (37145/54138)
[Eval] Test Acc. : 67.50% 	 (38426/56926)
Train Time used: 2 	 Loss: 266.139 | Train Acc: 71.712% (225548/314517)
[Eval] Valid Acc. : 68.35% 	 (37005/54138)
[Eval] Test Acc. : 67.10% 	 (38195/56926)
Train Time used: 2 	 Loss: 269.265 | Train Acc: 71.308% (224276/314517)
[Eval] Valid Acc. : 67.50% 	 (36541/54138)
[Eval] Test Acc. : 66.23% 	 (37702/56926)
Train Time used: 2 	 Loss: 296.958 | Train Acc: 68.314% (214859/314517)
[Eval] Valid Acc. : 67.50% 	 (36544/54138)
[Eval] Test Acc. : 66.04% 	 (37594/56926)
Train Time used: 2 	 Loss: 265.512 | Train Acc: 71.620% (225258/314517)
[Eval] Valid Acc. : 68.97% 	 (37337/54138)
[Eval] Test Acc. : 67.37% 	 (38351/56926)
Train Time used: 2 	 Loss: 246.921 | Train Acc: 73.956% (232603/314517)
[Eval] Valid Acc. : 68.94% 	 (37324/54138)
[Eval] Test Acc. : 67.29% 	 (38308/56926)
Train Time used: 2 	 Loss: 251.132 | Train Acc: 73.070% (229816/314517)
[Eval] Valid Acc. : 67.89% 	 (36754/54138)
[Eval] Test Acc. : 66.28% 	 (37730/56926)
Train Time used: 2 	 Loss: 250.929 | Train Acc: 73.091% (229884/314517)
[Eval] Valid Acc. : 68.26% 	 (36956/54138)
[Eval] Test Acc. : 66.70% 	 (37968/56926)
Train Time used: 2 	 Loss: 230.338 | Train Acc: 75.471% (237368/314517)
[Eval] Valid Acc. : 69.15% 	 (37438/54138)
[Eval] Test Acc. : 67.29% 	 (38307/56926)
Train Time used: 2 	 Loss: 228.338 | Train Acc: 75.699% (238087/314517)
[Eval] Valid Acc. : 68.08% 	 (36858/54138)
[Eval] Test Acc. : 66.40% 	 (37801/56926)
Train Time used: 2 	 Loss: 247.582 | Train Acc: 73.406% (230873/314517)
[Eval] Valid Acc. : 68.26% 	 (36956/54138)
[Eval] Test Acc. : 66.28% 	 (37728/56926)
Train Time used: 2 	 Loss: 228.916 | Train Acc: 75.535% (237571/314517)
[Eval] Valid Acc. : 68.63% 	 (37157/54138)
[Eval] Test Acc. : 66.98% 	 (38127/56926)
Train Time used: 2 	 Loss: 208.477 | Train Acc: 78.012% (245360/314517)
[Eval] Valid Acc. : 68.97% 	 (37341/54138)
[Eval] Test Acc. : 67.11% 	 (38202/56926)
Train Time used: 2 	 Loss: 210.047 | Train Acc: 77.636% (244177/314517)
[Eval] Valid Acc. : 68.11% 	 (36872/54138)
[Eval] Test Acc. : 66.11% 	 (37632/56926)
Train Time used: 2 	 Loss: 252.923 | Train Acc: 72.811% (229002/314517)
[Eval] Valid Acc. : 67.59% 	 (36593/54138)
[Eval] Test Acc. : 65.82% 	 (37470/56926)
Train Time used: 2 	 Loss: 220.178 | Train Acc: 76.233% (239765/314517)
[Eval] Valid Acc. : 68.86% 	 (37282/54138)
[Eval] Test Acc. : 67.07% 	 (38180/56926)
Train Time used: 2 	 Loss: 198.402 | Train Acc: 78.934% (248261/314517)
[Eval] Valid Acc. : 68.82% 	 (37259/54138)
[Eval] Test Acc. : 66.91% 	 (38089/56926)
Train Time used: 2 	 Loss: 201.073 | Train Acc: 78.332% (246367/314517)
[Eval] Valid Acc. : 67.66% 	 (36631/54138)
[Eval] Test Acc. : 66.45% 	 (37829/56926)
Train Time used: 2 	 Loss: 209.602 | Train Acc: 77.171% (242717/314517)
[Eval] Valid Acc. : 68.57% 	 (37123/54138)
[Eval] Test Acc. : 66.65% 	 (37939/56926)
Train Time used: 2 	 Loss: 183.303 | Train Acc: 80.488% (253147/314517)
[Eval] Valid Acc. : 68.73% 	 (37208/54138)
[Eval] Test Acc. : 66.96% 	 (38120/56926)
Train Time used: 2 	 Loss: 178.320 | Train Acc: 81.066% (254967/314517)
[Eval] Valid Acc. : 67.89% 	 (36754/54138)
[Eval] Test Acc. : 65.72% 	 (37412/56926)
Train Time used: 2 	 Loss: 203.402 | Train Acc: 77.936% (245122/314517)
[Eval] Valid Acc. : 67.63% 	 (36615/54138)
[Eval] Test Acc. : 65.87% 	 (37495/56926)
Train Time used: 2 	 Loss: 191.500 | Train Acc: 79.347% (249560/314517)
[Eval] Valid Acc. : 68.21% 	 (36925/54138)
[Eval] Test Acc. : 66.53% 	 (37872/56926)
Train Time used: 2 	 Loss: 165.750 | Train Acc: 82.472% (259388/314517)
[Eval] Valid Acc. : 67.70% 	 (36650/54138)
[Eval] Test Acc. : 66.26% 	 (37722/56926)
Train Time used: 2 	 Loss: 166.034 | Train Acc: 82.318% (258904/314517)
[Eval] Valid Acc. : 66.81% 	 (36168/54138)
[Eval] Test Acc. : 64.88% 	 (36934/56926)
Train Time used: 2 	 Loss: 185.996 | Train Acc: 80.025% (251691/314517)
[Eval] Valid Acc. : 67.65% 	 (36625/54138)
[Eval] Test Acc. : 65.54% 	 (37307/56926)
Finish training Baseline!
[Result][Baseline] Best epoch : 32 	Valid. Acc. : 69.1529% 	 Test Acc.: 67.2926%
