========CONFIG===========
part_labeled =  0.03
========CONFIG===========
[baseline] CyclicLR step size =  2
[baseline] batch_size =  100
Train Time used: 0 	 Loss: 1130.568 | Train Acc: 2.815% (895/31797)
Using the default mapping tsv
[Eval] Valid Acc. : 25.86% 	 (13998/54138)
[Eval] Test Acc. : 24.16% 	 (13755/56926)
Train Time used: 0 	 Loss: 1062.769 | Train Acc: 14.256% (4533/31797)
[Eval] Valid Acc. : 25.86% 	 (13998/54138)
[Eval] Test Acc. : 24.16% 	 (13755/56926)
Train Time used: 0 	 Loss: 1028.987 | Train Acc: 14.256% (4533/31797)
[Eval] Valid Acc. : 25.86% 	 (13998/54138)
[Eval] Test Acc. : 24.16% 	 (13755/56926)
Train Time used: 0 	 Loss: 1012.535 | Train Acc: 13.762% (4376/31797)
[Eval] Valid Acc. : 25.86% 	 (13998/54138)
[Eval] Test Acc. : 24.16% 	 (13755/56926)
Train Time used: 0 	 Loss: 1007.226 | Train Acc: 7.325% (2329/31797)
[Eval] Valid Acc. : 25.86% 	 (13998/54138)
[Eval] Test Acc. : 24.16% 	 (13755/56926)
Train Time used: 0 	 Loss: 984.329 | Train Acc: 14.256% (4533/31797)
[Eval] Valid Acc. : 25.86% 	 (13998/54138)
[Eval] Test Acc. : 24.16% 	 (13755/56926)
Train Time used: 0 	 Loss: 954.490 | Train Acc: 14.256% (4533/31797)
[Eval] Valid Acc. : 25.89% 	 (14015/54138)
[Eval] Test Acc. : 24.07% 	 (13702/56926)
Train Time used: 0 	 Loss: 909.111 | Train Acc: 17.215% (5474/31797)
[Eval] Valid Acc. : 27.45% 	 (14861/54138)
[Eval] Test Acc. : 25.80% 	 (14687/56926)
Train Time used: 0 	 Loss: 877.002 | Train Acc: 18.832% (5988/31797)
[Eval] Valid Acc. : 33.12% 	 (17928/54138)
[Eval] Test Acc. : 31.60% 	 (17989/56926)
Train Time used: 0 	 Loss: 896.108 | Train Acc: 21.502% (6837/31797)
[Eval] Valid Acc. : 29.47% 	 (15952/54138)
[Eval] Test Acc. : 28.60% 	 (16278/56926)
Train Time used: 0 	 Loss: 859.731 | Train Acc: 17.917% (5697/31797)
[Eval] Valid Acc. : 31.75% 	 (17190/54138)
[Eval] Test Acc. : 30.37% 	 (17289/56926)
Train Time used: 0 	 Loss: 837.252 | Train Acc: 21.191% (6738/31797)
[Eval] Valid Acc. : 30.39% 	 (16453/54138)
[Eval] Test Acc. : 28.92% 	 (16464/56926)
Train Time used: 0 	 Loss: 816.519 | Train Acc: 21.002% (6678/31797)
[Eval] Valid Acc. : 35.94% 	 (19459/54138)
[Eval] Test Acc. : 34.91% 	 (19873/56926)
Train Time used: 0 	 Loss: 783.981 | Train Acc: 24.465% (7779/31797)
[Eval] Valid Acc. : 34.74% 	 (18808/54138)
[Eval] Test Acc. : 33.35% 	 (18982/56926)
Train Time used: 0 	 Loss: 771.884 | Train Acc: 23.641% (7517/31797)
[Eval] Valid Acc. : 37.39% 	 (20242/54138)
[Eval] Test Acc. : 35.59% 	 (20258/56926)
Train Time used: 0 	 Loss: 797.576 | Train Acc: 17.989% (5720/31797)
[Eval] Valid Acc. : 35.09% 	 (18998/54138)
[Eval] Test Acc. : 32.82% 	 (18683/56926)
Train Time used: 0 	 Loss: 726.305 | Train Acc: 25.880% (8229/31797)
[Eval] Valid Acc. : 37.72% 	 (20419/54138)
[Eval] Test Acc. : 36.25% 	 (20635/56926)
Train Time used: 0 	 Loss: 731.776 | Train Acc: 27.188% (8645/31797)
[Eval] Valid Acc. : 38.43% 	 (20803/54138)
[Eval] Test Acc. : 37.28% 	 (21224/56926)
Train Time used: 0 	 Loss: 684.200 | Train Acc: 29.390% (9345/31797)
[Eval] Valid Acc. : 38.76% 	 (20984/54138)
[Eval] Test Acc. : 38.00% 	 (21631/56926)
Train Time used: 0 	 Loss: 675.505 | Train Acc: 29.424% (9356/31797)
[Eval] Valid Acc. : 35.12% 	 (19014/54138)
[Eval] Test Acc. : 33.44% 	 (19034/56926)
Train Time used: 0 	 Loss: 673.016 | Train Acc: 26.833% (8532/31797)
[Eval] Valid Acc. : 41.54% 	 (22487/54138)
[Eval] Test Acc. : 39.97% 	 (22754/56926)
Train Time used: 0 	 Loss: 645.531 | Train Acc: 32.456% (10320/31797)
[Eval] Valid Acc. : 39.22% 	 (21231/54138)
[Eval] Test Acc. : 37.46% 	 (21323/56926)
Train Time used: 0 	 Loss: 656.980 | Train Acc: 31.166% (9910/31797)
[Eval] Valid Acc. : 41.76% 	 (22610/54138)
[Eval] Test Acc. : 39.91% 	 (22722/56926)
Train Time used: 0 	 Loss: 627.226 | Train Acc: 34.406% (10940/31797)
[Eval] Valid Acc. : 36.39% 	 (19701/54138)
[Eval] Test Acc. : 34.78% 	 (19799/56926)
Train Time used: 0 	 Loss: 629.531 | Train Acc: 29.644% (9426/31797)
[Eval] Valid Acc. : 39.92% 	 (21611/54138)
[Eval] Test Acc. : 38.49% 	 (21910/56926)
Train Time used: 0 	 Loss: 622.697 | Train Acc: 32.619% (10372/31797)
[Eval] Valid Acc. : 38.92% 	 (21072/54138)
[Eval] Test Acc. : 37.37% 	 (21274/56926)
Train Time used: 0 	 Loss: 594.110 | Train Acc: 32.516% (10339/31797)
[Eval] Valid Acc. : 42.87% 	 (23210/54138)
[Eval] Test Acc. : 41.30% 	 (23510/56926)
Train Time used: 0 	 Loss: 577.947 | Train Acc: 36.802% (11702/31797)
[Eval] Valid Acc. : 39.81% 	 (21552/54138)
[Eval] Test Acc. : 38.10% 	 (21691/56926)
Train Time used: 0 	 Loss: 570.508 | Train Acc: 33.047% (10508/31797)
[Eval] Valid Acc. : 45.50% 	 (24631/54138)
[Eval] Test Acc. : 43.60% 	 (24822/56926)
Train Time used: 0 	 Loss: 571.440 | Train Acc: 39.526% (12568/31797)
[Eval] Valid Acc. : 40.85% 	 (22118/54138)
[Eval] Test Acc. : 38.72% 	 (22041/56926)
Train Time used: 0 	 Loss: 576.227 | Train Acc: 35.692% (11349/31797)
[Eval] Valid Acc. : 44.08% 	 (23865/54138)
[Eval] Test Acc. : 42.74% 	 (24329/56926)
Train Time used: 0 	 Loss: 524.411 | Train Acc: 38.538% (12254/31797)
[Eval] Valid Acc. : 41.72% 	 (22587/54138)
[Eval] Test Acc. : 40.02% 	 (22783/56926)
Train Time used: 0 	 Loss: 549.678 | Train Acc: 35.378% (11249/31797)
[Eval] Valid Acc. : 45.68% 	 (24732/54138)
[Eval] Test Acc. : 44.06% 	 (25081/56926)
Train Time used: 0 	 Loss: 502.894 | Train Acc: 41.227% (13109/31797)
[Eval] Valid Acc. : 43.05% 	 (23307/54138)
[Eval] Test Acc. : 41.84% 	 (23815/56926)
Train Time used: 0 	 Loss: 523.286 | Train Acc: 38.334% (12189/31797)
[Eval] Valid Acc. : 45.13% 	 (24430/54138)
[Eval] Test Acc. : 43.92% 	 (25003/56926)
Train Time used: 0 	 Loss: 474.252 | Train Acc: 41.608% (13230/31797)
[Eval] Valid Acc. : 46.26% 	 (25046/54138)
[Eval] Test Acc. : 44.30% 	 (25217/56926)
Train Time used: 0 	 Loss: 476.459 | Train Acc: 40.818% (12979/31797)
[Eval] Valid Acc. : 47.75% 	 (25852/54138)
[Eval] Test Acc. : 45.67% 	 (25997/56926)
Train Time used: 0 	 Loss: 453.345 | Train Acc: 43.120% (13711/31797)
[Eval] Valid Acc. : 47.69% 	 (25817/54138)
[Eval] Test Acc. : 46.64% 	 (26549/56926)
Train Time used: 0 	 Loss: 430.086 | Train Acc: 45.910% (14598/31797)
[Eval] Valid Acc. : 48.85% 	 (26447/54138)
[Eval] Test Acc. : 47.62% 	 (27107/56926)
Train Time used: 0 	 Loss: 427.238 | Train Acc: 46.662% (14837/31797)
[Eval] Valid Acc. : 48.24% 	 (26115/54138)
[Eval] Test Acc. : 46.87% 	 (26684/56926)
Train Time used: 0 	 Loss: 414.648 | Train Acc: 45.501% (14468/31797)
[Eval] Valid Acc. : 50.51% 	 (27345/54138)
[Eval] Test Acc. : 49.07% 	 (27936/56926)
Train Time used: 0 	 Loss: 400.444 | Train Acc: 48.564% (15442/31797)
[Eval] Valid Acc. : 48.12% 	 (26049/54138)
[Eval] Test Acc. : 47.23% 	 (26885/56926)
Train Time used: 0 	 Loss: 400.479 | Train Acc: 47.398% (15071/31797)
[Eval] Valid Acc. : 50.06% 	 (27100/54138)
[Eval] Test Acc. : 48.82% 	 (27794/56926)
Train Time used: 0 	 Loss: 391.552 | Train Acc: 49.080% (15606/31797)
[Eval] Valid Acc. : 46.58% 	 (25216/54138)
[Eval] Test Acc. : 45.20% 	 (25728/56926)
Train Time used: 0 	 Loss: 413.384 | Train Acc: 43.759% (13914/31797)
[Eval] Valid Acc. : 49.56% 	 (26833/54138)
[Eval] Test Acc. : 48.11% 	 (27389/56926)
Train Time used: 0 	 Loss: 376.061 | Train Acc: 48.140% (15307/31797)
[Eval] Valid Acc. : 48.39% 	 (26196/54138)
[Eval] Test Acc. : 47.62% 	 (27109/56926)
Train Time used: 0 	 Loss: 381.499 | Train Acc: 47.882% (15225/31797)
[Eval] Valid Acc. : 50.32% 	 (27244/54138)
[Eval] Test Acc. : 49.61% 	 (28241/56926)
Train Time used: 0 	 Loss: 362.549 | Train Acc: 50.398% (16025/31797)
[Eval] Valid Acc. : 48.89% 	 (26469/54138)
[Eval] Test Acc. : 47.37% 	 (26967/56926)
Train Time used: 0 	 Loss: 374.095 | Train Acc: 46.602% (14818/31797)
[Eval] Valid Acc. : 50.96% 	 (27588/54138)
[Eval] Test Acc. : 49.84% 	 (28374/56926)
Train Time used: 0 	 Loss: 342.539 | Train Acc: 50.640% (16102/31797)
[Eval] Valid Acc. : 50.43% 	 (27300/54138)
[Eval] Test Acc. : 49.36% 	 (28100/56926)
Finish training Baseline!
[Result][Baseline] Best epoch : 48 	Valid. Acc. : 50.9587% 	 Test Acc.: 49.8437%
