========CONFIG===========
part_labeled =  0.1
========CONFIG===========
[baseline] CyclicLR step size =  6
[baseline] batch_size =  100
Train Time used: 0 	 Loss: 1180.386 | Train Acc: 4.501% (4841/107548)
Using the default mapping tsv
[Eval] Valid Acc. : 25.86% 	 (13998/54138)
[Eval] Test Acc. : 24.16% 	 (13755/56926)
Train Time used: 0 	 Loss: 1095.132 | Train Acc: 12.989% (13969/107548)
[Eval] Valid Acc. : 7.67% 	 (4154/54138)
[Eval] Test Acc. : 7.72% 	 (4396/56926)
Train Time used: 0 	 Loss: 1061.477 | Train Acc: 11.930% (12831/107548)
[Eval] Valid Acc. : 25.86% 	 (13998/54138)
[Eval] Test Acc. : 24.16% 	 (13755/56926)
Train Time used: 0 	 Loss: 1034.424 | Train Acc: 14.049% (15109/107548)
[Eval] Valid Acc. : 27.02% 	 (14629/54138)
[Eval] Test Acc. : 25.23% 	 (14365/56926)
Train Time used: 0 	 Loss: 961.630 | Train Acc: 19.210% (20660/107548)
[Eval] Valid Acc. : 34.30% 	 (18570/54138)
[Eval] Test Acc. : 32.85% 	 (18701/56926)
Train Time used: 0 	 Loss: 858.210 | Train Acc: 24.392% (26233/107548)
[Eval] Valid Acc. : 33.58% 	 (18180/54138)
[Eval] Test Acc. : 31.72% 	 (18058/56926)
Train Time used: 0 	 Loss: 820.643 | Train Acc: 26.973% (29009/107548)
[Eval] Valid Acc. : 37.63% 	 (20370/54138)
[Eval] Test Acc. : 35.96% 	 (20470/56926)
Train Time used: 0 	 Loss: 772.217 | Train Acc: 29.692% (31933/107548)
[Eval] Valid Acc. : 36.78% 	 (19911/54138)
[Eval] Test Acc. : 34.65% 	 (19723/56926)
Train Time used: 0 	 Loss: 744.355 | Train Acc: 31.238% (33596/107548)
[Eval] Valid Acc. : 39.95% 	 (21629/54138)
[Eval] Test Acc. : 38.08% 	 (21678/56926)
Train Time used: 0 	 Loss: 698.948 | Train Acc: 33.485% (36012/107548)
[Eval] Valid Acc. : 40.21% 	 (21771/54138)
[Eval] Test Acc. : 38.90% 	 (22147/56926)
Train Time used: 0 	 Loss: 670.205 | Train Acc: 34.994% (37635/107548)
[Eval] Valid Acc. : 44.70% 	 (24200/54138)
[Eval] Test Acc. : 43.93% 	 (25007/56926)
Train Time used: 0 	 Loss: 620.860 | Train Acc: 39.052% (42000/107548)
[Eval] Valid Acc. : 46.25% 	 (25040/54138)
[Eval] Test Acc. : 44.99% 	 (25612/56926)
Train Time used: 0 	 Loss: 600.136 | Train Acc: 41.388% (44512/107548)
[Eval] Valid Acc. : 48.41% 	 (26209/54138)
[Eval] Test Acc. : 46.99% 	 (26748/56926)
Train Time used: 0 	 Loss: 586.890 | Train Acc: 42.543% (45754/107548)
[Eval] Valid Acc. : 49.37% 	 (26729/54138)
[Eval] Test Acc. : 48.05% 	 (27354/56926)
Train Time used: 0 	 Loss: 560.062 | Train Acc: 44.898% (48287/107548)
[Eval] Valid Acc. : 51.45% 	 (27852/54138)
[Eval] Test Acc. : 50.38% 	 (28682/56926)
Train Time used: 0 	 Loss: 541.602 | Train Acc: 46.231% (49720/107548)
[Eval] Valid Acc. : 51.75% 	 (28019/54138)
[Eval] Test Acc. : 50.29% 	 (28627/56926)
Train Time used: 0 	 Loss: 532.993 | Train Acc: 46.623% (50142/107548)
[Eval] Valid Acc. : 53.63% 	 (29034/54138)
[Eval] Test Acc. : 52.41% 	 (29834/56926)
Train Time used: 0 	 Loss: 497.513 | Train Acc: 50.142% (53927/107548)
[Eval] Valid Acc. : 55.97% 	 (30299/54138)
[Eval] Test Acc. : 54.98% 	 (31300/56926)
Train Time used: 0 	 Loss: 483.218 | Train Acc: 51.696% (55598/107548)
[Eval] Valid Acc. : 55.89% 	 (30257/54138)
[Eval] Test Acc. : 54.71% 	 (31143/56926)
Train Time used: 0 	 Loss: 476.407 | Train Acc: 51.877% (55793/107548)
[Eval] Valid Acc. : 54.76% 	 (29648/54138)
[Eval] Test Acc. : 53.63% 	 (30529/56926)
Train Time used: 0 	 Loss: 472.966 | Train Acc: 52.160% (56097/107548)
[Eval] Valid Acc. : 57.25% 	 (30995/54138)
[Eval] Test Acc. : 56.49% 	 (32155/56926)
Train Time used: 0 	 Loss: 446.663 | Train Acc: 54.873% (59015/107548)
[Eval] Valid Acc. : 57.67% 	 (31224/54138)
[Eval] Test Acc. : 56.59% 	 (32216/56926)
Train Time used: 0 	 Loss: 447.213 | Train Acc: 54.648% (58773/107548)
[Eval] Valid Acc. : 57.78% 	 (31280/54138)
[Eval] Test Acc. : 56.66% 	 (32257/56926)
Train Time used: 0 	 Loss: 428.396 | Train Acc: 56.039% (60269/107548)
[Eval] Valid Acc. : 59.53% 	 (32226/54138)
[Eval] Test Acc. : 58.46% 	 (33278/56926)
Train Time used: 0 	 Loss: 408.287 | Train Acc: 58.397% (62805/107548)
[Eval] Valid Acc. : 59.40% 	 (32159/54138)
[Eval] Test Acc. : 58.60% 	 (33360/56926)
Train Time used: 0 	 Loss: 407.968 | Train Acc: 58.122% (62509/107548)
[Eval] Valid Acc. : 58.00% 	 (31400/54138)
[Eval] Test Acc. : 57.17% 	 (32547/56926)
Train Time used: 0 	 Loss: 409.672 | Train Acc: 57.728% (62085/107548)
[Eval] Valid Acc. : 60.53% 	 (32769/54138)
[Eval] Test Acc. : 59.41% 	 (33819/56926)
Train Time used: 0 	 Loss: 384.079 | Train Acc: 60.809% (65399/107548)
[Eval] Valid Acc. : 60.52% 	 (32764/54138)
[Eval] Test Acc. : 59.12% 	 (33654/56926)
Train Time used: 0 	 Loss: 396.839 | Train Acc: 59.034% (63490/107548)
[Eval] Valid Acc. : 58.91% 	 (31892/54138)
[Eval] Test Acc. : 57.38% 	 (32663/56926)
Train Time used: 0 	 Loss: 382.023 | Train Acc: 60.137% (64676/107548)
[Eval] Valid Acc. : 61.85% 	 (33486/54138)
[Eval] Test Acc. : 60.65% 	 (34528/56926)
Train Time used: 0 	 Loss: 357.320 | Train Acc: 63.360% (68142/107548)
[Eval] Valid Acc. : 62.12% 	 (33633/54138)
[Eval] Test Acc. : 60.77% 	 (34596/56926)
Train Time used: 0 	 Loss: 367.811 | Train Acc: 61.851% (66519/107548)
[Eval] Valid Acc. : 59.46% 	 (32193/54138)
[Eval] Test Acc. : 58.25% 	 (33161/56926)
Train Time used: 0 	 Loss: 381.806 | Train Acc: 60.302% (64854/107548)
[Eval] Valid Acc. : 61.07% 	 (33063/54138)
[Eval] Test Acc. : 60.15% 	 (34240/56926)
Train Time used: 0 	 Loss: 347.234 | Train Acc: 63.838% (68656/107548)
[Eval] Valid Acc. : 60.42% 	 (32708/54138)
[Eval] Test Acc. : 58.70% 	 (33418/56926)
Train Time used: 0 	 Loss: 356.090 | Train Acc: 62.567% (67290/107548)
[Eval] Valid Acc. : 61.31% 	 (33192/54138)
[Eval] Test Acc. : 59.92% 	 (34109/56926)
Train Time used: 0 	 Loss: 335.271 | Train Acc: 64.677% (69559/107548)
[Eval] Valid Acc. : 62.53% 	 (33853/54138)
[Eval] Test Acc. : 61.54% 	 (35031/56926)
Train Time used: 0 	 Loss: 315.160 | Train Acc: 67.189% (72260/107548)
[Eval] Valid Acc. : 62.29% 	 (33722/54138)
[Eval] Test Acc. : 60.95% 	 (34696/56926)
Train Time used: 0 	 Loss: 337.264 | Train Acc: 64.795% (69686/107548)
[Eval] Valid Acc. : 60.00% 	 (32485/54138)
[Eval] Test Acc. : 59.20% 	 (33698/56926)
Train Time used: 0 	 Loss: 320.349 | Train Acc: 66.581% (71607/107548)
[Eval] Valid Acc. : 63.06% 	 (34138/54138)
[Eval] Test Acc. : 61.81% 	 (35185/56926)
Train Time used: 0 	 Loss: 294.096 | Train Acc: 69.171% (74392/107548)
[Eval] Valid Acc. : 61.90% 	 (33511/54138)
[Eval] Test Acc. : 61.20% 	 (34836/56926)
Train Time used: 0 	 Loss: 307.209 | Train Acc: 67.603% (72706/107548)
[Eval] Valid Acc. : 60.73% 	 (32877/54138)
[Eval] Test Acc. : 59.94% 	 (34124/56926)
Train Time used: 0 	 Loss: 299.568 | Train Acc: 68.185% (73332/107548)
[Eval] Valid Acc. : 63.07% 	 (34145/54138)
[Eval] Test Acc. : 62.31% 	 (35473/56926)
Train Time used: 0 	 Loss: 269.994 | Train Acc: 71.625% (77031/107548)
[Eval] Valid Acc. : 62.60% 	 (33892/54138)
[Eval] Test Acc. : 60.94% 	 (34690/56926)
Train Time used: 0 	 Loss: 278.912 | Train Acc: 70.540% (75864/107548)
[Eval] Valid Acc. : 62.97% 	 (34090/54138)
[Eval] Test Acc. : 62.10% 	 (35349/56926)
Train Time used: 0 	 Loss: 261.931 | Train Acc: 72.092% (77533/107548)
[Eval] Valid Acc. : 63.50% 	 (34378/54138)
[Eval] Test Acc. : 62.48% 	 (35569/56926)
Train Time used: 0 	 Loss: 241.713 | Train Acc: 74.731% (80372/107548)
[Eval] Valid Acc. : 62.66% 	 (33923/54138)
[Eval] Test Acc. : 61.86% 	 (35215/56926)
Train Time used: 0 	 Loss: 263.730 | Train Acc: 72.257% (77711/107548)
[Eval] Valid Acc. : 60.90% 	 (32970/54138)
[Eval] Test Acc. : 59.61% 	 (33935/56926)
Train Time used: 0 	 Loss: 265.926 | Train Acc: 72.042% (77480/107548)
[Eval] Valid Acc. : 62.78% 	 (33986/54138)
[Eval] Test Acc. : 61.85% 	 (35206/56926)
Train Time used: 0 	 Loss: 231.326 | Train Acc: 75.611% (81318/107548)
[Eval] Valid Acc. : 62.08% 	 (33611/54138)
[Eval] Test Acc. : 60.58% 	 (34486/56926)
Train Time used: 0 	 Loss: 255.035 | Train Acc: 73.063% (78578/107548)
[Eval] Valid Acc. : 59.29% 	 (32098/54138)
[Eval] Test Acc. : 58.66% 	 (33393/56926)
Finish training Baseline!
[Result][Baseline] Best epoch : 44 	Valid. Acc. : 63.5007% 	 Test Acc.: 62.4829%
