========CONFIG===========
optim =  adam
part_labeled =  0.1
========CONFIG===========
Train Time used: 0 	 Loss: 1113.604 | Train Acc: 10.659% (11464/107548)
Using the default mapping tsv
[Eval] Valid Acc. : 32.11% 	 (17384/54138)
[Eval] Test Acc. : 30.02% 	 (17089/56926)
Train Time used: 0 	 Loss: 923.081 | Train Acc: 24.607% (26464/107548)
[Eval] Valid Acc. : 34.57% 	 (18716/54138)
[Eval] Test Acc. : 33.01% 	 (18792/56926)
Train Time used: 0 	 Loss: 784.129 | Train Acc: 30.047% (32315/107548)
[Eval] Valid Acc. : 41.38% 	 (22404/54138)
[Eval] Test Acc. : 40.28% 	 (22930/56926)
Train Time used: 0 	 Loss: 694.633 | Train Acc: 35.286% (37949/107548)
[Eval] Valid Acc. : 45.00% 	 (24361/54138)
[Eval] Test Acc. : 43.50% 	 (24761/56926)
Train Time used: 0 	 Loss: 627.941 | Train Acc: 39.765% (42766/107548)
[Eval] Valid Acc. : 47.60% 	 (25769/54138)
[Eval] Test Acc. : 45.86% 	 (26107/56926)
Train Time used: 0 	 Loss: 578.696 | Train Acc: 43.968% (47287/107548)
[Eval] Valid Acc. : 51.21% 	 (27726/54138)
[Eval] Test Acc. : 49.36% 	 (28099/56926)
Train Time used: 0 	 Loss: 534.270 | Train Acc: 47.251% (50817/107548)
[Eval] Valid Acc. : 53.30% 	 (28853/54138)
[Eval] Test Acc. : 51.95% 	 (29574/56926)
Train Time used: 0 	 Loss: 501.488 | Train Acc: 49.949% (53719/107548)
[Eval] Valid Acc. : 54.65% 	 (29589/54138)
[Eval] Test Acc. : 53.13% 	 (30243/56926)
Train Time used: 0 	 Loss: 471.423 | Train Acc: 52.441% (56399/107548)
[Eval] Valid Acc. : 56.58% 	 (30633/54138)
[Eval] Test Acc. : 54.93% 	 (31270/56926)
Train Time used: 0 	 Loss: 447.164 | Train Acc: 54.736% (58867/107548)
[Eval] Valid Acc. : 57.18% 	 (30955/54138)
[Eval] Test Acc. : 56.13% 	 (31952/56926)
Train Time used: 0 	 Loss: 428.242 | Train Acc: 56.504% (60769/107548)
[Eval] Valid Acc. : 57.62% 	 (31195/54138)
[Eval] Test Acc. : 56.45% 	 (32136/56926)
Train Time used: 0 	 Loss: 410.529 | Train Acc: 58.142% (62531/107548)
[Eval] Valid Acc. : 58.91% 	 (31895/54138)
[Eval] Test Acc. : 57.54% 	 (32755/56926)
Train Time used: 0 	 Loss: 396.369 | Train Acc: 59.321% (63799/107548)
[Eval] Valid Acc. : 59.98% 	 (32472/54138)
[Eval] Test Acc. : 58.56% 	 (33338/56926)
Train Time used: 0 	 Loss: 383.753 | Train Acc: 60.655% (65233/107548)
[Eval] Valid Acc. : 59.56% 	 (32242/54138)
[Eval] Test Acc. : 58.18% 	 (33120/56926)
Train Time used: 0 	 Loss: 373.843 | Train Acc: 61.250% (65873/107548)
[Eval] Valid Acc. : 60.51% 	 (32758/54138)
[Eval] Test Acc. : 58.92% 	 (33541/56926)
Train Time used: 0 	 Loss: 359.245 | Train Acc: 63.049% (67808/107548)
[Eval] Valid Acc. : 60.69% 	 (32857/54138)
[Eval] Test Acc. : 59.71% 	 (33993/56926)
Train Time used: 0 	 Loss: 342.497 | Train Acc: 64.400% (69261/107548)
[Eval] Valid Acc. : 60.08% 	 (32528/54138)
[Eval] Test Acc. : 58.94% 	 (33553/56926)
Train Time used: 0 	 Loss: 329.378 | Train Acc: 65.737% (70699/107548)
[Eval] Valid Acc. : 61.88% 	 (33502/54138)
[Eval] Test Acc. : 60.55% 	 (34471/56926)
Train Time used: 0 	 Loss: 307.924 | Train Acc: 67.976% (73107/107548)
[Eval] Valid Acc. : 62.23% 	 (33688/54138)
[Eval] Test Acc. : 60.89% 	 (34661/56926)
Train Time used: 0 	 Loss: 291.755 | Train Acc: 69.921% (75199/107548)
[Eval] Valid Acc. : 62.24% 	 (33695/54138)
[Eval] Test Acc. : 61.14% 	 (34803/56926)
Train Time used: 0 	 Loss: 276.144 | Train Acc: 71.211% (76586/107548)
[Eval] Valid Acc. : 62.11% 	 (33624/54138)
[Eval] Test Acc. : 60.55% 	 (34470/56926)
Train Time used: 0 	 Loss: 265.998 | Train Acc: 72.412% (77878/107548)
[Eval] Valid Acc. : 61.80% 	 (33455/54138)
[Eval] Test Acc. : 60.49% 	 (34437/56926)
Train Time used: 0 	 Loss: 258.490 | Train Acc: 73.030% (78542/107548)
[Eval] Valid Acc. : 61.66% 	 (33383/54138)
[Eval] Test Acc. : 59.76% 	 (34017/56926)
Train Time used: 0 	 Loss: 252.863 | Train Acc: 73.292% (78824/107548)
[Eval] Valid Acc. : 61.37% 	 (33224/54138)
[Eval] Test Acc. : 59.74% 	 (34007/56926)
Train Time used: 0 	 Loss: 253.479 | Train Acc: 73.339% (78875/107548)
[Eval] Valid Acc. : 62.64% 	 (33912/54138)
[Eval] Test Acc. : 60.78% 	 (34602/56926)
Train Time used: 0 	 Loss: 239.597 | Train Acc: 74.836% (80485/107548)
[Eval] Valid Acc. : 60.86% 	 (32950/54138)
[Eval] Test Acc. : 59.44% 	 (33838/56926)
Train Time used: 0 	 Loss: 234.689 | Train Acc: 75.364% (81053/107548)
[Eval] Valid Acc. : 62.09% 	 (33615/54138)
[Eval] Test Acc. : 60.39% 	 (34378/56926)
Train Time used: 0 	 Loss: 220.355 | Train Acc: 76.992% (82803/107548)
[Eval] Valid Acc. : 61.82% 	 (33469/54138)
[Eval] Test Acc. : 60.16% 	 (34244/56926)
Train Time used: 0 	 Loss: 204.894 | Train Acc: 78.489% (84413/107548)
[Eval] Valid Acc. : 61.54% 	 (33314/54138)
[Eval] Test Acc. : 59.71% 	 (33992/56926)
Train Time used: 0 	 Loss: 187.619 | Train Acc: 80.262% (86320/107548)
[Eval] Valid Acc. : 62.50% 	 (33838/54138)
[Eval] Test Acc. : 60.65% 	 (34523/56926)
Train Time used: 0 	 Loss: 174.726 | Train Acc: 81.899% (88081/107548)
[Eval] Valid Acc. : 62.06% 	 (33599/54138)
[Eval] Test Acc. : 60.39% 	 (34375/56926)
Train Time used: 0 	 Loss: 159.337 | Train Acc: 83.589% (89898/107548)
[Eval] Valid Acc. : 62.42% 	 (33794/54138)
[Eval] Test Acc. : 60.30% 	 (34324/56926)
Train Time used: 0 	 Loss: 146.832 | Train Acc: 85.012% (91429/107548)
[Eval] Valid Acc. : 62.33% 	 (33745/54138)
[Eval] Test Acc. : 60.44% 	 (34408/56926)
Train Time used: 0 	 Loss: 135.309 | Train Acc: 86.108% (92607/107548)
[Eval] Valid Acc. : 61.66% 	 (33381/54138)
[Eval] Test Acc. : 59.49% 	 (33866/56926)
Train Time used: 0 	 Loss: 125.906 | Train Acc: 87.166% (93745/107548)
[Eval] Valid Acc. : 62.24% 	 (33694/54138)
[Eval] Test Acc. : 60.34% 	 (34349/56926)
Train Time used: 0 	 Loss: 116.073 | Train Acc: 88.397% (95069/107548)
[Eval] Valid Acc. : 61.75% 	 (33429/54138)
[Eval] Test Acc. : 59.91% 	 (34107/56926)
Train Time used: 0 	 Loss: 110.619 | Train Acc: 88.844% (95550/107548)
[Eval] Valid Acc. : 62.07% 	 (33602/54138)
[Eval] Test Acc. : 59.91% 	 (34104/56926)
Train Time used: 0 	 Loss: 102.766 | Train Acc: 89.733% (96506/107548)
[Eval] Valid Acc. : 61.83% 	 (33475/54138)
[Eval] Test Acc. : 59.70% 	 (33984/56926)
Train Time used: 0 	 Loss: 100.737 | Train Acc: 89.713% (96485/107548)
[Eval] Valid Acc. : 61.35% 	 (33213/54138)
[Eval] Test Acc. : 59.47% 	 (33856/56926)
Train Time used: 0 	 Loss: 96.209 | Train Acc: 90.317% (97134/107548)
[Eval] Valid Acc. : 60.71% 	 (32865/54138)
[Eval] Test Acc. : 59.10% 	 (33644/56926)
Train Time used: 0 	 Loss: 95.954 | Train Acc: 90.097% (96898/107548)
[Eval] Valid Acc. : 60.74% 	 (32881/54138)
[Eval] Test Acc. : 58.94% 	 (33553/56926)
Train Time used: 0 	 Loss: 98.444 | Train Acc: 89.655% (96422/107548)
[Eval] Valid Acc. : 60.79% 	 (32912/54138)
[Eval] Test Acc. : 58.63% 	 (33375/56926)
Train Time used: 0 	 Loss: 102.282 | Train Acc: 89.093% (95818/107548)
[Eval] Valid Acc. : 61.21% 	 (33140/54138)
[Eval] Test Acc. : 59.20% 	 (33699/56926)
Train Time used: 0 	 Loss: 100.725 | Train Acc: 89.218% (95952/107548)
[Eval] Valid Acc. : 60.59% 	 (32804/54138)
[Eval] Test Acc. : 58.77% 	 (33456/56926)
Train Time used: 0 	 Loss: 94.295 | Train Acc: 90.029% (96824/107548)
[Eval] Valid Acc. : 61.75% 	 (33430/54138)
[Eval] Test Acc. : 59.70% 	 (33986/56926)
Train Time used: 0 	 Loss: 87.338 | Train Acc: 90.739% (97588/107548)
[Eval] Valid Acc. : 61.08% 	 (33065/54138)
[Eval] Test Acc. : 58.72% 	 (33425/56926)
Train Time used: 0 	 Loss: 81.550 | Train Acc: 91.474% (98378/107548)
[Eval] Valid Acc. : 61.50% 	 (33293/54138)
[Eval] Test Acc. : 59.49% 	 (33864/56926)
Train Time used: 0 	 Loss: 74.335 | Train Acc: 92.197% (99156/107548)
[Eval] Valid Acc. : 60.57% 	 (32792/54138)
[Eval] Test Acc. : 58.48% 	 (33292/56926)
Train Time used: 0 	 Loss: 67.531 | Train Acc: 92.978% (99996/107548)
[Eval] Valid Acc. : 61.80% 	 (33459/54138)
[Eval] Test Acc. : 59.49% 	 (33865/56926)
Train Time used: 0 	 Loss: 63.436 | Train Acc: 93.490% (100547/107548)
[Eval] Valid Acc. : 61.45% 	 (33267/54138)
[Eval] Test Acc. : 59.25% 	 (33729/56926)
Finish training Baseline!
[Result][Baseline] Best epoch : 24 	Valid. Acc. : 62.6399% 	 Test Acc.: 60.7842%
