========CONFIG===========
optim =  stepLR
part_labeled =  0.1
========CONFIG===========
Train Time used: 0 	 Loss: 1147.743 | Train Acc: 10.782% (11596/107548)
Using the default mapping tsv
[Eval] Valid Acc. : 25.86% 	 (13998/54138)
[Eval] Test Acc. : 24.16% 	 (13755/56926)
Train Time used: 0 	 Loss: 1079.648 | Train Acc: 13.971% (15025/107548)
[Eval] Valid Acc. : 25.86% 	 (13998/54138)
[Eval] Test Acc. : 24.16% 	 (13755/56926)
Train Time used: 0 	 Loss: 1056.110 | Train Acc: 13.971% (15025/107548)
[Eval] Valid Acc. : 25.86% 	 (13998/54138)
[Eval] Test Acc. : 24.16% 	 (13755/56926)
Train Time used: 0 	 Loss: 1049.427 | Train Acc: 15.651% (16832/107548)
[Eval] Valid Acc. : 3.98% 	 (2152/54138)
[Eval] Test Acc. : 3.74% 	 (2130/56926)
Train Time used: 0 	 Loss: 1103.887 | Train Acc: 7.197% (7740/107548)
[Eval] Valid Acc. : 19.04% 	 (10308/54138)
[Eval] Test Acc. : 18.17% 	 (10343/56926)
Train Time used: 0 	 Loss: 979.607 | Train Acc: 17.523% (18846/107548)
[Eval] Valid Acc. : 29.02% 	 (15710/54138)
[Eval] Test Acc. : 27.48% 	 (15641/56926)
Train Time used: 0 	 Loss: 924.059 | Train Acc: 19.576% (21054/107548)
[Eval] Valid Acc. : 12.23% 	 (6623/54138)
[Eval] Test Acc. : 11.08% 	 (6310/56926)
Train Time used: 0 	 Loss: 950.655 | Train Acc: 17.428% (18744/107548)
[Eval] Valid Acc. : 33.93% 	 (18367/54138)
[Eval] Test Acc. : 32.67% 	 (18598/56926)
Train Time used: 0 	 Loss: 888.023 | Train Acc: 21.675% (23311/107548)
[Eval] Valid Acc. : 32.57% 	 (17635/54138)
[Eval] Test Acc. : 30.95% 	 (17620/56926)
Train Time used: 0 	 Loss: 831.919 | Train Acc: 26.817% (28841/107548)
[Eval] Valid Acc. : 36.36% 	 (19683/54138)
[Eval] Test Acc. : 35.52% 	 (20220/56926)
Train Time used: 0 	 Loss: 798.899 | Train Acc: 29.520% (31748/107548)
[Eval] Valid Acc. : 38.55% 	 (20869/54138)
[Eval] Test Acc. : 37.10% 	 (21122/56926)
Train Time used: 0 	 Loss: 793.159 | Train Acc: 30.931% (33266/107548)
[Eval] Valid Acc. : 38.37% 	 (20775/54138)
[Eval] Test Acc. : 37.01% 	 (21069/56926)
Train Time used: 0 	 Loss: 788.627 | Train Acc: 30.806% (33131/107548)
[Eval] Valid Acc. : 38.41% 	 (20793/54138)
[Eval] Test Acc. : 37.20% 	 (21178/56926)
Train Time used: 0 	 Loss: 784.213 | Train Acc: 30.893% (33225/107548)
[Eval] Valid Acc. : 38.56% 	 (20877/54138)
[Eval] Test Acc. : 37.44% 	 (21311/56926)
Train Time used: 0 	 Loss: 779.705 | Train Acc: 31.082% (33428/107548)
[Eval] Valid Acc. : 38.77% 	 (20990/54138)
[Eval] Test Acc. : 37.68% 	 (21452/56926)
Train Time used: 0 	 Loss: 775.080 | Train Acc: 31.211% (33567/107548)
[Eval] Valid Acc. : 38.92% 	 (21070/54138)
[Eval] Test Acc. : 37.85% 	 (21547/56926)
Train Time used: 0 	 Loss: 770.357 | Train Acc: 31.406% (33776/107548)
[Eval] Valid Acc. : 39.14% 	 (21188/54138)
[Eval] Test Acc. : 37.99% 	 (21625/56926)
Train Time used: 0 	 Loss: 765.574 | Train Acc: 31.566% (33949/107548)
[Eval] Valid Acc. : 39.31% 	 (21279/54138)
[Eval] Test Acc. : 38.14% 	 (21709/56926)
Train Time used: 0 	 Loss: 760.773 | Train Acc: 31.710% (34104/107548)
[Eval] Valid Acc. : 39.48% 	 (21371/54138)
[Eval] Test Acc. : 38.31% 	 (21811/56926)
Train Time used: 0 	 Loss: 755.991 | Train Acc: 31.907% (34315/107548)
[Eval] Valid Acc. : 39.68% 	 (21484/54138)
[Eval] Test Acc. : 38.48% 	 (21904/56926)
Train Time used: 0 	 Loss: 752.694 | Train Acc: 32.067% (34487/107548)
[Eval] Valid Acc. : 39.70% 	 (21494/54138)
[Eval] Test Acc. : 38.48% 	 (21907/56926)
Train Time used: 0 	 Loss: 752.218 | Train Acc: 32.086% (34508/107548)
[Eval] Valid Acc. : 39.73% 	 (21510/54138)
[Eval] Test Acc. : 38.50% 	 (21914/56926)
Train Time used: 0 	 Loss: 751.743 | Train Acc: 32.110% (34534/107548)
[Eval] Valid Acc. : 39.73% 	 (21511/54138)
[Eval] Test Acc. : 38.50% 	 (21917/56926)
Train Time used: 0 	 Loss: 751.270 | Train Acc: 32.133% (34558/107548)
[Eval] Valid Acc. : 39.75% 	 (21519/54138)
[Eval] Test Acc. : 38.51% 	 (21925/56926)
Train Time used: 0 	 Loss: 750.799 | Train Acc: 32.147% (34573/107548)
[Eval] Valid Acc. : 39.77% 	 (21529/54138)
[Eval] Test Acc. : 38.53% 	 (21936/56926)
Train Time used: 0 	 Loss: 750.328 | Train Acc: 32.163% (34591/107548)
[Eval] Valid Acc. : 39.79% 	 (21544/54138)
[Eval] Test Acc. : 38.55% 	 (21945/56926)
Train Time used: 0 	 Loss: 749.858 | Train Acc: 32.184% (34613/107548)
[Eval] Valid Acc. : 39.80% 	 (21549/54138)
[Eval] Test Acc. : 38.57% 	 (21956/56926)
Train Time used: 0 	 Loss: 749.389 | Train Acc: 32.210% (34641/107548)
[Eval] Valid Acc. : 39.81% 	 (21555/54138)
[Eval] Test Acc. : 38.59% 	 (21969/56926)
Train Time used: 0 	 Loss: 748.921 | Train Acc: 32.238% (34671/107548)
[Eval] Valid Acc. : 39.82% 	 (21558/54138)
[Eval] Test Acc. : 38.61% 	 (21978/56926)
Train Time used: 0 	 Loss: 748.454 | Train Acc: 32.253% (34687/107548)
[Eval] Valid Acc. : 39.83% 	 (21564/54138)
[Eval] Test Acc. : 38.61% 	 (21979/56926)
Train Time used: 0 	 Loss: 748.130 | Train Acc: 32.266% (34701/107548)
[Eval] Valid Acc. : 39.83% 	 (21564/54138)
[Eval] Test Acc. : 38.61% 	 (21980/56926)
Train Time used: 0 	 Loss: 748.083 | Train Acc: 32.267% (34702/107548)
[Eval] Valid Acc. : 39.83% 	 (21565/54138)
[Eval] Test Acc. : 38.62% 	 (21982/56926)
Train Time used: 0 	 Loss: 748.037 | Train Acc: 32.268% (34704/107548)
[Eval] Valid Acc. : 39.84% 	 (21567/54138)
[Eval] Test Acc. : 38.62% 	 (21982/56926)
Train Time used: 0 	 Loss: 747.990 | Train Acc: 32.273% (34709/107548)
[Eval] Valid Acc. : 39.83% 	 (21565/54138)
[Eval] Test Acc. : 38.62% 	 (21982/56926)
Train Time used: 0 	 Loss: 747.944 | Train Acc: 32.275% (34711/107548)
[Eval] Valid Acc. : 39.83% 	 (21565/54138)
[Eval] Test Acc. : 38.62% 	 (21982/56926)
Train Time used: 0 	 Loss: 747.897 | Train Acc: 32.278% (34714/107548)
[Eval] Valid Acc. : 39.83% 	 (21565/54138)
[Eval] Test Acc. : 38.62% 	 (21983/56926)
Train Time used: 0 	 Loss: 747.851 | Train Acc: 32.278% (34714/107548)
[Eval] Valid Acc. : 39.83% 	 (21564/54138)
[Eval] Test Acc. : 38.62% 	 (21986/56926)
Train Time used: 0 	 Loss: 747.804 | Train Acc: 32.280% (34717/107548)
[Eval] Valid Acc. : 39.83% 	 (21565/54138)
[Eval] Test Acc. : 38.62% 	 (21987/56926)
Train Time used: 0 	 Loss: 747.757 | Train Acc: 32.283% (34720/107548)
[Eval] Valid Acc. : 39.83% 	 (21565/54138)
[Eval] Test Acc. : 38.63% 	 (21989/56926)
Train Time used: 0 	 Loss: 747.711 | Train Acc: 32.283% (34720/107548)
[Eval] Valid Acc. : 39.83% 	 (21565/54138)
[Eval] Test Acc. : 38.63% 	 (21990/56926)
Train Time used: 0 	 Loss: 747.679 | Train Acc: 32.287% (34724/107548)
[Eval] Valid Acc. : 39.83% 	 (21565/54138)
[Eval] Test Acc. : 38.63% 	 (21990/56926)
Train Time used: 0 	 Loss: 747.674 | Train Acc: 32.287% (34724/107548)
[Eval] Valid Acc. : 39.83% 	 (21565/54138)
[Eval] Test Acc. : 38.63% 	 (21990/56926)
Train Time used: 0 	 Loss: 747.669 | Train Acc: 32.287% (34724/107548)
[Eval] Valid Acc. : 39.84% 	 (21566/54138)
[Eval] Test Acc. : 38.63% 	 (21990/56926)
Train Time used: 0 	 Loss: 747.665 | Train Acc: 32.287% (34724/107548)
[Eval] Valid Acc. : 39.84% 	 (21566/54138)
[Eval] Test Acc. : 38.63% 	 (21990/56926)
Train Time used: 0 	 Loss: 747.660 | Train Acc: 32.287% (34724/107548)
[Eval] Valid Acc. : 39.84% 	 (21566/54138)
[Eval] Test Acc. : 38.63% 	 (21990/56926)
Train Time used: 0 	 Loss: 747.655 | Train Acc: 32.287% (34724/107548)
[Eval] Valid Acc. : 39.84% 	 (21566/54138)
[Eval] Test Acc. : 38.63% 	 (21991/56926)
Train Time used: 0 	 Loss: 747.651 | Train Acc: 32.287% (34724/107548)
[Eval] Valid Acc. : 39.84% 	 (21566/54138)
[Eval] Test Acc. : 38.63% 	 (21992/56926)
Train Time used: 0 	 Loss: 747.646 | Train Acc: 32.287% (34724/107548)
[Eval] Valid Acc. : 39.84% 	 (21566/54138)
[Eval] Test Acc. : 38.63% 	 (21992/56926)
Train Time used: 0 	 Loss: 747.641 | Train Acc: 32.288% (34725/107548)
[Eval] Valid Acc. : 39.84% 	 (21566/54138)
[Eval] Test Acc. : 38.63% 	 (21993/56926)
Train Time used: 0 	 Loss: 747.637 | Train Acc: 32.289% (34726/107548)
[Eval] Valid Acc. : 39.83% 	 (21565/54138)
[Eval] Test Acc. : 38.63% 	 (21993/56926)
Finish training Baseline!
[Result][Baseline] Best epoch : 32 	Valid. Acc. : 39.8371% 	 Test Acc.: 38.6150%
