========CONFIG===========
optimization =  stepLR
========CONFIG===========
Train Time used: 2 	 Loss: 1056.150 | Train Acc: 11.818% (37169/314517)
Using the default mapping tsv
[Eval] Valid Acc. : 28.65% 	 (15511/54138)
[Eval] Test Acc. : 26.75% 	 (15228/56926)
Train Time used: 2 	 Loss: 854.069 | Train Acc: 23.249% (73121/314517)
[Eval] Valid Acc. : 37.29% 	 (20188/54138)
[Eval] Test Acc. : 35.35% 	 (20125/56926)
Train Time used: 2 	 Loss: 668.733 | Train Acc: 34.164% (107451/314517)
[Eval] Valid Acc. : 46.85% 	 (25361/54138)
[Eval] Test Acc. : 45.98% 	 (26174/56926)
Train Time used: 2 	 Loss: 566.343 | Train Acc: 42.783% (134559/314517)
[Eval] Valid Acc. : 52.23% 	 (28276/54138)
[Eval] Test Acc. : 50.77% 	 (28903/56926)
Train Time used: 2 	 Loss: 506.217 | Train Acc: 47.706% (150043/314517)
[Eval] Valid Acc. : 56.48% 	 (30575/54138)
[Eval] Test Acc. : 55.13% 	 (31384/56926)
Train Time used: 2 	 Loss: 460.338 | Train Acc: 52.206% (164196/314517)
[Eval] Valid Acc. : 60.08% 	 (32528/54138)
[Eval] Test Acc. : 58.60% 	 (33356/56926)
Train Time used: 2 	 Loss: 427.122 | Train Acc: 55.729% (175278/314517)
[Eval] Valid Acc. : 60.63% 	 (32824/54138)
[Eval] Test Acc. : 58.85% 	 (33503/56926)
Train Time used: 2 	 Loss: 402.109 | Train Acc: 58.079% (182667/314517)
[Eval] Valid Acc. : 62.96% 	 (34085/54138)
[Eval] Test Acc. : 61.97% 	 (35276/56926)
Train Time used: 2 	 Loss: 380.341 | Train Acc: 60.056% (188886/314517)
[Eval] Valid Acc. : 64.31% 	 (34814/54138)
[Eval] Test Acc. : 62.07% 	 (35333/56926)
Train Time used: 2 	 Loss: 355.151 | Train Acc: 62.376% (196182/314517)
[Eval] Valid Acc. : 64.97% 	 (35173/54138)
[Eval] Test Acc. : 64.13% 	 (36509/56926)
Train Time used: 2 	 Loss: 331.994 | Train Acc: 64.818% (203863/314517)
[Eval] Valid Acc. : 66.75% 	 (36137/54138)
[Eval] Test Acc. : 65.10% 	 (37060/56926)
Train Time used: 2 	 Loss: 321.768 | Train Acc: 66.034% (207688/314517)
[Eval] Valid Acc. : 67.12% 	 (36336/54138)
[Eval] Test Acc. : 65.20% 	 (37116/56926)
Train Time used: 2 	 Loss: 317.624 | Train Acc: 66.487% (209112/314517)
[Eval] Valid Acc. : 67.14% 	 (36348/54138)
[Eval] Test Acc. : 65.47% 	 (37269/56926)
Train Time used: 2 	 Loss: 313.928 | Train Acc: 66.881% (210352/314517)
[Eval] Valid Acc. : 67.06% 	 (36306/54138)
[Eval] Test Acc. : 65.55% 	 (37315/56926)
Train Time used: 2 	 Loss: 310.799 | Train Acc: 67.277% (211597/314517)
[Eval] Valid Acc. : 67.29% 	 (36429/54138)
[Eval] Test Acc. : 65.75% 	 (37427/56926)
Train Time used: 2 	 Loss: 306.601 | Train Acc: 67.538% (212419/314517)
[Eval] Valid Acc. : 67.29% 	 (36430/54138)
[Eval] Test Acc. : 65.85% 	 (37483/56926)
Train Time used: 2 	 Loss: 303.997 | Train Acc: 67.788% (213206/314517)
[Eval] Valid Acc. : 67.61% 	 (36601/54138)
[Eval] Test Acc. : 65.92% 	 (37526/56926)
Train Time used: 2 	 Loss: 301.221 | Train Acc: 68.107% (214209/314517)
[Eval] Valid Acc. : 67.48% 	 (36535/54138)
[Eval] Test Acc. : 65.87% 	 (37495/56926)
Train Time used: 2 	 Loss: 298.948 | Train Acc: 68.345% (214958/314517)
[Eval] Valid Acc. : 67.48% 	 (36530/54138)
[Eval] Test Acc. : 65.84% 	 (37480/56926)
Train Time used: 2 	 Loss: 296.595 | Train Acc: 68.592% (215735/314517)
[Eval] Valid Acc. : 67.77% 	 (36691/54138)
[Eval] Test Acc. : 65.96% 	 (37550/56926)
Train Time used: 2 	 Loss: 293.162 | Train Acc: 69.007% (217039/314517)
[Eval] Valid Acc. : 67.64% 	 (36621/54138)
[Eval] Test Acc. : 66.04% 	 (37596/56926)
Train Time used: 2 	 Loss: 292.834 | Train Acc: 69.082% (217276/314517)
[Eval] Valid Acc. : 67.67% 	 (36634/54138)
[Eval] Test Acc. : 66.11% 	 (37636/56926)
Train Time used: 2 	 Loss: 291.875 | Train Acc: 69.125% (217411/314517)
[Eval] Valid Acc. : 67.73% 	 (36668/54138)
[Eval] Test Acc. : 66.11% 	 (37635/56926)
Train Time used: 2 	 Loss: 292.676 | Train Acc: 69.156% (217506/314517)
[Eval] Valid Acc. : 67.76% 	 (36684/54138)
[Eval] Test Acc. : 66.09% 	 (37623/56926)
Train Time used: 2 	 Loss: 291.750 | Train Acc: 69.212% (217684/314517)
[Eval] Valid Acc. : 67.71% 	 (36656/54138)
[Eval] Test Acc. : 66.09% 	 (37625/56926)
Train Time used: 2 	 Loss: 291.152 | Train Acc: 69.236% (217758/314517)
[Eval] Valid Acc. : 67.77% 	 (36687/54138)
[Eval] Test Acc. : 66.11% 	 (37631/56926)
Train Time used: 2 	 Loss: 291.535 | Train Acc: 69.249% (217799/314517)
[Eval] Valid Acc. : 67.77% 	 (36692/54138)
[Eval] Test Acc. : 66.13% 	 (37647/56926)
Train Time used: 2 	 Loss: 291.536 | Train Acc: 69.281% (217901/314517)
[Eval] Valid Acc. : 67.75% 	 (36680/54138)
[Eval] Test Acc. : 66.10% 	 (37628/56926)
Train Time used: 2 	 Loss: 290.511 | Train Acc: 69.315% (218007/314517)
[Eval] Valid Acc. : 67.78% 	 (36695/54138)
[Eval] Test Acc. : 66.11% 	 (37635/56926)
Train Time used: 2 	 Loss: 290.667 | Train Acc: 69.350% (218117/314517)
[Eval] Valid Acc. : 67.77% 	 (36688/54138)
[Eval] Test Acc. : 66.14% 	 (37653/56926)
Train Time used: 2 	 Loss: 289.595 | Train Acc: 69.392% (218249/314517)
[Eval] Valid Acc. : 67.77% 	 (36691/54138)
[Eval] Test Acc. : 66.14% 	 (37651/56926)
Train Time used: 2 	 Loss: 290.458 | Train Acc: 69.388% (218238/314517)
[Eval] Valid Acc. : 67.77% 	 (36689/54138)
[Eval] Test Acc. : 66.14% 	 (37649/56926)
Train Time used: 2 	 Loss: 290.088 | Train Acc: 69.390% (218243/314517)
[Eval] Valid Acc. : 67.77% 	 (36688/54138)
[Eval] Test Acc. : 66.13% 	 (37646/56926)
Train Time used: 2 	 Loss: 289.959 | Train Acc: 69.398% (218268/314517)
[Eval] Valid Acc. : 67.77% 	 (36690/54138)
[Eval] Test Acc. : 66.13% 	 (37645/56926)
Train Time used: 2 	 Loss: 289.837 | Train Acc: 69.403% (218284/314517)
[Eval] Valid Acc. : 67.77% 	 (36688/54138)
[Eval] Test Acc. : 66.12% 	 (37639/56926)
Train Time used: 2 	 Loss: 290.150 | Train Acc: 69.404% (218287/314517)
[Eval] Valid Acc. : 67.78% 	 (36693/54138)
[Eval] Test Acc. : 66.12% 	 (37639/56926)
Train Time used: 2 	 Loss: 291.158 | Train Acc: 69.403% (218285/314517)
[Eval] Valid Acc. : 67.77% 	 (36689/54138)
[Eval] Test Acc. : 66.15% 	 (37658/56926)
Train Time used: 2 	 Loss: 289.207 | Train Acc: 69.411% (218308/314517)
[Eval] Valid Acc. : 67.76% 	 (36685/54138)
[Eval] Test Acc. : 66.14% 	 (37653/56926)
Train Time used: 2 	 Loss: 289.603 | Train Acc: 69.417% (218329/314517)
[Eval] Valid Acc. : 67.77% 	 (36688/54138)
[Eval] Test Acc. : 66.15% 	 (37656/56926)
Train Time used: 2 	 Loss: 289.425 | Train Acc: 69.419% (218335/314517)
[Eval] Valid Acc. : 67.77% 	 (36692/54138)
[Eval] Test Acc. : 66.14% 	 (37653/56926)
Train Time used: 2 	 Loss: 289.263 | Train Acc: 69.423% (218347/314517)
[Eval] Valid Acc. : 67.78% 	 (36694/54138)
[Eval] Test Acc. : 66.14% 	 (37652/56926)
Train Time used: 2 	 Loss: 288.994 | Train Acc: 69.424% (218349/314517)
[Eval] Valid Acc. : 67.78% 	 (36694/54138)
[Eval] Test Acc. : 66.14% 	 (37653/56926)
Train Time used: 2 	 Loss: 289.175 | Train Acc: 69.424% (218350/314517)
[Eval] Valid Acc. : 67.78% 	 (36694/54138)
[Eval] Test Acc. : 66.14% 	 (37653/56926)
Train Time used: 2 	 Loss: 290.022 | Train Acc: 69.425% (218352/314517)
[Eval] Valid Acc. : 67.78% 	 (36695/54138)
[Eval] Test Acc. : 66.14% 	 (37653/56926)
Train Time used: 2 	 Loss: 289.454 | Train Acc: 69.425% (218352/314517)
[Eval] Valid Acc. : 67.78% 	 (36695/54138)
[Eval] Test Acc. : 66.15% 	 (37654/56926)
Train Time used: 2 	 Loss: 289.368 | Train Acc: 69.425% (218354/314517)
[Eval] Valid Acc. : 67.78% 	 (36697/54138)
[Eval] Test Acc. : 66.14% 	 (37653/56926)
Train Time used: 2 	 Loss: 290.024 | Train Acc: 69.426% (218357/314517)
[Eval] Valid Acc. : 67.78% 	 (36695/54138)
[Eval] Test Acc. : 66.14% 	 (37652/56926)
Train Time used: 2 	 Loss: 289.388 | Train Acc: 69.427% (218359/314517)
[Eval] Valid Acc. : 67.78% 	 (36695/54138)
[Eval] Test Acc. : 66.14% 	 (37652/56926)
Train Time used: 2 	 Loss: 288.881 | Train Acc: 69.426% (218356/314517)
[Eval] Valid Acc. : 67.78% 	 (36695/54138)
[Eval] Test Acc. : 66.14% 	 (37653/56926)
Train Time used: 2 	 Loss: 291.282 | Train Acc: 69.427% (218359/314517)
[Eval] Valid Acc. : 67.78% 	 (36695/54138)
[Eval] Test Acc. : 66.14% 	 (37652/56926)
Finish training Baseline!
[Result][Baseline] Best epoch : 45 	Valid. Acc. : 67.7842% 	 Test Acc.: 66.1438%
