========CONFIG===========
optimization =  stepLR
part_labeled =  0.1
========CONFIG===========
Train Time used: 0 	 Loss: 1133.493 | Train Acc: 11.001% (11831/107548)
Using the default mapping tsv
[Eval] Valid Acc. : 25.86% 	 (13998/54138)
[Eval] Test Acc. : 24.16% 	 (13755/56926)
Train Time used: 0 	 Loss: 1072.439 | Train Acc: 10.436% (11224/107548)
[Eval] Valid Acc. : 25.86% 	 (13998/54138)
[Eval] Test Acc. : 24.16% 	 (13755/56926)
Train Time used: 0 	 Loss: 984.825 | Train Acc: 15.068% (16205/107548)
[Eval] Valid Acc. : 28.80% 	 (15590/54138)
[Eval] Test Acc. : 26.86% 	 (15289/56926)
Train Time used: 0 	 Loss: 877.160 | Train Acc: 22.556% (24258/107548)
[Eval] Valid Acc. : 31.26% 	 (16923/54138)
[Eval] Test Acc. : 29.58% 	 (16838/56926)
Train Time used: 0 	 Loss: 973.265 | Train Acc: 16.002% (17210/107548)
[Eval] Valid Acc. : 30.04% 	 (16265/54138)
[Eval] Test Acc. : 28.18% 	 (16040/56926)
Train Time used: 0 	 Loss: 829.757 | Train Acc: 24.668% (26530/107548)
[Eval] Valid Acc. : 36.48% 	 (19747/54138)
[Eval] Test Acc. : 33.91% 	 (19303/56926)
Train Time used: 0 	 Loss: 739.022 | Train Acc: 31.161% (33513/107548)
[Eval] Valid Acc. : 38.95% 	 (21088/54138)
[Eval] Test Acc. : 36.66% 	 (20867/56926)
Train Time used: 0 	 Loss: 693.867 | Train Acc: 35.042% (37687/107548)
[Eval] Valid Acc. : 44.87% 	 (24293/54138)
[Eval] Test Acc. : 43.70% 	 (24877/56926)
Train Time used: 0 	 Loss: 635.600 | Train Acc: 38.808% (41737/107548)
[Eval] Valid Acc. : 46.63% 	 (25244/54138)
[Eval] Test Acc. : 45.46% 	 (25881/56926)
Train Time used: 0 	 Loss: 592.630 | Train Acc: 42.047% (45221/107548)
[Eval] Valid Acc. : 49.93% 	 (27033/54138)
[Eval] Test Acc. : 48.97% 	 (27874/56926)
Train Time used: 0 	 Loss: 564.613 | Train Acc: 44.559% (47922/107548)
[Eval] Valid Acc. : 50.54% 	 (27361/54138)
[Eval] Test Acc. : 49.73% 	 (28311/56926)
Train Time used: 0 	 Loss: 555.794 | Train Acc: 45.306% (48726/107548)
[Eval] Valid Acc. : 50.82% 	 (27515/54138)
[Eval] Test Acc. : 50.03% 	 (28482/56926)
Train Time used: 0 	 Loss: 550.040 | Train Acc: 45.835% (49295/107548)
[Eval] Valid Acc. : 51.14% 	 (27686/54138)
[Eval] Test Acc. : 50.36% 	 (28668/56926)
Train Time used: 0 	 Loss: 546.376 | Train Acc: 46.483% (49992/107548)
[Eval] Valid Acc. : 51.61% 	 (27943/54138)
[Eval] Test Acc. : 50.89% 	 (28967/56926)
Train Time used: 0 	 Loss: 540.982 | Train Acc: 46.861% (50398/107548)
[Eval] Valid Acc. : 51.97% 	 (28136/54138)
[Eval] Test Acc. : 51.10% 	 (29091/56926)
Train Time used: 0 	 Loss: 532.258 | Train Acc: 47.271% (50839/107548)
[Eval] Valid Acc. : 52.34% 	 (28334/54138)
[Eval] Test Acc. : 51.44% 	 (29280/56926)
Train Time used: 0 	 Loss: 532.478 | Train Acc: 47.715% (51317/107548)
[Eval] Valid Acc. : 52.69% 	 (28523/54138)
[Eval] Test Acc. : 51.94% 	 (29565/56926)
Train Time used: 0 	 Loss: 525.422 | Train Acc: 48.022% (51647/107548)
[Eval] Valid Acc. : 53.06% 	 (28727/54138)
[Eval] Test Acc. : 52.33% 	 (29788/56926)
Train Time used: 0 	 Loss: 519.681 | Train Acc: 48.457% (52114/107548)
[Eval] Valid Acc. : 53.38% 	 (28897/54138)
[Eval] Test Acc. : 52.58% 	 (29931/56926)
Train Time used: 0 	 Loss: 512.757 | Train Acc: 48.928% (52621/107548)
[Eval] Valid Acc. : 53.57% 	 (29004/54138)
[Eval] Test Acc. : 52.95% 	 (30140/56926)
Train Time used: 0 	 Loss: 511.625 | Train Acc: 49.228% (52944/107548)
[Eval] Valid Acc. : 53.58% 	 (29005/54138)
[Eval] Test Acc. : 52.95% 	 (30142/56926)
Train Time used: 0 	 Loss: 512.882 | Train Acc: 49.324% (53047/107548)
[Eval] Valid Acc. : 53.68% 	 (29061/54138)
[Eval] Test Acc. : 52.99% 	 (30164/56926)
Train Time used: 0 	 Loss: 512.124 | Train Acc: 49.330% (53053/107548)
[Eval] Valid Acc. : 53.73% 	 (29087/54138)
[Eval] Test Acc. : 53.03% 	 (30190/56926)
Train Time used: 0 	 Loss: 510.508 | Train Acc: 49.369% (53095/107548)
[Eval] Valid Acc. : 53.78% 	 (29117/54138)
[Eval] Test Acc. : 53.13% 	 (30245/56926)
Train Time used: 0 	 Loss: 508.882 | Train Acc: 49.380% (53107/107548)
[Eval] Valid Acc. : 53.81% 	 (29129/54138)
[Eval] Test Acc. : 53.18% 	 (30273/56926)
Train Time used: 0 	 Loss: 511.171 | Train Acc: 49.429% (53160/107548)
[Eval] Valid Acc. : 53.84% 	 (29146/54138)
[Eval] Test Acc. : 53.18% 	 (30271/56926)
Train Time used: 0 	 Loss: 512.530 | Train Acc: 49.463% (53196/107548)
[Eval] Valid Acc. : 53.88% 	 (29169/54138)
[Eval] Test Acc. : 53.22% 	 (30298/56926)
Train Time used: 0 	 Loss: 508.804 | Train Acc: 49.532% (53271/107548)
[Eval] Valid Acc. : 53.89% 	 (29175/54138)
[Eval] Test Acc. : 53.26% 	 (30319/56926)
Train Time used: 0 	 Loss: 510.693 | Train Acc: 49.571% (53313/107548)
[Eval] Valid Acc. : 53.93% 	 (29195/54138)
[Eval] Test Acc. : 53.29% 	 (30334/56926)
Train Time used: 0 	 Loss: 507.926 | Train Acc: 49.615% (53360/107548)
[Eval] Valid Acc. : 53.94% 	 (29200/54138)
[Eval] Test Acc. : 53.31% 	 (30349/56926)
Train Time used: 0 	 Loss: 503.763 | Train Acc: 49.657% (53405/107548)
[Eval] Valid Acc. : 53.94% 	 (29204/54138)
[Eval] Test Acc. : 53.33% 	 (30359/56926)
Train Time used: 0 	 Loss: 507.575 | Train Acc: 49.662% (53410/107548)
[Eval] Valid Acc. : 53.95% 	 (29206/54138)
[Eval] Test Acc. : 53.33% 	 (30360/56926)
Train Time used: 0 	 Loss: 501.041 | Train Acc: 49.663% (53412/107548)
[Eval] Valid Acc. : 53.95% 	 (29208/54138)
[Eval] Test Acc. : 53.33% 	 (30359/56926)
Train Time used: 0 	 Loss: 506.848 | Train Acc: 49.670% (53419/107548)
[Eval] Valid Acc. : 53.95% 	 (29209/54138)
[Eval] Test Acc. : 53.33% 	 (30359/56926)
Train Time used: 0 	 Loss: 499.022 | Train Acc: 49.675% (53424/107548)
[Eval] Valid Acc. : 53.95% 	 (29210/54138)
[Eval] Test Acc. : 53.33% 	 (30356/56926)
Train Time used: 0 	 Loss: 508.449 | Train Acc: 49.680% (53430/107548)
[Eval] Valid Acc. : 53.95% 	 (29208/54138)
[Eval] Test Acc. : 53.33% 	 (30361/56926)
Train Time used: 0 	 Loss: 508.230 | Train Acc: 49.679% (53429/107548)
[Eval] Valid Acc. : 53.95% 	 (29208/54138)
[Eval] Test Acc. : 53.34% 	 (30362/56926)
Train Time used: 0 	 Loss: 502.481 | Train Acc: 49.686% (53436/107548)
[Eval] Valid Acc. : 53.96% 	 (29213/54138)
[Eval] Test Acc. : 53.34% 	 (30365/56926)
Train Time used: 0 	 Loss: 505.387 | Train Acc: 49.696% (53447/107548)
[Eval] Valid Acc. : 53.96% 	 (29215/54138)
[Eval] Test Acc. : 53.35% 	 (30369/56926)
Train Time used: 0 	 Loss: 507.214 | Train Acc: 49.686% (53436/107548)
[Eval] Valid Acc. : 53.96% 	 (29214/54138)
[Eval] Test Acc. : 53.35% 	 (30371/56926)
Train Time used: 0 	 Loss: 507.209 | Train Acc: 49.689% (53439/107548)
[Eval] Valid Acc. : 53.96% 	 (29214/54138)
[Eval] Test Acc. : 53.36% 	 (30373/56926)
Train Time used: 0 	 Loss: 502.511 | Train Acc: 49.689% (53440/107548)
[Eval] Valid Acc. : 53.96% 	 (29214/54138)
[Eval] Test Acc. : 53.36% 	 (30373/56926)
Train Time used: 0 	 Loss: 509.065 | Train Acc: 49.691% (53442/107548)
[Eval] Valid Acc. : 53.97% 	 (29216/54138)
[Eval] Test Acc. : 53.36% 	 (30373/56926)
Train Time used: 0 	 Loss: 509.722 | Train Acc: 49.691% (53442/107548)
[Eval] Valid Acc. : 53.97% 	 (29216/54138)
[Eval] Test Acc. : 53.36% 	 (30373/56926)
Train Time used: 0 	 Loss: 505.561 | Train Acc: 49.689% (53440/107548)
[Eval] Valid Acc. : 53.97% 	 (29216/54138)
[Eval] Test Acc. : 53.36% 	 (30373/56926)
Train Time used: 0 	 Loss: 503.874 | Train Acc: 49.688% (53438/107548)
[Eval] Valid Acc. : 53.97% 	 (29217/54138)
[Eval] Test Acc. : 53.36% 	 (30374/56926)
Train Time used: 0 	 Loss: 509.888 | Train Acc: 49.688% (53438/107548)
[Eval] Valid Acc. : 53.97% 	 (29219/54138)
[Eval] Test Acc. : 53.36% 	 (30375/56926)
Train Time used: 0 	 Loss: 511.496 | Train Acc: 49.689% (53439/107548)
[Eval] Valid Acc. : 53.97% 	 (29219/54138)
[Eval] Test Acc. : 53.36% 	 (30374/56926)
Train Time used: 0 	 Loss: 505.696 | Train Acc: 49.689% (53439/107548)
[Eval] Valid Acc. : 53.97% 	 (29219/54138)
[Eval] Test Acc. : 53.36% 	 (30377/56926)
Train Time used: 0 	 Loss: 504.272 | Train Acc: 49.689% (53439/107548)
[Eval] Valid Acc. : 53.97% 	 (29219/54138)
[Eval] Test Acc. : 53.36% 	 (30378/56926)
Finish training Baseline!
[Result][Baseline] Best epoch : 46 	Valid. Acc. : 53.9713% 	 Test Acc.: 53.3587%
