========CONFIG===========
optim =  stepLR
part_labeled =  0.3
========CONFIG===========
Train Time used: 2 	 Loss: 1072.102 | Train Acc: 12.625% (39709/314517)
Using the default mapping tsv
[Eval] Valid Acc. : 25.86% 	 (13998/54138)
[Eval] Test Acc. : 24.16% 	 (13755/56926)
Train Time used: 2 	 Loss: 987.240 | Train Acc: 14.853% (46714/314517)
[Eval] Valid Acc. : 17.61% 	 (9536/54138)
[Eval] Test Acc. : 16.88% 	 (9610/56926)
Train Time used: 2 	 Loss: 887.995 | Train Acc: 19.295% (60687/314517)
[Eval] Valid Acc. : 30.01% 	 (16248/54138)
[Eval] Test Acc. : 28.64% 	 (16303/56926)
Train Time used: 2 	 Loss: 815.941 | Train Acc: 25.369% (79790/314517)
[Eval] Valid Acc. : 36.05% 	 (19519/54138)
[Eval] Test Acc. : 34.09% 	 (19408/56926)
Train Time used: 2 	 Loss: 725.683 | Train Acc: 31.031% (97598/314517)
[Eval] Valid Acc. : 40.43% 	 (21888/54138)
[Eval] Test Acc. : 38.50% 	 (21916/56926)
Train Time used: 2 	 Loss: 680.712 | Train Acc: 33.735% (106103/314517)
[Eval] Valid Acc. : 40.61% 	 (21985/54138)
[Eval] Test Acc. : 38.81% 	 (22095/56926)
Train Time used: 2 	 Loss: 651.858 | Train Acc: 35.424% (111413/314517)
[Eval] Valid Acc. : 44.21% 	 (23933/54138)
[Eval] Test Acc. : 42.80% 	 (24365/56926)
Train Time used: 2 	 Loss: 625.157 | Train Acc: 38.358% (120643/314517)
[Eval] Valid Acc. : 47.73% 	 (25842/54138)
[Eval] Test Acc. : 46.24% 	 (26320/56926)
Train Time used: 2 	 Loss: 600.485 | Train Acc: 40.237% (126551/314517)
[Eval] Valid Acc. : 47.33% 	 (25621/54138)
[Eval] Test Acc. : 46.09% 	 (26237/56926)
Train Time used: 2 	 Loss: 570.560 | Train Acc: 42.224% (132803/314517)
[Eval] Valid Acc. : 50.98% 	 (27600/54138)
[Eval] Test Acc. : 50.08% 	 (28511/56926)
Train Time used: 2 	 Loss: 529.298 | Train Acc: 46.483% (146198/314517)
[Eval] Valid Acc. : 52.86% 	 (28617/54138)
[Eval] Test Acc. : 51.97% 	 (29584/56926)
Train Time used: 2 	 Loss: 523.534 | Train Acc: 47.162% (148331/314517)
[Eval] Valid Acc. : 53.14% 	 (28770/54138)
[Eval] Test Acc. : 52.36% 	 (29804/56926)
Train Time used: 2 	 Loss: 520.514 | Train Acc: 47.436% (149193/314517)
[Eval] Valid Acc. : 53.40% 	 (28907/54138)
[Eval] Test Acc. : 52.60% 	 (29945/56926)
Train Time used: 2 	 Loss: 517.742 | Train Acc: 47.696% (150013/314517)
[Eval] Valid Acc. : 53.67% 	 (29055/54138)
[Eval] Test Acc. : 52.85% 	 (30083/56926)
Train Time used: 2 	 Loss: 515.093 | Train Acc: 47.929% (150745/314517)
[Eval] Valid Acc. : 53.90% 	 (29178/54138)
[Eval] Test Acc. : 53.11% 	 (30234/56926)
Train Time used: 2 	 Loss: 512.523 | Train Acc: 48.169% (151499/314517)
[Eval] Valid Acc. : 54.09% 	 (29285/54138)
[Eval] Test Acc. : 53.36% 	 (30373/56926)
Train Time used: 2 	 Loss: 510.011 | Train Acc: 48.392% (152202/314517)
[Eval] Valid Acc. : 54.34% 	 (29419/54138)
[Eval] Test Acc. : 53.54% 	 (30478/56926)
Train Time used: 2 	 Loss: 507.546 | Train Acc: 48.603% (152865/314517)
[Eval] Valid Acc. : 54.55% 	 (29534/54138)
[Eval] Test Acc. : 53.78% 	 (30615/56926)
Train Time used: 2 	 Loss: 505.121 | Train Acc: 48.835% (153593/314517)
[Eval] Valid Acc. : 54.74% 	 (29633/54138)
[Eval] Test Acc. : 53.94% 	 (30708/56926)
Train Time used: 2 	 Loss: 502.731 | Train Acc: 49.059% (154298/314517)
[Eval] Valid Acc. : 54.97% 	 (29757/54138)
[Eval] Test Acc. : 54.13% 	 (30813/56926)
Train Time used: 2 	 Loss: 501.055 | Train Acc: 49.193% (154720/314517)
[Eval] Valid Acc. : 54.99% 	 (29769/54138)
[Eval] Test Acc. : 54.13% 	 (30816/56926)
Train Time used: 2 	 Loss: 500.767 | Train Acc: 49.218% (154799/314517)
[Eval] Valid Acc. : 54.99% 	 (29771/54138)
[Eval] Test Acc. : 54.15% 	 (30825/56926)
Train Time used: 2 	 Loss: 500.503 | Train Acc: 49.254% (154912/314517)
[Eval] Valid Acc. : 55.01% 	 (29783/54138)
[Eval] Test Acc. : 54.18% 	 (30843/56926)
Train Time used: 2 	 Loss: 500.251 | Train Acc: 49.284% (155006/314517)
[Eval] Valid Acc. : 55.04% 	 (29795/54138)
[Eval] Test Acc. : 54.22% 	 (30863/56926)
Train Time used: 2 	 Loss: 500.006 | Train Acc: 49.312% (155094/314517)
[Eval] Valid Acc. : 55.05% 	 (29804/54138)
[Eval] Test Acc. : 54.24% 	 (30877/56926)
Train Time used: 2 	 Loss: 499.764 | Train Acc: 49.345% (155197/314517)
[Eval] Valid Acc. : 55.06% 	 (29807/54138)
[Eval] Test Acc. : 54.25% 	 (30883/56926)
Train Time used: 2 	 Loss: 499.525 | Train Acc: 49.362% (155251/314517)
[Eval] Valid Acc. : 55.07% 	 (29813/54138)
[Eval] Test Acc. : 54.28% 	 (30902/56926)
Train Time used: 2 	 Loss: 499.286 | Train Acc: 49.384% (155322/314517)
[Eval] Valid Acc. : 55.09% 	 (29827/54138)
[Eval] Test Acc. : 54.31% 	 (30918/56926)
Train Time used: 2 	 Loss: 499.049 | Train Acc: 49.411% (155406/314517)
[Eval] Valid Acc. : 55.11% 	 (29833/54138)
[Eval] Test Acc. : 54.34% 	 (30933/56926)
Train Time used: 2 	 Loss: 498.813 | Train Acc: 49.432% (155472/314517)
[Eval] Valid Acc. : 55.12% 	 (29843/54138)
[Eval] Test Acc. : 54.35% 	 (30940/56926)
Train Time used: 2 	 Loss: 498.630 | Train Acc: 49.442% (155505/314517)
[Eval] Valid Acc. : 55.13% 	 (29845/54138)
[Eval] Test Acc. : 54.35% 	 (30938/56926)
Train Time used: 2 	 Loss: 498.607 | Train Acc: 49.443% (155508/314517)
[Eval] Valid Acc. : 55.13% 	 (29845/54138)
[Eval] Test Acc. : 54.34% 	 (30934/56926)
Train Time used: 2 	 Loss: 498.583 | Train Acc: 49.446% (155516/314517)
[Eval] Valid Acc. : 55.12% 	 (29842/54138)
[Eval] Test Acc. : 54.34% 	 (30934/56926)
Train Time used: 2 	 Loss: 498.559 | Train Acc: 49.450% (155528/314517)
[Eval] Valid Acc. : 55.13% 	 (29845/54138)
[Eval] Test Acc. : 54.34% 	 (30934/56926)
Train Time used: 2 	 Loss: 498.536 | Train Acc: 49.454% (155541/314517)
[Eval] Valid Acc. : 55.13% 	 (29846/54138)
[Eval] Test Acc. : 54.35% 	 (30938/56926)
Train Time used: 2 	 Loss: 498.512 | Train Acc: 49.459% (155558/314517)
[Eval] Valid Acc. : 55.13% 	 (29848/54138)
[Eval] Test Acc. : 54.35% 	 (30940/56926)
Train Time used: 2 	 Loss: 498.488 | Train Acc: 49.460% (155559/314517)
[Eval] Valid Acc. : 55.14% 	 (29850/54138)
[Eval] Test Acc. : 54.35% 	 (30940/56926)
Train Time used: 2 	 Loss: 498.465 | Train Acc: 49.462% (155566/314517)
[Eval] Valid Acc. : 55.14% 	 (29851/54138)
[Eval] Test Acc. : 54.35% 	 (30942/56926)
Train Time used: 2 	 Loss: 498.441 | Train Acc: 49.463% (155570/314517)
[Eval] Valid Acc. : 55.14% 	 (29852/54138)
[Eval] Test Acc. : 54.36% 	 (30947/56926)
Train Time used: 2 	 Loss: 498.417 | Train Acc: 49.464% (155572/314517)
[Eval] Valid Acc. : 55.14% 	 (29854/54138)
[Eval] Test Acc. : 54.36% 	 (30947/56926)
Train Time used: 2 	 Loss: 498.399 | Train Acc: 49.466% (155578/314517)
[Eval] Valid Acc. : 55.15% 	 (29855/54138)
[Eval] Test Acc. : 54.36% 	 (30947/56926)
Train Time used: 2 	 Loss: 498.397 | Train Acc: 49.466% (155578/314517)
[Eval] Valid Acc. : 55.15% 	 (29855/54138)
[Eval] Test Acc. : 54.36% 	 (30947/56926)
Train Time used: 2 	 Loss: 498.394 | Train Acc: 49.466% (155580/314517)
[Eval] Valid Acc. : 55.15% 	 (29855/54138)
[Eval] Test Acc. : 54.36% 	 (30947/56926)
Train Time used: 2 	 Loss: 498.392 | Train Acc: 49.467% (155582/314517)
[Eval] Valid Acc. : 55.15% 	 (29855/54138)
[Eval] Test Acc. : 54.36% 	 (30947/56926)
Train Time used: 2 	 Loss: 498.389 | Train Acc: 49.467% (155581/314517)
[Eval] Valid Acc. : 55.15% 	 (29856/54138)
[Eval] Test Acc. : 54.37% 	 (30948/56926)
Train Time used: 2 	 Loss: 498.387 | Train Acc: 49.467% (155582/314517)
[Eval] Valid Acc. : 55.15% 	 (29856/54138)
[Eval] Test Acc. : 54.36% 	 (30947/56926)
Train Time used: 2 	 Loss: 498.385 | Train Acc: 49.467% (155582/314517)
[Eval] Valid Acc. : 55.15% 	 (29856/54138)
[Eval] Test Acc. : 54.37% 	 (30948/56926)
Train Time used: 2 	 Loss: 498.382 | Train Acc: 49.467% (155583/314517)
[Eval] Valid Acc. : 55.15% 	 (29855/54138)
[Eval] Test Acc. : 54.37% 	 (30949/56926)
Train Time used: 2 	 Loss: 498.380 | Train Acc: 49.467% (155583/314517)
[Eval] Valid Acc. : 55.15% 	 (29855/54138)
[Eval] Test Acc. : 54.37% 	 (30949/56926)
Train Time used: 2 	 Loss: 498.378 | Train Acc: 49.467% (155583/314517)
[Eval] Valid Acc. : 55.15% 	 (29856/54138)
[Eval] Test Acc. : 54.37% 	 (30951/56926)
Finish training Baseline!
[Result][Baseline] Best epoch : 44 	Valid. Acc. : 55.1480% 	 Test Acc.: 54.3653%
