========CONFIG===========
optim =  cyclicLR
part_labeled =  0.3
========CONFIG===========
[cmpOptim] CyclicLR step size =  20
[cmpOptim] batch_size =  100
Train Time used: 2 	 Loss: 1107.992 | Train Acc: 10.453% (32877/314517)
Using the default mapping tsv
[Eval] Valid Acc. : 29.83% 	 (16149/54138)
[Eval] Test Acc. : 28.06% 	 (15976/56926)
Train Time used: 2 	 Loss: 965.921 | Train Acc: 16.497% (51885/314517)
[Eval] Valid Acc. : 32.23% 	 (17451/54138)
[Eval] Test Acc. : 30.15% 	 (17164/56926)
Train Time used: 2 	 Loss: 752.736 | Train Acc: 29.643% (93231/314517)
[Eval] Valid Acc. : 43.83% 	 (23729/54138)
[Eval] Test Acc. : 42.53% 	 (24213/56926)
Train Time used: 2 	 Loss: 634.574 | Train Acc: 37.435% (117741/314517)
[Eval] Valid Acc. : 46.26% 	 (25045/54138)
[Eval] Test Acc. : 44.91% 	 (25565/56926)
Train Time used: 2 	 Loss: 602.151 | Train Acc: 40.319% (126811/314517)
[Eval] Valid Acc. : 48.80% 	 (26418/54138)
[Eval] Test Acc. : 47.93% 	 (27287/56926)
Train Time used: 2 	 Loss: 555.639 | Train Acc: 43.683% (137392/314517)
[Eval] Valid Acc. : 54.69% 	 (29607/54138)
[Eval] Test Acc. : 53.69% 	 (30563/56926)
Train Time used: 2 	 Loss: 484.128 | Train Acc: 50.344% (158342/314517)
[Eval] Valid Acc. : 58.10% 	 (31453/54138)
[Eval] Test Acc. : 56.79% 	 (32329/56926)
Train Time used: 2 	 Loss: 458.289 | Train Acc: 52.993% (166671/314517)
[Eval] Valid Acc. : 58.64% 	 (31749/54138)
[Eval] Test Acc. : 57.71% 	 (32853/56926)
Train Time used: 2 	 Loss: 451.958 | Train Acc: 53.488% (168230/314517)
[Eval] Valid Acc. : 56.82% 	 (30763/54138)
[Eval] Test Acc. : 55.31% 	 (31485/56926)
Train Time used: 2 	 Loss: 438.193 | Train Acc: 54.530% (171507/314517)
[Eval] Valid Acc. : 62.31% 	 (33736/54138)
[Eval] Test Acc. : 60.84% 	 (34632/56926)
Train Time used: 2 	 Loss: 392.980 | Train Acc: 59.193% (186172/314517)
[Eval] Valid Acc. : 63.47% 	 (34360/54138)
[Eval] Test Acc. : 62.23% 	 (35427/56926)
Train Time used: 2 	 Loss: 382.013 | Train Acc: 60.063% (188908/314517)
[Eval] Valid Acc. : 63.84% 	 (34559/54138)
[Eval] Test Acc. : 62.71% 	 (35696/56926)
Train Time used: 2 	 Loss: 376.955 | Train Acc: 60.300% (189653/314517)
[Eval] Valid Acc. : 62.76% 	 (33976/54138)
[Eval] Test Acc. : 61.70% 	 (35126/56926)
Train Time used: 2 	 Loss: 362.681 | Train Acc: 61.572% (193653/314517)
[Eval] Valid Acc. : 66.57% 	 (36042/54138)
[Eval] Test Acc. : 64.60% 	 (36777/56926)
Train Time used: 2 	 Loss: 333.919 | Train Acc: 64.734% (203598/314517)
[Eval] Valid Acc. : 66.30% 	 (35896/54138)
[Eval] Test Acc. : 64.67% 	 (36815/56926)
Train Time used: 2 	 Loss: 333.694 | Train Acc: 64.518% (202921/314517)
[Eval] Valid Acc. : 65.45% 	 (35433/54138)
[Eval] Test Acc. : 63.22% 	 (35991/56926)
Train Time used: 2 	 Loss: 352.940 | Train Acc: 62.297% (195934/314517)
[Eval] Valid Acc. : 65.57% 	 (35496/54138)
[Eval] Test Acc. : 63.41% 	 (36096/56926)
Train Time used: 2 	 Loss: 322.197 | Train Acc: 65.551% (206168/314517)
[Eval] Valid Acc. : 67.87% 	 (36745/54138)
[Eval] Test Acc. : 65.93% 	 (37531/56926)
Train Time used: 2 	 Loss: 300.491 | Train Acc: 68.012% (213910/314517)
[Eval] Valid Acc. : 67.74% 	 (36673/54138)
[Eval] Test Acc. : 66.06% 	 (37608/56926)
Train Time used: 2 	 Loss: 302.466 | Train Acc: 67.716% (212977/314517)
[Eval] Valid Acc. : 65.63% 	 (35533/54138)
[Eval] Test Acc. : 63.56% 	 (36181/56926)
Train Time used: 2 	 Loss: 306.490 | Train Acc: 66.999% (210722/314517)
[Eval] Valid Acc. : 68.20% 	 (36920/54138)
[Eval] Test Acc. : 66.35% 	 (37771/56926)
Train Time used: 2 	 Loss: 275.359 | Train Acc: 70.489% (221699/314517)
[Eval] Valid Acc. : 68.95% 	 (37327/54138)
[Eval] Test Acc. : 67.03% 	 (38160/56926)
Train Time used: 2 	 Loss: 268.015 | Train Acc: 71.166% (223828/314517)
[Eval] Valid Acc. : 68.38% 	 (37019/54138)
[Eval] Test Acc. : 65.87% 	 (37499/56926)
Train Time used: 2 	 Loss: 278.816 | Train Acc: 69.947% (219994/314517)
[Eval] Valid Acc. : 67.00% 	 (36270/54138)
[Eval] Test Acc. : 64.70% 	 (36830/56926)
Train Time used: 2 	 Loss: 264.980 | Train Acc: 71.362% (224446/314517)
[Eval] Valid Acc. : 68.68% 	 (37180/54138)
[Eval] Test Acc. : 67.10% 	 (38200/56926)
Train Time used: 2 	 Loss: 240.806 | Train Acc: 74.202% (233379/314517)
[Eval] Valid Acc. : 68.60% 	 (37138/54138)
[Eval] Test Acc. : 67.11% 	 (38205/56926)
Train Time used: 2 	 Loss: 246.392 | Train Acc: 73.470% (231076/314517)
[Eval] Valid Acc. : 68.19% 	 (36914/54138)
[Eval] Test Acc. : 65.88% 	 (37501/56926)
Train Time used: 2 	 Loss: 294.253 | Train Acc: 68.335% (214925/314517)
[Eval] Valid Acc. : 67.35% 	 (36460/54138)
[Eval] Test Acc. : 65.87% 	 (37495/56926)
Train Time used: 2 	 Loss: 249.354 | Train Acc: 73.137% (230029/314517)
[Eval] Valid Acc. : 68.92% 	 (37314/54138)
[Eval] Test Acc. : 67.19% 	 (38246/56926)
Train Time used: 2 	 Loss: 229.779 | Train Acc: 75.150% (236361/314517)
[Eval] Valid Acc. : 67.86% 	 (36736/54138)
[Eval] Test Acc. : 66.45% 	 (37829/56926)
Train Time used: 2 	 Loss: 232.460 | Train Acc: 74.885% (235526/314517)
[Eval] Valid Acc. : 67.88% 	 (36750/54138)
[Eval] Test Acc. : 65.94% 	 (37538/56926)
Train Time used: 2 	 Loss: 225.945 | Train Acc: 75.335% (236942/314517)
[Eval] Valid Acc. : 68.30% 	 (36974/54138)
[Eval] Test Acc. : 66.55% 	 (37887/56926)
Train Time used: 2 	 Loss: 206.269 | Train Acc: 77.736% (244492/314517)
[Eval] Valid Acc. : 69.06% 	 (37388/54138)
[Eval] Test Acc. : 67.28% 	 (38299/56926)
Train Time used: 2 	 Loss: 207.167 | Train Acc: 77.586% (244021/314517)
[Eval] Valid Acc. : 68.00% 	 (36814/54138)
[Eval] Test Acc. : 66.29% 	 (37736/56926)
Train Time used: 2 	 Loss: 214.960 | Train Acc: 76.610% (240951/314517)
[Eval] Valid Acc. : 68.12% 	 (36881/54138)
[Eval] Test Acc. : 65.78% 	 (37447/56926)
Train Time used: 2 	 Loss: 197.988 | Train Acc: 78.483% (246841/314517)
[Eval] Valid Acc. : 68.59% 	 (37135/54138)
[Eval] Test Acc. : 66.61% 	 (37920/56926)
Train Time used: 2 	 Loss: 179.713 | Train Acc: 80.736% (253928/314517)
[Eval] Valid Acc. : 68.47% 	 (37067/54138)
[Eval] Test Acc. : 66.42% 	 (37811/56926)
Train Time used: 2 	 Loss: 184.105 | Train Acc: 80.039% (251736/314517)
[Eval] Valid Acc. : 67.92% 	 (36772/54138)
[Eval] Test Acc. : 66.17% 	 (37670/56926)
Train Time used: 2 	 Loss: 244.043 | Train Acc: 73.482% (231113/314517)
[Eval] Valid Acc. : 67.40% 	 (36489/54138)
[Eval] Test Acc. : 65.21% 	 (37122/56926)
Train Time used: 2 	 Loss: 200.732 | Train Acc: 78.078% (245570/314517)
[Eval] Valid Acc. : 68.03% 	 (36829/54138)
[Eval] Test Acc. : 66.49% 	 (37850/56926)
Train Time used: 2 	 Loss: 178.582 | Train Acc: 80.633% (253603/314517)
[Eval] Valid Acc. : 67.57% 	 (36582/54138)
[Eval] Test Acc. : 65.62% 	 (37353/56926)
Train Time used: 2 	 Loss: 175.972 | Train Acc: 80.831% (254227/314517)
[Eval] Valid Acc. : 67.69% 	 (36644/54138)
[Eval] Test Acc. : 65.80% 	 (37458/56926)
Train Time used: 2 	 Loss: 167.824 | Train Acc: 81.665% (256849/314517)
[Eval] Valid Acc. : 67.51% 	 (36550/54138)
[Eval] Test Acc. : 65.94% 	 (37538/56926)
Train Time used: 2 	 Loss: 150.916 | Train Acc: 83.591% (262908/314517)
[Eval] Valid Acc. : 68.20% 	 (36924/54138)
[Eval] Test Acc. : 66.17% 	 (37669/56926)
Train Time used: 2 	 Loss: 151.760 | Train Acc: 83.519% (262683/314517)
[Eval] Valid Acc. : 66.95% 	 (36247/54138)
[Eval] Test Acc. : 65.26% 	 (37149/56926)
Train Time used: 2 	 Loss: 159.706 | Train Acc: 82.514% (259520/314517)
[Eval] Valid Acc. : 66.59% 	 (36052/54138)
[Eval] Test Acc. : 65.07% 	 (37040/56926)
Train Time used: 2 	 Loss: 152.558 | Train Acc: 83.306% (262010/314517)
[Eval] Valid Acc. : 67.38% 	 (36476/54138)
[Eval] Test Acc. : 65.86% 	 (37490/56926)
Train Time used: 2 	 Loss: 135.714 | Train Acc: 85.318% (268341/314517)
[Eval] Valid Acc. : 67.26% 	 (36411/54138)
[Eval] Test Acc. : 65.15% 	 (37089/56926)
Train Time used: 2 	 Loss: 141.907 | Train Acc: 84.428% (265540/314517)
[Eval] Valid Acc. : 66.58% 	 (36043/54138)
[Eval] Test Acc. : 64.81% 	 (36895/56926)
Train Time used: 2 	 Loss: 145.139 | Train Acc: 84.063% (264391/314517)
[Eval] Valid Acc. : 67.25% 	 (36408/54138)
[Eval] Test Acc. : 64.97% 	 (36982/56926)
Finish training Baseline!
[Result][Baseline] Best epoch : 32 	Valid. Acc. : 69.0605% 	 Test Acc.: 67.2786%
