========CONFIG===========
optim =  adam
part_labeled =  0.3
========CONFIG===========
Train Time used: 2 	 Loss: 936.916 | Train Acc: 20.345% (63987/314517)
Using the default mapping tsv
[Eval] Valid Acc. : 38.16% 	 (20659/54138)
[Eval] Test Acc. : 36.76% 	 (20924/56926)
Train Time used: 2 	 Loss: 647.505 | Train Acc: 37.285% (117269/314517)
[Eval] Valid Acc. : 49.31% 	 (26696/54138)
[Eval] Test Acc. : 47.48% 	 (27026/56926)
Train Time used: 2 	 Loss: 533.322 | Train Acc: 45.857% (144229/314517)
[Eval] Valid Acc. : 55.38% 	 (29983/54138)
[Eval] Test Acc. : 53.47% 	 (30440/56926)
Train Time used: 2 	 Loss: 470.498 | Train Acc: 51.355% (161519/314517)
[Eval] Valid Acc. : 58.93% 	 (31906/54138)
[Eval] Test Acc. : 57.41% 	 (32680/56926)
Train Time used: 2 	 Loss: 426.112 | Train Acc: 55.804% (175514/314517)
[Eval] Valid Acc. : 61.35% 	 (33212/54138)
[Eval] Test Acc. : 59.89% 	 (34091/56926)
Train Time used: 2 	 Loss: 393.358 | Train Acc: 58.920% (185313/314517)
[Eval] Valid Acc. : 63.23% 	 (34229/54138)
[Eval] Test Acc. : 61.30% 	 (34895/56926)
Train Time used: 2 	 Loss: 367.624 | Train Acc: 61.539% (193550/314517)
[Eval] Valid Acc. : 64.58% 	 (34965/54138)
[Eval] Test Acc. : 62.56% 	 (35615/56926)
Train Time used: 2 	 Loss: 345.932 | Train Acc: 63.612% (200072/314517)
[Eval] Valid Acc. : 65.79% 	 (35619/54138)
[Eval] Test Acc. : 63.94% 	 (36398/56926)
Train Time used: 2 	 Loss: 324.795 | Train Acc: 65.584% (206273/314517)
[Eval] Valid Acc. : 66.54% 	 (36024/54138)
[Eval] Test Acc. : 64.89% 	 (36938/56926)
Train Time used: 2 	 Loss: 308.148 | Train Acc: 67.343% (211806/314517)
[Eval] Valid Acc. : 66.91% 	 (36224/54138)
[Eval] Test Acc. : 65.01% 	 (37007/56926)
Train Time used: 2 	 Loss: 294.813 | Train Acc: 68.626% (215842/314517)
[Eval] Valid Acc. : 66.82% 	 (36177/54138)
[Eval] Test Acc. : 65.79% 	 (37451/56926)
Train Time used: 2 	 Loss: 280.415 | Train Acc: 70.140% (220602/314517)
[Eval] Valid Acc. : 67.30% 	 (36436/54138)
[Eval] Test Acc. : 65.91% 	 (37520/56926)
Train Time used: 2 	 Loss: 269.797 | Train Acc: 71.129% (223712/314517)
[Eval] Valid Acc. : 67.20% 	 (36381/54138)
[Eval] Test Acc. : 65.43% 	 (37248/56926)
Train Time used: 2 	 Loss: 260.695 | Train Acc: 72.028% (226541/314517)
[Eval] Valid Acc. : 67.35% 	 (36462/54138)
[Eval] Test Acc. : 65.47% 	 (37268/56926)
Train Time used: 2 	 Loss: 250.579 | Train Acc: 73.120% (229975/314517)
[Eval] Valid Acc. : 67.66% 	 (36630/54138)
[Eval] Test Acc. : 65.63% 	 (37361/56926)
Train Time used: 2 	 Loss: 239.791 | Train Acc: 74.116% (233106/314517)
[Eval] Valid Acc. : 67.69% 	 (36648/54138)
[Eval] Test Acc. : 66.02% 	 (37584/56926)
Train Time used: 2 	 Loss: 231.132 | Train Acc: 75.157% (236382/314517)
[Eval] Valid Acc. : 66.98% 	 (36263/54138)
[Eval] Test Acc. : 64.98% 	 (36991/56926)
Train Time used: 2 	 Loss: 225.674 | Train Acc: 75.653% (237940/314517)
[Eval] Valid Acc. : 66.96% 	 (36252/54138)
[Eval] Test Acc. : 65.31% 	 (37180/56926)
Train Time used: 2 	 Loss: 214.909 | Train Acc: 76.826% (241631/314517)
[Eval] Valid Acc. : 67.62% 	 (36609/54138)
[Eval] Test Acc. : 65.29% 	 (37166/56926)
Train Time used: 2 	 Loss: 203.618 | Train Acc: 78.101% (245642/314517)
[Eval] Valid Acc. : 66.42% 	 (35956/54138)
[Eval] Test Acc. : 64.83% 	 (36904/56926)
Train Time used: 2 	 Loss: 198.209 | Train Acc: 78.624% (247287/314517)
[Eval] Valid Acc. : 66.46% 	 (35982/54138)
[Eval] Test Acc. : 64.69% 	 (36826/56926)
Train Time used: 2 	 Loss: 193.132 | Train Acc: 79.106% (248803/314517)
[Eval] Valid Acc. : 66.66% 	 (36089/54138)
[Eval] Test Acc. : 64.23% 	 (36566/56926)
Train Time used: 2 	 Loss: 188.221 | Train Acc: 79.552% (250206/314517)
[Eval] Valid Acc. : 65.83% 	 (35638/54138)
[Eval] Test Acc. : 64.02% 	 (36444/56926)
Train Time used: 2 	 Loss: 183.691 | Train Acc: 80.018% (251670/314517)
[Eval] Valid Acc. : 65.07% 	 (35227/54138)
[Eval] Test Acc. : 63.13% 	 (35939/56926)
Train Time used: 2 	 Loss: 183.477 | Train Acc: 80.009% (251641/314517)
[Eval] Valid Acc. : 66.11% 	 (35790/54138)
[Eval] Test Acc. : 63.74% 	 (36283/56926)
Train Time used: 2 	 Loss: 181.934 | Train Acc: 80.211% (252278/314517)
[Eval] Valid Acc. : 65.96% 	 (35712/54138)
[Eval] Test Acc. : 63.47% 	 (36130/56926)
Train Time used: 2 	 Loss: 177.814 | Train Acc: 80.584% (253450/314517)
[Eval] Valid Acc. : 65.69% 	 (35564/54138)
[Eval] Test Acc. : 63.82% 	 (36331/56926)
Train Time used: 2 	 Loss: 172.199 | Train Acc: 81.117% (255127/314517)
[Eval] Valid Acc. : 65.24% 	 (35321/54138)
[Eval] Test Acc. : 63.21% 	 (35983/56926)
Train Time used: 2 	 Loss: 169.699 | Train Acc: 81.398% (256011/314517)
[Eval] Valid Acc. : 65.32% 	 (35363/54138)
[Eval] Test Acc. : 63.75% 	 (36292/56926)
Train Time used: 2 	 Loss: 164.726 | Train Acc: 81.987% (257863/314517)
[Eval] Valid Acc. : 65.65% 	 (35543/54138)
[Eval] Test Acc. : 63.45% 	 (36117/56926)
Train Time used: 2 	 Loss: 156.579 | Train Acc: 82.816% (260471/314517)
[Eval] Valid Acc. : 66.36% 	 (35926/54138)
[Eval] Test Acc. : 63.87% 	 (36359/56926)
Train Time used: 2 	 Loss: 147.925 | Train Acc: 83.735% (263362/314517)
[Eval] Valid Acc. : 65.54% 	 (35484/54138)
[Eval] Test Acc. : 63.43% 	 (36108/56926)
Train Time used: 2 	 Loss: 139.988 | Train Acc: 84.660% (266270/314517)
[Eval] Valid Acc. : 65.48% 	 (35452/54138)
[Eval] Test Acc. : 64.07% 	 (36474/56926)
Train Time used: 2 	 Loss: 132.462 | Train Acc: 85.402% (268605/314517)
[Eval] Valid Acc. : 65.74% 	 (35592/54138)
[Eval] Test Acc. : 63.84% 	 (36341/56926)
Train Time used: 2 	 Loss: 128.890 | Train Acc: 85.820% (269918/314517)
[Eval] Valid Acc. : 65.71% 	 (35573/54138)
[Eval] Test Acc. : 63.68% 	 (36251/56926)
Train Time used: 2 	 Loss: 127.929 | Train Acc: 85.907% (270192/314517)
[Eval] Valid Acc. : 65.06% 	 (35220/54138)
[Eval] Test Acc. : 63.06% 	 (35899/56926)
Train Time used: 2 	 Loss: 125.770 | Train Acc: 86.084% (270750/314517)
[Eval] Valid Acc. : 64.32% 	 (34823/54138)
[Eval] Test Acc. : 63.01% 	 (35869/56926)
Train Time used: 2 	 Loss: 126.701 | Train Acc: 85.856% (270032/314517)
[Eval] Valid Acc. : 65.22% 	 (35310/54138)
[Eval] Test Acc. : 63.50% 	 (36146/56926)
Train Time used: 2 	 Loss: 121.941 | Train Acc: 86.399% (271738/314517)
[Eval] Valid Acc. : 65.01% 	 (35194/54138)
[Eval] Test Acc. : 63.38% 	 (36079/56926)
Train Time used: 2 	 Loss: 116.260 | Train Acc: 87.122% (274015/314517)
[Eval] Valid Acc. : 64.67% 	 (35012/54138)
[Eval] Test Acc. : 62.81% 	 (35757/56926)
Train Time used: 2 	 Loss: 116.166 | Train Acc: 87.060% (273818/314517)
[Eval] Valid Acc. : 65.31% 	 (35357/54138)
[Eval] Test Acc. : 62.94% 	 (35829/56926)
Train Time used: 2 	 Loss: 110.372 | Train Acc: 87.790% (276116/314517)
[Eval] Valid Acc. : 65.02% 	 (35201/54138)
[Eval] Test Acc. : 63.29% 	 (36029/56926)
Train Time used: 2 	 Loss: 110.348 | Train Acc: 87.712% (275870/314517)
[Eval] Valid Acc. : 65.30% 	 (35353/54138)
[Eval] Test Acc. : 63.12% 	 (35929/56926)
Train Time used: 2 	 Loss: 106.533 | Train Acc: 88.181% (277344/314517)
[Eval] Valid Acc. : 65.38% 	 (35394/54138)
[Eval] Test Acc. : 63.41% 	 (36094/56926)
Train Time used: 2 	 Loss: 102.403 | Train Acc: 88.682% (278920/314517)
[Eval] Valid Acc. : 65.25% 	 (35326/54138)
[Eval] Test Acc. : 63.24% 	 (35999/56926)
Train Time used: 2 	 Loss: 98.768 | Train Acc: 89.058% (280103/314517)
[Eval] Valid Acc. : 65.04% 	 (35212/54138)
[Eval] Test Acc. : 63.88% 	 (36364/56926)
Train Time used: 2 	 Loss: 93.762 | Train Acc: 89.662% (282001/314517)
[Eval] Valid Acc. : 64.32% 	 (34821/54138)
[Eval] Test Acc. : 63.05% 	 (35889/56926)
Train Time used: 2 	 Loss: 93.213 | Train Acc: 89.644% (281946/314517)
[Eval] Valid Acc. : 63.81% 	 (34547/54138)
[Eval] Test Acc. : 62.37% 	 (35506/56926)
Train Time used: 2 	 Loss: 98.555 | Train Acc: 88.935% (279715/314517)
[Eval] Valid Acc. : 63.58% 	 (34423/54138)
[Eval] Test Acc. : 62.24% 	 (35428/56926)
Train Time used: 2 	 Loss: 105.351 | Train Acc: 88.193% (277382/314517)
[Eval] Valid Acc. : 64.66% 	 (35006/54138)
[Eval] Test Acc. : 62.86% 	 (35786/56926)
Finish training Baseline!
[Result][Baseline] Best epoch : 15 	Valid. Acc. : 67.6937% 	 Test Acc.: 66.0226%
