========CONFIG===========
optimization =  adam
========CONFIG===========
Train Time used: 2 	 Loss: 976.988 | Train Acc: 17.755% (55844/314517)
Using the default mapping tsv
[Eval] Valid Acc. : 35.35% 	 (19137/54138)
[Eval] Test Acc. : 33.00% 	 (18784/56926)
Train Time used: 2 	 Loss: 695.526 | Train Acc: 34.225% (107643/314517)
[Eval] Valid Acc. : 45.93% 	 (24866/54138)
[Eval] Test Acc. : 44.44% 	 (25297/56926)
Train Time used: 2 	 Loss: 573.145 | Train Acc: 42.763% (134498/314517)
[Eval] Valid Acc. : 52.65% 	 (28502/54138)
[Eval] Test Acc. : 51.12% 	 (29098/56926)
Train Time used: 2 	 Loss: 498.093 | Train Acc: 49.211% (154777/314517)
[Eval] Valid Acc. : 57.86% 	 (31324/54138)
[Eval] Test Acc. : 56.25% 	 (32019/56926)
Train Time used: 2 	 Loss: 447.464 | Train Acc: 54.261% (170659/314517)
[Eval] Valid Acc. : 59.93% 	 (32444/54138)
[Eval] Test Acc. : 58.79% 	 (33466/56926)
Train Time used: 2 	 Loss: 417.364 | Train Acc: 56.801% (178649/314517)
[Eval] Valid Acc. : 62.07% 	 (33604/54138)
[Eval] Test Acc. : 61.10% 	 (34781/56926)
Train Time used: 2 	 Loss: 389.736 | Train Acc: 59.681% (187706/314517)
[Eval] Valid Acc. : 63.37% 	 (34305/54138)
[Eval] Test Acc. : 62.42% 	 (35531/56926)
Train Time used: 2 	 Loss: 367.717 | Train Acc: 61.828% (194459/314517)
[Eval] Valid Acc. : 64.14% 	 (34722/54138)
[Eval] Test Acc. : 62.93% 	 (35823/56926)
Train Time used: 2 	 Loss: 354.213 | Train Acc: 63.011% (198179/314517)
[Eval] Valid Acc. : 65.34% 	 (35374/54138)
[Eval] Test Acc. : 63.72% 	 (36271/56926)
Train Time used: 2 	 Loss: 333.090 | Train Acc: 65.022% (204506/314517)
[Eval] Valid Acc. : 65.15% 	 (35272/54138)
[Eval] Test Acc. : 64.44% 	 (36682/56926)
Train Time used: 2 	 Loss: 319.596 | Train Acc: 66.476% (209078/314517)
[Eval] Valid Acc. : 66.32% 	 (35906/54138)
[Eval] Test Acc. : 65.35% 	 (37199/56926)
Train Time used: 2 	 Loss: 305.804 | Train Acc: 67.869% (213458/314517)
[Eval] Valid Acc. : 66.86% 	 (36194/54138)
[Eval] Test Acc. : 65.84% 	 (37479/56926)
Train Time used: 2 	 Loss: 295.019 | Train Acc: 68.974% (216935/314517)
[Eval] Valid Acc. : 66.93% 	 (36237/54138)
[Eval] Test Acc. : 65.72% 	 (37413/56926)
Train Time used: 2 	 Loss: 283.937 | Train Acc: 70.183% (220739/314517)
[Eval] Valid Acc. : 67.36% 	 (36470/54138)
[Eval] Test Acc. : 66.06% 	 (37606/56926)
Train Time used: 2 	 Loss: 271.953 | Train Acc: 71.277% (224179/314517)
[Eval] Valid Acc. : 67.49% 	 (36536/54138)
[Eval] Test Acc. : 66.12% 	 (37640/56926)
Train Time used: 2 	 Loss: 259.703 | Train Acc: 72.417% (227764/314517)
[Eval] Valid Acc. : 67.45% 	 (36518/54138)
[Eval] Test Acc. : 66.58% 	 (37902/56926)
Train Time used: 2 	 Loss: 248.734 | Train Acc: 73.686% (231754/314517)
[Eval] Valid Acc. : 67.42% 	 (36501/54138)
[Eval] Test Acc. : 66.38% 	 (37787/56926)
Train Time used: 2 	 Loss: 242.868 | Train Acc: 74.372% (233912/314517)
[Eval] Valid Acc. : 67.09% 	 (36323/54138)
[Eval] Test Acc. : 65.93% 	 (37534/56926)
Train Time used: 2 	 Loss: 234.861 | Train Acc: 75.187% (236475/314517)
[Eval] Valid Acc. : 67.71% 	 (36657/54138)
[Eval] Test Acc. : 66.01% 	 (37577/56926)
Train Time used: 2 	 Loss: 223.433 | Train Acc: 76.254% (239833/314517)
[Eval] Valid Acc. : 67.78% 	 (36693/54138)
[Eval] Test Acc. : 66.69% 	 (37965/56926)
Train Time used: 2 	 Loss: 214.741 | Train Acc: 77.124% (242569/314517)
[Eval] Valid Acc. : 67.09% 	 (36322/54138)
[Eval] Test Acc. : 65.81% 	 (37464/56926)
Train Time used: 2 	 Loss: 208.484 | Train Acc: 77.846% (244840/314517)
[Eval] Valid Acc. : 67.10% 	 (36329/54138)
[Eval] Test Acc. : 65.54% 	 (37309/56926)
Train Time used: 2 	 Loss: 202.895 | Train Acc: 78.367% (246477/314517)
[Eval] Valid Acc. : 66.64% 	 (36077/54138)
[Eval] Test Acc. : 65.37% 	 (37211/56926)
Train Time used: 2 	 Loss: 200.103 | Train Acc: 78.602% (247218/314517)
[Eval] Valid Acc. : 67.41% 	 (36497/54138)
[Eval] Test Acc. : 65.52% 	 (37298/56926)
Train Time used: 2 	 Loss: 192.649 | Train Acc: 79.556% (250217/314517)
[Eval] Valid Acc. : 67.21% 	 (36385/54138)
[Eval] Test Acc. : 65.81% 	 (37464/56926)
Train Time used: 2 	 Loss: 181.995 | Train Acc: 80.671% (253724/314517)
[Eval] Valid Acc. : 67.15% 	 (36356/54138)
[Eval] Test Acc. : 65.65% 	 (37372/56926)
Train Time used: 2 	 Loss: 173.771 | Train Acc: 81.678% (256890/314517)
[Eval] Valid Acc. : 67.30% 	 (36433/54138)
[Eval] Test Acc. : 65.43% 	 (37247/56926)
Train Time used: 2 	 Loss: 167.702 | Train Acc: 82.272% (258759/314517)
[Eval] Valid Acc. : 66.71% 	 (36117/54138)
[Eval] Test Acc. : 65.03% 	 (37021/56926)
Train Time used: 2 	 Loss: 162.309 | Train Acc: 82.715% (260152/314517)
[Eval] Valid Acc. : 66.51% 	 (36008/54138)
[Eval] Test Acc. : 65.14% 	 (37079/56926)
Train Time used: 2 	 Loss: 155.887 | Train Acc: 83.548% (262774/314517)
[Eval] Valid Acc. : 66.47% 	 (35984/54138)
[Eval] Test Acc. : 64.82% 	 (36901/56926)
Train Time used: 2 	 Loss: 150.377 | Train Acc: 84.058% (264377/314517)
[Eval] Valid Acc. : 66.32% 	 (35907/54138)
[Eval] Test Acc. : 64.91% 	 (36952/56926)
Train Time used: 2 	 Loss: 145.643 | Train Acc: 84.503% (265775/314517)
[Eval] Valid Acc. : 66.00% 	 (35731/54138)
[Eval] Test Acc. : 64.22% 	 (36558/56926)
Train Time used: 2 	 Loss: 141.270 | Train Acc: 85.003% (267348/314517)
[Eval] Valid Acc. : 65.90% 	 (35675/54138)
[Eval] Test Acc. : 64.39% 	 (36652/56926)
Train Time used: 2 	 Loss: 139.410 | Train Acc: 85.131% (267750/314517)
[Eval] Valid Acc. : 66.04% 	 (35755/54138)
[Eval] Test Acc. : 64.42% 	 (36670/56926)
Train Time used: 2 	 Loss: 136.360 | Train Acc: 85.432% (268697/314517)
[Eval] Valid Acc. : 65.66% 	 (35546/54138)
[Eval] Test Acc. : 64.10% 	 (36490/56926)
Train Time used: 2 	 Loss: 133.203 | Train Acc: 85.836% (269968/314517)
[Eval] Valid Acc. : 65.85% 	 (35648/54138)
[Eval] Test Acc. : 64.08% 	 (36481/56926)
Train Time used: 2 	 Loss: 131.010 | Train Acc: 86.066% (270693/314517)
[Eval] Valid Acc. : 65.89% 	 (35670/54138)
[Eval] Test Acc. : 64.11% 	 (36498/56926)
Train Time used: 2 	 Loss: 126.628 | Train Acc: 86.446% (271887/314517)
[Eval] Valid Acc. : 65.65% 	 (35543/54138)
[Eval] Test Acc. : 63.94% 	 (36397/56926)
Train Time used: 2 	 Loss: 121.916 | Train Acc: 86.984% (273579/314517)
[Eval] Valid Acc. : 65.85% 	 (35652/54138)
[Eval] Test Acc. : 64.16% 	 (36522/56926)
Train Time used: 2 	 Loss: 117.087 | Train Acc: 87.556% (275377/314517)
[Eval] Valid Acc. : 65.23% 	 (35313/54138)
[Eval] Test Acc. : 63.93% 	 (36394/56926)
Train Time used: 2 	 Loss: 115.568 | Train Acc: 87.621% (275582/314517)
[Eval] Valid Acc. : 65.93% 	 (35691/54138)
[Eval] Test Acc. : 63.62% 	 (36215/56926)
Train Time used: 2 	 Loss: 112.753 | Train Acc: 87.922% (276531/314517)
[Eval] Valid Acc. : 65.71% 	 (35574/54138)
[Eval] Test Acc. : 63.15% 	 (35951/56926)
Train Time used: 2 	 Loss: 112.123 | Train Acc: 87.923% (276533/314517)
[Eval] Valid Acc. : 66.05% 	 (35757/54138)
[Eval] Test Acc. : 63.88% 	 (36362/56926)
Train Time used: 2 	 Loss: 108.100 | Train Acc: 88.457% (278213/314517)
[Eval] Valid Acc. : 65.59% 	 (35507/54138)
[Eval] Test Acc. : 63.55% 	 (36178/56926)
Train Time used: 2 	 Loss: 104.586 | Train Acc: 88.702% (278983/314517)
[Eval] Valid Acc. : 65.48% 	 (35448/54138)
[Eval] Test Acc. : 63.17% 	 (35959/56926)
Train Time used: 2 	 Loss: 102.342 | Train Acc: 88.964% (279807/314517)
[Eval] Valid Acc. : 65.52% 	 (35472/54138)
[Eval] Test Acc. : 63.58% 	 (36194/56926)
Train Time used: 2 	 Loss: 96.646 | Train Acc: 89.710% (282152/314517)
[Eval] Valid Acc. : 65.55% 	 (35490/54138)
[Eval] Test Acc. : 63.24% 	 (36001/56926)
Train Time used: 2 	 Loss: 92.349 | Train Acc: 90.169% (283598/314517)
[Eval] Valid Acc. : 65.56% 	 (35492/54138)
[Eval] Test Acc. : 63.63% 	 (36220/56926)
Train Time used: 2 	 Loss: 87.368 | Train Acc: 90.634% (285058/314517)
[Eval] Valid Acc. : 65.27% 	 (35336/54138)
[Eval] Test Acc. : 63.12% 	 (35932/56926)
Train Time used: 2 	 Loss: 84.019 | Train Acc: 91.083% (286470/314517)
[Eval] Valid Acc. : 65.24% 	 (35322/54138)
[Eval] Test Acc. : 63.42% 	 (36101/56926)
Finish training Baseline!
[Result][Baseline] Best epoch : 19 	Valid. Acc. : 67.7768% 	 Test Acc.: 66.6918%
