========CONFIG===========
part_labeled =  0.3
temp =  6.0
========CONFIG===========
[Student] CyclicLR step size =  70
LogitsTrain Time used: 15 	 Loss: 1921.521
Using the default mapping tsv
[Eval] Valid Acc. : 30.43% 	 (16472/54138)
[Eval] Test Acc. : 28.74% 	 (16363/56926)
LogitsTrain Time used: 15 	 Loss: 918.360
[Eval] Valid Acc. : 48.78% 	 (26408/54138)
[Eval] Test Acc. : 47.55% 	 (27070/56926)
LogitsTrain Time used: 15 	 Loss: 450.363
[Eval] Valid Acc. : 59.22% 	 (32058/54138)
[Eval] Test Acc. : 58.27% 	 (33170/56926)
LogitsTrain Time used: 14 	 Loss: 306.949
[Eval] Valid Acc. : 63.06% 	 (34141/54138)
[Eval] Test Acc. : 62.09% 	 (35348/56926)
LogitsTrain Time used: 15 	 Loss: 270.054
[Eval] Valid Acc. : 63.22% 	 (34226/54138)
[Eval] Test Acc. : 62.44% 	 (35545/56926)
LogitsTrain Time used: 15 	 Loss: 259.246
[Eval] Valid Acc. : 64.44% 	 (34887/54138)
[Eval] Test Acc. : 63.87% 	 (36357/56926)
LogitsTrain Time used: 14 	 Loss: 214.804
[Eval] Valid Acc. : 67.82% 	 (36719/54138)
[Eval] Test Acc. : 66.32% 	 (37753/56926)
LogitsTrain Time used: 15 	 Loss: 188.927
[Eval] Valid Acc. : 68.73% 	 (37207/54138)
[Eval] Test Acc. : 67.19% 	 (38246/56926)
LogitsTrain Time used: 15 	 Loss: 182.866
[Eval] Valid Acc. : 68.31% 	 (36983/54138)
[Eval] Test Acc. : 66.92% 	 (38094/56926)
LogitsTrain Time used: 15 	 Loss: 190.611
[Eval] Valid Acc. : 65.88% 	 (35665/54138)
[Eval] Test Acc. : 65.06% 	 (37035/56926)
LogitsTrain Time used: 15 	 Loss: 180.878
[Eval] Valid Acc. : 69.65% 	 (37708/54138)
[Eval] Test Acc. : 67.92% 	 (38665/56926)
LogitsTrain Time used: 15 	 Loss: 160.555
[Eval] Valid Acc. : 69.95% 	 (37872/54138)
[Eval] Test Acc. : 68.50% 	 (38993/56926)
LogitsTrain Time used: 15 	 Loss: 158.488
[Eval] Valid Acc. : 69.64% 	 (37704/54138)
[Eval] Test Acc. : 68.20% 	 (38824/56926)
LogitsTrain Time used: 15 	 Loss: 160.752
[Eval] Valid Acc. : 69.09% 	 (37406/54138)
[Eval] Test Acc. : 68.23% 	 (38843/56926)
LogitsTrain Time used: 15 	 Loss: 152.731
[Eval] Valid Acc. : 70.46% 	 (38147/54138)
[Eval] Test Acc. : 68.75% 	 (39137/56926)
LogitsTrain Time used: 15 	 Loss: 144.420
[Eval] Valid Acc. : 70.57% 	 (38203/54138)
[Eval] Test Acc. : 69.18% 	 (39382/56926)
LogitsTrain Time used: 14 	 Loss: 144.891
[Eval] Valid Acc. : 70.32% 	 (38070/54138)
[Eval] Test Acc. : 68.89% 	 (39215/56926)
LogitsTrain Time used: 15 	 Loss: 150.216
[Eval] Valid Acc. : 70.09% 	 (37944/54138)
[Eval] Test Acc. : 68.94% 	 (39244/56926)
LogitsTrain Time used: 15 	 Loss: 141.074
[Eval] Valid Acc. : 71.01% 	 (38441/54138)
[Eval] Test Acc. : 69.38% 	 (39493/56926)
LogitsTrain Time used: 14 	 Loss: 135.169
[Eval] Valid Acc. : 71.10% 	 (38490/54138)
[Eval] Test Acc. : 69.60% 	 (39620/56926)
LogitsTrain Time used: 15 	 Loss: 137.209
[Eval] Valid Acc. : 70.71% 	 (38283/54138)
[Eval] Test Acc. : 69.14% 	 (39356/56926)
LogitsTrain Time used: 15 	 Loss: 142.125
[Eval] Valid Acc. : 70.65% 	 (38250/54138)
[Eval] Test Acc. : 69.06% 	 (39315/56926)
LogitsTrain Time used: 15 	 Loss: 133.334
[Eval] Valid Acc. : 71.40% 	 (38654/54138)
[Eval] Test Acc. : 69.77% 	 (39720/56926)
LogitsTrain Time used: 15 	 Loss: 128.855
[Eval] Valid Acc. : 71.31% 	 (38606/54138)
[Eval] Test Acc. : 69.71% 	 (39682/56926)
LogitsTrain Time used: 15 	 Loss: 131.965
[Eval] Valid Acc. : 70.60% 	 (38219/54138)
[Eval] Test Acc. : 69.35% 	 (39478/56926)
LogitsTrain Time used: 15 	 Loss: 135.897
[Eval] Valid Acc. : 70.99% 	 (38434/54138)
[Eval] Test Acc. : 69.27% 	 (39431/56926)
LogitsTrain Time used: 14 	 Loss: 128.131
[Eval] Valid Acc. : 71.76% 	 (38849/54138)
[Eval] Test Acc. : 70.10% 	 (39906/56926)
LogitsTrain Time used: 15 	 Loss: 124.205
[Eval] Valid Acc. : 71.54% 	 (38731/54138)
[Eval] Test Acc. : 69.79% 	 (39726/56926)
LogitsTrain Time used: 15 	 Loss: 128.053
[Eval] Valid Acc. : 70.92% 	 (38395/54138)
[Eval] Test Acc. : 69.63% 	 (39638/56926)
LogitsTrain Time used: 15 	 Loss: 131.408
[Eval] Valid Acc. : 71.29% 	 (38595/54138)
[Eval] Test Acc. : 69.44% 	 (39529/56926)
LogitsTrain Time used: 15 	 Loss: 124.342
[Eval] Valid Acc. : 71.91% 	 (38932/54138)
[Eval] Test Acc. : 70.12% 	 (39916/56926)
LogitsTrain Time used: 15 	 Loss: 120.576
[Eval] Valid Acc. : 71.51% 	 (38713/54138)
[Eval] Test Acc. : 69.59% 	 (39617/56926)
LogitsTrain Time used: 15 	 Loss: 125.705
[Eval] Valid Acc. : 70.81% 	 (38336/54138)
[Eval] Test Acc. : 69.48% 	 (39552/56926)
LogitsTrain Time used: 15 	 Loss: 126.697
[Eval] Valid Acc. : 71.40% 	 (38653/54138)
[Eval] Test Acc. : 69.50% 	 (39561/56926)
LogitsTrain Time used: 15 	 Loss: 120.758
[Eval] Valid Acc. : 72.05% 	 (39007/54138)
[Eval] Test Acc. : 70.19% 	 (39957/56926)
LogitsTrain Time used: 15 	 Loss: 117.780
[Eval] Valid Acc. : 71.56% 	 (38740/54138)
[Eval] Test Acc. : 69.67% 	 (39659/56926)
LogitsTrain Time used: 14 	 Loss: 123.590
[Eval] Valid Acc. : 70.70% 	 (38275/54138)
[Eval] Test Acc. : 69.12% 	 (39346/56926)
LogitsTrain Time used: 15 	 Loss: 123.623
[Eval] Valid Acc. : 71.53% 	 (38725/54138)
[Eval] Test Acc. : 69.67% 	 (39662/56926)
LogitsTrain Time used: 15 	 Loss: 117.474
[Eval] Valid Acc. : 72.11% 	 (39041/54138)
[Eval] Test Acc. : 70.26% 	 (39994/56926)
LogitsTrain Time used: 15 	 Loss: 115.609
[Eval] Valid Acc. : 71.69% 	 (38814/54138)
[Eval] Test Acc. : 69.79% 	 (39726/56926)
LogitsTrain Time used: 15 	 Loss: 121.378
[Eval] Valid Acc. : 71.13% 	 (38506/54138)
[Eval] Test Acc. : 69.42% 	 (39519/56926)
LogitsTrain Time used: 15 	 Loss: 119.740
[Eval] Valid Acc. : 71.90% 	 (38924/54138)
[Eval] Test Acc. : 69.89% 	 (39788/56926)
LogitsTrain Time used: 15 	 Loss: 114.098
[Eval] Valid Acc. : 72.19% 	 (39080/54138)
[Eval] Test Acc. : 70.26% 	 (39999/56926)
LogitsTrain Time used: 15 	 Loss: 113.528
[Eval] Valid Acc. : 71.91% 	 (38929/54138)
[Eval] Test Acc. : 70.05% 	 (39875/56926)
LogitsTrain Time used: 15 	 Loss: 123.297
[Eval] Valid Acc. : 70.11% 	 (37958/54138)
[Eval] Test Acc. : 68.90% 	 (39224/56926)
LogitsTrain Time used: 15 	 Loss: 119.398
[Eval] Valid Acc. : 72.26% 	 (39121/54138)
[Eval] Test Acc. : 70.10% 	 (39903/56926)
LogitsTrain Time used: 15 	 Loss: 111.822
[Eval] Valid Acc. : 72.38% 	 (39184/54138)
[Eval] Test Acc. : 70.25% 	 (39991/56926)
LogitsTrain Time used: 15 	 Loss: 112.266
[Eval] Valid Acc. : 72.17% 	 (39074/54138)
[Eval] Test Acc. : 70.14% 	 (39926/56926)
LogitsTrain Time used: 15 	 Loss: 116.386
[Eval] Valid Acc. : 71.94% 	 (38948/54138)
[Eval] Test Acc. : 70.04% 	 (39870/56926)
LogitsTrain Time used: 15 	 Loss: 113.088
[Eval] Valid Acc. : 72.37% 	 (39181/54138)
[Eval] Test Acc. : 70.18% 	 (39948/56926)
Finish training student!
[Result][Student] Best epoch : 46 	Valid. Acc. : 72.3780% 	 Test Acc.: 70.2509%
