========CONFIG===========
part_labeled =  0.01
temp =  0.5
========CONFIG===========
[Student] CyclicLR step size =  70
LogitsTrain Time used: 14 	 Loss: 199.781
Using the default mapping tsv
[Eval] Valid Acc. : 27.25% 	 (14751/54138)
[Eval] Test Acc. : 25.51% 	 (14520/56926)
LogitsTrain Time used: 14 	 Loss: 85.745
[Eval] Valid Acc. : 46.87% 	 (25376/54138)
[Eval] Test Acc. : 45.35% 	 (25815/56926)
LogitsTrain Time used: 14 	 Loss: 28.232
[Eval] Valid Acc. : 51.05% 	 (27637/54138)
[Eval] Test Acc. : 49.97% 	 (28447/56926)
LogitsTrain Time used: 14 	 Loss: 18.389
[Eval] Valid Acc. : 51.80% 	 (28045/54138)
[Eval] Test Acc. : 50.54% 	 (28770/56926)
LogitsTrain Time used: 14 	 Loss: 16.530
[Eval] Valid Acc. : 51.77% 	 (28028/54138)
[Eval] Test Acc. : 50.62% 	 (28817/56926)
LogitsTrain Time used: 14 	 Loss: 14.754
[Eval] Valid Acc. : 52.46% 	 (28399/54138)
[Eval] Test Acc. : 51.18% 	 (29133/56926)
LogitsTrain Time used: 14 	 Loss: 12.238
[Eval] Valid Acc. : 52.61% 	 (28480/54138)
[Eval] Test Acc. : 51.45% 	 (29287/56926)
LogitsTrain Time used: 14 	 Loss: 11.032
[Eval] Valid Acc. : 52.65% 	 (28503/54138)
[Eval] Test Acc. : 51.47% 	 (29302/56926)
LogitsTrain Time used: 14 	 Loss: 10.687
[Eval] Valid Acc. : 52.56% 	 (28456/54138)
[Eval] Test Acc. : 51.23% 	 (29161/56926)
LogitsTrain Time used: 14 	 Loss: 11.655
[Eval] Valid Acc. : 52.75% 	 (28558/54138)
[Eval] Test Acc. : 51.55% 	 (29343/56926)
LogitsTrain Time used: 14 	 Loss: 9.828
[Eval] Valid Acc. : 52.92% 	 (28650/54138)
[Eval] Test Acc. : 51.77% 	 (29469/56926)
LogitsTrain Time used: 14 	 Loss: 9.190
[Eval] Valid Acc. : 53.04% 	 (28716/54138)
[Eval] Test Acc. : 51.77% 	 (29468/56926)
LogitsTrain Time used: 14 	 Loss: 9.034
[Eval] Valid Acc. : 52.68% 	 (28519/54138)
[Eval] Test Acc. : 51.56% 	 (29353/56926)
LogitsTrain Time used: 14 	 Loss: 9.751
[Eval] Valid Acc. : 52.85% 	 (28614/54138)
[Eval] Test Acc. : 51.64% 	 (29396/56926)
LogitsTrain Time used: 14 	 Loss: 8.704
[Eval] Valid Acc. : 52.90% 	 (28639/54138)
[Eval] Test Acc. : 51.83% 	 (29503/56926)
LogitsTrain Time used: 14 	 Loss: 8.135
[Eval] Valid Acc. : 52.89% 	 (28634/54138)
[Eval] Test Acc. : 51.73% 	 (29447/56926)
LogitsTrain Time used: 14 	 Loss: 8.166
[Eval] Valid Acc. : 52.74% 	 (28555/54138)
[Eval] Test Acc. : 51.58% 	 (29360/56926)
LogitsTrain Time used: 14 	 Loss: 8.615
[Eval] Valid Acc. : 52.93% 	 (28657/54138)
[Eval] Test Acc. : 51.91% 	 (29551/56926)
LogitsTrain Time used: 14 	 Loss: 7.928
[Eval] Valid Acc. : 52.96% 	 (28670/54138)
[Eval] Test Acc. : 51.81% 	 (29496/56926)
LogitsTrain Time used: 14 	 Loss: 7.554
[Eval] Valid Acc. : 52.98% 	 (28685/54138)
[Eval] Test Acc. : 51.79% 	 (29480/56926)
LogitsTrain Time used: 14 	 Loss: 7.646
[Eval] Valid Acc. : 52.90% 	 (28641/54138)
[Eval] Test Acc. : 51.67% 	 (29413/56926)
LogitsTrain Time used: 14 	 Loss: 8.095
[Eval] Valid Acc. : 53.01% 	 (28696/54138)
[Eval] Test Acc. : 51.71% 	 (29439/56926)
LogitsTrain Time used: 14 	 Loss: 7.435
[Eval] Valid Acc. : 52.96% 	 (28673/54138)
[Eval] Test Acc. : 51.83% 	 (29504/56926)
LogitsTrain Time used: 14 	 Loss: 7.099
[Eval] Valid Acc. : 53.10% 	 (28749/54138)
[Eval] Test Acc. : 51.93% 	 (29562/56926)
LogitsTrain Time used: 14 	 Loss: 7.220
[Eval] Valid Acc. : 52.96% 	 (28674/54138)
[Eval] Test Acc. : 51.59% 	 (29366/56926)
LogitsTrain Time used: 14 	 Loss: 7.490
[Eval] Valid Acc. : 53.04% 	 (28713/54138)
[Eval] Test Acc. : 51.76% 	 (29464/56926)
LogitsTrain Time used: 14 	 Loss: 7.019
[Eval] Valid Acc. : 52.91% 	 (28647/54138)
[Eval] Test Acc. : 51.75% 	 (29457/56926)
LogitsTrain Time used: 14 	 Loss: 6.789
[Eval] Valid Acc. : 52.88% 	 (28629/54138)
[Eval] Test Acc. : 51.73% 	 (29445/56926)
LogitsTrain Time used: 14 	 Loss: 7.015
[Eval] Valid Acc. : 52.63% 	 (28493/54138)
[Eval] Test Acc. : 51.51% 	 (29320/56926)
LogitsTrain Time used: 14 	 Loss: 7.341
[Eval] Valid Acc. : 52.89% 	 (28634/54138)
[Eval] Test Acc. : 51.74% 	 (29453/56926)
LogitsTrain Time used: 13 	 Loss: 6.766
[Eval] Valid Acc. : 52.98% 	 (28681/54138)
[Eval] Test Acc. : 51.88% 	 (29533/56926)
LogitsTrain Time used: 14 	 Loss: 6.540
[Eval] Valid Acc. : 53.06% 	 (28725/54138)
[Eval] Test Acc. : 51.85% 	 (29516/56926)
LogitsTrain Time used: 14 	 Loss: 6.730
[Eval] Valid Acc. : 52.71% 	 (28534/54138)
[Eval] Test Acc. : 51.40% 	 (29259/56926)
LogitsTrain Time used: 14 	 Loss: 7.108
[Eval] Valid Acc. : 52.90% 	 (28637/54138)
[Eval] Test Acc. : 51.65% 	 (29405/56926)
LogitsTrain Time used: 14 	 Loss: 6.464
[Eval] Valid Acc. : 52.96% 	 (28672/54138)
[Eval] Test Acc. : 51.85% 	 (29518/56926)
LogitsTrain Time used: 14 	 Loss: 6.371
[Eval] Valid Acc. : 52.69% 	 (28524/54138)
[Eval] Test Acc. : 51.59% 	 (29366/56926)
LogitsTrain Time used: 14 	 Loss: 6.843
[Eval] Valid Acc. : 52.06% 	 (28184/54138)
[Eval] Test Acc. : 50.19% 	 (28572/56926)
LogitsTrain Time used: 14 	 Loss: 7.445
[Eval] Valid Acc. : 52.78% 	 (28576/54138)
[Eval] Test Acc. : 51.46% 	 (29292/56926)
LogitsTrain Time used: 14 	 Loss: 6.380
[Eval] Valid Acc. : 53.01% 	 (28701/54138)
[Eval] Test Acc. : 51.87% 	 (29528/56926)
LogitsTrain Time used: 14 	 Loss: 6.225
[Eval] Valid Acc. : 53.10% 	 (28746/54138)
[Eval] Test Acc. : 51.95% 	 (29572/56926)
LogitsTrain Time used: 14 	 Loss: 6.554
[Eval] Valid Acc. : 52.91% 	 (28647/54138)
[Eval] Test Acc. : 51.88% 	 (29533/56926)
LogitsTrain Time used: 14 	 Loss: 6.480
[Eval] Valid Acc. : 52.91% 	 (28642/54138)
[Eval] Test Acc. : 51.71% 	 (29434/56926)
LogitsTrain Time used: 14 	 Loss: 6.152
[Eval] Valid Acc. : 52.95% 	 (28668/54138)
[Eval] Test Acc. : 51.72% 	 (29443/56926)
LogitsTrain Time used: 14 	 Loss: 6.044
[Eval] Valid Acc. : 53.03% 	 (28708/54138)
[Eval] Test Acc. : 51.86% 	 (29520/56926)
LogitsTrain Time used: 14 	 Loss: 6.517
[Eval] Valid Acc. : 52.86% 	 (28619/54138)
[Eval] Test Acc. : 51.51% 	 (29324/56926)
LogitsTrain Time used: 14 	 Loss: 6.309
[Eval] Valid Acc. : 53.04% 	 (28715/54138)
[Eval] Test Acc. : 51.78% 	 (29478/56926)
LogitsTrain Time used: 14 	 Loss: 5.953
[Eval] Valid Acc. : 53.04% 	 (28714/54138)
[Eval] Test Acc. : 51.78% 	 (29478/56926)
LogitsTrain Time used: 14 	 Loss: 5.984
[Eval] Valid Acc. : 52.97% 	 (28676/54138)
[Eval] Test Acc. : 51.82% 	 (29499/56926)
LogitsTrain Time used: 14 	 Loss: 6.358
[Eval] Valid Acc. : 53.12% 	 (28759/54138)
[Eval] Test Acc. : 51.90% 	 (29546/56926)
LogitsTrain Time used: 14 	 Loss: 6.051
[Eval] Valid Acc. : 53.04% 	 (28714/54138)
[Eval] Test Acc. : 51.83% 	 (29506/56926)
Finish training student!
[Result][Student] Best epoch : 48 	Valid. Acc. : 53.1217% 	 Test Acc.: 51.9025%
