========CONFIG===========
part_labeled =  0.03
temp =  4.0
========CONFIG===========
[Student] CyclicLR step size =  70
LogitsTrain Time used: 15 	 Loss: 1373.215
Using the default mapping tsv
[Eval] Valid Acc. : 15.76% 	 (8533/54138)
[Eval] Test Acc. : 14.82% 	 (8434/56926)
LogitsTrain Time used: 15 	 Loss: 731.130
[Eval] Valid Acc. : 40.74% 	 (22056/54138)
[Eval] Test Acc. : 39.06% 	 (22236/56926)
LogitsTrain Time used: 15 	 Loss: 297.488
[Eval] Valid Acc. : 49.12% 	 (26595/54138)
[Eval] Test Acc. : 47.63% 	 (27115/56926)
LogitsTrain Time used: 15 	 Loss: 186.526
[Eval] Valid Acc. : 51.99% 	 (28145/54138)
[Eval] Test Acc. : 50.38% 	 (28681/56926)
LogitsTrain Time used: 15 	 Loss: 159.038
[Eval] Valid Acc. : 52.66% 	 (28508/54138)
[Eval] Test Acc. : 50.81% 	 (28926/56926)
LogitsTrain Time used: 14 	 Loss: 130.967
[Eval] Valid Acc. : 52.60% 	 (28477/54138)
[Eval] Test Acc. : 51.07% 	 (29070/56926)
LogitsTrain Time used: 14 	 Loss: 97.421
[Eval] Valid Acc. : 55.73% 	 (30171/54138)
[Eval] Test Acc. : 54.21% 	 (30859/56926)
LogitsTrain Time used: 15 	 Loss: 81.719
[Eval] Valid Acc. : 56.03% 	 (30333/54138)
[Eval] Test Acc. : 54.51% 	 (31029/56926)
LogitsTrain Time used: 15 	 Loss: 78.419
[Eval] Valid Acc. : 56.14% 	 (30395/54138)
[Eval] Test Acc. : 54.48% 	 (31016/56926)
LogitsTrain Time used: 15 	 Loss: 88.496
[Eval] Valid Acc. : 54.76% 	 (29645/54138)
[Eval] Test Acc. : 53.30% 	 (30341/56926)
LogitsTrain Time used: 15 	 Loss: 73.579
[Eval] Valid Acc. : 56.50% 	 (30587/54138)
[Eval] Test Acc. : 55.06% 	 (31346/56926)
LogitsTrain Time used: 14 	 Loss: 64.364
[Eval] Valid Acc. : 56.68% 	 (30687/54138)
[Eval] Test Acc. : 55.22% 	 (31435/56926)
LogitsTrain Time used: 15 	 Loss: 62.700
[Eval] Valid Acc. : 56.68% 	 (30685/54138)
[Eval] Test Acc. : 55.38% 	 (31523/56926)
LogitsTrain Time used: 15 	 Loss: 64.464
[Eval] Valid Acc. : 55.90% 	 (30265/54138)
[Eval] Test Acc. : 54.59% 	 (31078/56926)
LogitsTrain Time used: 15 	 Loss: 59.555
[Eval] Valid Acc. : 56.84% 	 (30773/54138)
[Eval] Test Acc. : 55.40% 	 (31538/56926)
LogitsTrain Time used: 15 	 Loss: 55.353
[Eval] Valid Acc. : 56.95% 	 (30830/54138)
[Eval] Test Acc. : 55.58% 	 (31639/56926)
LogitsTrain Time used: 15 	 Loss: 55.339
[Eval] Valid Acc. : 56.75% 	 (30722/54138)
[Eval] Test Acc. : 55.47% 	 (31579/56926)
LogitsTrain Time used: 15 	 Loss: 58.452
[Eval] Valid Acc. : 56.51% 	 (30593/54138)
[Eval] Test Acc. : 55.32% 	 (31490/56926)
LogitsTrain Time used: 15 	 Loss: 53.268
[Eval] Valid Acc. : 57.08% 	 (30903/54138)
[Eval] Test Acc. : 55.72% 	 (31717/56926)
LogitsTrain Time used: 15 	 Loss: 50.381
[Eval] Valid Acc. : 57.12% 	 (30926/54138)
[Eval] Test Acc. : 55.72% 	 (31720/56926)
LogitsTrain Time used: 15 	 Loss: 51.071
[Eval] Valid Acc. : 56.69% 	 (30689/54138)
[Eval] Test Acc. : 55.31% 	 (31486/56926)
LogitsTrain Time used: 15 	 Loss: 54.096
[Eval] Valid Acc. : 57.11% 	 (30916/54138)
[Eval] Test Acc. : 55.80% 	 (31762/56926)
LogitsTrain Time used: 15 	 Loss: 48.510
[Eval] Valid Acc. : 57.23% 	 (30984/54138)
[Eval] Test Acc. : 55.88% 	 (31809/56926)
LogitsTrain Time used: 15 	 Loss: 46.997
[Eval] Valid Acc. : 57.18% 	 (30956/54138)
[Eval] Test Acc. : 55.85% 	 (31792/56926)
LogitsTrain Time used: 15 	 Loss: 48.577
[Eval] Valid Acc. : 56.53% 	 (30602/54138)
[Eval] Test Acc. : 55.32% 	 (31491/56926)
LogitsTrain Time used: 14 	 Loss: 53.706
[Eval] Valid Acc. : 57.04% 	 (30882/54138)
[Eval] Test Acc. : 55.91% 	 (31828/56926)
LogitsTrain Time used: 15 	 Loss: 46.146
[Eval] Valid Acc. : 57.27% 	 (31007/54138)
[Eval] Test Acc. : 56.04% 	 (31899/56926)
LogitsTrain Time used: 15 	 Loss: 44.782
[Eval] Valid Acc. : 57.19% 	 (30963/54138)
[Eval] Test Acc. : 55.93% 	 (31841/56926)
LogitsTrain Time used: 15 	 Loss: 46.374
[Eval] Valid Acc. : 56.47% 	 (30570/54138)
[Eval] Test Acc. : 55.35% 	 (31508/56926)
LogitsTrain Time used: 15 	 Loss: 51.463
[Eval] Valid Acc. : 57.17% 	 (30948/54138)
[Eval] Test Acc. : 56.00% 	 (31877/56926)
LogitsTrain Time used: 15 	 Loss: 44.158
[Eval] Valid Acc. : 57.31% 	 (31026/54138)
[Eval] Test Acc. : 56.14% 	 (31958/56926)
LogitsTrain Time used: 14 	 Loss: 43.013
[Eval] Valid Acc. : 57.24% 	 (30991/54138)
[Eval] Test Acc. : 56.07% 	 (31921/56926)
LogitsTrain Time used: 15 	 Loss: 44.812
[Eval] Valid Acc. : 56.40% 	 (30532/54138)
[Eval] Test Acc. : 55.28% 	 (31470/56926)
LogitsTrain Time used: 15 	 Loss: 47.761
[Eval] Valid Acc. : 57.35% 	 (31046/54138)
[Eval] Test Acc. : 56.18% 	 (31979/56926)
LogitsTrain Time used: 15 	 Loss: 42.281
[Eval] Valid Acc. : 57.41% 	 (31080/54138)
[Eval] Test Acc. : 56.19% 	 (31986/56926)
LogitsTrain Time used: 15 	 Loss: 41.526
[Eval] Valid Acc. : 57.28% 	 (31008/54138)
[Eval] Test Acc. : 56.11% 	 (31943/56926)
LogitsTrain Time used: 15 	 Loss: 45.304
[Eval] Valid Acc. : 55.66% 	 (30134/54138)
[Eval] Test Acc. : 54.18% 	 (30844/56926)
LogitsTrain Time used: 15 	 Loss: 49.760
[Eval] Valid Acc. : 57.40% 	 (31077/54138)
[Eval] Test Acc. : 56.19% 	 (31988/56926)
LogitsTrain Time used: 15 	 Loss: 41.184
[Eval] Valid Acc. : 57.45% 	 (31103/54138)
[Eval] Test Acc. : 56.25% 	 (32019/56926)
LogitsTrain Time used: 15 	 Loss: 40.617
[Eval] Valid Acc. : 57.32% 	 (31031/54138)
[Eval] Test Acc. : 56.13% 	 (31950/56926)
LogitsTrain Time used: 15 	 Loss: 42.645
[Eval] Valid Acc. : 56.53% 	 (30602/54138)
[Eval] Test Acc. : 55.21% 	 (31426/56926)
LogitsTrain Time used: 15 	 Loss: 44.058
[Eval] Valid Acc. : 57.36% 	 (31055/54138)
[Eval] Test Acc. : 56.12% 	 (31949/56926)
LogitsTrain Time used: 15 	 Loss: 39.771
[Eval] Valid Acc. : 57.48% 	 (31121/54138)
[Eval] Test Acc. : 56.20% 	 (31994/56926)
LogitsTrain Time used: 15 	 Loss: 39.558
[Eval] Valid Acc. : 57.38% 	 (31065/54138)
[Eval] Test Acc. : 56.19% 	 (31987/56926)
LogitsTrain Time used: 15 	 Loss: 43.377
[Eval] Valid Acc. : 56.92% 	 (30818/54138)
[Eval] Test Acc. : 55.67% 	 (31693/56926)
LogitsTrain Time used: 14 	 Loss: 41.626
[Eval] Valid Acc. : 57.42% 	 (31087/54138)
[Eval] Test Acc. : 56.17% 	 (31976/56926)
LogitsTrain Time used: 14 	 Loss: 38.656
[Eval] Valid Acc. : 57.50% 	 (31131/54138)
[Eval] Test Acc. : 56.27% 	 (32035/56926)
LogitsTrain Time used: 15 	 Loss: 38.714
[Eval] Valid Acc. : 57.35% 	 (31046/54138)
[Eval] Test Acc. : 56.15% 	 (31966/56926)
LogitsTrain Time used: 15 	 Loss: 41.015
[Eval] Valid Acc. : 56.76% 	 (30727/54138)
[Eval] Test Acc. : 55.67% 	 (31690/56926)
LogitsTrain Time used: 15 	 Loss: 39.577
[Eval] Valid Acc. : 57.46% 	 (31107/54138)
[Eval] Test Acc. : 56.23% 	 (32011/56926)
Finish training student!
[Result][Student] Best epoch : 46 	Valid. Acc. : 57.5030% 	 Test Acc.: 56.2748%
