========CONFIG===========
part_labeled =  0.5
temp =  200.0
========CONFIG===========
[Student] CyclicLR step size =  70
LogitsTrain Time used: 4 	 Loss: 1495.724
Using the default mapping tsv
[Eval] Valid Acc. : 30.51% 	 (16520/54138)
[Eval] Test Acc. : 28.80% 	 (16396/56926)
LogitsTrain Time used: 4 	 Loss: 767.953
[Eval] Valid Acc. : 44.76% 	 (24234/54138)
[Eval] Test Acc. : 42.62% 	 (24263/56926)
LogitsTrain Time used: 4 	 Loss: 426.404
[Eval] Valid Acc. : 58.45% 	 (31641/54138)
[Eval] Test Acc. : 57.26% 	 (32594/56926)
LogitsTrain Time used: 4 	 Loss: 310.954
[Eval] Valid Acc. : 61.61% 	 (33354/54138)
[Eval] Test Acc. : 60.61% 	 (34501/56926)
LogitsTrain Time used: 4 	 Loss: 282.096
[Eval] Valid Acc. : 61.06% 	 (33059/54138)
[Eval] Test Acc. : 59.94% 	 (34124/56926)
LogitsTrain Time used: 4 	 Loss: 265.106
[Eval] Valid Acc. : 65.01% 	 (35196/54138)
[Eval] Test Acc. : 63.24% 	 (36001/56926)
LogitsTrain Time used: 4 	 Loss: 225.620
[Eval] Valid Acc. : 67.74% 	 (36673/54138)
[Eval] Test Acc. : 65.62% 	 (37354/56926)
LogitsTrain Time used: 4 	 Loss: 204.233
[Eval] Valid Acc. : 68.69% 	 (37187/54138)
[Eval] Test Acc. : 66.77% 	 (38010/56926)
LogitsTrain Time used: 4 	 Loss: 198.077
[Eval] Valid Acc. : 67.98% 	 (36805/54138)
[Eval] Test Acc. : 66.61% 	 (37917/56926)
LogitsTrain Time used: 4 	 Loss: 211.428
[Eval] Valid Acc. : 67.69% 	 (36646/54138)
[Eval] Test Acc. : 66.31% 	 (37745/56926)
LogitsTrain Time used: 4 	 Loss: 188.694
[Eval] Valid Acc. : 69.95% 	 (37867/54138)
[Eval] Test Acc. : 68.16% 	 (38801/56926)
LogitsTrain Time used: 3 	 Loss: 175.752
[Eval] Valid Acc. : 70.24% 	 (38029/54138)
[Eval] Test Acc. : 68.71% 	 (39112/56926)
LogitsTrain Time used: 4 	 Loss: 173.912
[Eval] Valid Acc. : 69.53% 	 (37640/54138)
[Eval] Test Acc. : 68.17% 	 (38806/56926)
LogitsTrain Time used: 4 	 Loss: 177.910
[Eval] Valid Acc. : 69.67% 	 (37718/54138)
[Eval] Test Acc. : 68.53% 	 (39014/56926)
LogitsTrain Time used: 3 	 Loss: 168.164
[Eval] Valid Acc. : 71.01% 	 (38442/54138)
[Eval] Test Acc. : 69.12% 	 (39347/56926)
LogitsTrain Time used: 4 	 Loss: 160.158
[Eval] Valid Acc. : 71.07% 	 (38477/54138)
[Eval] Test Acc. : 69.41% 	 (39514/56926)
LogitsTrain Time used: 4 	 Loss: 160.529
[Eval] Valid Acc. : 70.40% 	 (38115/54138)
[Eval] Test Acc. : 69.05% 	 (39305/56926)
LogitsTrain Time used: 4 	 Loss: 165.515
[Eval] Valid Acc. : 70.36% 	 (38091/54138)
[Eval] Test Acc. : 69.28% 	 (39439/56926)
LogitsTrain Time used: 4 	 Loss: 156.767
[Eval] Valid Acc. : 71.55% 	 (38735/54138)
[Eval] Test Acc. : 69.76% 	 (39709/56926)
LogitsTrain Time used: 3 	 Loss: 150.651
[Eval] Valid Acc. : 71.58% 	 (38754/54138)
[Eval] Test Acc. : 69.80% 	 (39736/56926)
LogitsTrain Time used: 3 	 Loss: 152.864
[Eval] Valid Acc. : 70.54% 	 (38187/54138)
[Eval] Test Acc. : 69.22% 	 (39406/56926)
LogitsTrain Time used: 3 	 Loss: 159.169
[Eval] Valid Acc. : 71.28% 	 (38588/54138)
[Eval] Test Acc. : 69.84% 	 (39757/56926)
LogitsTrain Time used: 4 	 Loss: 149.041
[Eval] Valid Acc. : 71.93% 	 (38944/54138)
[Eval] Test Acc. : 70.22% 	 (39972/56926)
LogitsTrain Time used: 4 	 Loss: 144.535
[Eval] Valid Acc. : 71.95% 	 (38951/54138)
[Eval] Test Acc. : 70.08% 	 (39895/56926)
LogitsTrain Time used: 4 	 Loss: 147.916
[Eval] Valid Acc. : 71.01% 	 (38446/54138)
[Eval] Test Acc. : 69.54% 	 (39587/56926)
LogitsTrain Time used: 3 	 Loss: 152.628
[Eval] Valid Acc. : 71.69% 	 (38810/54138)
[Eval] Test Acc. : 70.28% 	 (40008/56926)
LogitsTrain Time used: 3 	 Loss: 143.822
[Eval] Valid Acc. : 72.30% 	 (39141/54138)
[Eval] Test Acc. : 70.50% 	 (40132/56926)
LogitsTrain Time used: 4 	 Loss: 140.058
[Eval] Valid Acc. : 72.32% 	 (39153/54138)
[Eval] Test Acc. : 70.30% 	 (40017/56926)
LogitsTrain Time used: 4 	 Loss: 144.156
[Eval] Valid Acc. : 70.96% 	 (38416/54138)
[Eval] Test Acc. : 69.14% 	 (39356/56926)
LogitsTrain Time used: 4 	 Loss: 147.748
[Eval] Valid Acc. : 72.05% 	 (39006/54138)
[Eval] Test Acc. : 70.46% 	 (40112/56926)
LogitsTrain Time used: 4 	 Loss: 140.108
[Eval] Valid Acc. : 72.61% 	 (39311/54138)
[Eval] Test Acc. : 70.77% 	 (40285/56926)
LogitsTrain Time used: 4 	 Loss: 136.595
[Eval] Valid Acc. : 72.56% 	 (39283/54138)
[Eval] Test Acc. : 70.42% 	 (40087/56926)
LogitsTrain Time used: 4 	 Loss: 141.268
[Eval] Valid Acc. : 71.87% 	 (38910/54138)
[Eval] Test Acc. : 70.07% 	 (39886/56926)
LogitsTrain Time used: 4 	 Loss: 142.414
[Eval] Valid Acc. : 72.41% 	 (39204/54138)
[Eval] Test Acc. : 70.51% 	 (40139/56926)
LogitsTrain Time used: 4 	 Loss: 136.172
[Eval] Valid Acc. : 72.98% 	 (39512/54138)
[Eval] Test Acc. : 70.86% 	 (40335/56926)
LogitsTrain Time used: 3 	 Loss: 133.519
[Eval] Valid Acc. : 72.75% 	 (39387/54138)
[Eval] Test Acc. : 70.59% 	 (40183/56926)
LogitsTrain Time used: 4 	 Loss: 141.705
[Eval] Valid Acc. : 70.75% 	 (38301/54138)
[Eval] Test Acc. : 69.24% 	 (39418/56926)
LogitsTrain Time used: 4 	 Loss: 140.965
[Eval] Valid Acc. : 72.71% 	 (39362/54138)
[Eval] Test Acc. : 70.65% 	 (40216/56926)
LogitsTrain Time used: 4 	 Loss: 133.278
[Eval] Valid Acc. : 73.03% 	 (39537/54138)
[Eval] Test Acc. : 71.09% 	 (40471/56926)
LogitsTrain Time used: 4 	 Loss: 131.613
[Eval] Valid Acc. : 72.83% 	 (39426/54138)
[Eval] Test Acc. : 70.86% 	 (40338/56926)
LogitsTrain Time used: 4 	 Loss: 138.549
[Eval] Valid Acc. : 71.84% 	 (38895/54138)
[Eval] Test Acc. : 69.78% 	 (39721/56926)
LogitsTrain Time used: 4 	 Loss: 136.167
[Eval] Valid Acc. : 72.92% 	 (39478/54138)
[Eval] Test Acc. : 70.86% 	 (40337/56926)
LogitsTrain Time used: 4 	 Loss: 129.979
[Eval] Valid Acc. : 73.15% 	 (39604/54138)
[Eval] Test Acc. : 71.20% 	 (40529/56926)
LogitsTrain Time used: 4 	 Loss: 129.618
[Eval] Valid Acc. : 72.85% 	 (39438/54138)
[Eval] Test Acc. : 71.02% 	 (40430/56926)
LogitsTrain Time used: 4 	 Loss: 135.410
[Eval] Valid Acc. : 72.14% 	 (39054/54138)
[Eval] Test Acc. : 70.21% 	 (39969/56926)
LogitsTrain Time used: 4 	 Loss: 132.685
[Eval] Valid Acc. : 73.03% 	 (39536/54138)
[Eval] Test Acc. : 71.07% 	 (40459/56926)
LogitsTrain Time used: 4 	 Loss: 127.513
[Eval] Valid Acc. : 73.17% 	 (39611/54138)
[Eval] Test Acc. : 71.21% 	 (40539/56926)
LogitsTrain Time used: 4 	 Loss: 128.111
[Eval] Valid Acc. : 72.66% 	 (39336/54138)
[Eval] Test Acc. : 71.04% 	 (40439/56926)
LogitsTrain Time used: 4 	 Loss: 133.691
[Eval] Valid Acc. : 72.03% 	 (38998/54138)
[Eval] Test Acc. : 70.60% 	 (40187/56926)
LogitsTrain Time used: 4 	 Loss: 130.281
[Eval] Valid Acc. : 73.26% 	 (39663/54138)
[Eval] Test Acc. : 71.17% 	 (40516/56926)
Finish training student!
[Result][Student] Best epoch : 49 	Valid. Acc. : 73.2628% 	 Test Acc.: 71.1731%
