========CONFIG===========
part_labeled =  0.01
temp =  500.0
========CONFIG===========
[Student] CyclicLR step size =  70
LogitsTrain Time used: 4 	 Loss: 883.826
Using the default mapping tsv
[Eval] Valid Acc. : 26.92% 	 (14576/54138)
[Eval] Test Acc. : 25.84% 	 (14708/56926)
LogitsTrain Time used: 4 	 Loss: 238.907
[Eval] Valid Acc. : 45.10% 	 (24414/54138)
[Eval] Test Acc. : 43.15% 	 (24564/56926)
LogitsTrain Time used: 4 	 Loss: 61.987
[Eval] Valid Acc. : 51.29% 	 (27765/54138)
[Eval] Test Acc. : 49.93% 	 (28421/56926)
LogitsTrain Time used: 4 	 Loss: 35.823
[Eval] Valid Acc. : 52.05% 	 (28179/54138)
[Eval] Test Acc. : 50.64% 	 (28829/56926)
LogitsTrain Time used: 4 	 Loss: 31.675
[Eval] Valid Acc. : 52.50% 	 (28422/54138)
[Eval] Test Acc. : 50.94% 	 (28997/56926)
LogitsTrain Time used: 4 	 Loss: 30.730
[Eval] Valid Acc. : 52.91% 	 (28646/54138)
[Eval] Test Acc. : 51.49% 	 (29310/56926)
LogitsTrain Time used: 4 	 Loss: 24.597
[Eval] Valid Acc. : 53.22% 	 (28812/54138)
[Eval] Test Acc. : 51.88% 	 (29533/56926)
LogitsTrain Time used: 4 	 Loss: 21.505
[Eval] Valid Acc. : 53.31% 	 (28861/54138)
[Eval] Test Acc. : 51.98% 	 (29588/56926)
LogitsTrain Time used: 4 	 Loss: 20.759
[Eval] Valid Acc. : 53.48% 	 (28952/54138)
[Eval] Test Acc. : 51.95% 	 (29571/56926)
LogitsTrain Time used: 4 	 Loss: 20.793
[Eval] Valid Acc. : 53.39% 	 (28904/54138)
[Eval] Test Acc. : 51.74% 	 (29454/56926)
LogitsTrain Time used: 4 	 Loss: 19.524
[Eval] Valid Acc. : 53.55% 	 (28989/54138)
[Eval] Test Acc. : 52.30% 	 (29772/56926)
LogitsTrain Time used: 4 	 Loss: 17.635
[Eval] Valid Acc. : 53.68% 	 (29060/54138)
[Eval] Test Acc. : 52.37% 	 (29813/56926)
LogitsTrain Time used: 4 	 Loss: 17.456
[Eval] Valid Acc. : 53.80% 	 (29125/54138)
[Eval] Test Acc. : 52.34% 	 (29797/56926)
LogitsTrain Time used: 4 	 Loss: 18.024
[Eval] Valid Acc. : 53.69% 	 (29064/54138)
[Eval] Test Acc. : 51.93% 	 (29560/56926)
LogitsTrain Time used: 4 	 Loss: 17.265
[Eval] Valid Acc. : 53.95% 	 (29208/54138)
[Eval] Test Acc. : 52.55% 	 (29916/56926)
LogitsTrain Time used: 4 	 Loss: 15.631
[Eval] Valid Acc. : 53.98% 	 (29221/54138)
[Eval] Test Acc. : 52.62% 	 (29954/56926)
LogitsTrain Time used: 4 	 Loss: 15.571
[Eval] Valid Acc. : 54.00% 	 (29236/54138)
[Eval] Test Acc. : 52.57% 	 (29924/56926)
LogitsTrain Time used: 4 	 Loss: 15.944
[Eval] Valid Acc. : 53.87% 	 (29163/54138)
[Eval] Test Acc. : 52.22% 	 (29727/56926)
LogitsTrain Time used: 4 	 Loss: 15.563
[Eval] Valid Acc. : 54.14% 	 (29311/54138)
[Eval] Test Acc. : 52.69% 	 (29997/56926)
LogitsTrain Time used: 4 	 Loss: 14.366
[Eval] Valid Acc. : 54.14% 	 (29309/54138)
[Eval] Test Acc. : 52.78% 	 (30046/56926)
LogitsTrain Time used: 4 	 Loss: 14.425
[Eval] Valid Acc. : 54.12% 	 (29297/54138)
[Eval] Test Acc. : 52.70% 	 (29998/56926)
LogitsTrain Time used: 4 	 Loss: 14.878
[Eval] Valid Acc. : 54.17% 	 (29325/54138)
[Eval] Test Acc. : 52.75% 	 (30029/56926)
LogitsTrain Time used: 4 	 Loss: 14.012
[Eval] Valid Acc. : 54.19% 	 (29338/54138)
[Eval] Test Acc. : 52.77% 	 (30042/56926)
LogitsTrain Time used: 4 	 Loss: 13.481
[Eval] Valid Acc. : 54.16% 	 (29321/54138)
[Eval] Test Acc. : 52.78% 	 (30047/56926)
LogitsTrain Time used: 4 	 Loss: 13.672
[Eval] Valid Acc. : 54.08% 	 (29280/54138)
[Eval] Test Acc. : 52.53% 	 (29903/56926)
LogitsTrain Time used: 4 	 Loss: 14.713
[Eval] Valid Acc. : 54.24% 	 (29362/54138)
[Eval] Test Acc. : 52.79% 	 (30050/56926)
LogitsTrain Time used: 4 	 Loss: 13.251
[Eval] Valid Acc. : 54.27% 	 (29378/54138)
[Eval] Test Acc. : 52.85% 	 (30086/56926)
LogitsTrain Time used: 4 	 Loss: 12.801
[Eval] Valid Acc. : 54.20% 	 (29345/54138)
[Eval] Test Acc. : 52.83% 	 (30072/56926)
LogitsTrain Time used: 4 	 Loss: 13.160
[Eval] Valid Acc. : 54.26% 	 (29373/54138)
[Eval] Test Acc. : 52.67% 	 (29983/56926)
LogitsTrain Time used: 4 	 Loss: 14.292
[Eval] Valid Acc. : 54.17% 	 (29327/54138)
[Eval] Test Acc. : 52.80% 	 (30056/56926)
LogitsTrain Time used: 4 	 Loss: 12.607
[Eval] Valid Acc. : 54.32% 	 (29407/54138)
[Eval] Test Acc. : 52.91% 	 (30119/56926)
LogitsTrain Time used: 4 	 Loss: 12.277
[Eval] Valid Acc. : 54.21% 	 (29347/54138)
[Eval] Test Acc. : 52.81% 	 (30061/56926)
LogitsTrain Time used: 4 	 Loss: 12.881
[Eval] Valid Acc. : 54.62% 	 (29572/54138)
[Eval] Test Acc. : 53.03% 	 (30189/56926)
LogitsTrain Time used: 4 	 Loss: 14.654
[Eval] Valid Acc. : 54.16% 	 (29320/54138)
[Eval] Test Acc. : 52.85% 	 (30085/56926)
LogitsTrain Time used: 4 	 Loss: 12.192
[Eval] Valid Acc. : 54.31% 	 (29400/54138)
[Eval] Test Acc. : 52.96% 	 (30146/56926)
LogitsTrain Time used: 4 	 Loss: 11.900
[Eval] Valid Acc. : 54.19% 	 (29337/54138)
[Eval] Test Acc. : 52.83% 	 (30073/56926)
LogitsTrain Time used: 4 	 Loss: 12.459
[Eval] Valid Acc. : 54.34% 	 (29417/54138)
[Eval] Test Acc. : 52.85% 	 (30085/56926)
LogitsTrain Time used: 4 	 Loss: 13.110
[Eval] Valid Acc. : 54.14% 	 (29313/54138)
[Eval] Test Acc. : 52.80% 	 (30055/56926)
LogitsTrain Time used: 4 	 Loss: 11.755
[Eval] Valid Acc. : 54.35% 	 (29423/54138)
[Eval] Test Acc. : 52.97% 	 (30154/56926)
LogitsTrain Time used: 4 	 Loss: 11.532
[Eval] Valid Acc. : 54.26% 	 (29375/54138)
[Eval] Test Acc. : 52.92% 	 (30124/56926)
LogitsTrain Time used: 4 	 Loss: 12.028
[Eval] Valid Acc. : 54.31% 	 (29400/54138)
[Eval] Test Acc. : 52.84% 	 (30081/56926)
LogitsTrain Time used: 4 	 Loss: 12.089
[Eval] Valid Acc. : 54.27% 	 (29380/54138)
[Eval] Test Acc. : 52.92% 	 (30124/56926)
LogitsTrain Time used: 4 	 Loss: 11.296
[Eval] Valid Acc. : 54.33% 	 (29412/54138)
[Eval] Test Acc. : 52.95% 	 (30144/56926)
LogitsTrain Time used: 4 	 Loss: 11.220
[Eval] Valid Acc. : 54.36% 	 (29427/54138)
[Eval] Test Acc. : 52.92% 	 (30123/56926)
LogitsTrain Time used: 4 	 Loss: 12.780
[Eval] Valid Acc. : 54.05% 	 (29263/54138)
[Eval] Test Acc. : 52.48% 	 (29876/56926)
LogitsTrain Time used: 4 	 Loss: 12.454
[Eval] Valid Acc. : 54.32% 	 (29407/54138)
[Eval] Test Acc. : 52.98% 	 (30162/56926)
LogitsTrain Time used: 4 	 Loss: 11.020
[Eval] Valid Acc. : 54.35% 	 (29426/54138)
[Eval] Test Acc. : 52.98% 	 (30159/56926)
LogitsTrain Time used: 4 	 Loss: 11.060
[Eval] Valid Acc. : 54.36% 	 (29429/54138)
[Eval] Test Acc. : 52.99% 	 (30163/56926)
LogitsTrain Time used: 4 	 Loss: 11.371
[Eval] Valid Acc. : 54.37% 	 (29436/54138)
[Eval] Test Acc. : 52.87% 	 (30094/56926)
LogitsTrain Time used: 4 	 Loss: 11.167
[Eval] Valid Acc. : 54.34% 	 (29419/54138)
[Eval] Test Acc. : 53.00% 	 (30168/56926)
Finish training student!
[Result][Student] Best epoch : 32 	Valid. Acc. : 54.6234% 	 Test Acc.: 53.0320%
