========CONFIG===========
part_labeled =  0.3
temp =  500.0
========CONFIG===========
[Student] CyclicLR step size =  70
LogitsTrain Time used: 4 	 Loss: 1412.786
Using the default mapping tsv
[Eval] Valid Acc. : 30.13% 	 (16312/54138)
[Eval] Test Acc. : 28.45% 	 (16198/56926)
LogitsTrain Time used: 4 	 Loss: 666.829
[Eval] Valid Acc. : 46.42% 	 (25131/54138)
[Eval] Test Acc. : 44.78% 	 (25493/56926)
LogitsTrain Time used: 3 	 Loss: 339.919
[Eval] Valid Acc. : 57.17% 	 (30952/54138)
[Eval] Test Acc. : 56.54% 	 (32188/56926)
LogitsTrain Time used: 4 	 Loss: 239.028
[Eval] Valid Acc. : 61.16% 	 (33111/54138)
[Eval] Test Acc. : 60.50% 	 (34443/56926)
LogitsTrain Time used: 4 	 Loss: 214.868
[Eval] Valid Acc. : 60.79% 	 (32912/54138)
[Eval] Test Acc. : 60.70% 	 (34553/56926)
LogitsTrain Time used: 4 	 Loss: 206.829
[Eval] Valid Acc. : 62.86% 	 (34033/54138)
[Eval] Test Acc. : 62.29% 	 (35460/56926)
LogitsTrain Time used: 4 	 Loss: 173.226
[Eval] Valid Acc. : 66.40% 	 (35947/54138)
[Eval] Test Acc. : 65.22% 	 (37128/56926)
LogitsTrain Time used: 4 	 Loss: 154.346
[Eval] Valid Acc. : 66.84% 	 (36188/54138)
[Eval] Test Acc. : 65.81% 	 (37465/56926)
LogitsTrain Time used: 4 	 Loss: 149.940
[Eval] Valid Acc. : 67.16% 	 (36359/54138)
[Eval] Test Acc. : 65.90% 	 (37514/56926)
LogitsTrain Time used: 4 	 Loss: 154.514
[Eval] Valid Acc. : 67.13% 	 (36345/54138)
[Eval] Test Acc. : 66.35% 	 (37770/56926)
LogitsTrain Time used: 4 	 Loss: 139.916
[Eval] Valid Acc. : 68.58% 	 (37126/54138)
[Eval] Test Acc. : 67.17% 	 (38238/56926)
LogitsTrain Time used: 4 	 Loss: 130.502
[Eval] Valid Acc. : 68.97% 	 (37340/54138)
[Eval] Test Acc. : 67.65% 	 (38509/56926)
LogitsTrain Time used: 4 	 Loss: 129.372
[Eval] Valid Acc. : 68.84% 	 (37270/54138)
[Eval] Test Acc. : 67.48% 	 (38415/56926)
LogitsTrain Time used: 4 	 Loss: 134.924
[Eval] Valid Acc. : 68.60% 	 (37138/54138)
[Eval] Test Acc. : 67.39% 	 (38361/56926)
LogitsTrain Time used: 4 	 Loss: 124.452
[Eval] Valid Acc. : 69.64% 	 (37701/54138)
[Eval] Test Acc. : 68.10% 	 (38764/56926)
LogitsTrain Time used: 4 	 Loss: 118.699
[Eval] Valid Acc. : 69.93% 	 (37861/54138)
[Eval] Test Acc. : 68.47% 	 (38975/56926)
LogitsTrain Time used: 4 	 Loss: 119.206
[Eval] Valid Acc. : 69.45% 	 (37599/54138)
[Eval] Test Acc. : 68.05% 	 (38739/56926)
LogitsTrain Time used: 4 	 Loss: 125.603
[Eval] Valid Acc. : 69.53% 	 (37642/54138)
[Eval] Test Acc. : 68.06% 	 (38743/56926)
LogitsTrain Time used: 4 	 Loss: 116.042
[Eval] Valid Acc. : 70.41% 	 (38119/54138)
[Eval] Test Acc. : 68.72% 	 (39117/56926)
LogitsTrain Time used: 3 	 Loss: 111.377
[Eval] Valid Acc. : 70.57% 	 (38203/54138)
[Eval] Test Acc. : 68.86% 	 (39197/56926)
LogitsTrain Time used: 4 	 Loss: 113.359
[Eval] Valid Acc. : 69.47% 	 (37609/54138)
[Eval] Test Acc. : 68.32% 	 (38889/56926)
LogitsTrain Time used: 4 	 Loss: 118.450
[Eval] Valid Acc. : 70.25% 	 (38031/54138)
[Eval] Test Acc. : 68.71% 	 (39113/56926)
LogitsTrain Time used: 4 	 Loss: 110.344
[Eval] Valid Acc. : 70.81% 	 (38337/54138)
[Eval] Test Acc. : 69.13% 	 (39353/56926)
LogitsTrain Time used: 4 	 Loss: 106.461
[Eval] Valid Acc. : 70.75% 	 (38304/54138)
[Eval] Test Acc. : 68.96% 	 (39255/56926)
LogitsTrain Time used: 4 	 Loss: 108.935
[Eval] Valid Acc. : 70.16% 	 (37984/54138)
[Eval] Test Acc. : 68.54% 	 (39017/56926)
LogitsTrain Time used: 4 	 Loss: 113.844
[Eval] Valid Acc. : 70.44% 	 (38133/54138)
[Eval] Test Acc. : 68.72% 	 (39117/56926)
LogitsTrain Time used: 4 	 Loss: 105.743
[Eval] Valid Acc. : 71.07% 	 (38478/54138)
[Eval] Test Acc. : 69.46% 	 (39543/56926)
LogitsTrain Time used: 3 	 Loss: 102.739
[Eval] Valid Acc. : 70.95% 	 (38410/54138)
[Eval] Test Acc. : 69.06% 	 (39312/56926)
LogitsTrain Time used: 3 	 Loss: 105.949
[Eval] Valid Acc. : 69.77% 	 (37774/54138)
[Eval] Test Acc. : 68.07% 	 (38750/56926)
LogitsTrain Time used: 4 	 Loss: 110.453
[Eval] Valid Acc. : 70.81% 	 (38337/54138)
[Eval] Test Acc. : 69.04% 	 (39300/56926)
LogitsTrain Time used: 4 	 Loss: 101.943
[Eval] Valid Acc. : 71.27% 	 (38583/54138)
[Eval] Test Acc. : 69.61% 	 (39629/56926)
LogitsTrain Time used: 3 	 Loss: 99.695
[Eval] Valid Acc. : 71.06% 	 (38469/54138)
[Eval] Test Acc. : 69.29% 	 (39444/56926)
LogitsTrain Time used: 4 	 Loss: 103.586
[Eval] Valid Acc. : 70.25% 	 (38030/54138)
[Eval] Test Acc. : 68.39% 	 (38933/56926)
LogitsTrain Time used: 4 	 Loss: 107.985
[Eval] Valid Acc. : 70.93% 	 (38400/54138)
[Eval] Test Acc. : 69.18% 	 (39381/56926)
LogitsTrain Time used: 4 	 Loss: 99.267
[Eval] Valid Acc. : 71.60% 	 (38765/54138)
[Eval] Test Acc. : 69.63% 	 (39636/56926)
LogitsTrain Time used: 4 	 Loss: 97.539
[Eval] Valid Acc. : 71.17% 	 (38528/54138)
[Eval] Test Acc. : 69.49% 	 (39559/56926)
LogitsTrain Time used: 4 	 Loss: 103.144
[Eval] Valid Acc. : 70.21% 	 (38008/54138)
[Eval] Test Acc. : 68.55% 	 (39024/56926)
LogitsTrain Time used: 4 	 Loss: 102.329
[Eval] Valid Acc. : 71.02% 	 (38451/54138)
[Eval] Test Acc. : 69.21% 	 (39398/56926)
LogitsTrain Time used: 3 	 Loss: 97.068
[Eval] Valid Acc. : 71.61% 	 (38769/54138)
[Eval] Test Acc. : 69.81% 	 (39740/56926)
LogitsTrain Time used: 4 	 Loss: 96.108
[Eval] Valid Acc. : 71.07% 	 (38474/54138)
[Eval] Test Acc. : 69.40% 	 (39504/56926)
LogitsTrain Time used: 4 	 Loss: 102.962
[Eval] Valid Acc. : 68.13% 	 (36886/54138)
[Eval] Test Acc. : 66.42% 	 (37813/56926)
LogitsTrain Time used: 4 	 Loss: 107.347
[Eval] Valid Acc. : 71.34% 	 (38622/54138)
[Eval] Test Acc. : 69.34% 	 (39474/56926)
LogitsTrain Time used: 3 	 Loss: 95.530
[Eval] Valid Acc. : 71.68% 	 (38805/54138)
[Eval] Test Acc. : 69.80% 	 (39732/56926)
LogitsTrain Time used: 3 	 Loss: 94.911
[Eval] Valid Acc. : 71.27% 	 (38584/54138)
[Eval] Test Acc. : 69.57% 	 (39605/56926)
LogitsTrain Time used: 4 	 Loss: 97.795
[Eval] Valid Acc. : 70.84% 	 (38351/54138)
[Eval] Test Acc. : 69.12% 	 (39345/56926)
LogitsTrain Time used: 4 	 Loss: 96.512
[Eval] Valid Acc. : 71.49% 	 (38701/54138)
[Eval] Test Acc. : 69.56% 	 (39596/56926)
LogitsTrain Time used: 4 	 Loss: 92.921
[Eval] Valid Acc. : 71.72% 	 (38827/54138)
[Eval] Test Acc. : 69.90% 	 (39793/56926)
LogitsTrain Time used: 4 	 Loss: 93.496
[Eval] Valid Acc. : 71.48% 	 (38696/54138)
[Eval] Test Acc. : 69.51% 	 (39570/56926)
LogitsTrain Time used: 4 	 Loss: 96.958
[Eval] Valid Acc. : 70.94% 	 (38406/54138)
[Eval] Test Acc. : 69.25% 	 (39419/56926)
LogitsTrain Time used: 4 	 Loss: 94.034
[Eval] Valid Acc. : 71.75% 	 (38844/54138)
[Eval] Test Acc. : 69.59% 	 (39612/56926)
Finish training student!
[Result][Student] Best epoch : 49 	Valid. Acc. : 71.7500% 	 Test Acc.: 69.5851%
