========CONFIG===========
part_labeled =  0.3
temp =  8.0
========CONFIG===========
[Student] CyclicLR step size =  70
LogitsTrain Time used: 15 	 Loss: 1716.100
Using the default mapping tsv
[Eval] Valid Acc. : 30.90% 	 (16731/54138)
[Eval] Test Acc. : 29.29% 	 (16675/56926)
LogitsTrain Time used: 15 	 Loss: 764.923
[Eval] Valid Acc. : 49.32% 	 (26700/54138)
[Eval] Test Acc. : 48.38% 	 (27542/56926)
LogitsTrain Time used: 15 	 Loss: 413.551
[Eval] Valid Acc. : 57.63% 	 (31200/54138)
[Eval] Test Acc. : 57.24% 	 (32587/56926)
LogitsTrain Time used: 15 	 Loss: 290.325
[Eval] Valid Acc. : 62.60% 	 (33893/54138)
[Eval] Test Acc. : 61.69% 	 (35117/56926)
LogitsTrain Time used: 14 	 Loss: 255.562
[Eval] Valid Acc. : 63.15% 	 (34186/54138)
[Eval] Test Acc. : 62.41% 	 (35527/56926)
LogitsTrain Time used: 15 	 Loss: 232.126
[Eval] Valid Acc. : 65.16% 	 (35278/54138)
[Eval] Test Acc. : 64.55% 	 (36743/56926)
LogitsTrain Time used: 14 	 Loss: 196.940
[Eval] Valid Acc. : 67.56% 	 (36574/54138)
[Eval] Test Acc. : 66.26% 	 (37721/56926)
LogitsTrain Time used: 15 	 Loss: 176.900
[Eval] Valid Acc. : 68.33% 	 (36992/54138)
[Eval] Test Acc. : 67.12% 	 (38208/56926)
LogitsTrain Time used: 15 	 Loss: 171.980
[Eval] Valid Acc. : 67.56% 	 (36576/54138)
[Eval] Test Acc. : 66.74% 	 (37995/56926)
LogitsTrain Time used: 15 	 Loss: 178.353
[Eval] Valid Acc. : 68.06% 	 (36844/54138)
[Eval] Test Acc. : 66.95% 	 (38114/56926)
LogitsTrain Time used: 15 	 Loss: 160.406
[Eval] Valid Acc. : 69.74% 	 (37754/54138)
[Eval] Test Acc. : 68.07% 	 (38752/56926)
LogitsTrain Time used: 15 	 Loss: 149.334
[Eval] Valid Acc. : 70.12% 	 (37959/54138)
[Eval] Test Acc. : 68.49% 	 (38991/56926)
LogitsTrain Time used: 15 	 Loss: 148.431
[Eval] Valid Acc. : 69.80% 	 (37789/54138)
[Eval] Test Acc. : 68.29% 	 (38877/56926)
LogitsTrain Time used: 15 	 Loss: 157.921
[Eval] Valid Acc. : 69.63% 	 (37695/54138)
[Eval] Test Acc. : 68.20% 	 (38826/56926)
LogitsTrain Time used: 15 	 Loss: 144.379
[Eval] Valid Acc. : 70.73% 	 (38291/54138)
[Eval] Test Acc. : 68.94% 	 (39247/56926)
LogitsTrain Time used: 14 	 Loss: 136.078
[Eval] Valid Acc. : 70.85% 	 (38356/54138)
[Eval] Test Acc. : 69.22% 	 (39406/56926)
LogitsTrain Time used: 15 	 Loss: 136.595
[Eval] Valid Acc. : 70.45% 	 (38138/54138)
[Eval] Test Acc. : 68.78% 	 (39154/56926)
LogitsTrain Time used: 15 	 Loss: 143.013
[Eval] Valid Acc. : 69.67% 	 (37717/54138)
[Eval] Test Acc. : 68.60% 	 (39049/56926)
LogitsTrain Time used: 15 	 Loss: 134.862
[Eval] Valid Acc. : 71.35% 	 (38630/54138)
[Eval] Test Acc. : 69.34% 	 (39471/56926)
LogitsTrain Time used: 15 	 Loss: 127.893
[Eval] Valid Acc. : 71.32% 	 (38610/54138)
[Eval] Test Acc. : 69.37% 	 (39491/56926)
LogitsTrain Time used: 15 	 Loss: 129.570
[Eval] Valid Acc. : 70.81% 	 (38334/54138)
[Eval] Test Acc. : 69.24% 	 (39414/56926)
LogitsTrain Time used: 15 	 Loss: 135.422
[Eval] Valid Acc. : 71.01% 	 (38445/54138)
[Eval] Test Acc. : 69.28% 	 (39438/56926)
LogitsTrain Time used: 15 	 Loss: 126.313
[Eval] Valid Acc. : 71.69% 	 (38811/54138)
[Eval] Test Acc. : 69.66% 	 (39657/56926)
LogitsTrain Time used: 15 	 Loss: 122.051
[Eval] Valid Acc. : 71.55% 	 (38734/54138)
[Eval] Test Acc. : 69.63% 	 (39638/56926)
LogitsTrain Time used: 15 	 Loss: 124.433
[Eval] Valid Acc. : 71.11% 	 (38496/54138)
[Eval] Test Acc. : 69.62% 	 (39634/56926)
LogitsTrain Time used: 15 	 Loss: 131.224
[Eval] Valid Acc. : 70.97% 	 (38424/54138)
[Eval] Test Acc. : 69.42% 	 (39518/56926)
LogitsTrain Time used: 14 	 Loss: 121.813
[Eval] Valid Acc. : 71.84% 	 (38892/54138)
[Eval] Test Acc. : 69.93% 	 (39809/56926)
LogitsTrain Time used: 15 	 Loss: 117.908
[Eval] Valid Acc. : 71.59% 	 (38758/54138)
[Eval] Test Acc. : 69.77% 	 (39715/56926)
LogitsTrain Time used: 15 	 Loss: 121.092
[Eval] Valid Acc. : 70.98% 	 (38426/54138)
[Eval] Test Acc. : 69.43% 	 (39526/56926)
LogitsTrain Time used: 15 	 Loss: 124.916
[Eval] Valid Acc. : 71.45% 	 (38682/54138)
[Eval] Test Acc. : 69.62% 	 (39634/56926)
LogitsTrain Time used: 15 	 Loss: 117.292
[Eval] Valid Acc. : 71.99% 	 (38973/54138)
[Eval] Test Acc. : 70.09% 	 (39898/56926)
LogitsTrain Time used: 15 	 Loss: 114.388
[Eval] Valid Acc. : 71.67% 	 (38800/54138)
[Eval] Test Acc. : 69.89% 	 (39784/56926)
LogitsTrain Time used: 15 	 Loss: 119.192
[Eval] Valid Acc. : 70.89% 	 (38381/54138)
[Eval] Test Acc. : 69.04% 	 (39304/56926)
LogitsTrain Time used: 15 	 Loss: 121.914
[Eval] Valid Acc. : 71.39% 	 (38647/54138)
[Eval] Test Acc. : 69.72% 	 (39686/56926)
LogitsTrain Time used: 15 	 Loss: 114.452
[Eval] Valid Acc. : 72.16% 	 (39067/54138)
[Eval] Test Acc. : 70.15% 	 (39934/56926)
LogitsTrain Time used: 14 	 Loss: 111.916
[Eval] Valid Acc. : 71.82% 	 (38884/54138)
[Eval] Test Acc. : 69.99% 	 (39842/56926)
LogitsTrain Time used: 15 	 Loss: 117.896
[Eval] Valid Acc. : 70.94% 	 (38404/54138)
[Eval] Test Acc. : 69.35% 	 (39479/56926)
LogitsTrain Time used: 15 	 Loss: 115.989
[Eval] Valid Acc. : 71.58% 	 (38752/54138)
[Eval] Test Acc. : 69.90% 	 (39791/56926)
LogitsTrain Time used: 15 	 Loss: 111.328
[Eval] Valid Acc. : 72.22% 	 (39096/54138)
[Eval] Test Acc. : 70.25% 	 (39991/56926)
LogitsTrain Time used: 15 	 Loss: 110.063
[Eval] Valid Acc. : 71.72% 	 (38826/54138)
[Eval] Test Acc. : 70.08% 	 (39893/56926)
LogitsTrain Time used: 15 	 Loss: 121.085
[Eval] Valid Acc. : 69.42% 	 (37580/54138)
[Eval] Test Acc. : 67.76% 	 (38575/56926)
LogitsTrain Time used: 15 	 Loss: 120.988
[Eval] Valid Acc. : 71.92% 	 (38936/54138)
[Eval] Test Acc. : 70.12% 	 (39916/56926)
LogitsTrain Time used: 15 	 Loss: 109.470
[Eval] Valid Acc. : 72.21% 	 (39091/54138)
[Eval] Test Acc. : 70.23% 	 (39977/56926)
LogitsTrain Time used: 15 	 Loss: 108.854
[Eval] Valid Acc. : 71.75% 	 (38842/54138)
[Eval] Test Acc. : 70.12% 	 (39914/56926)
LogitsTrain Time used: 15 	 Loss: 112.268
[Eval] Valid Acc. : 71.32% 	 (38609/54138)
[Eval] Test Acc. : 70.02% 	 (39857/56926)
LogitsTrain Time used: 15 	 Loss: 110.411
[Eval] Valid Acc. : 72.05% 	 (39004/54138)
[Eval] Test Acc. : 70.15% 	 (39933/56926)
LogitsTrain Time used: 14 	 Loss: 106.300
[Eval] Valid Acc. : 72.31% 	 (39149/54138)
[Eval] Test Acc. : 70.21% 	 (39965/56926)
LogitsTrain Time used: 14 	 Loss: 107.002
[Eval] Valid Acc. : 71.85% 	 (38897/54138)
[Eval] Test Acc. : 70.10% 	 (39904/56926)
LogitsTrain Time used: 15 	 Loss: 112.176
[Eval] Valid Acc. : 70.66% 	 (38252/54138)
[Eval] Test Acc. : 69.60% 	 (39622/56926)
LogitsTrain Time used: 15 	 Loss: 109.849
[Eval] Valid Acc. : 72.33% 	 (39158/54138)
[Eval] Test Acc. : 70.14% 	 (39927/56926)
Finish training student!
[Result][Student] Best epoch : 49 	Valid. Acc. : 72.3300% 	 Test Acc.: 70.1384%
