========CONFIG===========
part_labeled =  0.3
temp =  0.5
========CONFIG===========
[Student] CyclicLR step size =  70
LogitsTrain Time used: 14 	 Loss: 244.755
Using the default mapping tsv
[Eval] Valid Acc. : 30.49% 	 (16507/54138)
[Eval] Test Acc. : 28.58% 	 (16272/56926)
LogitsTrain Time used: 14 	 Loss: 154.882
[Eval] Valid Acc. : 48.70% 	 (26366/54138)
[Eval] Test Acc. : 47.67% 	 (27136/56926)
LogitsTrain Time used: 14 	 Loss: 99.123
[Eval] Valid Acc. : 58.43% 	 (31635/54138)
[Eval] Test Acc. : 57.45% 	 (32704/56926)
LogitsTrain Time used: 14 	 Loss: 81.735
[Eval] Valid Acc. : 60.65% 	 (32832/54138)
[Eval] Test Acc. : 59.63% 	 (33944/56926)
LogitsTrain Time used: 14 	 Loss: 75.910
[Eval] Valid Acc. : 61.15% 	 (33103/54138)
[Eval] Test Acc. : 59.55% 	 (33897/56926)
LogitsTrain Time used: 14 	 Loss: 72.284
[Eval] Valid Acc. : 61.34% 	 (33206/54138)
[Eval] Test Acc. : 60.56% 	 (34473/56926)
LogitsTrain Time used: 14 	 Loss: 62.259
[Eval] Valid Acc. : 65.81% 	 (35627/54138)
[Eval] Test Acc. : 64.32% 	 (36615/56926)
LogitsTrain Time used: 14 	 Loss: 55.467
[Eval] Valid Acc. : 66.86% 	 (36196/54138)
[Eval] Test Acc. : 65.48% 	 (37275/56926)
LogitsTrain Time used: 14 	 Loss: 54.276
[Eval] Valid Acc. : 64.67% 	 (35009/54138)
[Eval] Test Acc. : 63.65% 	 (36231/56926)
LogitsTrain Time used: 14 	 Loss: 54.572
[Eval] Valid Acc. : 65.94% 	 (35701/54138)
[Eval] Test Acc. : 64.86% 	 (36923/56926)
LogitsTrain Time used: 14 	 Loss: 50.292
[Eval] Valid Acc. : 68.69% 	 (37186/54138)
[Eval] Test Acc. : 67.33% 	 (38329/56926)
LogitsTrain Time used: 14 	 Loss: 46.582
[Eval] Valid Acc. : 68.97% 	 (37339/54138)
[Eval] Test Acc. : 67.92% 	 (38666/56926)
LogitsTrain Time used: 14 	 Loss: 46.500
[Eval] Valid Acc. : 67.45% 	 (36515/54138)
[Eval] Test Acc. : 66.58% 	 (37900/56926)
LogitsTrain Time used: 14 	 Loss: 47.710
[Eval] Valid Acc. : 68.07% 	 (36851/54138)
[Eval] Test Acc. : 67.19% 	 (38247/56926)
LogitsTrain Time used: 14 	 Loss: 44.614
[Eval] Valid Acc. : 69.46% 	 (37606/54138)
[Eval] Test Acc. : 68.22% 	 (38833/56926)
LogitsTrain Time used: 14 	 Loss: 41.914
[Eval] Valid Acc. : 70.22% 	 (38016/54138)
[Eval] Test Acc. : 68.72% 	 (39118/56926)
LogitsTrain Time used: 14 	 Loss: 42.449
[Eval] Valid Acc. : 68.32% 	 (36985/54138)
[Eval] Test Acc. : 67.24% 	 (38276/56926)
LogitsTrain Time used: 14 	 Loss: 43.900
[Eval] Valid Acc. : 69.78% 	 (37777/54138)
[Eval] Test Acc. : 68.04% 	 (38735/56926)
LogitsTrain Time used: 14 	 Loss: 40.854
[Eval] Valid Acc. : 70.56% 	 (38202/54138)
[Eval] Test Acc. : 69.30% 	 (39450/56926)
LogitsTrain Time used: 14 	 Loss: 38.959
[Eval] Valid Acc. : 70.76% 	 (38308/54138)
[Eval] Test Acc. : 68.96% 	 (39254/56926)
LogitsTrain Time used: 14 	 Loss: 39.907
[Eval] Valid Acc. : 70.17% 	 (37988/54138)
[Eval] Test Acc. : 68.18% 	 (38814/56926)
LogitsTrain Time used: 14 	 Loss: 40.889
[Eval] Valid Acc. : 70.10% 	 (37950/54138)
[Eval] Test Acc. : 68.05% 	 (38740/56926)
LogitsTrain Time used: 14 	 Loss: 38.915
[Eval] Valid Acc. : 71.39% 	 (38650/54138)
[Eval] Test Acc. : 69.50% 	 (39561/56926)
LogitsTrain Time used: 14 	 Loss: 36.517
[Eval] Valid Acc. : 71.18% 	 (38536/54138)
[Eval] Test Acc. : 69.51% 	 (39569/56926)
LogitsTrain Time used: 14 	 Loss: 38.202
[Eval] Valid Acc. : 69.48% 	 (37613/54138)
[Eval] Test Acc. : 67.12% 	 (38208/56926)
LogitsTrain Time used: 14 	 Loss: 38.960
[Eval] Valid Acc. : 70.70% 	 (38278/54138)
[Eval] Test Acc. : 69.35% 	 (39479/56926)
LogitsTrain Time used: 14 	 Loss: 36.504
[Eval] Valid Acc. : 71.51% 	 (38716/54138)
[Eval] Test Acc. : 69.63% 	 (39637/56926)
LogitsTrain Time used: 14 	 Loss: 35.174
[Eval] Valid Acc. : 71.40% 	 (38653/54138)
[Eval] Test Acc. : 69.43% 	 (39524/56926)
LogitsTrain Time used: 14 	 Loss: 36.574
[Eval] Valid Acc. : 69.47% 	 (37610/54138)
[Eval] Test Acc. : 67.80% 	 (38598/56926)
LogitsTrain Time used: 14 	 Loss: 37.163
[Eval] Valid Acc. : 70.86% 	 (38364/54138)
[Eval] Test Acc. : 69.04% 	 (39300/56926)
LogitsTrain Time used: 14 	 Loss: 35.170
[Eval] Valid Acc. : 71.97% 	 (38963/54138)
[Eval] Test Acc. : 70.12% 	 (39919/56926)
LogitsTrain Time used: 14 	 Loss: 33.807
[Eval] Valid Acc. : 71.58% 	 (38752/54138)
[Eval] Test Acc. : 69.56% 	 (39599/56926)
LogitsTrain Time used: 14 	 Loss: 35.342
[Eval] Valid Acc. : 70.05% 	 (37924/54138)
[Eval] Test Acc. : 68.50% 	 (38993/56926)
LogitsTrain Time used: 14 	 Loss: 36.137
[Eval] Valid Acc. : 71.37% 	 (38637/54138)
[Eval] Test Acc. : 69.65% 	 (39650/56926)
LogitsTrain Time used: 14 	 Loss: 33.658
[Eval] Valid Acc. : 72.00% 	 (38977/54138)
[Eval] Test Acc. : 70.29% 	 (40012/56926)
LogitsTrain Time used: 14 	 Loss: 32.730
[Eval] Valid Acc. : 71.67% 	 (38802/54138)
[Eval] Test Acc. : 69.55% 	 (39591/56926)
LogitsTrain Time used: 14 	 Loss: 34.806
[Eval] Valid Acc. : 70.83% 	 (38346/54138)
[Eval] Test Acc. : 68.90% 	 (39224/56926)
LogitsTrain Time used: 14 	 Loss: 34.471
[Eval] Valid Acc. : 72.12% 	 (39046/54138)
[Eval] Test Acc. : 69.99% 	 (39840/56926)
LogitsTrain Time used: 14 	 Loss: 32.316
[Eval] Valid Acc. : 72.38% 	 (39187/54138)
[Eval] Test Acc. : 70.46% 	 (40108/56926)
LogitsTrain Time used: 14 	 Loss: 32.056
[Eval] Valid Acc. : 71.76% 	 (38850/54138)
[Eval] Test Acc. : 69.97% 	 (39829/56926)
LogitsTrain Time used: 14 	 Loss: 33.775
[Eval] Valid Acc. : 71.86% 	 (38902/54138)
[Eval] Test Acc. : 69.32% 	 (39459/56926)
LogitsTrain Time used: 14 	 Loss: 33.338
[Eval] Valid Acc. : 72.19% 	 (39083/54138)
[Eval] Test Acc. : 69.93% 	 (39806/56926)
LogitsTrain Time used: 14 	 Loss: 31.450
[Eval] Valid Acc. : 72.47% 	 (39234/54138)
[Eval] Test Acc. : 70.64% 	 (40210/56926)
LogitsTrain Time used: 14 	 Loss: 31.435
[Eval] Valid Acc. : 72.01% 	 (38983/54138)
[Eval] Test Acc. : 69.87% 	 (39773/56926)
LogitsTrain Time used: 14 	 Loss: 32.750
[Eval] Valid Acc. : 71.40% 	 (38657/54138)
[Eval] Test Acc. : 69.69% 	 (39672/56926)
LogitsTrain Time used: 14 	 Loss: 32.643
[Eval] Valid Acc. : 72.26% 	 (39121/54138)
[Eval] Test Acc. : 70.37% 	 (40056/56926)
LogitsTrain Time used: 14 	 Loss: 30.482
[Eval] Valid Acc. : 72.44% 	 (39215/54138)
[Eval] Test Acc. : 70.30% 	 (40021/56926)
LogitsTrain Time used: 14 	 Loss: 30.657
[Eval] Valid Acc. : 71.53% 	 (38725/54138)
[Eval] Test Acc. : 69.31% 	 (39457/56926)
LogitsTrain Time used: 14 	 Loss: 32.592
[Eval] Valid Acc. : 71.32% 	 (38612/54138)
[Eval] Test Acc. : 69.25% 	 (39424/56926)
LogitsTrain Time used: 14 	 Loss: 31.384
[Eval] Valid Acc. : 72.52% 	 (39262/54138)
[Eval] Test Acc. : 70.47% 	 (40114/56926)
Finish training student!
[Result][Student] Best epoch : 49 	Valid. Acc. : 72.5221% 	 Test Acc.: 70.4669%
