========CONFIG===========
part_labeled =  0.1
temp =  50.0
========CONFIG===========
[Student] CyclicLR step size =  70
LogitsTrain Time used: 4 	 Loss: 1719.408
Using the default mapping tsv
[Eval] Valid Acc. : 30.35% 	 (16433/54138)
[Eval] Test Acc. : 28.77% 	 (16376/56926)
LogitsTrain Time used: 3 	 Loss: 865.685
[Eval] Valid Acc. : 44.09% 	 (23871/54138)
[Eval] Test Acc. : 43.24% 	 (24612/56926)
LogitsTrain Time used: 4 	 Loss: 435.289
[Eval] Valid Acc. : 57.86% 	 (31326/54138)
[Eval] Test Acc. : 57.33% 	 (32637/56926)
LogitsTrain Time used: 4 	 Loss: 297.813
[Eval] Valid Acc. : 60.27% 	 (32629/54138)
[Eval] Test Acc. : 59.59% 	 (33920/56926)
LogitsTrain Time used: 4 	 Loss: 269.574
[Eval] Valid Acc. : 61.46% 	 (33275/54138)
[Eval] Test Acc. : 60.50% 	 (34440/56926)
LogitsTrain Time used: 4 	 Loss: 254.162
[Eval] Valid Acc. : 62.18% 	 (33664/54138)
[Eval] Test Acc. : 61.14% 	 (34802/56926)
LogitsTrain Time used: 4 	 Loss: 226.914
[Eval] Valid Acc. : 64.34% 	 (34834/54138)
[Eval] Test Acc. : 63.23% 	 (35995/56926)
LogitsTrain Time used: 4 	 Loss: 198.671
[Eval] Valid Acc. : 65.32% 	 (35363/54138)
[Eval] Test Acc. : 64.04% 	 (36454/56926)
LogitsTrain Time used: 3 	 Loss: 193.510
[Eval] Valid Acc. : 64.56% 	 (34951/54138)
[Eval] Test Acc. : 63.65% 	 (36236/56926)
LogitsTrain Time used: 4 	 Loss: 204.244
[Eval] Valid Acc. : 65.27% 	 (35334/54138)
[Eval] Test Acc. : 64.19% 	 (36540/56926)
LogitsTrain Time used: 4 	 Loss: 182.762
[Eval] Valid Acc. : 66.28% 	 (35885/54138)
[Eval] Test Acc. : 64.64% 	 (36797/56926)
LogitsTrain Time used: 4 	 Loss: 171.321
[Eval] Valid Acc. : 66.78% 	 (36152/54138)
[Eval] Test Acc. : 65.20% 	 (37114/56926)
LogitsTrain Time used: 4 	 Loss: 170.032
[Eval] Valid Acc. : 66.37% 	 (35932/54138)
[Eval] Test Acc. : 64.97% 	 (36985/56926)
LogitsTrain Time used: 4 	 Loss: 177.730
[Eval] Valid Acc. : 66.68% 	 (36101/54138)
[Eval] Test Acc. : 65.40% 	 (37231/56926)
LogitsTrain Time used: 4 	 Loss: 165.284
[Eval] Valid Acc. : 67.10% 	 (36327/54138)
[Eval] Test Acc. : 65.39% 	 (37226/56926)
LogitsTrain Time used: 4 	 Loss: 157.683
[Eval] Valid Acc. : 67.31% 	 (36442/54138)
[Eval] Test Acc. : 65.81% 	 (37463/56926)
LogitsTrain Time used: 4 	 Loss: 157.897
[Eval] Valid Acc. : 67.00% 	 (36273/54138)
[Eval] Test Acc. : 65.22% 	 (37125/56926)
LogitsTrain Time used: 4 	 Loss: 165.468
[Eval] Valid Acc. : 67.08% 	 (36315/54138)
[Eval] Test Acc. : 65.76% 	 (37437/56926)
LogitsTrain Time used: 4 	 Loss: 155.886
[Eval] Valid Acc. : 67.48% 	 (36532/54138)
[Eval] Test Acc. : 65.86% 	 (37493/56926)
LogitsTrain Time used: 4 	 Loss: 148.682
[Eval] Valid Acc. : 67.54% 	 (36564/54138)
[Eval] Test Acc. : 66.01% 	 (37576/56926)
LogitsTrain Time used: 4 	 Loss: 150.593
[Eval] Valid Acc. : 67.61% 	 (36605/54138)
[Eval] Test Acc. : 65.85% 	 (37486/56926)
LogitsTrain Time used: 4 	 Loss: 154.776
[Eval] Valid Acc. : 67.66% 	 (36631/54138)
[Eval] Test Acc. : 66.29% 	 (37737/56926)
LogitsTrain Time used: 4 	 Loss: 146.282
[Eval] Valid Acc. : 67.76% 	 (36686/54138)
[Eval] Test Acc. : 66.23% 	 (37702/56926)
LogitsTrain Time used: 4 	 Loss: 141.975
[Eval] Valid Acc. : 67.65% 	 (36625/54138)
[Eval] Test Acc. : 66.14% 	 (37649/56926)
LogitsTrain Time used: 4 	 Loss: 146.174
[Eval] Valid Acc. : 67.58% 	 (36589/54138)
[Eval] Test Acc. : 65.94% 	 (37535/56926)
LogitsTrain Time used: 4 	 Loss: 152.827
[Eval] Valid Acc. : 66.98% 	 (36262/54138)
[Eval] Test Acc. : 65.70% 	 (37398/56926)
LogitsTrain Time used: 4 	 Loss: 141.796
[Eval] Valid Acc. : 67.91% 	 (36767/54138)
[Eval] Test Acc. : 66.52% 	 (37865/56926)
LogitsTrain Time used: 4 	 Loss: 137.630
[Eval] Valid Acc. : 67.75% 	 (36678/54138)
[Eval] Test Acc. : 66.34% 	 (37766/56926)
LogitsTrain Time used: 4 	 Loss: 142.294
[Eval] Valid Acc. : 67.49% 	 (36540/54138)
[Eval] Test Acc. : 66.14% 	 (37651/56926)
LogitsTrain Time used: 4 	 Loss: 148.485
[Eval] Valid Acc. : 67.19% 	 (36377/54138)
[Eval] Test Acc. : 65.81% 	 (37465/56926)
LogitsTrain Time used: 4 	 Loss: 137.703
[Eval] Valid Acc. : 68.06% 	 (36844/54138)
[Eval] Test Acc. : 66.64% 	 (37937/56926)
LogitsTrain Time used: 4 	 Loss: 134.525
[Eval] Valid Acc. : 67.96% 	 (36792/54138)
[Eval] Test Acc. : 66.48% 	 (37842/56926)
LogitsTrain Time used: 4 	 Loss: 140.554
[Eval] Valid Acc. : 66.87% 	 (36200/54138)
[Eval] Test Acc. : 65.33% 	 (37190/56926)
LogitsTrain Time used: 4 	 Loss: 150.643
[Eval] Valid Acc. : 67.59% 	 (36593/54138)
[Eval] Test Acc. : 66.20% 	 (37685/56926)
LogitsTrain Time used: 4 	 Loss: 135.261
[Eval] Valid Acc. : 68.24% 	 (36942/54138)
[Eval] Test Acc. : 66.75% 	 (37997/56926)
LogitsTrain Time used: 4 	 Loss: 132.230
[Eval] Valid Acc. : 67.99% 	 (36809/54138)
[Eval] Test Acc. : 66.47% 	 (37838/56926)
LogitsTrain Time used: 4 	 Loss: 136.872
[Eval] Valid Acc. : 67.01% 	 (36278/54138)
[Eval] Test Acc. : 65.63% 	 (37362/56926)
LogitsTrain Time used: 4 	 Loss: 140.682
[Eval] Valid Acc. : 67.96% 	 (36790/54138)
[Eval] Test Acc. : 66.50% 	 (37854/56926)
LogitsTrain Time used: 4 	 Loss: 131.285
[Eval] Valid Acc. : 68.25% 	 (36950/54138)
[Eval] Test Acc. : 66.71% 	 (37977/56926)
LogitsTrain Time used: 4 	 Loss: 129.740
[Eval] Valid Acc. : 68.08% 	 (36859/54138)
[Eval] Test Acc. : 66.57% 	 (37894/56926)
LogitsTrain Time used: 4 	 Loss: 135.285
[Eval] Valid Acc. : 67.79% 	 (36698/54138)
[Eval] Test Acc. : 66.13% 	 (37648/56926)
LogitsTrain Time used: 4 	 Loss: 134.966
[Eval] Valid Acc. : 67.95% 	 (36785/54138)
[Eval] Test Acc. : 66.50% 	 (37858/56926)
LogitsTrain Time used: 4 	 Loss: 128.362
[Eval] Valid Acc. : 68.27% 	 (36961/54138)
[Eval] Test Acc. : 66.77% 	 (38012/56926)
LogitsTrain Time used: 4 	 Loss: 127.895
[Eval] Valid Acc. : 68.03% 	 (36832/54138)
[Eval] Test Acc. : 66.71% 	 (37974/56926)
LogitsTrain Time used: 4 	 Loss: 136.389
[Eval] Valid Acc. : 67.90% 	 (36759/54138)
[Eval] Test Acc. : 66.27% 	 (37727/56926)
LogitsTrain Time used: 4 	 Loss: 130.824
[Eval] Valid Acc. : 68.26% 	 (36954/54138)
[Eval] Test Acc. : 66.75% 	 (37996/56926)
LogitsTrain Time used: 4 	 Loss: 125.553
[Eval] Valid Acc. : 68.26% 	 (36953/54138)
[Eval] Test Acc. : 66.78% 	 (38016/56926)
LogitsTrain Time used: 4 	 Loss: 126.221
[Eval] Valid Acc. : 67.99% 	 (36811/54138)
[Eval] Test Acc. : 66.67% 	 (37951/56926)
LogitsTrain Time used: 4 	 Loss: 135.559
[Eval] Valid Acc. : 67.80% 	 (36705/54138)
[Eval] Test Acc. : 66.50% 	 (37853/56926)
LogitsTrain Time used: 4 	 Loss: 129.964
[Eval] Valid Acc. : 68.30% 	 (36977/54138)
[Eval] Test Acc. : 66.68% 	 (37960/56926)
Finish training student!
[Result][Student] Best epoch : 49 	Valid. Acc. : 68.3014% 	 Test Acc.: 66.6831%
