========CONFIG===========
part_labeled =  0.05
========CONFIG===========
[Teacher] CyclicLR step size =  2
[Teacher] batch_size =  100
Train Time used: 1 	 Loss: 1176.860 | Train Acc: 1.680% (893/53139)
Using the default mapping tsv
[Eval] Valid Acc. : 25.86% 	 (13998/54138)
[Eval] Test Acc. : 24.16% 	 (13755/56926)
Train Time used: 0 	 Loss: 1108.203 | Train Acc: 14.144% (7516/53139)
[Eval] Valid Acc. : 25.86% 	 (13998/54138)
[Eval] Test Acc. : 24.16% 	 (13755/56926)
Train Time used: 0 	 Loss: 1072.208 | Train Acc: 14.144% (7516/53139)
[Eval] Valid Acc. : 25.86% 	 (13998/54138)
[Eval] Test Acc. : 24.16% 	 (13755/56926)
Train Time used: 0 	 Loss: 1041.429 | Train Acc: 13.485% (7166/53139)
[Eval] Valid Acc. : 31.86% 	 (17251/54138)
[Eval] Test Acc. : 30.06% 	 (17113/56926)
Train Time used: 0 	 Loss: 985.242 | Train Acc: 13.356% (7097/53139)
[Eval] Valid Acc. : 28.70% 	 (15540/54138)
[Eval] Test Acc. : 26.64% 	 (15167/56926)
Train Time used: 0 	 Loss: 944.337 | Train Acc: 18.049% (9591/53139)
[Eval] Valid Acc. : 31.11% 	 (16845/54138)
[Eval] Test Acc. : 28.96% 	 (16483/56926)
Train Time used: 0 	 Loss: 902.838 | Train Acc: 22.511% (11962/53139)
[Eval] Valid Acc. : 32.50% 	 (17596/54138)
[Eval] Test Acc. : 31.30% 	 (17815/56926)
Train Time used: 0 	 Loss: 847.919 | Train Acc: 24.107% (12810/53139)
[Eval] Valid Acc. : 38.32% 	 (20746/54138)
[Eval] Test Acc. : 37.14% 	 (21145/56926)
Train Time used: 0 	 Loss: 799.210 | Train Acc: 29.116% (15472/53139)
[Eval] Valid Acc. : 38.41% 	 (20795/54138)
[Eval] Test Acc. : 36.92% 	 (21019/56926)
Train Time used: 0 	 Loss: 744.646 | Train Acc: 29.323% (15582/53139)
[Eval] Valid Acc. : 39.97% 	 (21639/54138)
[Eval] Test Acc. : 38.07% 	 (21671/56926)
Train Time used: 0 	 Loss: 711.362 | Train Acc: 34.063% (18101/53139)
[Eval] Valid Acc. : 42.25% 	 (22874/54138)
[Eval] Test Acc. : 40.69% 	 (23165/56926)
Train Time used: 0 	 Loss: 690.862 | Train Acc: 34.398% (18279/53139)
[Eval] Valid Acc. : 41.81% 	 (22637/54138)
[Eval] Test Acc. : 39.43% 	 (22445/56926)
Train Time used: 0 	 Loss: 653.687 | Train Acc: 35.834% (19042/53139)
[Eval] Valid Acc. : 45.05% 	 (24391/54138)
[Eval] Test Acc. : 43.45% 	 (24735/56926)
Train Time used: 0 	 Loss: 644.525 | Train Acc: 37.989% (20187/53139)
[Eval] Valid Acc. : 43.51% 	 (23555/54138)
[Eval] Test Acc. : 41.95% 	 (23880/56926)
Train Time used: 0 	 Loss: 610.285 | Train Acc: 39.538% (21010/53139)
[Eval] Valid Acc. : 47.14% 	 (25520/54138)
[Eval] Test Acc. : 45.95% 	 (26156/56926)
Train Time used: 0 	 Loss: 617.046 | Train Acc: 39.788% (21143/53139)
[Eval] Valid Acc. : 47.55% 	 (25745/54138)
[Eval] Test Acc. : 45.68% 	 (26005/56926)
Train Time used: 0 	 Loss: 589.694 | Train Acc: 41.860% (22244/53139)
[Eval] Valid Acc. : 50.45% 	 (27313/54138)
[Eval] Test Acc. : 49.22% 	 (28020/56926)
Train Time used: 0 	 Loss: 596.067 | Train Acc: 42.737% (22710/53139)
[Eval] Valid Acc. : 45.28% 	 (24515/54138)
[Eval] Test Acc. : 44.32% 	 (25227/56926)
Train Time used: 0 	 Loss: 599.423 | Train Acc: 42.330% (22494/53139)
[Eval] Valid Acc. : 50.49% 	 (27335/54138)
[Eval] Test Acc. : 49.23% 	 (28025/56926)
Train Time used: 0 	 Loss: 594.077 | Train Acc: 42.724% (22703/53139)
[Eval] Valid Acc. : 47.41% 	 (25667/54138)
[Eval] Test Acc. : 45.65% 	 (25984/56926)
Train Time used: 0 	 Loss: 596.096 | Train Acc: 41.120% (21851/53139)
[Eval] Valid Acc. : 51.85% 	 (28070/54138)
[Eval] Test Acc. : 50.31% 	 (28639/56926)
Train Time used: 0 	 Loss: 564.845 | Train Acc: 42.300% (22478/53139)
[Eval] Valid Acc. : 47.96% 	 (25967/54138)
[Eval] Test Acc. : 46.47% 	 (26455/56926)
Train Time used: 0 	 Loss: 580.188 | Train Acc: 42.235% (22443/53139)
[Eval] Valid Acc. : 51.32% 	 (27786/54138)
[Eval] Test Acc. : 49.90% 	 (28405/56926)
Train Time used: 0 	 Loss: 527.638 | Train Acc: 46.984% (24967/53139)
[Eval] Valid Acc. : 52.90% 	 (28640/54138)
[Eval] Test Acc. : 51.09% 	 (29083/56926)
Train Time used: 0 	 Loss: 523.922 | Train Acc: 47.423% (25200/53139)
[Eval] Valid Acc. : 54.35% 	 (29424/54138)
[Eval] Test Acc. : 53.23% 	 (30300/56926)
Train Time used: 0 	 Loss: 500.740 | Train Acc: 49.679% (26399/53139)
[Eval] Valid Acc. : 54.86% 	 (29698/54138)
[Eval] Test Acc. : 54.09% 	 (30794/56926)
Train Time used: 0 	 Loss: 492.741 | Train Acc: 49.762% (26443/53139)
[Eval] Valid Acc. : 56.24% 	 (30447/54138)
[Eval] Test Acc. : 55.51% 	 (31601/56926)
Train Time used: 0 	 Loss: 470.754 | Train Acc: 52.344% (27815/53139)
[Eval] Valid Acc. : 55.95% 	 (30289/54138)
[Eval] Test Acc. : 53.81% 	 (30633/56926)
Train Time used: 0 	 Loss: 472.630 | Train Acc: 51.804% (27528/53139)
[Eval] Valid Acc. : 58.46% 	 (31647/54138)
[Eval] Test Acc. : 56.96% 	 (32424/56926)
Train Time used: 0 	 Loss: 451.674 | Train Acc: 54.830% (29136/53139)
[Eval] Valid Acc. : 57.37% 	 (31060/54138)
[Eval] Test Acc. : 55.88% 	 (31812/56926)
Train Time used: 0 	 Loss: 445.810 | Train Acc: 55.251% (29360/53139)
[Eval] Valid Acc. : 59.39% 	 (32151/54138)
[Eval] Test Acc. : 57.47% 	 (32715/56926)
Train Time used: 0 	 Loss: 445.661 | Train Acc: 54.374% (28894/53139)
[Eval] Valid Acc. : 57.24% 	 (30990/54138)
[Eval] Test Acc. : 55.11% 	 (31373/56926)
Train Time used: 0 	 Loss: 434.781 | Train Acc: 54.694% (29064/53139)
[Eval] Valid Acc. : 59.36% 	 (32135/54138)
[Eval] Test Acc. : 57.68% 	 (32836/56926)
Train Time used: 0 	 Loss: 428.622 | Train Acc: 56.770% (30167/53139)
[Eval] Valid Acc. : 56.82% 	 (30759/54138)
[Eval] Test Acc. : 55.26% 	 (31457/56926)
Train Time used: 0 	 Loss: 443.115 | Train Acc: 54.928% (29188/53139)
[Eval] Valid Acc. : 60.16% 	 (32571/54138)
[Eval] Test Acc. : 58.91% 	 (33537/56926)
Train Time used: 0 	 Loss: 427.998 | Train Acc: 56.347% (29942/53139)
[Eval] Valid Acc. : 57.46% 	 (31105/54138)
[Eval] Test Acc. : 54.50% 	 (31026/56926)
Train Time used: 0 	 Loss: 436.544 | Train Acc: 54.408% (28912/53139)
[Eval] Valid Acc. : 60.95% 	 (32996/54138)
[Eval] Test Acc. : 58.93% 	 (33544/56926)
Train Time used: 0 	 Loss: 407.015 | Train Acc: 59.006% (31355/53139)
[Eval] Valid Acc. : 57.28% 	 (31009/54138)
[Eval] Test Acc. : 56.30% 	 (32051/56926)
Train Time used: 0 	 Loss: 431.155 | Train Acc: 56.554% (30052/53139)
[Eval] Valid Acc. : 60.62% 	 (32818/54138)
[Eval] Test Acc. : 59.27% 	 (33741/56926)
Train Time used: 0 	 Loss: 412.018 | Train Acc: 58.001% (30821/53139)
[Eval] Valid Acc. : 58.63% 	 (31742/54138)
[Eval] Test Acc. : 56.07% 	 (31918/56926)
Train Time used: 0 	 Loss: 409.858 | Train Acc: 58.164% (30908/53139)
[Eval] Valid Acc. : 62.69% 	 (33937/54138)
[Eval] Test Acc. : 60.65% 	 (34525/56926)
Train Time used: 0 	 Loss: 384.655 | Train Acc: 61.046% (32439/53139)
[Eval] Valid Acc. : 57.77% 	 (31276/54138)
[Eval] Test Acc. : 56.90% 	 (32390/56926)
Train Time used: 0 	 Loss: 404.697 | Train Acc: 58.456% (31063/53139)
[Eval] Valid Acc. : 61.71% 	 (33407/54138)
[Eval] Test Acc. : 60.33% 	 (34345/56926)
Train Time used: 0 	 Loss: 368.498 | Train Acc: 62.730% (33334/53139)
[Eval] Valid Acc. : 59.78% 	 (32365/54138)
[Eval] Test Acc. : 58.18% 	 (33117/56926)
Train Time used: 0 	 Loss: 380.800 | Train Acc: 60.861% (32341/53139)
[Eval] Valid Acc. : 62.33% 	 (33744/54138)
[Eval] Test Acc. : 61.12% 	 (34796/56926)
Train Time used: 0 	 Loss: 344.760 | Train Acc: 64.408% (34226/53139)
[Eval] Valid Acc. : 61.09% 	 (33072/54138)
[Eval] Test Acc. : 59.97% 	 (34138/56926)
Train Time used: 0 	 Loss: 352.802 | Train Acc: 62.783% (33362/53139)
[Eval] Valid Acc. : 63.21% 	 (34221/54138)
[Eval] Test Acc. : 61.79% 	 (35176/56926)
Train Time used: 0 	 Loss: 328.803 | Train Acc: 66.204% (35180/53139)
[Eval] Valid Acc. : 62.03% 	 (33581/54138)
[Eval] Test Acc. : 59.94% 	 (34121/56926)
Train Time used: 0 	 Loss: 333.871 | Train Acc: 65.515% (34814/53139)
[Eval] Valid Acc. : 63.67% 	 (34469/54138)
[Eval] Test Acc. : 61.95% 	 (35268/56926)
Train Time used: 0 	 Loss: 316.100 | Train Acc: 67.205% (35712/53139)
[Eval] Valid Acc. : 62.76% 	 (33977/54138)
[Eval] Test Acc. : 61.24% 	 (34864/56926)
Finish training teacher!
[Result][Teacher] Best epoch : 48 	Valid. Acc. : 63.6688% 	 Test Acc.: 61.9541%
