========CONFIG===========
part_labeled =  0.3
========CONFIG===========
[Teacher] CyclicLR step size =  20
[Teacher] batch_size =  100
Train Time used: 5 	 Loss: 1096.508 | Train Acc: 10.225% (32158/314517)
Using the default mapping tsv
[Eval] Valid Acc. : 31.79% 	 (17211/54138)
[Eval] Test Acc. : 29.92% 	 (17034/56926)
Train Time used: 5 	 Loss: 835.148 | Train Acc: 24.910% (78345/314517)
[Eval] Valid Acc. : 43.51% 	 (23553/54138)
[Eval] Test Acc. : 41.53% 	 (23640/56926)
Train Time used: 5 	 Loss: 576.205 | Train Acc: 42.558% (133853/314517)
[Eval] Valid Acc. : 53.78% 	 (29118/54138)
[Eval] Test Acc. : 52.38% 	 (29818/56926)
Train Time used: 5 	 Loss: 498.259 | Train Acc: 49.841% (156758/314517)
[Eval] Valid Acc. : 56.90% 	 (30805/54138)
[Eval] Test Acc. : 55.35% 	 (31506/56926)
Train Time used: 5 	 Loss: 466.015 | Train Acc: 52.499% (165117/314517)
[Eval] Valid Acc. : 58.85% 	 (31861/54138)
[Eval] Test Acc. : 57.17% 	 (32545/56926)
Train Time used: 5 	 Loss: 517.212 | Train Acc: 48.103% (151291/314517)
[Eval] Valid Acc. : 59.50% 	 (32210/54138)
[Eval] Test Acc. : 57.40% 	 (32678/56926)
Train Time used: 5 	 Loss: 418.109 | Train Acc: 56.722% (178399/314517)
[Eval] Valid Acc. : 64.12% 	 (34712/54138)
[Eval] Test Acc. : 62.34% 	 (35489/56926)
Train Time used: 5 	 Loss: 385.244 | Train Acc: 60.065% (188915/314517)
[Eval] Valid Acc. : 65.16% 	 (35278/54138)
[Eval] Test Acc. : 63.55% 	 (36174/56926)
Train Time used: 5 	 Loss: 363.962 | Train Acc: 61.936% (194800/314517)
[Eval] Valid Acc. : 66.44% 	 (35971/54138)
[Eval] Test Acc. : 64.95% 	 (36976/56926)
Train Time used: 5 	 Loss: 339.736 | Train Acc: 64.345% (202376/314517)
[Eval] Valid Acc. : 68.74% 	 (37213/54138)
[Eval] Test Acc. : 66.84% 	 (38050/56926)
Train Time used: 5 	 Loss: 307.154 | Train Acc: 67.698% (212921/314517)
[Eval] Valid Acc. : 70.14% 	 (37970/54138)
[Eval] Test Acc. : 68.75% 	 (39134/56926)
Train Time used: 5 	 Loss: 296.655 | Train Acc: 68.805% (216403/314517)
[Eval] Valid Acc. : 70.13% 	 (37967/54138)
[Eval] Test Acc. : 68.12% 	 (38776/56926)
Train Time used: 5 	 Loss: 288.548 | Train Acc: 69.361% (218152/314517)
[Eval] Valid Acc. : 69.21% 	 (37469/54138)
[Eval] Test Acc. : 67.05% 	 (38168/56926)
Train Time used: 5 	 Loss: 276.509 | Train Acc: 70.306% (221123/314517)
[Eval] Valid Acc. : 71.71% 	 (38824/54138)
[Eval] Test Acc. : 69.85% 	 (39764/56926)
Train Time used: 5 	 Loss: 249.341 | Train Acc: 73.334% (230649/314517)
[Eval] Valid Acc. : 71.81% 	 (38875/54138)
[Eval] Test Acc. : 69.77% 	 (39718/56926)
Train Time used: 5 	 Loss: 248.788 | Train Acc: 73.210% (230259/314517)
[Eval] Valid Acc. : 71.75% 	 (38844/54138)
[Eval] Test Acc. : 69.33% 	 (39468/56926)
Train Time used: 5 	 Loss: 269.366 | Train Acc: 70.532% (221836/314517)
[Eval] Valid Acc. : 71.62% 	 (38774/54138)
[Eval] Test Acc. : 69.53% 	 (39580/56926)
Train Time used: 5 	 Loss: 234.183 | Train Acc: 74.469% (234218/314517)
[Eval] Valid Acc. : 73.53% 	 (39809/54138)
[Eval] Test Acc. : 71.42% 	 (40655/56926)
Train Time used: 5 	 Loss: 211.960 | Train Acc: 77.098% (242486/314517)
[Eval] Valid Acc. : 73.63% 	 (39864/54138)
[Eval] Test Acc. : 71.51% 	 (40709/56926)
Train Time used: 5 	 Loss: 217.447 | Train Acc: 76.417% (240344/314517)
[Eval] Valid Acc. : 71.19% 	 (38539/54138)
[Eval] Test Acc. : 68.94% 	 (39243/56926)
Train Time used: 5 	 Loss: 224.923 | Train Acc: 75.318% (236888/314517)
[Eval] Valid Acc. : 73.56% 	 (39825/54138)
[Eval] Test Acc. : 71.26% 	 (40563/56926)
Train Time used: 5 	 Loss: 187.842 | Train Acc: 79.560% (250229/314517)
[Eval] Valid Acc. : 74.87% 	 (40533/54138)
[Eval] Test Acc. : 72.01% 	 (40992/56926)
Train Time used: 5 	 Loss: 177.994 | Train Acc: 80.497% (253177/314517)
[Eval] Valid Acc. : 73.88% 	 (39995/54138)
[Eval] Test Acc. : 71.73% 	 (40831/56926)
Train Time used: 5 	 Loss: 173.426 | Train Acc: 80.843% (254266/314517)
[Eval] Valid Acc. : 73.77% 	 (39940/54138)
[Eval] Test Acc. : 71.09% 	 (40467/56926)
Train Time used: 5 	 Loss: 160.532 | Train Acc: 82.290% (258815/314517)
[Eval] Valid Acc. : 74.15% 	 (40145/54138)
[Eval] Test Acc. : 71.62% 	 (40769/56926)
Train Time used: 5 	 Loss: 143.099 | Train Acc: 84.411% (265486/314517)
[Eval] Valid Acc. : 73.72% 	 (39908/54138)
[Eval] Test Acc. : 71.16% 	 (40510/56926)
Train Time used: 5 	 Loss: 148.334 | Train Acc: 83.603% (262945/314517)
[Eval] Valid Acc. : 73.23% 	 (39643/54138)
[Eval] Test Acc. : 70.70% 	 (40248/56926)
Train Time used: 5 	 Loss: 165.730 | Train Acc: 81.538% (256450/314517)
[Eval] Valid Acc. : 73.25% 	 (39656/54138)
[Eval] Test Acc. : 71.03% 	 (40432/56926)
Train Time used: 5 	 Loss: 143.868 | Train Acc: 83.963% (264079/314517)
[Eval] Valid Acc. : 74.45% 	 (40306/54138)
[Eval] Test Acc. : 71.82% 	 (40887/56926)
Train Time used: 5 	 Loss: 124.337 | Train Acc: 86.368% (271642/314517)
[Eval] Valid Acc. : 73.48% 	 (39780/54138)
[Eval] Test Acc. : 71.36% 	 (40621/56926)
Train Time used: 5 	 Loss: 129.632 | Train Acc: 85.588% (269190/314517)
[Eval] Valid Acc. : 72.95% 	 (39491/54138)
[Eval] Test Acc. : 70.55% 	 (40162/56926)
Train Time used: 5 	 Loss: 136.337 | Train Acc: 84.658% (266263/314517)
[Eval] Valid Acc. : 73.52% 	 (39800/54138)
[Eval] Test Acc. : 70.96% 	 (40395/56926)
Train Time used: 5 	 Loss: 111.261 | Train Acc: 87.641% (275646/314517)
[Eval] Valid Acc. : 74.50% 	 (40335/54138)
[Eval] Test Acc. : 71.94% 	 (40951/56926)
Train Time used: 5 	 Loss: 102.429 | Train Acc: 88.731% (279074/314517)
[Eval] Valid Acc. : 73.62% 	 (39855/54138)
[Eval] Test Acc. : 71.48% 	 (40689/56926)
Train Time used: 5 	 Loss: 98.299 | Train Acc: 89.016% (279969/314517)
[Eval] Valid Acc. : 72.83% 	 (39427/54138)
[Eval] Test Acc. : 70.70% 	 (40245/56926)
Train Time used: 5 	 Loss: 94.026 | Train Acc: 89.423% (281251/314517)
[Eval] Valid Acc. : 73.41% 	 (39742/54138)
[Eval] Test Acc. : 71.05% 	 (40444/56926)
Train Time used: 5 	 Loss: 81.981 | Train Acc: 90.967% (286108/314517)
[Eval] Valid Acc. : 73.02% 	 (39530/54138)
[Eval] Test Acc. : 70.45% 	 (40105/56926)
Train Time used: 5 	 Loss: 84.810 | Train Acc: 90.506% (284657/314517)
[Eval] Valid Acc. : 72.99% 	 (39516/54138)
[Eval] Test Acc. : 70.69% 	 (40241/56926)
Train Time used: 5 	 Loss: 82.303 | Train Acc: 90.713% (285309/314517)
[Eval] Valid Acc. : 72.85% 	 (39441/54138)
[Eval] Test Acc. : 70.79% 	 (40298/56926)
Train Time used: 5 	 Loss: 76.694 | Train Acc: 91.315% (287202/314517)
[Eval] Valid Acc. : 73.79% 	 (39951/54138)
[Eval] Test Acc. : 71.16% 	 (40509/56926)
Train Time used: 5 	 Loss: 67.420 | Train Acc: 92.480% (290864/314517)
[Eval] Valid Acc. : 72.57% 	 (39287/54138)
[Eval] Test Acc. : 69.64% 	 (39645/56926)
Train Time used: 5 	 Loss: 67.244 | Train Acc: 92.450% (290770/314517)
[Eval] Valid Acc. : 72.58% 	 (39295/54138)
[Eval] Test Acc. : 69.67% 	 (39658/56926)
Train Time used: 5 	 Loss: 62.424 | Train Acc: 92.997% (292491/314517)
[Eval] Valid Acc. : 73.40% 	 (39736/54138)
[Eval] Test Acc. : 70.92% 	 (40370/56926)
Train Time used: 5 	 Loss: 55.715 | Train Acc: 93.741% (294832/314517)
[Eval] Valid Acc. : 73.62% 	 (39857/54138)
[Eval] Test Acc. : 71.28% 	 (40579/56926)
Train Time used: 5 	 Loss: 52.422 | Train Acc: 94.167% (296171/314517)
[Eval] Valid Acc. : 72.89% 	 (39459/54138)
[Eval] Test Acc. : 69.86% 	 (39770/56926)
Train Time used: 5 	 Loss: 49.668 | Train Acc: 94.450% (297062/314517)
[Eval] Valid Acc. : 72.58% 	 (39295/54138)
[Eval] Test Acc. : 70.19% 	 (39958/56926)
Train Time used: 5 	 Loss: 47.827 | Train Acc: 94.601% (297536/314517)
[Eval] Valid Acc. : 73.12% 	 (39587/54138)
[Eval] Test Acc. : 70.40% 	 (40075/56926)
Train Time used: 5 	 Loss: 43.068 | Train Acc: 95.248% (299572/314517)
[Eval] Valid Acc. : 73.29% 	 (39680/54138)
[Eval] Test Acc. : 70.75% 	 (40276/56926)
Train Time used: 5 	 Loss: 45.842 | Train Acc: 94.810% (298194/314517)
[Eval] Valid Acc. : 73.00% 	 (39521/54138)
[Eval] Test Acc. : 70.65% 	 (40220/56926)
Train Time used: 5 	 Loss: 48.382 | Train Acc: 94.405% (296920/314517)
[Eval] Valid Acc. : 72.36% 	 (39173/54138)
[Eval] Test Acc. : 69.76% 	 (39709/56926)
Finish training teacher!
[Result][Teacher] Best epoch : 21 	Valid. Acc. : 74.8698% 	 Test Acc.: 72.0093%
