========CONFIG===========
part_labeled =  0.03
========CONFIG===========
[Teacher] CyclicLR step size =  2
[Teacher] batch_size =  100
Train Time used: 0 	 Loss: 1130.187 | Train Acc: 1.661% (528/31797)
Using the default mapping tsv
[Eval] Valid Acc. : 25.86% 	 (13998/54138)
[Eval] Test Acc. : 24.16% 	 (13755/56926)
Train Time used: 0 	 Loss: 1052.480 | Train Acc: 14.256% (4533/31797)
[Eval] Valid Acc. : 25.86% 	 (13998/54138)
[Eval] Test Acc. : 24.16% 	 (13755/56926)
Train Time used: 0 	 Loss: 1025.636 | Train Acc: 14.256% (4533/31797)
[Eval] Valid Acc. : 25.86% 	 (13998/54138)
[Eval] Test Acc. : 24.16% 	 (13755/56926)
Train Time used: 0 	 Loss: 1010.327 | Train Acc: 13.970% (4442/31797)
[Eval] Valid Acc. : 30.28% 	 (16395/54138)
[Eval] Test Acc. : 28.55% 	 (16251/56926)
Train Time used: 0 	 Loss: 948.506 | Train Acc: 10.507% (3341/31797)
[Eval] Valid Acc. : 29.60% 	 (16026/54138)
[Eval] Test Acc. : 27.73% 	 (15785/56926)
Train Time used: 0 	 Loss: 889.456 | Train Acc: 17.719% (5634/31797)
[Eval] Valid Acc. : 28.53% 	 (15444/54138)
[Eval] Test Acc. : 26.48% 	 (15074/56926)
Train Time used: 0 	 Loss: 866.640 | Train Acc: 18.225% (5795/31797)
[Eval] Valid Acc. : 29.77% 	 (16119/54138)
[Eval] Test Acc. : 28.64% 	 (16301/56926)
Train Time used: 0 	 Loss: 829.658 | Train Acc: 18.618% (5920/31797)
[Eval] Valid Acc. : 36.94% 	 (19998/54138)
[Eval] Test Acc. : 35.77% 	 (20365/56926)
Train Time used: 0 	 Loss: 785.393 | Train Acc: 28.100% (8935/31797)
[Eval] Valid Acc. : 39.24% 	 (21243/54138)
[Eval] Test Acc. : 37.92% 	 (21586/56926)
Train Time used: 0 	 Loss: 687.795 | Train Acc: 30.154% (9588/31797)
[Eval] Valid Acc. : 39.04% 	 (21138/54138)
[Eval] Test Acc. : 37.36% 	 (21268/56926)
Train Time used: 0 	 Loss: 663.670 | Train Acc: 30.657% (9748/31797)
[Eval] Valid Acc. : 42.09% 	 (22789/54138)
[Eval] Test Acc. : 39.78% 	 (22645/56926)
Train Time used: 0 	 Loss: 674.600 | Train Acc: 34.736% (11045/31797)
[Eval] Valid Acc. : 43.09% 	 (23328/54138)
[Eval] Test Acc. : 41.02% 	 (23352/56926)
Train Time used: 0 	 Loss: 618.538 | Train Acc: 36.947% (11748/31797)
[Eval] Valid Acc. : 41.51% 	 (22474/54138)
[Eval] Test Acc. : 39.68% 	 (22587/56926)
Train Time used: 0 	 Loss: 605.331 | Train Acc: 36.425% (11582/31797)
[Eval] Valid Acc. : 40.09% 	 (21706/54138)
[Eval] Test Acc. : 38.31% 	 (21811/56926)
Train Time used: 0 	 Loss: 584.930 | Train Acc: 35.242% (11206/31797)
[Eval] Valid Acc. : 44.53% 	 (24110/54138)
[Eval] Test Acc. : 42.78% 	 (24352/56926)
Train Time used: 0 	 Loss: 598.941 | Train Acc: 39.677% (12616/31797)
[Eval] Valid Acc. : 42.16% 	 (22825/54138)
[Eval] Test Acc. : 40.13% 	 (22846/56926)
Train Time used: 0 	 Loss: 595.596 | Train Acc: 37.579% (11949/31797)
[Eval] Valid Acc. : 46.17% 	 (24997/54138)
[Eval] Test Acc. : 44.78% 	 (25493/56926)
Train Time used: 0 	 Loss: 523.983 | Train Acc: 40.214% (12787/31797)
[Eval] Valid Acc. : 40.33% 	 (21832/54138)
[Eval] Test Acc. : 38.51% 	 (21924/56926)
Train Time used: 0 	 Loss: 559.182 | Train Acc: 36.192% (11508/31797)
[Eval] Valid Acc. : 45.66% 	 (24722/54138)
[Eval] Test Acc. : 44.29% 	 (25213/56926)
Train Time used: 0 	 Loss: 533.331 | Train Acc: 40.787% (12969/31797)
[Eval] Valid Acc. : 49.82% 	 (26973/54138)
[Eval] Test Acc. : 48.26% 	 (27471/56926)
Train Time used: 0 	 Loss: 481.134 | Train Acc: 45.051% (14325/31797)
[Eval] Valid Acc. : 50.18% 	 (27168/54138)
[Eval] Test Acc. : 48.64% 	 (27690/56926)
Train Time used: 0 	 Loss: 464.770 | Train Acc: 45.533% (14478/31797)
[Eval] Valid Acc. : 49.61% 	 (26860/54138)
[Eval] Test Acc. : 48.22% 	 (27451/56926)
Train Time used: 0 	 Loss: 437.830 | Train Acc: 43.976% (13983/31797)
[Eval] Valid Acc. : 50.65% 	 (27419/54138)
[Eval] Test Acc. : 49.29% 	 (28060/56926)
Train Time used: 0 	 Loss: 422.400 | Train Acc: 47.341% (15053/31797)
[Eval] Valid Acc. : 50.43% 	 (27301/54138)
[Eval] Test Acc. : 48.88% 	 (27825/56926)
Train Time used: 0 	 Loss: 404.759 | Train Acc: 46.253% (14707/31797)
[Eval] Valid Acc. : 52.72% 	 (28539/54138)
[Eval] Test Acc. : 50.85% 	 (28948/56926)
Train Time used: 0 	 Loss: 385.321 | Train Acc: 50.574% (16081/31797)
[Eval] Valid Acc. : 52.02% 	 (28160/54138)
[Eval] Test Acc. : 50.44% 	 (28715/56926)
Train Time used: 0 	 Loss: 396.489 | Train Acc: 48.445% (15404/31797)
[Eval] Valid Acc. : 53.32% 	 (28866/54138)
[Eval] Test Acc. : 51.49% 	 (29312/56926)
Train Time used: 0 	 Loss: 368.668 | Train Acc: 50.222% (15969/31797)
[Eval] Valid Acc. : 49.82% 	 (26973/54138)
[Eval] Test Acc. : 48.12% 	 (27393/56926)
Train Time used: 0 	 Loss: 376.432 | Train Acc: 47.753% (15184/31797)
[Eval] Valid Acc. : 53.80% 	 (29125/54138)
[Eval] Test Acc. : 52.79% 	 (30052/56926)
Train Time used: 0 	 Loss: 335.258 | Train Acc: 52.914% (16825/31797)
[Eval] Valid Acc. : 52.54% 	 (28443/54138)
[Eval] Test Acc. : 51.08% 	 (29077/56926)
Train Time used: 0 	 Loss: 352.241 | Train Acc: 51.300% (16312/31797)
[Eval] Valid Acc. : 54.41% 	 (29455/54138)
[Eval] Test Acc. : 53.05% 	 (30200/56926)
Train Time used: 0 	 Loss: 332.542 | Train Acc: 53.741% (17088/31797)
[Eval] Valid Acc. : 51.81% 	 (28048/54138)
[Eval] Test Acc. : 49.70% 	 (28294/56926)
Train Time used: 0 	 Loss: 319.998 | Train Acc: 52.691% (16754/31797)
[Eval] Valid Acc. : 54.56% 	 (29539/54138)
[Eval] Test Acc. : 52.80% 	 (30056/56926)
Train Time used: 0 	 Loss: 297.079 | Train Acc: 55.527% (17656/31797)
[Eval] Valid Acc. : 53.84% 	 (29147/54138)
[Eval] Test Acc. : 52.25% 	 (29742/56926)
Train Time used: 0 	 Loss: 311.674 | Train Acc: 54.269% (17256/31797)
[Eval] Valid Acc. : 56.44% 	 (30554/54138)
[Eval] Test Acc. : 54.67% 	 (31124/56926)
Train Time used: 0 	 Loss: 294.838 | Train Acc: 57.858% (18397/31797)
[Eval] Valid Acc. : 51.76% 	 (28022/54138)
[Eval] Test Acc. : 49.50% 	 (28176/56926)
Train Time used: 0 	 Loss: 316.285 | Train Acc: 52.241% (16611/31797)
[Eval] Valid Acc. : 56.68% 	 (30685/54138)
[Eval] Test Acc. : 54.91% 	 (31260/56926)
Train Time used: 0 	 Loss: 262.980 | Train Acc: 59.515% (18924/31797)
[Eval] Valid Acc. : 53.45% 	 (28938/54138)
[Eval] Test Acc. : 51.61% 	 (29377/56926)
Train Time used: 0 	 Loss: 320.423 | Train Acc: 53.445% (16994/31797)
[Eval] Valid Acc. : 55.83% 	 (30227/54138)
[Eval] Test Acc. : 54.20% 	 (30854/56926)
Train Time used: 0 	 Loss: 277.734 | Train Acc: 57.688% (18343/31797)
[Eval] Valid Acc. : 51.80% 	 (28046/54138)
[Eval] Test Acc. : 49.74% 	 (28315/56926)
Train Time used: 0 	 Loss: 308.698 | Train Acc: 52.618% (16731/31797)
[Eval] Valid Acc. : 56.40% 	 (30535/54138)
[Eval] Test Acc. : 54.77% 	 (31178/56926)
Train Time used: 0 	 Loss: 258.026 | Train Acc: 59.493% (18917/31797)
[Eval] Valid Acc. : 54.52% 	 (29517/54138)
[Eval] Test Acc. : 52.82% 	 (30071/56926)
Train Time used: 0 	 Loss: 289.536 | Train Acc: 56.216% (17875/31797)
[Eval] Valid Acc. : 55.32% 	 (29950/54138)
[Eval] Test Acc. : 53.81% 	 (30631/56926)
Train Time used: 0 	 Loss: 266.412 | Train Acc: 58.251% (18522/31797)
[Eval] Valid Acc. : 55.47% 	 (30030/54138)
[Eval] Test Acc. : 53.75% 	 (30600/56926)
Train Time used: 0 	 Loss: 259.034 | Train Acc: 58.546% (18616/31797)
[Eval] Valid Acc. : 57.94% 	 (31368/54138)
[Eval] Test Acc. : 56.63% 	 (32236/56926)
Train Time used: 0 	 Loss: 233.054 | Train Acc: 62.273% (19801/31797)
[Eval] Valid Acc. : 55.47% 	 (30030/54138)
[Eval] Test Acc. : 53.48% 	 (30442/56926)
Train Time used: 0 	 Loss: 247.126 | Train Acc: 59.006% (18762/31797)
[Eval] Valid Acc. : 57.83% 	 (31306/54138)
[Eval] Test Acc. : 55.90% 	 (31824/56926)
Train Time used: 0 	 Loss: 214.588 | Train Acc: 63.811% (20290/31797)
[Eval] Valid Acc. : 55.28% 	 (29929/54138)
[Eval] Test Acc. : 54.02% 	 (30753/56926)
Train Time used: 0 	 Loss: 240.795 | Train Acc: 59.691% (18980/31797)
[Eval] Valid Acc. : 57.34% 	 (31044/54138)
[Eval] Test Acc. : 55.82% 	 (31777/56926)
Train Time used: 0 	 Loss: 219.921 | Train Acc: 63.868% (20308/31797)
[Eval] Valid Acc. : 56.65% 	 (30668/54138)
[Eval] Test Acc. : 55.02% 	 (31319/56926)
Finish training teacher!
[Result][Teacher] Best epoch : 44 	Valid. Acc. : 57.9408% 	 Test Acc.: 56.6279%
