========CONFIG===========
part_labeled =  0.1
========CONFIG===========
[Teacher] CyclicLR step size =  6
[Teacher] batch_size =  100
Train Time used: 1 	 Loss: 1175.994 | Train Acc: 6.935% (7458/107548)
Using the default mapping tsv
[Eval] Valid Acc. : 25.86% 	 (13998/54138)
[Eval] Test Acc. : 24.16% 	 (13755/56926)
Train Time used: 1 	 Loss: 1075.493 | Train Acc: 14.055% (15116/107548)
[Eval] Valid Acc. : 28.87% 	 (15629/54138)
[Eval] Test Acc. : 26.85% 	 (15283/56926)
Train Time used: 1 	 Loss: 937.073 | Train Acc: 19.167% (20614/107548)
[Eval] Valid Acc. : 31.34% 	 (16966/54138)
[Eval] Test Acc. : 29.03% 	 (16524/56926)
Train Time used: 1 	 Loss: 892.210 | Train Acc: 25.689% (27628/107548)
[Eval] Valid Acc. : 37.86% 	 (20498/54138)
[Eval] Test Acc. : 36.90% 	 (21008/56926)
Train Time used: 1 	 Loss: 775.631 | Train Acc: 30.032% (32299/107548)
[Eval] Valid Acc. : 41.77% 	 (22615/54138)
[Eval] Test Acc. : 40.86% 	 (23258/56926)
Train Time used: 1 	 Loss: 669.986 | Train Acc: 35.976% (38691/107548)
[Eval] Valid Acc. : 46.21% 	 (25015/54138)
[Eval] Test Acc. : 44.54% 	 (25355/56926)
Train Time used: 1 	 Loss: 622.814 | Train Acc: 40.455% (43509/107548)
[Eval] Valid Acc. : 48.21% 	 (26101/54138)
[Eval] Test Acc. : 46.75% 	 (26613/56926)
Train Time used: 1 	 Loss: 588.392 | Train Acc: 42.711% (45935/107548)
[Eval] Valid Acc. : 48.76% 	 (26397/54138)
[Eval] Test Acc. : 47.03% 	 (26770/56926)
Train Time used: 1 	 Loss: 554.093 | Train Acc: 45.510% (48945/107548)
[Eval] Valid Acc. : 53.70% 	 (29073/54138)
[Eval] Test Acc. : 52.59% 	 (29938/56926)
Train Time used: 1 	 Loss: 517.475 | Train Acc: 49.023% (52723/107548)
[Eval] Valid Acc. : 52.99% 	 (28688/54138)
[Eval] Test Acc. : 51.44% 	 (29282/56926)
Train Time used: 1 	 Loss: 501.683 | Train Acc: 49.748% (53503/107548)
[Eval] Valid Acc. : 56.18% 	 (30413/54138)
[Eval] Test Acc. : 54.73% 	 (31155/56926)
Train Time used: 1 	 Loss: 463.689 | Train Acc: 53.582% (57626/107548)
[Eval] Valid Acc. : 59.29% 	 (32101/54138)
[Eval] Test Acc. : 57.96% 	 (32995/56926)
Train Time used: 1 	 Loss: 440.997 | Train Acc: 56.097% (60331/107548)
[Eval] Valid Acc. : 59.90% 	 (32431/54138)
[Eval] Test Acc. : 58.66% 	 (33391/56926)
Train Time used: 1 	 Loss: 433.478 | Train Acc: 56.043% (60273/107548)
[Eval] Valid Acc. : 59.46% 	 (32188/54138)
[Eval] Test Acc. : 57.60% 	 (32790/56926)
Train Time used: 1 	 Loss: 414.156 | Train Acc: 57.721% (62078/107548)
[Eval] Valid Acc. : 62.61% 	 (33898/54138)
[Eval] Test Acc. : 61.41% 	 (34958/56926)
Train Time used: 1 	 Loss: 392.747 | Train Acc: 60.444% (65006/107548)
[Eval] Valid Acc. : 61.84% 	 (33479/54138)
[Eval] Test Acc. : 60.32% 	 (34337/56926)
Train Time used: 1 	 Loss: 402.728 | Train Acc: 59.026% (63481/107548)
[Eval] Valid Acc. : 61.50% 	 (33294/54138)
[Eval] Test Acc. : 60.44% 	 (34408/56926)
Train Time used: 1 	 Loss: 379.414 | Train Acc: 61.287% (65913/107548)
[Eval] Valid Acc. : 63.94% 	 (34617/54138)
[Eval] Test Acc. : 62.65% 	 (35665/56926)
Train Time used: 1 	 Loss: 354.924 | Train Acc: 63.781% (68595/107548)
[Eval] Valid Acc. : 63.76% 	 (34520/54138)
[Eval] Test Acc. : 62.00% 	 (35292/56926)
Train Time used: 1 	 Loss: 355.249 | Train Acc: 63.347% (68128/107548)
[Eval] Valid Acc. : 62.64% 	 (33911/54138)
[Eval] Test Acc. : 61.03% 	 (34744/56926)
Train Time used: 1 	 Loss: 329.526 | Train Acc: 65.695% (70654/107548)
[Eval] Valid Acc. : 66.24% 	 (35863/54138)
[Eval] Test Acc. : 65.04% 	 (37026/56926)
Train Time used: 1 	 Loss: 307.820 | Train Acc: 68.184% (73331/107548)
[Eval] Valid Acc. : 65.84% 	 (35642/54138)
[Eval] Test Acc. : 64.06% 	 (36464/56926)
Train Time used: 1 	 Loss: 314.720 | Train Acc: 67.291% (72370/107548)
[Eval] Valid Acc. : 62.60% 	 (33890/54138)
[Eval] Test Acc. : 61.50% 	 (35008/56926)
Train Time used: 1 	 Loss: 314.877 | Train Acc: 66.985% (72041/107548)
[Eval] Valid Acc. : 66.55% 	 (36031/54138)
[Eval] Test Acc. : 65.23% 	 (37134/56926)
Train Time used: 1 	 Loss: 283.915 | Train Acc: 70.607% (75936/107548)
[Eval] Valid Acc. : 65.44% 	 (35428/54138)
[Eval] Test Acc. : 63.75% 	 (36290/56926)
Train Time used: 1 	 Loss: 300.821 | Train Acc: 67.921% (73048/107548)
[Eval] Valid Acc. : 66.64% 	 (36075/54138)
[Eval] Test Acc. : 65.44% 	 (37250/56926)
Train Time used: 1 	 Loss: 262.760 | Train Acc: 72.171% (77618/107548)
[Eval] Valid Acc. : 68.19% 	 (36914/54138)
[Eval] Test Acc. : 66.39% 	 (37792/56926)
Train Time used: 1 	 Loss: 243.365 | Train Acc: 74.538% (80164/107548)
[Eval] Valid Acc. : 67.40% 	 (36488/54138)
[Eval] Test Acc. : 66.15% 	 (37656/56926)
Train Time used: 1 	 Loss: 248.365 | Train Acc: 73.864% (79439/107548)
[Eval] Valid Acc. : 62.75% 	 (33969/54138)
[Eval] Test Acc. : 61.42% 	 (34962/56926)
Train Time used: 1 	 Loss: 280.198 | Train Acc: 70.736% (76075/107548)
[Eval] Valid Acc. : 67.47% 	 (36528/54138)
[Eval] Test Acc. : 65.90% 	 (37516/56926)
Train Time used: 1 	 Loss: 234.560 | Train Acc: 75.008% (80670/107548)
[Eval] Valid Acc. : 65.43% 	 (35422/54138)
[Eval] Test Acc. : 64.19% 	 (36541/56926)
Train Time used: 1 	 Loss: 260.699 | Train Acc: 71.887% (77313/107548)
[Eval] Valid Acc. : 67.31% 	 (36440/54138)
[Eval] Test Acc. : 65.30% 	 (37173/56926)
Train Time used: 1 	 Loss: 228.322 | Train Acc: 75.331% (81017/107548)
[Eval] Valid Acc. : 68.69% 	 (37185/54138)
[Eval] Test Acc. : 66.68% 	 (37958/56926)
Train Time used: 1 	 Loss: 205.836 | Train Acc: 78.147% (84046/107548)
[Eval] Valid Acc. : 67.33% 	 (36449/54138)
[Eval] Test Acc. : 65.76% 	 (37436/56926)
Train Time used: 1 	 Loss: 214.896 | Train Acc: 76.946% (82754/107548)
[Eval] Valid Acc. : 67.39% 	 (36484/54138)
[Eval] Test Acc. : 66.33% 	 (37759/56926)
Train Time used: 1 	 Loss: 201.971 | Train Acc: 77.887% (83766/107548)
[Eval] Valid Acc. : 68.61% 	 (37143/54138)
[Eval] Test Acc. : 66.46% 	 (37833/56926)
Train Time used: 1 	 Loss: 176.080 | Train Acc: 81.335% (87474/107548)
[Eval] Valid Acc. : 68.11% 	 (36873/54138)
[Eval] Test Acc. : 66.47% 	 (37837/56926)
Train Time used: 1 	 Loss: 195.845 | Train Acc: 78.600% (84533/107548)
[Eval] Valid Acc. : 67.68% 	 (36642/54138)
[Eval] Test Acc. : 65.57% 	 (37328/56926)
Train Time used: 1 	 Loss: 172.671 | Train Acc: 81.147% (87272/107548)
[Eval] Valid Acc. : 69.27% 	 (37501/54138)
[Eval] Test Acc. : 67.36% 	 (38348/56926)
Train Time used: 1 	 Loss: 148.490 | Train Acc: 84.124% (90474/107548)
[Eval] Valid Acc. : 68.05% 	 (36839/54138)
[Eval] Test Acc. : 65.74% 	 (37423/56926)
Train Time used: 1 	 Loss: 159.503 | Train Acc: 82.567% (88799/107548)
[Eval] Valid Acc. : 68.48% 	 (37072/54138)
[Eval] Test Acc. : 66.44% 	 (37824/56926)
Train Time used: 1 	 Loss: 137.763 | Train Acc: 85.086% (91508/107548)
[Eval] Valid Acc. : 69.39% 	 (37566/54138)
[Eval] Test Acc. : 67.14% 	 (38218/56926)
Train Time used: 1 	 Loss: 123.329 | Train Acc: 86.857% (93413/107548)
[Eval] Valid Acc. : 67.73% 	 (36670/54138)
[Eval] Test Acc. : 66.21% 	 (37690/56926)
Train Time used: 1 	 Loss: 133.491 | Train Acc: 85.294% (91732/107548)
[Eval] Valid Acc. : 68.20% 	 (36920/54138)
[Eval] Test Acc. : 65.85% 	 (37483/56926)
Train Time used: 1 	 Loss: 117.343 | Train Acc: 87.283% (93871/107548)
[Eval] Valid Acc. : 68.61% 	 (37142/54138)
[Eval] Test Acc. : 66.51% 	 (37861/56926)
Train Time used: 1 	 Loss: 107.010 | Train Acc: 88.591% (95278/107548)
[Eval] Valid Acc. : 67.51% 	 (36551/54138)
[Eval] Test Acc. : 65.67% 	 (37381/56926)
Train Time used: 1 	 Loss: 137.236 | Train Acc: 85.511% (91965/107548)
[Eval] Valid Acc. : 66.81% 	 (36170/54138)
[Eval] Test Acc. : 64.72% 	 (36844/56926)
Train Time used: 1 	 Loss: 137.801 | Train Acc: 84.409% (90780/107548)
[Eval] Valid Acc. : 68.14% 	 (36892/54138)
[Eval] Test Acc. : 65.61% 	 (37349/56926)
Train Time used: 1 	 Loss: 112.274 | Train Acc: 87.468% (94070/107548)
[Eval] Valid Acc. : 66.31% 	 (35901/54138)
[Eval] Test Acc. : 64.66% 	 (36811/56926)
Train Time used: 1 	 Loss: 132.625 | Train Acc: 85.493% (91946/107548)
[Eval] Valid Acc. : 65.58% 	 (35502/54138)
[Eval] Test Acc. : 63.77% 	 (36304/56926)
Finish training teacher!
[Result][Teacher] Best epoch : 41 	Valid. Acc. : 69.3893% 	 Test Acc.: 67.1363%
