========CONFIG===========
part_labeled =  0.01
========CONFIG===========
[Teacher] CyclicLR step size =  2
[Teacher] batch_size =  35
Train Time used: 0 	 Loss: 1185.325 | Train Acc: 1.626% (174/10704)
Using the default mapping tsv
[Eval] Valid Acc. : 1.71% 	 (928/54138)
[Eval] Test Acc. : 1.89% 	 (1075/56926)
Train Time used: 0 	 Loss: 1185.285 | Train Acc: 1.626% (174/10704)
[Eval] Valid Acc. : 25.86% 	 (13998/54138)
[Eval] Test Acc. : 24.16% 	 (13755/56926)
Train Time used: 0 	 Loss: 1149.995 | Train Acc: 13.743% (1471/10704)
[Eval] Valid Acc. : 25.86% 	 (13998/54138)
[Eval] Test Acc. : 24.16% 	 (13755/56926)
Train Time used: 0 	 Loss: 1084.397 | Train Acc: 13.743% (1471/10704)
[Eval] Valid Acc. : 25.86% 	 (13998/54138)
[Eval] Test Acc. : 24.16% 	 (13755/56926)
Train Time used: 0 	 Loss: 1078.362 | Train Acc: 13.743% (1471/10704)
[Eval] Valid Acc. : 25.86% 	 (13998/54138)
[Eval] Test Acc. : 24.16% 	 (13755/56926)
Train Time used: 0 	 Loss: 1078.311 | Train Acc: 13.743% (1471/10704)
[Eval] Valid Acc. : 25.86% 	 (13998/54138)
[Eval] Test Acc. : 24.16% 	 (13755/56926)
Train Time used: 0 	 Loss: 1048.184 | Train Acc: 13.743% (1471/10704)
[Eval] Valid Acc. : 26.62% 	 (14412/54138)
[Eval] Test Acc. : 24.90% 	 (14176/56926)
Train Time used: 0 	 Loss: 1040.015 | Train Acc: 7.950% (851/10704)
[Eval] Valid Acc. : 29.04% 	 (15720/54138)
[Eval] Test Acc. : 27.15% 	 (15454/56926)
Train Time used: 0 	 Loss: 987.367 | Train Acc: 10.547% (1129/10704)
[Eval] Valid Acc. : 29.04% 	 (15721/54138)
[Eval] Test Acc. : 27.15% 	 (15454/56926)
Train Time used: 0 	 Loss: 987.167 | Train Acc: 10.547% (1129/10704)
[Eval] Valid Acc. : 29.20% 	 (15810/54138)
[Eval] Test Acc. : 27.19% 	 (15477/56926)
Train Time used: 0 	 Loss: 987.219 | Train Acc: 17.965% (1923/10704)
[Eval] Valid Acc. : 27.06% 	 (14648/54138)
[Eval] Test Acc. : 25.05% 	 (14262/56926)
Train Time used: 0 	 Loss: 924.290 | Train Acc: 18.311% (1960/10704)
[Eval] Valid Acc. : 31.97% 	 (17310/54138)
[Eval] Test Acc. : 29.95% 	 (17047/56926)
Train Time used: 0 	 Loss: 899.541 | Train Acc: 23.477% (2513/10704)
[Eval] Valid Acc. : 31.99% 	 (17321/54138)
[Eval] Test Acc. : 29.97% 	 (17060/56926)
Train Time used: 0 	 Loss: 899.404 | Train Acc: 23.487% (2514/10704)
[Eval] Valid Acc. : 30.22% 	 (16363/54138)
[Eval] Test Acc. : 28.92% 	 (16461/56926)
Train Time used: 0 	 Loss: 871.176 | Train Acc: 21.702% (2323/10704)
[Eval] Valid Acc. : 35.96% 	 (19467/54138)
[Eval] Test Acc. : 34.82% 	 (19821/56926)
Train Time used: 0 	 Loss: 835.317 | Train Acc: 26.831% (2872/10704)
[Eval] Valid Acc. : 38.81% 	 (21012/54138)
[Eval] Test Acc. : 37.69% 	 (21454/56926)
Train Time used: 0 	 Loss: 786.850 | Train Acc: 29.111% (3116/10704)
[Eval] Valid Acc. : 38.83% 	 (21023/54138)
[Eval] Test Acc. : 37.71% 	 (21467/56926)
Train Time used: 0 	 Loss: 786.730 | Train Acc: 29.129% (3118/10704)
[Eval] Valid Acc. : 37.15% 	 (20114/54138)
[Eval] Test Acc. : 35.23% 	 (20057/56926)
Train Time used: 0 	 Loss: 739.577 | Train Acc: 30.456% (3260/10704)
[Eval] Valid Acc. : 37.31% 	 (20198/54138)
[Eval] Test Acc. : 34.88% 	 (19853/56926)
Train Time used: 0 	 Loss: 736.713 | Train Acc: 30.624% (3278/10704)
[Eval] Valid Acc. : 40.12% 	 (21719/54138)
[Eval] Test Acc. : 37.76% 	 (21498/56926)
Train Time used: 0 	 Loss: 694.808 | Train Acc: 34.716% (3716/10704)
[Eval] Valid Acc. : 40.13% 	 (21728/54138)
[Eval] Test Acc. : 37.78% 	 (21505/56926)
Train Time used: 0 	 Loss: 694.697 | Train Acc: 34.725% (3717/10704)
[Eval] Valid Acc. : 41.16% 	 (22282/54138)
[Eval] Test Acc. : 39.56% 	 (22518/56926)
Train Time used: 0 	 Loss: 673.651 | Train Acc: 34.968% (3743/10704)
[Eval] Valid Acc. : 40.45% 	 (21900/54138)
[Eval] Test Acc. : 38.42% 	 (21871/56926)
Train Time used: 0 	 Loss: 677.041 | Train Acc: 35.249% (3773/10704)
[Eval] Valid Acc. : 44.21% 	 (23933/54138)
[Eval] Test Acc. : 42.04% 	 (23932/56926)
Train Time used: 0 	 Loss: 633.721 | Train Acc: 39.602% (4239/10704)
[Eval] Valid Acc. : 44.21% 	 (23937/54138)
[Eval] Test Acc. : 42.05% 	 (23935/56926)
Train Time used: 0 	 Loss: 633.603 | Train Acc: 39.621% (4241/10704)
[Eval] Valid Acc. : 46.49% 	 (25170/54138)
[Eval] Test Acc. : 44.83% 	 (25519/56926)
Train Time used: 0 	 Loss: 596.336 | Train Acc: 42.040% (4500/10704)
[Eval] Valid Acc. : 40.29% 	 (21810/54138)
[Eval] Test Acc. : 38.26% 	 (21782/56926)
Train Time used: 0 	 Loss: 635.407 | Train Acc: 37.855% (4052/10704)
[Eval] Valid Acc. : 43.25% 	 (23412/54138)
[Eval] Test Acc. : 41.01% 	 (23344/56926)
Train Time used: 0 	 Loss: 592.711 | Train Acc: 40.845% (4372/10704)
[Eval] Valid Acc. : 43.26% 	 (23420/54138)
[Eval] Test Acc. : 41.02% 	 (23351/56926)
Train Time used: 0 	 Loss: 592.570 | Train Acc: 40.845% (4372/10704)
[Eval] Valid Acc. : 48.58% 	 (26301/54138)
[Eval] Test Acc. : 47.44% 	 (27003/56926)
Train Time used: 0 	 Loss: 549.797 | Train Acc: 46.450% (4972/10704)
[Eval] Valid Acc. : 45.83% 	 (24814/54138)
[Eval] Test Acc. : 43.84% 	 (24959/56926)
Train Time used: 0 	 Loss: 609.316 | Train Acc: 40.415% (4326/10704)
[Eval] Valid Acc. : 48.82% 	 (26429/54138)
[Eval] Test Acc. : 46.96% 	 (26733/56926)
Train Time used: 0 	 Loss: 563.538 | Train Acc: 45.179% (4836/10704)
[Eval] Valid Acc. : 48.82% 	 (26428/54138)
[Eval] Test Acc. : 46.97% 	 (26740/56926)
Train Time used: 0 	 Loss: 563.377 | Train Acc: 45.207% (4839/10704)
[Eval] Valid Acc. : 50.81% 	 (27508/54138)
[Eval] Test Acc. : 49.56% 	 (28213/56926)
Train Time used: 0 	 Loss: 498.708 | Train Acc: 50.093% (5362/10704)
[Eval] Valid Acc. : 43.51% 	 (23554/54138)
[Eval] Test Acc. : 41.81% 	 (23803/56926)
Train Time used: 0 	 Loss: 579.372 | Train Acc: 43.077% (4611/10704)
[Eval] Valid Acc. : 44.55% 	 (24119/54138)
[Eval] Test Acc. : 42.87% 	 (24405/56926)
Train Time used: 0 	 Loss: 555.952 | Train Acc: 45.731% (4895/10704)
[Eval] Valid Acc. : 44.56% 	 (24124/54138)
[Eval] Test Acc. : 42.89% 	 (24414/56926)
Train Time used: 0 	 Loss: 555.764 | Train Acc: 45.759% (4898/10704)
[Eval] Valid Acc. : 48.38% 	 (26194/54138)
[Eval] Test Acc. : 46.89% 	 (26694/56926)
Train Time used: 0 	 Loss: 522.540 | Train Acc: 47.337% (5067/10704)
[Eval] Valid Acc. : 47.87% 	 (25914/54138)
[Eval] Test Acc. : 46.92% 	 (26708/56926)
Train Time used: 0 	 Loss: 548.844 | Train Acc: 43.871% (4696/10704)
[Eval] Valid Acc. : 48.36% 	 (26182/54138)
[Eval] Test Acc. : 46.75% 	 (26612/56926)
Train Time used: 0 	 Loss: 542.758 | Train Acc: 45.058% (4823/10704)
[Eval] Valid Acc. : 48.37% 	 (26184/54138)
[Eval] Test Acc. : 46.76% 	 (26617/56926)
Train Time used: 0 	 Loss: 542.596 | Train Acc: 45.067% (4824/10704)
[Eval] Valid Acc. : 51.30% 	 (27771/54138)
[Eval] Test Acc. : 49.45% 	 (28151/56926)
Train Time used: 0 	 Loss: 483.340 | Train Acc: 50.149% (5368/10704)
[Eval] Valid Acc. : 48.37% 	 (26184/54138)
[Eval] Test Acc. : 46.71% 	 (26592/56926)
Train Time used: 0 	 Loss: 562.995 | Train Acc: 43.115% (4615/10704)
[Eval] Valid Acc. : 48.27% 	 (26130/54138)
[Eval] Test Acc. : 47.21% 	 (26872/56926)
Train Time used: 0 	 Loss: 476.019 | Train Acc: 51.560% (5519/10704)
[Eval] Valid Acc. : 48.26% 	 (26128/54138)
[Eval] Test Acc. : 47.21% 	 (26874/56926)
Train Time used: 0 	 Loss: 475.973 | Train Acc: 51.570% (5520/10704)
[Eval] Valid Acc. : 50.89% 	 (27550/54138)
[Eval] Test Acc. : 50.26% 	 (28609/56926)
Train Time used: 0 	 Loss: 448.973 | Train Acc: 53.905% (5770/10704)
[Eval] Valid Acc. : 49.37% 	 (26727/54138)
[Eval] Test Acc. : 48.39% 	 (27546/56926)
Train Time used: 0 	 Loss: 458.057 | Train Acc: 52.775% (5649/10704)
[Eval] Valid Acc. : 52.18% 	 (28251/54138)
[Eval] Test Acc. : 51.64% 	 (29397/56926)
Train Time used: 0 	 Loss: 431.876 | Train Acc: 56.820% (6082/10704)
[Eval] Valid Acc. : 52.21% 	 (28266/54138)
[Eval] Test Acc. : 51.64% 	 (29398/56926)
Train Time used: 0 	 Loss: 431.768 | Train Acc: 56.876% (6088/10704)
[Eval] Valid Acc. : 54.47% 	 (29491/54138)
[Eval] Test Acc. : 53.42% 	 (30408/56926)
Finish training teacher!
[Result][Teacher] Best epoch : 49 	Valid. Acc. : 54.4738% 	 Test Acc.: 53.4167%
