========CONFIG===========
part_labeled =  0.5
========CONFIG===========
[Teacher] CyclicLR step size =  34
[Teacher] batch_size =  100
Train Time used: 8 	 Loss: 1048.870 | Train Acc: 12.402% (64885/523193)
Using the default mapping tsv
[Eval] Valid Acc. : 32.32% 	 (17495/54138)
[Eval] Test Acc. : 30.04% 	 (17098/56926)
Train Time used: 8 	 Loss: 677.863 | Train Acc: 35.897% (187811/523193)
[Eval] Valid Acc. : 47.80% 	 (25879/54138)
[Eval] Test Acc. : 47.21% 	 (26872/56926)
Train Time used: 8 	 Loss: 486.580 | Train Acc: 50.227% (262782/523193)
[Eval] Valid Acc. : 61.09% 	 (33073/54138)
[Eval] Test Acc. : 59.81% 	 (34049/56926)
Train Time used: 8 	 Loss: 410.961 | Train Acc: 57.693% (301848/523193)
[Eval] Valid Acc. : 64.06% 	 (34683/54138)
[Eval] Test Acc. : 62.65% 	 (35662/56926)
Train Time used: 8 	 Loss: 386.760 | Train Acc: 59.992% (313873/523193)
[Eval] Valid Acc. : 66.50% 	 (36002/54138)
[Eval] Test Acc. : 64.68% 	 (36822/56926)
Train Time used: 8 	 Loss: 360.264 | Train Acc: 62.147% (325151/523193)
[Eval] Valid Acc. : 69.44% 	 (37591/54138)
[Eval] Test Acc. : 67.57% 	 (38464/56926)
Train Time used: 8 	 Loss: 314.314 | Train Acc: 66.542% (348143/523193)
[Eval] Valid Acc. : 71.72% 	 (38827/54138)
[Eval] Test Acc. : 69.61% 	 (39625/56926)
Train Time used: 8 	 Loss: 284.921 | Train Acc: 69.684% (364581/523193)
[Eval] Valid Acc. : 72.50% 	 (39250/54138)
[Eval] Test Acc. : 70.45% 	 (40106/56926)
Train Time used: 8 	 Loss: 281.469 | Train Acc: 69.810% (365243/523193)
[Eval] Valid Acc. : 72.66% 	 (39338/54138)
[Eval] Test Acc. : 70.76% 	 (40281/56926)
Train Time used: 8 	 Loss: 286.226 | Train Acc: 69.243% (362276/523193)
[Eval] Valid Acc. : 73.00% 	 (39521/54138)
[Eval] Test Acc. : 70.94% 	 (40385/56926)
Train Time used: 8 	 Loss: 249.461 | Train Acc: 72.976% (381807/523193)
[Eval] Valid Acc. : 74.70% 	 (40443/54138)
[Eval] Test Acc. : 72.66% 	 (41360/56926)
Train Time used: 8 	 Loss: 226.553 | Train Acc: 75.464% (394823/523193)
[Eval] Valid Acc. : 74.62% 	 (40397/54138)
[Eval] Test Acc. : 72.48% 	 (41260/56926)
Train Time used: 8 	 Loss: 228.550 | Train Acc: 75.043% (392622/523193)
[Eval] Valid Acc. : 73.76% 	 (39931/54138)
[Eval] Test Acc. : 71.83% 	 (40889/56926)
Train Time used: 8 	 Loss: 230.752 | Train Acc: 74.701% (390832/523193)
[Eval] Valid Acc. : 75.31% 	 (40772/54138)
[Eval] Test Acc. : 72.96% 	 (41532/56926)
Train Time used: 8 	 Loss: 202.110 | Train Acc: 77.759% (406830/523193)
[Eval] Valid Acc. : 75.35% 	 (40794/54138)
[Eval] Test Acc. : 73.35% 	 (41754/56926)
Train Time used: 8 	 Loss: 184.974 | Train Acc: 79.850% (417772/523193)
[Eval] Valid Acc. : 75.39% 	 (40817/54138)
[Eval] Test Acc. : 72.87% 	 (41482/56926)
Train Time used: 8 	 Loss: 187.393 | Train Acc: 79.358% (415198/523193)
[Eval] Valid Acc. : 74.89% 	 (40542/54138)
[Eval] Test Acc. : 72.91% 	 (41505/56926)
Train Time used: 8 	 Loss: 197.241 | Train Acc: 77.990% (408036/523193)
[Eval] Valid Acc. : 75.64% 	 (40949/54138)
[Eval] Test Acc. : 73.25% 	 (41696/56926)
Train Time used: 8 	 Loss: 166.385 | Train Acc: 81.640% (427136/523193)
[Eval] Valid Acc. : 76.22% 	 (41265/54138)
[Eval] Test Acc. : 73.83% 	 (42030/56926)
Train Time used: 8 	 Loss: 152.726 | Train Acc: 83.204% (435320/523193)
[Eval] Valid Acc. : 75.23% 	 (40729/54138)
[Eval] Test Acc. : 72.78% 	 (41433/56926)
Train Time used: 8 	 Loss: 158.888 | Train Acc: 82.318% (430682/523193)
[Eval] Valid Acc. : 74.70% 	 (40439/54138)
[Eval] Test Acc. : 72.61% 	 (41335/56926)
Train Time used: 8 	 Loss: 157.210 | Train Acc: 82.270% (430431/523193)
[Eval] Valid Acc. : 74.64% 	 (40406/54138)
[Eval] Test Acc. : 71.97% 	 (40967/56926)
Train Time used: 8 	 Loss: 136.595 | Train Acc: 84.668% (442977/523193)
[Eval] Valid Acc. : 75.62% 	 (40937/54138)
[Eval] Test Acc. : 73.64% 	 (41919/56926)
Train Time used: 8 	 Loss: 132.616 | Train Acc: 85.095% (445209/523193)
[Eval] Valid Acc. : 74.86% 	 (40525/54138)
[Eval] Test Acc. : 72.50% 	 (41273/56926)
Train Time used: 8 	 Loss: 136.729 | Train Acc: 84.541% (442311/523193)
[Eval] Valid Acc. : 75.12% 	 (40671/54138)
[Eval] Test Acc. : 72.59% 	 (41322/56926)
Train Time used: 8 	 Loss: 135.258 | Train Acc: 84.597% (442603/523193)
[Eval] Valid Acc. : 74.89% 	 (40543/54138)
[Eval] Test Acc. : 73.01% 	 (41560/56926)
Train Time used: 8 	 Loss: 111.627 | Train Acc: 87.509% (457843/523193)
[Eval] Valid Acc. : 75.05% 	 (40628/54138)
[Eval] Test Acc. : 73.28% 	 (41716/56926)
Train Time used: 8 	 Loss: 109.895 | Train Acc: 87.628% (458466/523193)
[Eval] Valid Acc. : 74.90% 	 (40551/54138)
[Eval] Test Acc. : 72.46% 	 (41248/56926)
Train Time used: 8 	 Loss: 117.142 | Train Acc: 86.628% (453233/523193)
[Eval] Valid Acc. : 74.58% 	 (40378/54138)
[Eval] Test Acc. : 72.30% 	 (41158/56926)
Train Time used: 8 	 Loss: 108.710 | Train Acc: 87.554% (458079/523193)
[Eval] Valid Acc. : 75.14% 	 (40681/54138)
[Eval] Test Acc. : 72.96% 	 (41531/56926)
Train Time used: 8 	 Loss: 92.087 | Train Acc: 89.659% (469091/523193)
[Eval] Valid Acc. : 74.92% 	 (40562/54138)
[Eval] Test Acc. : 72.69% 	 (41381/56926)
Train Time used: 8 	 Loss: 91.831 | Train Acc: 89.628% (468929/523193)
[Eval] Valid Acc. : 74.43% 	 (40294/54138)
[Eval] Test Acc. : 72.78% 	 (41432/56926)
Train Time used: 8 	 Loss: 88.169 | Train Acc: 89.957% (470651/523193)
[Eval] Valid Acc. : 74.06% 	 (40094/54138)
[Eval] Test Acc. : 72.24% 	 (41123/56926)
Train Time used: 8 	 Loss: 86.303 | Train Acc: 90.073% (471255/523193)
[Eval] Valid Acc. : 75.47% 	 (40860/54138)
[Eval] Test Acc. : 73.15% 	 (41644/56926)
Train Time used: 8 	 Loss: 73.178 | Train Acc: 91.719% (479866/523193)
[Eval] Valid Acc. : 74.76% 	 (40472/54138)
[Eval] Test Acc. : 71.95% 	 (40960/56926)
Train Time used: 8 	 Loss: 73.917 | Train Acc: 91.578% (479130/523193)
[Eval] Valid Acc. : 74.88% 	 (40540/54138)
[Eval] Test Acc. : 72.27% 	 (41139/56926)
Train Time used: 8 	 Loss: 75.979 | Train Acc: 91.252% (477422/523193)
[Eval] Valid Acc. : 73.45% 	 (39765/54138)
[Eval] Test Acc. : 71.68% 	 (40803/56926)
Train Time used: 8 	 Loss: 71.190 | Train Acc: 91.716% (479850/523193)
[Eval] Valid Acc. : 75.70% 	 (40982/54138)
[Eval] Test Acc. : 73.34% 	 (41751/56926)
Train Time used: 8 	 Loss: 61.563 | Train Acc: 93.009% (486615/523193)
[Eval] Valid Acc. : 74.56% 	 (40365/54138)
[Eval] Test Acc. : 71.97% 	 (40972/56926)
Train Time used: 8 	 Loss: 62.737 | Train Acc: 92.781% (485425/523193)
[Eval] Valid Acc. : 74.16% 	 (40151/54138)
[Eval] Test Acc. : 72.21% 	 (41108/56926)
Train Time used: 8 	 Loss: 59.580 | Train Acc: 93.066% (486915/523193)
[Eval] Valid Acc. : 75.07% 	 (40642/54138)
[Eval] Test Acc. : 72.12% 	 (41057/56926)
Train Time used: 8 	 Loss: 52.633 | Train Acc: 93.910% (491328/523193)
[Eval] Valid Acc. : 75.32% 	 (40776/54138)
[Eval] Test Acc. : 72.53% 	 (41288/56926)
Train Time used: 8 	 Loss: 50.681 | Train Acc: 94.147% (492570/523193)
[Eval] Valid Acc. : 74.41% 	 (40284/54138)
[Eval] Test Acc. : 71.55% 	 (40733/56926)
Train Time used: 8 	 Loss: 51.073 | Train Acc: 94.111% (492384/523193)
[Eval] Valid Acc. : 74.33% 	 (40243/54138)
[Eval] Test Acc. : 71.49% 	 (40698/56926)
Train Time used: 8 	 Loss: 52.834 | Train Acc: 93.769% (490594/523193)
[Eval] Valid Acc. : 74.80% 	 (40495/54138)
[Eval] Test Acc. : 72.42% 	 (41224/56926)
Train Time used: 8 	 Loss: 45.905 | Train Acc: 94.611% (495000/523193)
[Eval] Valid Acc. : 75.07% 	 (40641/54138)
[Eval] Test Acc. : 72.67% 	 (41367/56926)
Train Time used: 8 	 Loss: 45.080 | Train Acc: 94.732% (495632/523193)
[Eval] Valid Acc. : 74.09% 	 (40113/54138)
[Eval] Test Acc. : 71.77% 	 (40858/56926)
Train Time used: 8 	 Loss: 49.582 | Train Acc: 94.121% (492432/523193)
[Eval] Valid Acc. : 74.39% 	 (40273/54138)
[Eval] Test Acc. : 71.56% 	 (40735/56926)
Train Time used: 8 	 Loss: 52.066 | Train Acc: 93.803% (490769/523193)
[Eval] Valid Acc. : 74.74% 	 (40461/54138)
[Eval] Test Acc. : 72.55% 	 (41301/56926)
Train Time used: 8 	 Loss: 41.952 | Train Acc: 95.069% (497393/523193)
[Eval] Valid Acc. : 74.68% 	 (40431/54138)
[Eval] Test Acc. : 72.19% 	 (41094/56926)
Finish training teacher!
[Result][Teacher] Best epoch : 18 	Valid. Acc. : 76.2219% 	 Test Acc.: 73.8327%
