========CONFIG===========
part_labeled =  0.2
========CONFIG===========
[Teacher] CyclicLR step size =  14
[Teacher] batch_size =  100
Train Time used: 3 	 Loss: 1129.625 | Train Acc: 8.459% (17967/212399)
Using the default mapping tsv
[Eval] Valid Acc. : 25.86% 	 (13998/54138)
[Eval] Test Acc. : 24.16% 	 (13755/56926)
Train Time used: 3 	 Loss: 929.705 | Train Acc: 17.890% (37999/212399)
[Eval] Valid Acc. : 33.11% 	 (17925/54138)
[Eval] Test Acc. : 31.22% 	 (17773/56926)
Train Time used: 3 	 Loss: 691.594 | Train Acc: 33.621% (71410/212399)
[Eval] Valid Acc. : 46.30% 	 (25067/54138)
[Eval] Test Acc. : 44.09% 	 (25100/56926)
Train Time used: 3 	 Loss: 586.356 | Train Acc: 41.171% (87447/212399)
[Eval] Valid Acc. : 48.83% 	 (26436/54138)
[Eval] Test Acc. : 47.34% 	 (26947/56926)
Train Time used: 3 	 Loss: 529.817 | Train Acc: 45.539% (96725/212399)
[Eval] Valid Acc. : 51.73% 	 (28005/54138)
[Eval] Test Acc. : 49.42% 	 (28133/56926)
Train Time used: 3 	 Loss: 554.540 | Train Acc: 43.615% (92638/212399)
[Eval] Valid Acc. : 54.54% 	 (29527/54138)
[Eval] Test Acc. : 52.28% 	 (29763/56926)
Train Time used: 3 	 Loss: 456.492 | Train Acc: 51.335% (109036/212399)
[Eval] Valid Acc. : 58.98% 	 (31932/54138)
[Eval] Test Acc. : 58.12% 	 (33086/56926)
Train Time used: 3 	 Loss: 423.223 | Train Acc: 54.362% (115464/212399)
[Eval] Valid Acc. : 59.91% 	 (32433/54138)
[Eval] Test Acc. : 58.96% 	 (33564/56926)
Train Time used: 3 	 Loss: 397.448 | Train Acc: 56.654% (120333/212399)
[Eval] Valid Acc. : 57.82% 	 (31301/54138)
[Eval] Test Acc. : 56.78% 	 (32323/56926)
Train Time used: 3 	 Loss: 379.566 | Train Acc: 57.563% (122264/212399)
[Eval] Valid Acc. : 63.10% 	 (34161/54138)
[Eval] Test Acc. : 61.50% 	 (35007/56926)
Train Time used: 3 	 Loss: 343.537 | Train Acc: 61.352% (130312/212399)
[Eval] Valid Acc. : 65.29% 	 (35346/54138)
[Eval] Test Acc. : 64.21% 	 (36550/56926)
Train Time used: 3 	 Loss: 329.778 | Train Acc: 62.598% (132957/212399)
[Eval] Valid Acc. : 65.63% 	 (35533/54138)
[Eval] Test Acc. : 64.06% 	 (36464/56926)
Train Time used: 3 	 Loss: 317.714 | Train Acc: 63.396% (134653/212399)
[Eval] Valid Acc. : 67.29% 	 (36432/54138)
[Eval] Test Acc. : 65.30% 	 (37170/56926)
Train Time used: 3 	 Loss: 287.526 | Train Acc: 66.787% (141855/212399)
[Eval] Valid Acc. : 68.98% 	 (37343/54138)
[Eval] Test Acc. : 67.14% 	 (38221/56926)
Train Time used: 3 	 Loss: 273.952 | Train Acc: 68.224% (144908/212399)
[Eval] Valid Acc. : 66.91% 	 (36225/54138)
[Eval] Test Acc. : 65.14% 	 (37084/56926)
Train Time used: 3 	 Loss: 285.861 | Train Acc: 66.726% (141725/212399)
[Eval] Valid Acc. : 64.51% 	 (34927/54138)
[Eval] Test Acc. : 62.51% 	 (35584/56926)
Train Time used: 3 	 Loss: 293.003 | Train Acc: 65.853% (139872/212399)
[Eval] Valid Acc. : 68.42% 	 (37042/54138)
[Eval] Test Acc. : 66.83% 	 (38044/56926)
Train Time used: 3 	 Loss: 251.250 | Train Acc: 70.532% (149810/212399)
[Eval] Valid Acc. : 69.90% 	 (37845/54138)
[Eval] Test Acc. : 68.68% 	 (39099/56926)
Train Time used: 3 	 Loss: 242.534 | Train Acc: 71.253% (151341/212399)
[Eval] Valid Acc. : 68.97% 	 (37337/54138)
[Eval] Test Acc. : 66.76% 	 (38001/56926)
Train Time used: 3 	 Loss: 251.191 | Train Acc: 70.267% (149246/212399)
[Eval] Valid Acc. : 69.32% 	 (37528/54138)
[Eval] Test Acc. : 67.25% 	 (38280/56926)
Train Time used: 3 	 Loss: 225.699 | Train Acc: 73.249% (155581/212399)
[Eval] Valid Acc. : 71.73% 	 (38831/54138)
[Eval] Test Acc. : 69.65% 	 (39649/56926)
Train Time used: 3 	 Loss: 204.328 | Train Acc: 75.904% (161220/212399)
[Eval] Valid Acc. : 71.11% 	 (38496/54138)
[Eval] Test Acc. : 68.71% 	 (39115/56926)
Train Time used: 3 	 Loss: 205.910 | Train Acc: 75.527% (160418/212399)
[Eval] Valid Acc. : 68.98% 	 (37343/54138)
[Eval] Test Acc. : 66.93% 	 (38100/56926)
Train Time used: 3 	 Loss: 221.899 | Train Acc: 73.609% (156344/212399)
[Eval] Valid Acc. : 71.12% 	 (38504/54138)
[Eval] Test Acc. : 68.99% 	 (39272/56926)
Train Time used: 3 	 Loss: 188.075 | Train Acc: 77.579% (164776/212399)
[Eval] Valid Acc. : 71.47% 	 (38690/54138)
[Eval] Test Acc. : 69.46% 	 (39543/56926)
Train Time used: 3 	 Loss: 184.170 | Train Acc: 78.071% (165821/212399)
[Eval] Valid Acc. : 69.25% 	 (37492/54138)
[Eval] Test Acc. : 66.21% 	 (37688/56926)
Train Time used: 3 	 Loss: 221.080 | Train Acc: 73.781% (156711/212399)
[Eval] Valid Acc. : 67.98% 	 (36801/54138)
[Eval] Test Acc. : 66.58% 	 (37899/56926)
Train Time used: 3 	 Loss: 183.881 | Train Acc: 77.750% (165140/212399)
[Eval] Valid Acc. : 71.80% 	 (38872/54138)
[Eval] Test Acc. : 69.96% 	 (39827/56926)
Train Time used: 3 	 Loss: 159.638 | Train Acc: 81.017% (172080/212399)
[Eval] Valid Acc. : 72.40% 	 (39195/54138)
[Eval] Test Acc. : 69.86% 	 (39766/56926)
Train Time used: 3 	 Loss: 152.272 | Train Acc: 81.861% (173872/212399)
[Eval] Valid Acc. : 70.32% 	 (38071/54138)
[Eval] Test Acc. : 67.66% 	 (38514/56926)
Train Time used: 3 	 Loss: 150.452 | Train Acc: 81.931% (174021/212399)
[Eval] Valid Acc. : 72.03% 	 (38998/54138)
[Eval] Test Acc. : 69.43% 	 (39523/56926)
Train Time used: 3 	 Loss: 128.582 | Train Acc: 84.652% (179800/212399)
[Eval] Valid Acc. : 72.44% 	 (39220/54138)
[Eval] Test Acc. : 70.35% 	 (40046/56926)
Train Time used: 3 	 Loss: 125.845 | Train Acc: 84.957% (180447/212399)
[Eval] Valid Acc. : 70.92% 	 (38396/54138)
[Eval] Test Acc. : 68.78% 	 (39151/56926)
Train Time used: 3 	 Loss: 136.307 | Train Acc: 83.187% (176688/212399)
[Eval] Valid Acc. : 70.97% 	 (38423/54138)
[Eval] Test Acc. : 68.61% 	 (39057/56926)
Train Time used: 3 	 Loss: 122.459 | Train Acc: 85.186% (180935/212399)
[Eval] Valid Acc. : 72.21% 	 (39092/54138)
[Eval] Test Acc. : 69.75% 	 (39705/56926)
Train Time used: 3 	 Loss: 104.290 | Train Acc: 87.733% (186344/212399)
[Eval] Valid Acc. : 71.14% 	 (38513/54138)
[Eval] Test Acc. : 69.47% 	 (39549/56926)
Train Time used: 3 	 Loss: 105.877 | Train Acc: 87.279% (185380/212399)
[Eval] Valid Acc. : 70.10% 	 (37950/54138)
[Eval] Test Acc. : 67.77% 	 (38581/56926)
Train Time used: 3 	 Loss: 121.602 | Train Acc: 85.165% (180889/212399)
[Eval] Valid Acc. : 71.31% 	 (38608/54138)
[Eval] Test Acc. : 69.01% 	 (39283/56926)
Train Time used: 3 	 Loss: 94.523 | Train Acc: 88.657% (188306/212399)
[Eval] Valid Acc. : 72.55% 	 (39277/54138)
[Eval] Test Acc. : 69.84% 	 (39757/56926)
Train Time used: 3 	 Loss: 88.401 | Train Acc: 89.454% (190000/212399)
[Eval] Valid Acc. : 70.92% 	 (38397/54138)
[Eval] Test Acc. : 68.31% 	 (38887/56926)
Train Time used: 3 	 Loss: 90.363 | Train Acc: 88.958% (188945/212399)
[Eval] Valid Acc. : 70.60% 	 (38221/54138)
[Eval] Test Acc. : 68.37% 	 (38918/56926)
Train Time used: 3 	 Loss: 83.419 | Train Acc: 89.888% (190921/212399)
[Eval] Valid Acc. : 71.63% 	 (38781/54138)
[Eval] Test Acc. : 69.42% 	 (39516/56926)
Train Time used: 3 	 Loss: 71.056 | Train Acc: 91.582% (194519/212399)
[Eval] Valid Acc. : 71.33% 	 (38616/54138)
[Eval] Test Acc. : 69.11% 	 (39341/56926)
Train Time used: 3 	 Loss: 70.073 | Train Acc: 91.615% (194589/212399)
[Eval] Valid Acc. : 70.77% 	 (38315/54138)
[Eval] Test Acc. : 68.64% 	 (39074/56926)
Train Time used: 3 	 Loss: 70.717 | Train Acc: 91.482% (194307/212399)
[Eval] Valid Acc. : 71.35% 	 (38629/54138)
[Eval] Test Acc. : 68.08% 	 (38758/56926)
Train Time used: 3 	 Loss: 61.624 | Train Acc: 92.524% (196520/212399)
[Eval] Valid Acc. : 72.12% 	 (39042/54138)
[Eval] Test Acc. : 69.58% 	 (39610/56926)
Train Time used: 3 	 Loss: 58.382 | Train Acc: 93.003% (197537/212399)
[Eval] Valid Acc. : 70.83% 	 (38345/54138)
[Eval] Test Acc. : 68.96% 	 (39259/56926)
Train Time used: 3 	 Loss: 57.034 | Train Acc: 93.177% (197907/212399)
[Eval] Valid Acc. : 71.76% 	 (38851/54138)
[Eval] Test Acc. : 68.81% 	 (39169/56926)
Train Time used: 3 	 Loss: 52.140 | Train Acc: 93.702% (199022/212399)
[Eval] Valid Acc. : 71.70% 	 (38818/54138)
[Eval] Test Acc. : 69.48% 	 (39554/56926)
Train Time used: 3 	 Loss: 45.031 | Train Acc: 94.737% (201220/212399)
[Eval] Valid Acc. : 71.40% 	 (38653/54138)
[Eval] Test Acc. : 69.21% 	 (39400/56926)
Finish training teacher!
[Result][Teacher] Best epoch : 38 	Valid. Acc. : 72.5498% 	 Test Acc.: 69.8398%
