========CONFIG===========
part_labeled =  0.5
temp =  1.0
========CONFIG===========
[Student] CyclicLR step size =  70
LogitsTrain Time used: 10 	 Loss: 877.723
Using the default mapping tsv
[Eval] Valid Acc. : 33.63% 	 (17790/52893)
[Eval] Test Acc. : 33.00% 	 (18784/56926)
LogitsTrain Time used: 10 	 Loss: 479.185
[Eval] Valid Acc. : 52.04% 	 (27526/52893)
[Eval] Test Acc. : 52.52% 	 (29896/56926)
LogitsTrain Time used: 10 	 Loss: 295.663
[Eval] Valid Acc. : 61.76% 	 (32669/52893)
[Eval] Test Acc. : 60.59% 	 (34491/56926)
LogitsTrain Time used: 10 	 Loss: 231.543
[Eval] Valid Acc. : 65.13% 	 (34450/52893)
[Eval] Test Acc. : 64.07% 	 (36475/56926)
LogitsTrain Time used: 10 	 Loss: 212.515
[Eval] Valid Acc. : 65.26% 	 (34517/52893)
[Eval] Test Acc. : 63.95% 	 (36406/56926)
LogitsTrain Time used: 10 	 Loss: 204.231
[Eval] Valid Acc. : 65.03% 	 (34394/52893)
[Eval] Test Acc. : 64.35% 	 (36634/56926)
LogitsTrain Time used: 10 	 Loss: 178.378
[Eval] Valid Acc. : 68.86% 	 (36420/52893)
[Eval] Test Acc. : 67.52% 	 (38434/56926)
LogitsTrain Time used: 10 	 Loss: 155.792
[Eval] Valid Acc. : 70.16% 	 (37112/52893)
[Eval] Test Acc. : 69.02% 	 (39292/56926)
LogitsTrain Time used: 10 	 Loss: 154.114
[Eval] Valid Acc. : 67.09% 	 (35488/52893)
[Eval] Test Acc. : 65.83% 	 (37475/56926)
LogitsTrain Time used: 9 	 Loss: 161.451
[Eval] Valid Acc. : 68.35% 	 (36151/52893)
[Eval] Test Acc. : 67.19% 	 (38248/56926)
LogitsTrain Time used: 9 	 Loss: 147.419
[Eval] Valid Acc. : 71.03% 	 (37570/52893)
[Eval] Test Acc. : 69.44% 	 (39531/56926)
LogitsTrain Time used: 9 	 Loss: 132.876
[Eval] Valid Acc. : 71.66% 	 (37901/52893)
[Eval] Test Acc. : 70.41% 	 (40082/56926)
LogitsTrain Time used: 9 	 Loss: 132.082
[Eval] Valid Acc. : 70.50% 	 (37287/52893)
[Eval] Test Acc. : 68.46% 	 (38969/56926)
LogitsTrain Time used: 10 	 Loss: 138.869
[Eval] Valid Acc. : 69.37% 	 (36694/52893)
[Eval] Test Acc. : 67.63% 	 (38501/56926)
LogitsTrain Time used: 9 	 Loss: 131.000
[Eval] Valid Acc. : 71.98% 	 (38072/52893)
[Eval] Test Acc. : 70.32% 	 (40030/56926)
LogitsTrain Time used: 10 	 Loss: 118.947
[Eval] Valid Acc. : 72.41% 	 (38298/52893)
[Eval] Test Acc. : 70.58% 	 (40180/56926)
LogitsTrain Time used: 10 	 Loss: 121.590
[Eval] Valid Acc. : 71.39% 	 (37760/52893)
[Eval] Test Acc. : 69.79% 	 (39728/56926)
LogitsTrain Time used: 10 	 Loss: 128.763
[Eval] Valid Acc. : 71.33% 	 (37730/52893)
[Eval] Test Acc. : 69.67% 	 (39662/56926)
LogitsTrain Time used: 9 	 Loss: 119.271
[Eval] Valid Acc. : 72.39% 	 (38288/52893)
[Eval] Test Acc. : 70.92% 	 (40370/56926)
LogitsTrain Time used: 10 	 Loss: 110.507
[Eval] Valid Acc. : 72.80% 	 (38504/52893)
[Eval] Test Acc. : 70.97% 	 (40401/56926)
LogitsTrain Time used: 10 	 Loss: 114.741
[Eval] Valid Acc. : 68.56% 	 (36264/52893)
[Eval] Test Acc. : 67.14% 	 (38218/56926)
LogitsTrain Time used: 10 	 Loss: 123.189
[Eval] Valid Acc. : 71.98% 	 (38074/52893)
[Eval] Test Acc. : 70.10% 	 (39906/56926)
LogitsTrain Time used: 10 	 Loss: 112.710
[Eval] Valid Acc. : 73.00% 	 (38611/52893)
[Eval] Test Acc. : 71.36% 	 (40620/56926)
LogitsTrain Time used: 10 	 Loss: 103.924
[Eval] Valid Acc. : 72.85% 	 (38531/52893)
[Eval] Test Acc. : 71.08% 	 (40461/56926)
LogitsTrain Time used: 10 	 Loss: 108.955
[Eval] Valid Acc. : 71.71% 	 (37927/52893)
[Eval] Test Acc. : 69.86% 	 (39771/56926)
LogitsTrain Time used: 10 	 Loss: 114.028
[Eval] Valid Acc. : 71.84% 	 (37997/52893)
[Eval] Test Acc. : 70.49% 	 (40127/56926)
LogitsTrain Time used: 10 	 Loss: 105.633
[Eval] Valid Acc. : 73.07% 	 (38650/52893)
[Eval] Test Acc. : 71.53% 	 (40720/56926)
LogitsTrain Time used: 10 	 Loss: 98.820
[Eval] Valid Acc. : 73.02% 	 (38622/52893)
[Eval] Test Acc. : 71.53% 	 (40722/56926)
LogitsTrain Time used: 9 	 Loss: 105.123
[Eval] Valid Acc. : 70.96% 	 (37532/52893)
[Eval] Test Acc. : 69.74% 	 (39702/56926)
LogitsTrain Time used: 9 	 Loss: 108.645
[Eval] Valid Acc. : 72.49% 	 (38343/52893)
[Eval] Test Acc. : 70.79% 	 (40298/56926)
LogitsTrain Time used: 9 	 Loss: 100.624
[Eval] Valid Acc. : 73.32% 	 (38782/52893)
[Eval] Test Acc. : 71.60% 	 (40757/56926)
LogitsTrain Time used: 10 	 Loss: 95.005
[Eval] Valid Acc. : 72.69% 	 (38448/52893)
[Eval] Test Acc. : 71.42% 	 (40659/56926)
LogitsTrain Time used: 10 	 Loss: 102.122
[Eval] Valid Acc. : 71.44% 	 (37788/52893)
[Eval] Test Acc. : 69.86% 	 (39768/56926)
LogitsTrain Time used: 10 	 Loss: 103.489
[Eval] Valid Acc. : 72.98% 	 (38601/52893)
[Eval] Test Acc. : 71.27% 	 (40571/56926)
LogitsTrain Time used: 10 	 Loss: 94.523
[Eval] Valid Acc. : 73.31% 	 (38775/52893)
[Eval] Test Acc. : 71.48% 	 (40691/56926)
LogitsTrain Time used: 10 	 Loss: 91.442
[Eval] Valid Acc. : 72.70% 	 (38454/52893)
[Eval] Test Acc. : 71.05% 	 (40445/56926)
LogitsTrain Time used: 10 	 Loss: 97.978
[Eval] Valid Acc. : 71.80% 	 (37979/52893)
[Eval] Test Acc. : 70.28% 	 (40009/56926)
LogitsTrain Time used: 10 	 Loss: 99.356
[Eval] Valid Acc. : 72.81% 	 (38514/52893)
[Eval] Test Acc. : 70.84% 	 (40326/56926)
LogitsTrain Time used: 10 	 Loss: 91.064
[Eval] Valid Acc. : 73.38% 	 (38814/52893)
[Eval] Test Acc. : 71.65% 	 (40788/56926)
LogitsTrain Time used: 10 	 Loss: 88.639
[Eval] Valid Acc. : 72.65% 	 (38428/52893)
[Eval] Test Acc. : 70.96% 	 (40392/56926)
LogitsTrain Time used: 9 	 Loss: 96.186
[Eval] Valid Acc. : 72.48% 	 (38337/52893)
[Eval] Test Acc. : 70.92% 	 (40371/56926)
LogitsTrain Time used: 10 	 Loss: 95.344
[Eval] Valid Acc. : 72.96% 	 (38592/52893)
[Eval] Test Acc. : 71.25% 	 (40561/56926)
LogitsTrain Time used: 10 	 Loss: 86.609
[Eval] Valid Acc. : 73.31% 	 (38777/52893)
[Eval] Test Acc. : 71.50% 	 (40703/56926)
LogitsTrain Time used: 10 	 Loss: 85.995
[Eval] Valid Acc. : 72.16% 	 (38169/52893)
[Eval] Test Acc. : 70.35% 	 (40046/56926)
LogitsTrain Time used: 10 	 Loss: 92.903
[Eval] Valid Acc. : 72.23% 	 (38202/52893)
[Eval] Test Acc. : 70.83% 	 (40323/56926)
LogitsTrain Time used: 10 	 Loss: 91.452
[Eval] Valid Acc. : 73.04% 	 (38631/52893)
[Eval] Test Acc. : 71.02% 	 (40429/56926)
LogitsTrain Time used: 10 	 Loss: 83.437
[Eval] Valid Acc. : 73.37% 	 (38805/52893)
[Eval] Test Acc. : 71.63% 	 (40775/56926)
LogitsTrain Time used: 10 	 Loss: 83.979
[Eval] Valid Acc. : 72.37% 	 (38278/52893)
[Eval] Test Acc. : 70.72% 	 (40257/56926)
LogitsTrain Time used: 10 	 Loss: 90.876
[Eval] Valid Acc. : 72.02% 	 (38092/52893)
[Eval] Test Acc. : 70.45% 	 (40104/56926)
LogitsTrain Time used: 10 	 Loss: 88.446
[Eval] Valid Acc. : 73.12% 	 (38676/52893)
[Eval] Test Acc. : 71.31% 	 (40592/56926)
Finish training student!
[Result][Student] Best epoch : 38 	Valid. Acc. : 73.3821% 	 Test Acc.: 71.6509%
