========CONFIG===========
part_labeled =  0.5
========CONFIG===========
[Teacher] CyclicLR step size =  34
[Teacher] batch_size =  100
Train Time used: 4 	 Loss: 1054.895 | Train Acc: 12.261% (64494/526002)
Using the default mapping tsv
[Eval] Valid Acc. : 32.31% 	 (17090/52893)
[Eval] Test Acc. : 31.57% 	 (17974/56926)
Train Time used: 4 	 Loss: 687.271 | Train Acc: 35.557% (187028/526002)
[Eval] Valid Acc. : 48.44% 	 (25622/52893)
[Eval] Test Acc. : 47.80% 	 (27212/56926)
Train Time used: 4 	 Loss: 488.413 | Train Acc: 50.535% (265816/526002)
[Eval] Valid Acc. : 59.85% 	 (31655/52893)
[Eval] Test Acc. : 59.85% 	 (34069/56926)
Train Time used: 4 	 Loss: 414.885 | Train Acc: 57.415% (302002/526002)
[Eval] Valid Acc. : 62.79% 	 (33212/52893)
[Eval] Test Acc. : 62.61% 	 (35644/56926)
Train Time used: 4 	 Loss: 391.640 | Train Acc: 59.584% (313414/526002)
[Eval] Valid Acc. : 64.70% 	 (34220/52893)
[Eval] Test Acc. : 63.97% 	 (36416/56926)
Train Time used: 4 	 Loss: 370.108 | Train Acc: 61.536% (323681/526002)
[Eval] Valid Acc. : 65.46% 	 (34626/52893)
[Eval] Test Acc. : 65.22% 	 (37125/56926)
Train Time used: 4 	 Loss: 328.937 | Train Acc: 65.247% (343202/526002)
[Eval] Valid Acc. : 69.91% 	 (36978/52893)
[Eval] Test Acc. : 69.50% 	 (39566/56926)
Train Time used: 4 	 Loss: 294.212 | Train Acc: 68.896% (362392/526002)
[Eval] Valid Acc. : 70.79% 	 (37443/52893)
[Eval] Test Acc. : 69.89% 	 (39783/56926)
Train Time used: 4 	 Loss: 289.340 | Train Acc: 69.460% (365363/526002)
[Eval] Valid Acc. : 71.06% 	 (37586/52893)
[Eval] Test Acc. : 70.03% 	 (39868/56926)
Train Time used: 4 	 Loss: 288.515 | Train Acc: 69.133% (363642/526002)
[Eval] Valid Acc. : 71.36% 	 (37744/52893)
[Eval] Test Acc. : 70.33% 	 (40038/56926)
Train Time used: 4 	 Loss: 256.065 | Train Acc: 72.454% (381112/526002)
[Eval] Valid Acc. : 73.50% 	 (38878/52893)
[Eval] Test Acc. : 72.55% 	 (41297/56926)
Train Time used: 4 	 Loss: 233.910 | Train Acc: 75.016% (394586/526002)
[Eval] Valid Acc. : 73.61% 	 (38932/52893)
[Eval] Test Acc. : 72.51% 	 (41277/56926)
Train Time used: 4 	 Loss: 238.040 | Train Acc: 74.339% (391024/526002)
[Eval] Valid Acc. : 72.84% 	 (38527/52893)
[Eval] Test Acc. : 71.33% 	 (40608/56926)
Train Time used: 4 	 Loss: 242.755 | Train Acc: 73.652% (387410/526002)
[Eval] Valid Acc. : 72.76% 	 (38486/52893)
[Eval] Test Acc. : 72.02% 	 (40997/56926)
Train Time used: 4 	 Loss: 214.033 | Train Acc: 76.801% (403975/526002)
[Eval] Valid Acc. : 74.90% 	 (39616/52893)
[Eval] Test Acc. : 73.68% 	 (41943/56926)
Train Time used: 4 	 Loss: 194.358 | Train Acc: 79.119% (416169/526002)
[Eval] Valid Acc. : 74.45% 	 (39377/52893)
[Eval] Test Acc. : 73.46% 	 (41816/56926)
Train Time used: 4 	 Loss: 206.244 | Train Acc: 77.638% (408378/526002)
[Eval] Valid Acc. : 73.10% 	 (38663/52893)
[Eval] Test Acc. : 71.58% 	 (40746/56926)
Train Time used: 4 	 Loss: 205.359 | Train Acc: 77.611% (408236/526002)
[Eval] Valid Acc. : 74.52% 	 (39418/52893)
[Eval] Test Acc. : 72.99% 	 (41553/56926)
Train Time used: 4 	 Loss: 173.154 | Train Acc: 81.308% (427683/526002)
[Eval] Valid Acc. : 75.51% 	 (39942/52893)
[Eval] Test Acc. : 73.59% 	 (41892/56926)
Train Time used: 4 	 Loss: 163.737 | Train Acc: 82.390% (433371/526002)
[Eval] Valid Acc. : 74.96% 	 (39648/52893)
[Eval] Test Acc. : 73.25% 	 (41697/56926)
Train Time used: 4 	 Loss: 178.891 | Train Acc: 80.489% (423374/526002)
[Eval] Valid Acc. : 73.15% 	 (38692/52893)
[Eval] Test Acc. : 71.99% 	 (40983/56926)
Train Time used: 4 	 Loss: 175.680 | Train Acc: 80.698% (424475/526002)
[Eval] Valid Acc. : 75.38% 	 (39870/52893)
[Eval] Test Acc. : 73.20% 	 (41667/56926)
Train Time used: 4 	 Loss: 144.179 | Train Acc: 84.492% (444432/526002)
[Eval] Valid Acc. : 75.46% 	 (39914/52893)
[Eval] Test Acc. : 73.80% 	 (42010/56926)
Train Time used: 4 	 Loss: 137.866 | Train Acc: 85.196% (448135/526002)
[Eval] Valid Acc. : 74.71% 	 (39516/52893)
[Eval] Test Acc. : 73.17% 	 (41652/56926)
Train Time used: 4 	 Loss: 154.338 | Train Acc: 83.029% (436736/526002)
[Eval] Valid Acc. : 74.29% 	 (39295/52893)
[Eval] Test Acc. : 72.06% 	 (41019/56926)
Train Time used: 4 	 Loss: 147.196 | Train Acc: 83.779% (440678/526002)
[Eval] Valid Acc. : 75.37% 	 (39863/52893)
[Eval] Test Acc. : 73.31% 	 (41731/56926)
Train Time used: 4 	 Loss: 120.223 | Train Acc: 87.129% (458302/526002)
[Eval] Valid Acc. : 75.52% 	 (39943/52893)
[Eval] Test Acc. : 73.48% 	 (41828/56926)
Train Time used: 4 	 Loss: 117.397 | Train Acc: 87.337% (459392/526002)
[Eval] Valid Acc. : 74.90% 	 (39619/52893)
[Eval] Test Acc. : 72.86% 	 (41478/56926)
Train Time used: 4 	 Loss: 129.685 | Train Acc: 85.644% (450491/526002)
[Eval] Valid Acc. : 74.48% 	 (39394/52893)
[Eval] Test Acc. : 72.03% 	 (41002/56926)
Train Time used: 4 	 Loss: 117.785 | Train Acc: 87.004% (457642/526002)
[Eval] Valid Acc. : 75.25% 	 (39802/52893)
[Eval] Test Acc. : 73.12% 	 (41627/56926)
Train Time used: 4 	 Loss: 97.700 | Train Acc: 89.539% (470976/526002)
[Eval] Valid Acc. : 75.12% 	 (39732/52893)
[Eval] Test Acc. : 73.05% 	 (41583/56926)
Train Time used: 4 	 Loss: 97.168 | Train Acc: 89.433% (470417/526002)
[Eval] Valid Acc. : 74.50% 	 (39406/52893)
[Eval] Test Acc. : 71.79% 	 (40865/56926)
Train Time used: 4 	 Loss: 109.467 | Train Acc: 87.790% (461779/526002)
[Eval] Valid Acc. : 73.96% 	 (39120/52893)
[Eval] Test Acc. : 71.94% 	 (40955/56926)
Train Time used: 4 	 Loss: 97.135 | Train Acc: 89.207% (469229/526002)
[Eval] Valid Acc. : 74.74% 	 (39532/52893)
[Eval] Test Acc. : 72.34% 	 (41180/56926)
Train Time used: 4 	 Loss: 82.519 | Train Acc: 91.067% (479013/526002)
[Eval] Valid Acc. : 74.70% 	 (39511/52893)
[Eval] Test Acc. : 72.60% 	 (41327/56926)
Train Time used: 4 	 Loss: 83.455 | Train Acc: 90.837% (477806/526002)
[Eval] Valid Acc. : 73.66% 	 (38962/52893)
[Eval] Test Acc. : 71.78% 	 (40860/56926)
Train Time used: 4 	 Loss: 93.776 | Train Acc: 89.410% (470300/526002)
[Eval] Valid Acc. : 74.71% 	 (39517/52893)
[Eval] Test Acc. : 72.15% 	 (41072/56926)
Train Time used: 4 	 Loss: 77.569 | Train Acc: 91.407% (480805/526002)
[Eval] Valid Acc. : 74.92% 	 (39629/52893)
[Eval] Test Acc. : 72.26% 	 (41137/56926)
Train Time used: 4 	 Loss: 68.979 | Train Acc: 92.518% (486646/526002)
[Eval] Valid Acc. : 74.35% 	 (39328/52893)
[Eval] Test Acc. : 72.07% 	 (41024/56926)
Train Time used: 4 	 Loss: 73.609 | Train Acc: 91.815% (482950/526002)
[Eval] Valid Acc. : 73.89% 	 (39083/52893)
[Eval] Test Acc. : 71.40% 	 (40648/56926)
Train Time used: 4 	 Loss: 87.738 | Train Acc: 89.977% (473279/526002)
[Eval] Valid Acc. : 74.05% 	 (39166/52893)
[Eval] Test Acc. : 71.72% 	 (40828/56926)
Train Time used: 4 	 Loss: 68.430 | Train Acc: 92.381% (485926/526002)
[Eval] Valid Acc. : 74.66% 	 (39490/52893)
[Eval] Test Acc. : 71.92% 	 (40941/56926)
Train Time used: 4 	 Loss: 61.169 | Train Acc: 93.252% (490508/526002)
[Eval] Valid Acc. : 74.26% 	 (39279/52893)
[Eval] Test Acc. : 71.51% 	 (40709/56926)
Train Time used: 4 	 Loss: 62.737 | Train Acc: 92.984% (489098/526002)
[Eval] Valid Acc. : 73.82% 	 (39043/52893)
[Eval] Test Acc. : 71.72% 	 (40829/56926)
Train Time used: 4 	 Loss: 62.920 | Train Acc: 92.879% (488544/526002)
[Eval] Valid Acc. : 74.10% 	 (39192/52893)
[Eval] Test Acc. : 71.59% 	 (40751/56926)
Train Time used: 4 	 Loss: 50.304 | Train Acc: 94.485% (496991/526002)
[Eval] Valid Acc. : 74.36% 	 (39333/52893)
[Eval] Test Acc. : 72.11% 	 (41050/56926)
Train Time used: 4 	 Loss: 48.190 | Train Acc: 94.728% (498272/526002)
[Eval] Valid Acc. : 74.06% 	 (39174/52893)
[Eval] Test Acc. : 71.62% 	 (40770/56926)
Train Time used: 4 	 Loss: 51.190 | Train Acc: 94.261% (495815/526002)
[Eval] Valid Acc. : 73.78% 	 (39027/52893)
[Eval] Test Acc. : 71.36% 	 (40621/56926)
Train Time used: 4 	 Loss: 48.720 | Train Acc: 94.535% (497255/526002)
[Eval] Valid Acc. : 73.99% 	 (39134/52893)
[Eval] Test Acc. : 71.61% 	 (40764/56926)
Train Time used: 4 	 Loss: 40.742 | Train Acc: 95.600% (502857/526002)
[Eval] Valid Acc. : 74.09% 	 (39187/52893)
[Eval] Test Acc. : 71.46% 	 (40682/56926)
Finish training teacher!
[Result][Teacher] Best epoch : 26 	Valid. Acc. : 75.5166% 	 Test Acc.: 73.4778%
