========CONFIG===========
part_labeled =  0.1
========CONFIG===========
[Teacher] CyclicLR step size =  6
[Teacher] batch_size =  100
Train Time used: 1 	 Loss: 1139.125 | Train Acc: 7.950% (8238/103628)
Using the default mapping tsv
[Eval] Valid Acc. : 24.39% 	 (12902/52893)
[Eval] Test Acc. : 24.16% 	 (13755/56926)
Train Time used: 0 	 Loss: 1045.336 | Train Acc: 11.580% (12000/103628)
[Eval] Valid Acc. : 25.91% 	 (13703/52893)
[Eval] Test Acc. : 25.68% 	 (14617/56926)
Train Time used: 0 	 Loss: 922.879 | Train Acc: 18.239% (18901/103628)
[Eval] Valid Acc. : 28.31% 	 (14973/52893)
[Eval] Test Acc. : 26.85% 	 (15286/56926)
Train Time used: 0 	 Loss: 868.261 | Train Acc: 20.967% (21728/103628)
[Eval] Valid Acc. : 37.79% 	 (19986/52893)
[Eval] Test Acc. : 38.15% 	 (21717/56926)
Train Time used: 0 	 Loss: 761.409 | Train Acc: 30.980% (32104/103628)
[Eval] Valid Acc. : 39.08% 	 (20673/52893)
[Eval] Test Acc. : 38.28% 	 (21790/56926)
Train Time used: 0 	 Loss: 656.763 | Train Acc: 35.833% (37133/103628)
[Eval] Valid Acc. : 45.32% 	 (23972/52893)
[Eval] Test Acc. : 44.62% 	 (25400/56926)
Train Time used: 0 	 Loss: 611.803 | Train Acc: 39.733% (41174/103628)
[Eval] Valid Acc. : 45.39% 	 (24006/52893)
[Eval] Test Acc. : 44.37% 	 (25256/56926)
Train Time used: 0 	 Loss: 571.238 | Train Acc: 42.829% (44383/103628)
[Eval] Valid Acc. : 47.69% 	 (25227/52893)
[Eval] Test Acc. : 48.40% 	 (27550/56926)
Train Time used: 0 	 Loss: 537.697 | Train Acc: 45.627% (47282/103628)
[Eval] Valid Acc. : 52.94% 	 (27999/52893)
[Eval] Test Acc. : 52.79% 	 (30053/56926)
Train Time used: 0 	 Loss: 505.614 | Train Acc: 49.023% (50802/103628)
[Eval] Valid Acc. : 52.10% 	 (27558/52893)
[Eval] Test Acc. : 52.32% 	 (29783/56926)
Train Time used: 0 	 Loss: 503.713 | Train Acc: 48.777% (50547/103628)
[Eval] Valid Acc. : 52.26% 	 (27642/52893)
[Eval] Test Acc. : 52.38% 	 (29817/56926)
Train Time used: 0 	 Loss: 467.838 | Train Acc: 50.795% (52638/103628)
[Eval] Valid Acc. : 57.29% 	 (30300/52893)
[Eval] Test Acc. : 57.48% 	 (32723/56926)
Train Time used: 0 	 Loss: 442.741 | Train Acc: 54.700% (56684/103628)
[Eval] Valid Acc. : 56.84% 	 (30063/52893)
[Eval] Test Acc. : 56.54% 	 (32187/56926)
Train Time used: 0 	 Loss: 435.652 | Train Acc: 54.667% (56650/103628)
[Eval] Valid Acc. : 58.54% 	 (30966/52893)
[Eval] Test Acc. : 58.07% 	 (33059/56926)
Train Time used: 0 	 Loss: 405.833 | Train Acc: 57.564% (59652/103628)
[Eval] Valid Acc. : 61.07% 	 (32302/52893)
[Eval] Test Acc. : 60.41% 	 (34387/56926)
Train Time used: 0 	 Loss: 388.846 | Train Acc: 59.689% (61855/103628)
[Eval] Valid Acc. : 60.31% 	 (31899/52893)
[Eval] Test Acc. : 59.66% 	 (33963/56926)
Train Time used: 0 	 Loss: 388.072 | Train Acc: 59.526% (61686/103628)
[Eval] Valid Acc. : 60.83% 	 (32174/52893)
[Eval] Test Acc. : 60.22% 	 (34281/56926)
Train Time used: 0 	 Loss: 367.340 | Train Acc: 61.770% (64011/103628)
[Eval] Valid Acc. : 63.91% 	 (33805/52893)
[Eval] Test Acc. : 63.19% 	 (35974/56926)
Train Time used: 0 	 Loss: 345.871 | Train Acc: 64.103% (66429/103628)
[Eval] Valid Acc. : 61.31% 	 (32427/52893)
[Eval] Test Acc. : 60.84% 	 (34635/56926)
Train Time used: 0 	 Loss: 355.775 | Train Acc: 62.505% (64773/103628)
[Eval] Valid Acc. : 63.76% 	 (33723/52893)
[Eval] Test Acc. : 62.77% 	 (35731/56926)
Train Time used: 0 	 Loss: 326.857 | Train Acc: 65.632% (68013/103628)
[Eval] Valid Acc. : 65.00% 	 (34383/52893)
[Eval] Test Acc. : 64.65% 	 (36803/56926)
Train Time used: 0 	 Loss: 313.032 | Train Acc: 67.633% (70087/103628)
[Eval] Valid Acc. : 64.87% 	 (34312/52893)
[Eval] Test Acc. : 63.48% 	 (36134/56926)
Train Time used: 0 	 Loss: 360.892 | Train Acc: 64.661% (67007/103628)
[Eval] Valid Acc. : 48.23% 	 (25511/52893)
[Eval] Test Acc. : 48.61% 	 (27674/56926)
Train Time used: 0 	 Loss: 502.400 | Train Acc: 52.413% (54315/103628)
[Eval] Valid Acc. : 57.44% 	 (30384/52893)
[Eval] Test Acc. : 55.73% 	 (31727/56926)
Train Time used: 0 	 Loss: 417.216 | Train Acc: 58.526% (60649/103628)
[Eval] Valid Acc. : 55.92% 	 (29580/52893)
[Eval] Test Acc. : 55.51% 	 (31600/56926)
Train Time used: 0 	 Loss: 399.312 | Train Acc: 58.079% (60186/103628)
[Eval] Valid Acc. : 60.51% 	 (32008/52893)
[Eval] Test Acc. : 59.24% 	 (33722/56926)
Train Time used: 0 	 Loss: 348.079 | Train Acc: 63.316% (65613/103628)
[Eval] Valid Acc. : 64.88% 	 (34316/52893)
[Eval] Test Acc. : 63.97% 	 (36414/56926)
Train Time used: 0 	 Loss: 317.771 | Train Acc: 66.813% (69237/103628)
[Eval] Valid Acc. : 64.26% 	 (33988/52893)
[Eval] Test Acc. : 63.28% 	 (36024/56926)
Train Time used: 0 	 Loss: 306.406 | Train Acc: 67.437% (69884/103628)
[Eval] Valid Acc. : 65.94% 	 (34876/52893)
[Eval] Test Acc. : 65.12% 	 (37068/56926)
Train Time used: 0 	 Loss: 280.244 | Train Acc: 70.263% (72812/103628)
[Eval] Valid Acc. : 66.65% 	 (35253/52893)
[Eval] Test Acc. : 66.01% 	 (37579/56926)
Train Time used: 0 	 Loss: 265.632 | Train Acc: 72.037% (74651/103628)
[Eval] Valid Acc. : 66.76% 	 (35314/52893)
[Eval] Test Acc. : 66.12% 	 (37640/56926)
Train Time used: 0 	 Loss: 270.147 | Train Acc: 71.297% (73884/103628)
[Eval] Valid Acc. : 66.46% 	 (35153/52893)
[Eval] Test Acc. : 65.73% 	 (37420/56926)
Train Time used: 0 	 Loss: 241.900 | Train Acc: 74.036% (76722/103628)
[Eval] Valid Acc. : 67.50% 	 (35703/52893)
[Eval] Test Acc. : 66.96% 	 (38120/56926)
Train Time used: 0 	 Loss: 232.784 | Train Acc: 75.314% (78046/103628)
[Eval] Valid Acc. : 66.68% 	 (35269/52893)
[Eval] Test Acc. : 65.90% 	 (37514/56926)
Train Time used: 0 	 Loss: 234.794 | Train Acc: 74.708% (77418/103628)
[Eval] Valid Acc. : 67.40% 	 (35648/52893)
[Eval] Test Acc. : 66.51% 	 (37864/56926)
Train Time used: 0 	 Loss: 214.573 | Train Acc: 77.286% (80090/103628)
[Eval] Valid Acc. : 67.72% 	 (35818/52893)
[Eval] Test Acc. : 67.13% 	 (38215/56926)
Train Time used: 0 	 Loss: 200.600 | Train Acc: 79.018% (81885/103628)
[Eval] Valid Acc. : 67.76% 	 (35838/52893)
[Eval] Test Acc. : 66.55% 	 (37882/56926)
Train Time used: 0 	 Loss: 197.287 | Train Acc: 78.984% (81850/103628)
[Eval] Valid Acc. : 66.40% 	 (35122/52893)
[Eval] Test Acc. : 66.19% 	 (37679/56926)
Train Time used: 0 	 Loss: 189.548 | Train Acc: 79.541% (82427/103628)
[Eval] Valid Acc. : 67.93% 	 (35930/52893)
[Eval] Test Acc. : 67.07% 	 (38182/56926)
Train Time used: 0 	 Loss: 173.409 | Train Acc: 81.989% (84964/103628)
[Eval] Valid Acc. : 67.73% 	 (35822/52893)
[Eval] Test Acc. : 67.01% 	 (38148/56926)
Train Time used: 0 	 Loss: 178.578 | Train Acc: 81.151% (84095/103628)
[Eval] Valid Acc. : 65.35% 	 (34563/52893)
[Eval] Test Acc. : 65.24% 	 (37137/56926)
Train Time used: 0 	 Loss: 188.197 | Train Acc: 79.355% (82234/103628)
[Eval] Valid Acc. : 67.49% 	 (35699/52893)
[Eval] Test Acc. : 66.65% 	 (37939/56926)
Train Time used: 0 	 Loss: 158.908 | Train Acc: 82.855% (85861/103628)
[Eval] Valid Acc. : 66.58% 	 (35217/52893)
[Eval] Test Acc. : 65.17% 	 (37097/56926)
Train Time used: 0 	 Loss: 182.294 | Train Acc: 80.177% (83086/103628)
[Eval] Valid Acc. : 66.02% 	 (34921/52893)
[Eval] Test Acc. : 65.47% 	 (37267/56926)
Train Time used: 0 	 Loss: 172.411 | Train Acc: 81.101% (84043/103628)
[Eval] Valid Acc. : 67.55% 	 (35731/52893)
[Eval] Test Acc. : 66.71% 	 (37975/56926)
Train Time used: 0 	 Loss: 149.463 | Train Acc: 84.032% (87081/103628)
[Eval] Valid Acc. : 66.90% 	 (35387/52893)
[Eval] Test Acc. : 65.41% 	 (37237/56926)
Train Time used: 0 	 Loss: 156.130 | Train Acc: 83.174% (86192/103628)
[Eval] Valid Acc. : 66.95% 	 (35412/52893)
[Eval] Test Acc. : 66.56% 	 (37890/56926)
Train Time used: 0 	 Loss: 137.026 | Train Acc: 85.254% (88347/103628)
[Eval] Valid Acc. : 67.44% 	 (35670/52893)
[Eval] Test Acc. : 66.66% 	 (37947/56926)
Train Time used: 0 	 Loss: 120.956 | Train Acc: 87.445% (90618/103628)
[Eval] Valid Acc. : 67.41% 	 (35655/52893)
[Eval] Test Acc. : 66.87% 	 (38066/56926)
Train Time used: 0 	 Loss: 124.756 | Train Acc: 86.959% (90114/103628)
[Eval] Valid Acc. : 66.92% 	 (35395/52893)
[Eval] Test Acc. : 65.63% 	 (37358/56926)
Finish training teacher!
[Result][Teacher] Best epoch : 38 	Valid. Acc. : 67.9296% 	 Test Acc.: 67.0730%
