========CONFIG===========
part_labeled =  0.2
temp =  6.0
========CONFIG===========
[Student] CyclicLR step size =  70
LogitsTrain Time used: 10 	 Loss: 1738.881
Using the default mapping tsv
[Eval] Valid Acc. : 29.18% 	 (15433/52893)
[Eval] Test Acc. : 28.75% 	 (16368/56926)
LogitsTrain Time used: 10 	 Loss: 887.094
[Eval] Valid Acc. : 44.80% 	 (23697/52893)
[Eval] Test Acc. : 44.51% 	 (25339/56926)
LogitsTrain Time used: 10 	 Loss: 486.024
[Eval] Valid Acc. : 56.26% 	 (29759/52893)
[Eval] Test Acc. : 55.96% 	 (31855/56926)
LogitsTrain Time used: 10 	 Loss: 342.433
[Eval] Valid Acc. : 59.07% 	 (31243/52893)
[Eval] Test Acc. : 58.79% 	 (33467/56926)
LogitsTrain Time used: 10 	 Loss: 304.459
[Eval] Valid Acc. : 57.93% 	 (30642/52893)
[Eval] Test Acc. : 57.66% 	 (32822/56926)
LogitsTrain Time used: 10 	 Loss: 281.642
[Eval] Valid Acc. : 63.06% 	 (33355/52893)
[Eval] Test Acc. : 61.97% 	 (35279/56926)
LogitsTrain Time used: 10 	 Loss: 225.485
[Eval] Valid Acc. : 64.50% 	 (34118/52893)
[Eval] Test Acc. : 63.54% 	 (36172/56926)
LogitsTrain Time used: 10 	 Loss: 204.442
[Eval] Valid Acc. : 65.47% 	 (34630/52893)
[Eval] Test Acc. : 64.54% 	 (36742/56926)
LogitsTrain Time used: 10 	 Loss: 197.230
[Eval] Valid Acc. : 66.38% 	 (35109/52893)
[Eval] Test Acc. : 65.11% 	 (37064/56926)
LogitsTrain Time used: 10 	 Loss: 201.220
[Eval] Valid Acc. : 66.22% 	 (35027/52893)
[Eval] Test Acc. : 65.47% 	 (37270/56926)
LogitsTrain Time used: 10 	 Loss: 181.563
[Eval] Valid Acc. : 67.33% 	 (35611/52893)
[Eval] Test Acc. : 66.18% 	 (37671/56926)
LogitsTrain Time used: 10 	 Loss: 171.050
[Eval] Valid Acc. : 67.29% 	 (35593/52893)
[Eval] Test Acc. : 66.08% 	 (37617/56926)
LogitsTrain Time used: 10 	 Loss: 170.812
[Eval] Valid Acc. : 66.48% 	 (35165/52893)
[Eval] Test Acc. : 65.28% 	 (37161/56926)
LogitsTrain Time used: 10 	 Loss: 179.091
[Eval] Valid Acc. : 67.56% 	 (35734/52893)
[Eval] Test Acc. : 66.13% 	 (37644/56926)
LogitsTrain Time used: 10 	 Loss: 163.625
[Eval] Valid Acc. : 68.07% 	 (36006/52893)
[Eval] Test Acc. : 66.77% 	 (38009/56926)
LogitsTrain Time used: 10 	 Loss: 156.230
[Eval] Valid Acc. : 68.20% 	 (36072/52893)
[Eval] Test Acc. : 66.85% 	 (38054/56926)
LogitsTrain Time used: 10 	 Loss: 156.502
[Eval] Valid Acc. : 67.73% 	 (35827/52893)
[Eval] Test Acc. : 66.57% 	 (37897/56926)
LogitsTrain Time used: 10 	 Loss: 170.026
[Eval] Valid Acc. : 67.90% 	 (35914/52893)
[Eval] Test Acc. : 66.68% 	 (37959/56926)
LogitsTrain Time used: 10 	 Loss: 153.154
[Eval] Valid Acc. : 68.42% 	 (36187/52893)
[Eval] Test Acc. : 67.18% 	 (38243/56926)
LogitsTrain Time used: 10 	 Loss: 147.064
[Eval] Valid Acc. : 68.47% 	 (36214/52893)
[Eval] Test Acc. : 67.25% 	 (38284/56926)
LogitsTrain Time used: 10 	 Loss: 149.102
[Eval] Valid Acc. : 68.43% 	 (36194/52893)
[Eval] Test Acc. : 67.49% 	 (38419/56926)
LogitsTrain Time used: 10 	 Loss: 153.662
[Eval] Valid Acc. : 68.23% 	 (36091/52893)
[Eval] Test Acc. : 66.94% 	 (38106/56926)
LogitsTrain Time used: 10 	 Loss: 145.128
[Eval] Valid Acc. : 68.61% 	 (36288/52893)
[Eval] Test Acc. : 67.66% 	 (38516/56926)
LogitsTrain Time used: 10 	 Loss: 140.774
[Eval] Valid Acc. : 68.65% 	 (36313/52893)
[Eval] Test Acc. : 67.52% 	 (38434/56926)
LogitsTrain Time used: 10 	 Loss: 142.516
[Eval] Valid Acc. : 67.90% 	 (35915/52893)
[Eval] Test Acc. : 66.90% 	 (38085/56926)
LogitsTrain Time used: 10 	 Loss: 153.856
[Eval] Valid Acc. : 68.20% 	 (36075/52893)
[Eval] Test Acc. : 67.40% 	 (38370/56926)
LogitsTrain Time used: 10 	 Loss: 139.466
[Eval] Valid Acc. : 68.71% 	 (36345/52893)
[Eval] Test Acc. : 67.79% 	 (38588/56926)
LogitsTrain Time used: 10 	 Loss: 136.176
[Eval] Valid Acc. : 68.96% 	 (36475/52893)
[Eval] Test Acc. : 67.69% 	 (38531/56926)
LogitsTrain Time used: 10 	 Loss: 139.802
[Eval] Valid Acc. : 68.26% 	 (36104/52893)
[Eval] Test Acc. : 67.00% 	 (38141/56926)
LogitsTrain Time used: 10 	 Loss: 142.952
[Eval] Valid Acc. : 68.42% 	 (36187/52893)
[Eval] Test Acc. : 67.45% 	 (38399/56926)
LogitsTrain Time used: 10 	 Loss: 135.450
[Eval] Valid Acc. : 68.99% 	 (36492/52893)
[Eval] Test Acc. : 67.87% 	 (38637/56926)
LogitsTrain Time used: 10 	 Loss: 131.981
[Eval] Valid Acc. : 69.19% 	 (36599/52893)
[Eval] Test Acc. : 67.83% 	 (38614/56926)
LogitsTrain Time used: 10 	 Loss: 137.932
[Eval] Valid Acc. : 67.72% 	 (35817/52893)
[Eval] Test Acc. : 66.85% 	 (38054/56926)
LogitsTrain Time used: 10 	 Loss: 144.744
[Eval] Valid Acc. : 68.73% 	 (36355/52893)
[Eval] Test Acc. : 67.81% 	 (38601/56926)
LogitsTrain Time used: 10 	 Loss: 131.397
[Eval] Valid Acc. : 69.05% 	 (36522/52893)
[Eval] Test Acc. : 67.90% 	 (38654/56926)
LogitsTrain Time used: 10 	 Loss: 130.068
[Eval] Valid Acc. : 68.90% 	 (36445/52893)
[Eval] Test Acc. : 67.78% 	 (38584/56926)
LogitsTrain Time used: 10 	 Loss: 133.540
[Eval] Valid Acc. : 68.42% 	 (36191/52893)
[Eval] Test Acc. : 67.16% 	 (38229/56926)
LogitsTrain Time used: 10 	 Loss: 135.675
[Eval] Valid Acc. : 68.62% 	 (36297/52893)
[Eval] Test Acc. : 67.49% 	 (38420/56926)
LogitsTrain Time used: 10 	 Loss: 128.610
[Eval] Valid Acc. : 69.19% 	 (36598/52893)
[Eval] Test Acc. : 68.09% 	 (38761/56926)
LogitsTrain Time used: 10 	 Loss: 127.344
[Eval] Valid Acc. : 69.00% 	 (36498/52893)
[Eval] Test Acc. : 67.85% 	 (38627/56926)
LogitsTrain Time used: 10 	 Loss: 133.926
[Eval] Valid Acc. : 68.07% 	 (36002/52893)
[Eval] Test Acc. : 67.51% 	 (38428/56926)
LogitsTrain Time used: 10 	 Loss: 132.335
[Eval] Valid Acc. : 69.16% 	 (36580/52893)
[Eval] Test Acc. : 68.06% 	 (38746/56926)
LogitsTrain Time used: 10 	 Loss: 125.710
[Eval] Valid Acc. : 69.16% 	 (36581/52893)
[Eval] Test Acc. : 68.11% 	 (38775/56926)
LogitsTrain Time used: 10 	 Loss: 125.126
[Eval] Valid Acc. : 68.70% 	 (36336/52893)
[Eval] Test Acc. : 67.91% 	 (38656/56926)
LogitsTrain Time used: 10 	 Loss: 134.377
[Eval] Valid Acc. : 68.89% 	 (36438/52893)
[Eval] Test Acc. : 67.61% 	 (38486/56926)
LogitsTrain Time used: 10 	 Loss: 128.673
[Eval] Valid Acc. : 69.09% 	 (36543/52893)
[Eval] Test Acc. : 68.25% 	 (38850/56926)
LogitsTrain Time used: 10 	 Loss: 123.629
[Eval] Valid Acc. : 69.38% 	 (36696/52893)
[Eval] Test Acc. : 68.27% 	 (38862/56926)
LogitsTrain Time used: 10 	 Loss: 125.094
[Eval] Valid Acc. : 68.20% 	 (36072/52893)
[Eval] Test Acc. : 67.49% 	 (38419/56926)
LogitsTrain Time used: 10 	 Loss: 131.550
[Eval] Valid Acc. : 68.87% 	 (36426/52893)
[Eval] Test Acc. : 67.64% 	 (38503/56926)
LogitsTrain Time used: 10 	 Loss: 126.178
[Eval] Valid Acc. : 69.44% 	 (36730/52893)
[Eval] Test Acc. : 68.32% 	 (38893/56926)
Finish training student!
[Result][Student] Best epoch : 49 	Valid. Acc. : 69.4421% 	 Test Acc.: 68.3220%
