========CONFIG===========
part_labeled =  0.2
temp =  2.0
========CONFIG===========
[Student] CyclicLR step size =  70
LogitsTrain Time used: 10 	 Loss: 1812.291
Using the default mapping tsv
[Eval] Valid Acc. : 32.12% 	 (16990/52893)
[Eval] Test Acc. : 31.67% 	 (18028/56926)
LogitsTrain Time used: 10 	 Loss: 831.047
[Eval] Valid Acc. : 51.09% 	 (27021/52893)
[Eval] Test Acc. : 51.24% 	 (29170/56926)
LogitsTrain Time used: 10 	 Loss: 405.248
[Eval] Valid Acc. : 61.33% 	 (32441/52893)
[Eval] Test Acc. : 60.93% 	 (34686/56926)
LogitsTrain Time used: 10 	 Loss: 284.783
[Eval] Valid Acc. : 63.88% 	 (33786/52893)
[Eval] Test Acc. : 63.30% 	 (36037/56926)
LogitsTrain Time used: 10 	 Loss: 258.870
[Eval] Valid Acc. : 64.29% 	 (34007/52893)
[Eval] Test Acc. : 63.19% 	 (35973/56926)
LogitsTrain Time used: 9 	 Loss: 244.416
[Eval] Valid Acc. : 63.61% 	 (33645/52893)
[Eval] Test Acc. : 62.55% 	 (35605/56926)
LogitsTrain Time used: 10 	 Loss: 209.037
[Eval] Valid Acc. : 67.50% 	 (35701/52893)
[Eval] Test Acc. : 66.28% 	 (37731/56926)
LogitsTrain Time used: 10 	 Loss: 181.896
[Eval] Valid Acc. : 67.98% 	 (35957/52893)
[Eval] Test Acc. : 66.65% 	 (37941/56926)
LogitsTrain Time used: 10 	 Loss: 177.022
[Eval] Valid Acc. : 67.59% 	 (35748/52893)
[Eval] Test Acc. : 66.35% 	 (37771/56926)
LogitsTrain Time used: 10 	 Loss: 182.752
[Eval] Valid Acc. : 67.20% 	 (35542/52893)
[Eval] Test Acc. : 66.54% 	 (37878/56926)
LogitsTrain Time used: 10 	 Loss: 168.589
[Eval] Valid Acc. : 68.83% 	 (36404/52893)
[Eval] Test Acc. : 67.47% 	 (38406/56926)
LogitsTrain Time used: 10 	 Loss: 155.512
[Eval] Valid Acc. : 68.86% 	 (36421/52893)
[Eval] Test Acc. : 67.58% 	 (38471/56926)
LogitsTrain Time used: 10 	 Loss: 155.876
[Eval] Valid Acc. : 68.33% 	 (36143/52893)
[Eval] Test Acc. : 66.95% 	 (38113/56926)
LogitsTrain Time used: 10 	 Loss: 162.360
[Eval] Valid Acc. : 68.54% 	 (36255/52893)
[Eval] Test Acc. : 67.28% 	 (38302/56926)
LogitsTrain Time used: 10 	 Loss: 152.131
[Eval] Valid Acc. : 69.09% 	 (36546/52893)
[Eval] Test Acc. : 67.77% 	 (38578/56926)
LogitsTrain Time used: 10 	 Loss: 142.845
[Eval] Valid Acc. : 69.15% 	 (36574/52893)
[Eval] Test Acc. : 67.84% 	 (38616/56926)
LogitsTrain Time used: 10 	 Loss: 144.066
[Eval] Valid Acc. : 67.94% 	 (35938/52893)
[Eval] Test Acc. : 67.05% 	 (38169/56926)
LogitsTrain Time used: 10 	 Loss: 151.242
[Eval] Valid Acc. : 68.71% 	 (36345/52893)
[Eval] Test Acc. : 67.67% 	 (38520/56926)
LogitsTrain Time used: 10 	 Loss: 140.954
[Eval] Valid Acc. : 69.40% 	 (36707/52893)
[Eval] Test Acc. : 67.94% 	 (38673/56926)
LogitsTrain Time used: 10 	 Loss: 133.968
[Eval] Valid Acc. : 69.17% 	 (36586/52893)
[Eval] Test Acc. : 68.17% 	 (38805/56926)
LogitsTrain Time used: 10 	 Loss: 137.362
[Eval] Valid Acc. : 68.81% 	 (36398/52893)
[Eval] Test Acc. : 67.70% 	 (38540/56926)
LogitsTrain Time used: 10 	 Loss: 144.927
[Eval] Valid Acc. : 68.94% 	 (36463/52893)
[Eval] Test Acc. : 67.80% 	 (38595/56926)
LogitsTrain Time used: 10 	 Loss: 134.131
[Eval] Valid Acc. : 69.71% 	 (36874/52893)
[Eval] Test Acc. : 68.31% 	 (38885/56926)
LogitsTrain Time used: 10 	 Loss: 128.483
[Eval] Valid Acc. : 69.59% 	 (36808/52893)
[Eval] Test Acc. : 68.27% 	 (38862/56926)
LogitsTrain Time used: 10 	 Loss: 132.671
[Eval] Valid Acc. : 67.68% 	 (35797/52893)
[Eval] Test Acc. : 67.20% 	 (38253/56926)
LogitsTrain Time used: 10 	 Loss: 140.736
[Eval] Valid Acc. : 69.43% 	 (36721/52893)
[Eval] Test Acc. : 68.09% 	 (38760/56926)
LogitsTrain Time used: 10 	 Loss: 128.136
[Eval] Valid Acc. : 69.79% 	 (36912/52893)
[Eval] Test Acc. : 68.34% 	 (38905/56926)
LogitsTrain Time used: 10 	 Loss: 123.680
[Eval] Valid Acc. : 69.53% 	 (36775/52893)
[Eval] Test Acc. : 68.23% 	 (38838/56926)
LogitsTrain Time used: 10 	 Loss: 128.974
[Eval] Valid Acc. : 68.89% 	 (36439/52893)
[Eval] Test Acc. : 67.35% 	 (38340/56926)
LogitsTrain Time used: 10 	 Loss: 134.050
[Eval] Valid Acc. : 69.10% 	 (36549/52893)
[Eval] Test Acc. : 67.66% 	 (38515/56926)
LogitsTrain Time used: 10 	 Loss: 125.962
[Eval] Valid Acc. : 69.87% 	 (36957/52893)
[Eval] Test Acc. : 68.73% 	 (39124/56926)
LogitsTrain Time used: 9 	 Loss: 121.557
[Eval] Valid Acc. : 69.56% 	 (36790/52893)
[Eval] Test Acc. : 68.47% 	 (38975/56926)
LogitsTrain Time used: 10 	 Loss: 127.443
[Eval] Valid Acc. : 67.03% 	 (35456/52893)
[Eval] Test Acc. : 66.25% 	 (37715/56926)
LogitsTrain Time used: 10 	 Loss: 136.880
[Eval] Valid Acc. : 69.61% 	 (36817/52893)
[Eval] Test Acc. : 68.26% 	 (38855/56926)
LogitsTrain Time used: 10 	 Loss: 121.717
[Eval] Valid Acc. : 69.88% 	 (36959/52893)
[Eval] Test Acc. : 68.69% 	 (39105/56926)
LogitsTrain Time used: 10 	 Loss: 118.252
[Eval] Valid Acc. : 69.70% 	 (36867/52893)
[Eval] Test Acc. : 68.42% 	 (38950/56926)
LogitsTrain Time used: 10 	 Loss: 123.000
[Eval] Valid Acc. : 69.39% 	 (36705/52893)
[Eval] Test Acc. : 68.45% 	 (38966/56926)
LogitsTrain Time used: 10 	 Loss: 126.298
[Eval] Valid Acc. : 69.68% 	 (36858/52893)
[Eval] Test Acc. : 68.71% 	 (39114/56926)
LogitsTrain Time used: 10 	 Loss: 117.981
[Eval] Valid Acc. : 69.91% 	 (36980/52893)
[Eval] Test Acc. : 68.84% 	 (39189/56926)
LogitsTrain Time used: 10 	 Loss: 115.694
[Eval] Valid Acc. : 69.85% 	 (36944/52893)
[Eval] Test Acc. : 68.35% 	 (38908/56926)
LogitsTrain Time used: 10 	 Loss: 122.999
[Eval] Valid Acc. : 67.81% 	 (35866/52893)
[Eval] Test Acc. : 67.12% 	 (38210/56926)
LogitsTrain Time used: 10 	 Loss: 125.231
[Eval] Valid Acc. : 69.82% 	 (36929/52893)
[Eval] Test Acc. : 68.66% 	 (39085/56926)
LogitsTrain Time used: 10 	 Loss: 115.329
[Eval] Valid Acc. : 70.14% 	 (37097/52893)
[Eval] Test Acc. : 68.84% 	 (39188/56926)
LogitsTrain Time used: 10 	 Loss: 114.665
[Eval] Valid Acc. : 69.78% 	 (36909/52893)
[Eval] Test Acc. : 68.64% 	 (39073/56926)
LogitsTrain Time used: 10 	 Loss: 120.428
[Eval] Valid Acc. : 68.77% 	 (36375/52893)
[Eval] Test Acc. : 67.85% 	 (38627/56926)
LogitsTrain Time used: 10 	 Loss: 121.161
[Eval] Valid Acc. : 70.11% 	 (37084/52893)
[Eval] Test Acc. : 68.69% 	 (39100/56926)
LogitsTrain Time used: 10 	 Loss: 112.741
[Eval] Valid Acc. : 70.20% 	 (37130/52893)
[Eval] Test Acc. : 68.89% 	 (39215/56926)
LogitsTrain Time used: 10 	 Loss: 113.460
[Eval] Valid Acc. : 69.88% 	 (36961/52893)
[Eval] Test Acc. : 68.48% 	 (38981/56926)
LogitsTrain Time used: 10 	 Loss: 119.491
[Eval] Valid Acc. : 69.62% 	 (36822/52893)
[Eval] Test Acc. : 68.38% 	 (38925/56926)
LogitsTrain Time used: 10 	 Loss: 114.958
[Eval] Valid Acc. : 70.04% 	 (37045/52893)
[Eval] Test Acc. : 68.75% 	 (39136/56926)
Finish training student!
[Result][Student] Best epoch : 46 	Valid. Acc. : 70.1983% 	 Test Acc.: 68.8877%
