========CONFIG===========
part_labeled =  0.2
temp =  0.5
========CONFIG===========
[Student] CyclicLR step size =  70
LogitsTrain Time used: 10 	 Loss: 240.885
Using the default mapping tsv
[Eval] Valid Acc. : 25.55% 	 (13514/52893)
[Eval] Test Acc. : 24.68% 	 (14050/56926)
LogitsTrain Time used: 10 	 Loss: 150.314
[Eval] Valid Acc. : 45.77% 	 (24207/52893)
[Eval] Test Acc. : 45.92% 	 (26143/56926)
LogitsTrain Time used: 10 	 Loss: 92.264
[Eval] Valid Acc. : 57.00% 	 (30148/52893)
[Eval] Test Acc. : 57.01% 	 (32454/56926)
LogitsTrain Time used: 11 	 Loss: 71.542
[Eval] Valid Acc. : 59.06% 	 (31239/52893)
[Eval] Test Acc. : 59.07% 	 (33625/56926)
LogitsTrain Time used: 10 	 Loss: 65.565
[Eval] Valid Acc. : 58.84% 	 (31124/52893)
[Eval] Test Acc. : 58.18% 	 (33121/56926)
LogitsTrain Time used: 10 	 Loss: 59.857
[Eval] Valid Acc. : 61.92% 	 (32750/52893)
[Eval] Test Acc. : 60.38% 	 (34373/56926)
LogitsTrain Time used: 10 	 Loss: 51.250
[Eval] Valid Acc. : 64.53% 	 (34132/52893)
[Eval] Test Acc. : 63.85% 	 (36345/56926)
LogitsTrain Time used: 10 	 Loss: 45.740
[Eval] Valid Acc. : 65.47% 	 (34630/52893)
[Eval] Test Acc. : 64.58% 	 (36760/56926)
LogitsTrain Time used: 10 	 Loss: 44.351
[Eval] Valid Acc. : 64.30% 	 (34011/52893)
[Eval] Test Acc. : 62.72% 	 (35703/56926)
LogitsTrain Time used: 10 	 Loss: 45.657
[Eval] Valid Acc. : 64.08% 	 (33894/52893)
[Eval] Test Acc. : 62.97% 	 (35847/56926)
LogitsTrain Time used: 10 	 Loss: 41.319
[Eval] Valid Acc. : 67.28% 	 (35585/52893)
[Eval] Test Acc. : 66.24% 	 (37707/56926)
LogitsTrain Time used: 10 	 Loss: 38.102
[Eval] Valid Acc. : 67.11% 	 (35499/52893)
[Eval] Test Acc. : 66.31% 	 (37745/56926)
LogitsTrain Time used: 10 	 Loss: 38.068
[Eval] Valid Acc. : 66.68% 	 (35267/52893)
[Eval] Test Acc. : 65.51% 	 (37292/56926)
LogitsTrain Time used: 10 	 Loss: 39.479
[Eval] Valid Acc. : 67.20% 	 (35544/52893)
[Eval] Test Acc. : 66.31% 	 (37745/56926)
LogitsTrain Time used: 10 	 Loss: 36.347
[Eval] Valid Acc. : 68.04% 	 (35987/52893)
[Eval] Test Acc. : 66.89% 	 (38076/56926)
LogitsTrain Time used: 10 	 Loss: 34.105
[Eval] Valid Acc. : 68.21% 	 (36079/52893)
[Eval] Test Acc. : 67.12% 	 (38206/56926)
LogitsTrain Time used: 10 	 Loss: 34.434
[Eval] Valid Acc. : 67.44% 	 (35669/52893)
[Eval] Test Acc. : 66.32% 	 (37751/56926)
LogitsTrain Time used: 10 	 Loss: 35.622
[Eval] Valid Acc. : 67.43% 	 (35668/52893)
[Eval] Test Acc. : 66.82% 	 (38040/56926)
LogitsTrain Time used: 10 	 Loss: 33.452
[Eval] Valid Acc. : 68.45% 	 (36204/52893)
[Eval] Test Acc. : 67.38% 	 (38359/56926)
LogitsTrain Time used: 10 	 Loss: 31.844
[Eval] Valid Acc. : 68.63% 	 (36303/52893)
[Eval] Test Acc. : 67.43% 	 (38387/56926)
LogitsTrain Time used: 10 	 Loss: 32.357
[Eval] Valid Acc. : 67.39% 	 (35645/52893)
[Eval] Test Acc. : 66.08% 	 (37619/56926)
LogitsTrain Time used: 10 	 Loss: 33.533
[Eval] Valid Acc. : 68.45% 	 (36205/52893)
[Eval] Test Acc. : 67.07% 	 (38178/56926)
LogitsTrain Time used: 10 	 Loss: 31.542
[Eval] Valid Acc. : 69.17% 	 (36584/52893)
[Eval] Test Acc. : 68.01% 	 (38716/56926)
LogitsTrain Time used: 10 	 Loss: 29.984
[Eval] Valid Acc. : 68.80% 	 (36393/52893)
[Eval] Test Acc. : 67.62% 	 (38494/56926)
LogitsTrain Time used: 10 	 Loss: 30.974
[Eval] Valid Acc. : 68.05% 	 (35995/52893)
[Eval] Test Acc. : 66.64% 	 (37937/56926)
LogitsTrain Time used: 10 	 Loss: 32.170
[Eval] Valid Acc. : 68.24% 	 (36096/52893)
[Eval] Test Acc. : 67.14% 	 (38221/56926)
LogitsTrain Time used: 10 	 Loss: 30.062
[Eval] Valid Acc. : 69.38% 	 (36698/52893)
[Eval] Test Acc. : 68.18% 	 (38813/56926)
LogitsTrain Time used: 10 	 Loss: 28.652
[Eval] Valid Acc. : 69.20% 	 (36604/52893)
[Eval] Test Acc. : 68.00% 	 (38708/56926)
LogitsTrain Time used: 10 	 Loss: 29.972
[Eval] Valid Acc. : 68.49% 	 (36227/52893)
[Eval] Test Acc. : 67.11% 	 (38204/56926)
LogitsTrain Time used: 10 	 Loss: 30.529
[Eval] Valid Acc. : 69.39% 	 (36705/52893)
[Eval] Test Acc. : 67.80% 	 (38597/56926)
LogitsTrain Time used: 10 	 Loss: 28.783
[Eval] Valid Acc. : 69.70% 	 (36868/52893)
[Eval] Test Acc. : 68.38% 	 (38926/56926)
LogitsTrain Time used: 10 	 Loss: 27.806
[Eval] Valid Acc. : 69.41% 	 (36712/52893)
[Eval] Test Acc. : 68.16% 	 (38802/56926)
LogitsTrain Time used: 10 	 Loss: 29.012
[Eval] Valid Acc. : 67.89% 	 (35908/52893)
[Eval] Test Acc. : 66.76% 	 (38002/56926)
LogitsTrain Time used: 10 	 Loss: 29.397
[Eval] Valid Acc. : 69.13% 	 (36563/52893)
[Eval] Test Acc. : 67.95% 	 (38682/56926)
LogitsTrain Time used: 10 	 Loss: 27.733
[Eval] Valid Acc. : 69.93% 	 (36987/52893)
[Eval] Test Acc. : 68.53% 	 (39011/56926)
LogitsTrain Time used: 10 	 Loss: 26.963
[Eval] Valid Acc. : 68.92% 	 (36454/52893)
[Eval] Test Acc. : 67.85% 	 (38624/56926)
LogitsTrain Time used: 10 	 Loss: 28.437
[Eval] Valid Acc. : 68.06% 	 (35998/52893)
[Eval] Test Acc. : 67.31% 	 (38317/56926)
LogitsTrain Time used: 10 	 Loss: 28.665
[Eval] Valid Acc. : 69.56% 	 (36794/52893)
[Eval] Test Acc. : 68.17% 	 (38805/56926)
LogitsTrain Time used: 10 	 Loss: 26.739
[Eval] Valid Acc. : 69.94% 	 (36991/52893)
[Eval] Test Acc. : 68.63% 	 (39067/56926)
LogitsTrain Time used: 10 	 Loss: 26.463
[Eval] Valid Acc. : 69.26% 	 (36634/52893)
[Eval] Test Acc. : 67.85% 	 (38623/56926)
LogitsTrain Time used: 10 	 Loss: 27.723
[Eval] Valid Acc. : 68.81% 	 (36394/52893)
[Eval] Test Acc. : 67.69% 	 (38536/56926)
LogitsTrain Time used: 10 	 Loss: 27.623
[Eval] Valid Acc. : 69.92% 	 (36985/52893)
[Eval] Test Acc. : 68.30% 	 (38878/56926)
LogitsTrain Time used: 10 	 Loss: 26.072
[Eval] Valid Acc. : 70.06% 	 (37058/52893)
[Eval] Test Acc. : 68.66% 	 (39087/56926)
LogitsTrain Time used: 10 	 Loss: 25.999
[Eval] Valid Acc. : 69.33% 	 (36669/52893)
[Eval] Test Acc. : 67.88% 	 (38643/56926)
LogitsTrain Time used: 10 	 Loss: 27.190
[Eval] Valid Acc. : 69.03% 	 (36514/52893)
[Eval] Test Acc. : 67.98% 	 (38701/56926)
LogitsTrain Time used: 10 	 Loss: 26.914
[Eval] Valid Acc. : 69.66% 	 (36847/52893)
[Eval] Test Acc. : 68.33% 	 (38895/56926)
LogitsTrain Time used: 10 	 Loss: 25.361
[Eval] Valid Acc. : 70.10% 	 (37080/52893)
[Eval] Test Acc. : 68.66% 	 (39088/56926)
LogitsTrain Time used: 10 	 Loss: 25.475
[Eval] Valid Acc. : 69.22% 	 (36611/52893)
[Eval] Test Acc. : 67.94% 	 (38676/56926)
LogitsTrain Time used: 10 	 Loss: 26.811
[Eval] Valid Acc. : 69.39% 	 (36701/52893)
[Eval] Test Acc. : 68.10% 	 (38765/56926)
LogitsTrain Time used: 10 	 Loss: 26.243
[Eval] Valid Acc. : 69.77% 	 (36903/52893)
[Eval] Test Acc. : 68.43% 	 (38957/56926)
Finish training student!
[Result][Student] Best epoch : 46 	Valid. Acc. : 70.1038% 	 Test Acc.: 68.6646%
