========CONFIG===========
part_labeled =  0.2
========CONFIG===========
[Teacher] CyclicLR step size =  14
[Teacher] batch_size =  100
Train Time used: 2 	 Loss: 1151.654 | Train Acc: 9.553% (20007/209427)
Using the default mapping tsv
[Eval] Valid Acc. : 24.39% 	 (12902/52893)
[Eval] Test Acc. : 24.16% 	 (13755/56926)
Train Time used: 1 	 Loss: 975.435 | Train Acc: 14.352% (30058/209427)
[Eval] Valid Acc. : 30.55% 	 (16161/52893)
[Eval] Test Acc. : 30.39% 	 (17300/56926)
Train Time used: 1 	 Loss: 768.669 | Train Acc: 29.390% (61551/209427)
[Eval] Valid Acc. : 44.66% 	 (23621/52893)
[Eval] Test Acc. : 43.74% 	 (24902/56926)
Train Time used: 1 	 Loss: 679.859 | Train Acc: 37.162% (77828/209427)
[Eval] Valid Acc. : 45.84% 	 (24247/52893)
[Eval] Test Acc. : 44.50% 	 (25332/56926)
Train Time used: 1 	 Loss: 587.992 | Train Acc: 41.664% (87255/209427)
[Eval] Valid Acc. : 49.12% 	 (25983/52893)
[Eval] Test Acc. : 48.91% 	 (27844/56926)
Train Time used: 1 	 Loss: 533.372 | Train Acc: 46.426% (97228/209427)
[Eval] Valid Acc. : 52.60% 	 (27823/52893)
[Eval] Test Acc. : 51.89% 	 (29538/56926)
Train Time used: 1 	 Loss: 510.711 | Train Acc: 50.039% (104796/209427)
[Eval] Valid Acc. : 56.95% 	 (30120/52893)
[Eval] Test Acc. : 56.33% 	 (32066/56926)
Train Time used: 1 	 Loss: 469.298 | Train Acc: 52.722% (110415/209427)
[Eval] Valid Acc. : 55.74% 	 (29481/52893)
[Eval] Test Acc. : 55.20% 	 (31424/56926)
Train Time used: 1 	 Loss: 486.088 | Train Acc: 52.101% (109113/209427)
[Eval] Valid Acc. : 48.52% 	 (25666/52893)
[Eval] Test Acc. : 47.01% 	 (26762/56926)
Train Time used: 1 	 Loss: 529.201 | Train Acc: 49.266% (103177/209427)
[Eval] Valid Acc. : 54.45% 	 (28799/52893)
[Eval] Test Acc. : 53.97% 	 (30723/56926)
Train Time used: 1 	 Loss: 436.304 | Train Acc: 52.702% (110372/209427)
[Eval] Valid Acc. : 59.50% 	 (31473/52893)
[Eval] Test Acc. : 59.61% 	 (33933/56926)
Train Time used: 1 	 Loss: 434.795 | Train Acc: 55.747% (116750/209427)
[Eval] Valid Acc. : 48.43% 	 (25617/52893)
[Eval] Test Acc. : 48.01% 	 (27329/56926)
Train Time used: 1 	 Loss: 493.268 | Train Acc: 50.292% (105324/209427)
[Eval] Valid Acc. : 57.42% 	 (30372/52893)
[Eval] Test Acc. : 57.47% 	 (32716/56926)
Train Time used: 1 	 Loss: 415.399 | Train Acc: 56.171% (117638/209427)
[Eval] Valid Acc. : 62.13% 	 (32862/52893)
[Eval] Test Acc. : 62.01% 	 (35298/56926)
Train Time used: 1 	 Loss: 368.656 | Train Acc: 59.817% (125273/209427)
[Eval] Valid Acc. : 62.15% 	 (32874/52893)
[Eval] Test Acc. : 61.77% 	 (35163/56926)
Train Time used: 1 	 Loss: 361.036 | Train Acc: 60.748% (127223/209427)
[Eval] Valid Acc. : 60.26% 	 (31872/52893)
[Eval] Test Acc. : 60.77% 	 (34596/56926)
Train Time used: 1 	 Loss: 371.737 | Train Acc: 61.400% (128589/209427)
[Eval] Valid Acc. : 65.41% 	 (34595/52893)
[Eval] Test Acc. : 65.12% 	 (37071/56926)
Train Time used: 1 	 Loss: 333.877 | Train Acc: 63.925% (133877/209427)
[Eval] Valid Acc. : 65.91% 	 (34862/52893)
[Eval] Test Acc. : 65.62% 	 (37354/56926)
Train Time used: 1 	 Loss: 341.596 | Train Acc: 64.216% (134485/209427)
[Eval] Valid Acc. : 62.76% 	 (33196/52893)
[Eval] Test Acc. : 61.20% 	 (34838/56926)
Train Time used: 1 	 Loss: 349.953 | Train Acc: 62.393% (130668/209427)
[Eval] Valid Acc. : 64.59% 	 (34163/52893)
[Eval] Test Acc. : 63.93% 	 (36391/56926)
Train Time used: 1 	 Loss: 317.306 | Train Acc: 65.654% (137498/209427)
[Eval] Valid Acc. : 67.59% 	 (35753/52893)
[Eval] Test Acc. : 67.41% 	 (38374/56926)
Train Time used: 1 	 Loss: 305.870 | Train Acc: 68.037% (142488/209427)
[Eval] Valid Acc. : 66.86% 	 (35362/52893)
[Eval] Test Acc. : 66.01% 	 (37579/56926)
Train Time used: 1 	 Loss: 297.572 | Train Acc: 66.438% (139140/209427)
[Eval] Valid Acc. : 64.34% 	 (34034/52893)
[Eval] Test Acc. : 63.56% 	 (36181/56926)
Train Time used: 1 	 Loss: 313.505 | Train Acc: 66.161% (138560/209427)
[Eval] Valid Acc. : 67.30% 	 (35597/52893)
[Eval] Test Acc. : 66.70% 	 (37971/56926)
Train Time used: 1 	 Loss: 285.333 | Train Acc: 68.177% (142782/209427)
[Eval] Valid Acc. : 68.62% 	 (36295/52893)
[Eval] Test Acc. : 67.86% 	 (38629/56926)
Train Time used: 1 	 Loss: 306.381 | Train Acc: 68.996% (144497/209427)
[Eval] Valid Acc. : 65.24% 	 (34510/52893)
[Eval] Test Acc. : 65.32% 	 (37186/56926)
Train Time used: 1 	 Loss: 297.964 | Train Acc: 66.225% (138692/209427)
[Eval] Valid Acc. : 67.17% 	 (35526/52893)
[Eval] Test Acc. : 66.38% 	 (37789/56926)
Train Time used: 1 	 Loss: 282.743 | Train Acc: 69.452% (145451/209427)
[Eval] Valid Acc. : 68.70% 	 (36339/52893)
[Eval] Test Acc. : 68.08% 	 (38758/56926)
Train Time used: 1 	 Loss: 267.039 | Train Acc: 71.879% (150535/209427)
[Eval] Valid Acc. : 66.28% 	 (35055/52893)
[Eval] Test Acc. : 65.96% 	 (37550/56926)
Train Time used: 1 	 Loss: 291.153 | Train Acc: 69.337% (145211/209427)
[Eval] Valid Acc. : 61.42% 	 (32487/52893)
[Eval] Test Acc. : 62.15% 	 (35380/56926)
Train Time used: 1 	 Loss: 305.767 | Train Acc: 67.880% (142160/209427)
[Eval] Valid Acc. : 66.88% 	 (35374/52893)
[Eval] Test Acc. : 66.65% 	 (37939/56926)
Train Time used: 1 	 Loss: 273.066 | Train Acc: 70.548% (147746/209427)
[Eval] Valid Acc. : 69.16% 	 (36582/52893)
[Eval] Test Acc. : 68.14% 	 (38789/56926)
Train Time used: 1 	 Loss: 258.117 | Train Acc: 71.598% (149945/209427)
[Eval] Valid Acc. : 65.56% 	 (34676/52893)
[Eval] Test Acc. : 65.69% 	 (37397/56926)
Train Time used: 2 	 Loss: 292.462 | Train Acc: 69.493% (145538/209427)
[Eval] Valid Acc. : 67.18% 	 (35531/52893)
[Eval] Test Acc. : 66.96% 	 (38118/56926)
Train Time used: 1 	 Loss: 283.863 | Train Acc: 70.945% (148577/209427)
[Eval] Valid Acc. : 69.54% 	 (36782/52893)
[Eval] Test Acc. : 68.34% 	 (38903/56926)
Train Time used: 1 	 Loss: 235.688 | Train Acc: 74.006% (154989/209427)
[Eval] Valid Acc. : 69.44% 	 (36729/52893)
[Eval] Test Acc. : 67.95% 	 (38680/56926)
Train Time used: 1 	 Loss: 247.341 | Train Acc: 73.382% (153681/209427)
[Eval] Valid Acc. : 68.54% 	 (36251/52893)
[Eval] Test Acc. : 67.29% 	 (38307/56926)
Train Time used: 1 	 Loss: 246.382 | Train Acc: 74.240% (155478/209427)
[Eval] Valid Acc. : 70.02% 	 (37034/52893)
[Eval] Test Acc. : 68.97% 	 (39263/56926)
Train Time used: 1 	 Loss: 220.351 | Train Acc: 75.416% (157942/209427)
[Eval] Valid Acc. : 70.90% 	 (37499/52893)
[Eval] Test Acc. : 69.97% 	 (39833/56926)
Train Time used: 1 	 Loss: 230.250 | Train Acc: 76.140% (159458/209427)
[Eval] Valid Acc. : 67.27% 	 (35580/52893)
[Eval] Test Acc. : 66.56% 	 (37890/56926)
Train Time used: 1 	 Loss: 272.653 | Train Acc: 69.916% (146424/209427)
[Eval] Valid Acc. : 67.58% 	 (35744/52893)
[Eval] Test Acc. : 66.83% 	 (38042/56926)
Train Time used: 1 	 Loss: 247.593 | Train Acc: 74.089% (155162/209427)
[Eval] Valid Acc. : 70.27% 	 (37169/52893)
[Eval] Test Acc. : 69.04% 	 (39304/56926)
Train Time used: 1 	 Loss: 211.280 | Train Acc: 76.259% (159706/209427)
[Eval] Valid Acc. : 69.08% 	 (36536/52893)
[Eval] Test Acc. : 68.26% 	 (38858/56926)
Train Time used: 1 	 Loss: 224.517 | Train Acc: 75.939% (159037/209427)
[Eval] Valid Acc. : 67.02% 	 (35448/52893)
[Eval] Test Acc. : 67.03% 	 (38159/56926)
Train Time used: 1 	 Loss: 220.524 | Train Acc: 74.627% (156290/209427)
[Eval] Valid Acc. : 70.22% 	 (37140/52893)
[Eval] Test Acc. : 68.68% 	 (39098/56926)
Train Time used: 1 	 Loss: 197.661 | Train Acc: 77.928% (163202/209427)
[Eval] Valid Acc. : 71.00% 	 (37552/52893)
[Eval] Test Acc. : 69.17% 	 (39373/56926)
Train Time used: 1 	 Loss: 193.383 | Train Acc: 77.764% (162858/209427)
[Eval] Valid Acc. : 69.10% 	 (36549/52893)
[Eval] Test Acc. : 68.22% 	 (38833/56926)
Train Time used: 1 	 Loss: 205.878 | Train Acc: 77.853% (163045/209427)
[Eval] Valid Acc. : 69.69% 	 (36862/52893)
[Eval] Test Acc. : 68.21% 	 (38830/56926)
Train Time used: 1 	 Loss: 202.997 | Train Acc: 77.701% (162727/209427)
[Eval] Valid Acc. : 70.88% 	 (37491/52893)
[Eval] Test Acc. : 68.74% 	 (39129/56926)
Train Time used: 1 	 Loss: 188.244 | Train Acc: 79.991% (167522/209427)
[Eval] Valid Acc. : 70.76% 	 (37429/52893)
[Eval] Test Acc. : 68.50% 	 (38993/56926)
Finish training teacher!
[Result][Teacher] Best epoch : 45 	Valid. Acc. : 70.9962% 	 Test Acc.: 69.1652%
