========CONFIG===========
part_labeled =  0.01
========CONFIG===========
[baseline] CyclicLR step size =  2
[baseline] batch_size =  35
Train Time used: 0 	 Loss: 1181.157 | Train Acc: 3.877% (415/10704)
Using the default mapping tsv
[Eval] Valid Acc. : 3.64% 	 (1968/54138)
[Eval] Test Acc. : 3.88% 	 (2211/56926)
Train Time used: 0 	 Loss: 1181.126 | Train Acc: 3.905% (418/10704)
[Eval] Valid Acc. : 25.86% 	 (13998/54138)
[Eval] Test Acc. : 24.16% 	 (13755/56926)
Train Time used: 0 	 Loss: 1153.100 | Train Acc: 13.743% (1471/10704)
[Eval] Valid Acc. : 25.86% 	 (13998/54138)
[Eval] Test Acc. : 24.16% 	 (13755/56926)
Train Time used: 0 	 Loss: 1097.298 | Train Acc: 13.743% (1471/10704)
[Eval] Valid Acc. : 25.86% 	 (13998/54138)
[Eval] Test Acc. : 24.16% 	 (13755/56926)
Train Time used: 0 	 Loss: 1085.364 | Train Acc: 13.743% (1471/10704)
[Eval] Valid Acc. : 25.86% 	 (13998/54138)
[Eval] Test Acc. : 24.16% 	 (13755/56926)
Train Time used: 0 	 Loss: 1085.347 | Train Acc: 13.743% (1471/10704)
[Eval] Valid Acc. : 25.86% 	 (13998/54138)
[Eval] Test Acc. : 24.16% 	 (13755/56926)
Train Time used: 0 	 Loss: 1072.743 | Train Acc: 13.743% (1471/10704)
[Eval] Valid Acc. : 25.86% 	 (13998/54138)
[Eval] Test Acc. : 24.16% 	 (13755/56926)
Train Time used: 0 	 Loss: 1064.333 | Train Acc: 7.922% (848/10704)
[Eval] Valid Acc. : 25.86% 	 (13998/54138)
[Eval] Test Acc. : 24.16% 	 (13755/56926)
Train Time used: 0 	 Loss: 1063.574 | Train Acc: 7.595% (813/10704)
[Eval] Valid Acc. : 25.86% 	 (13998/54138)
[Eval] Test Acc. : 24.16% 	 (13755/56926)
Train Time used: 0 	 Loss: 1063.552 | Train Acc: 7.595% (813/10704)
[Eval] Valid Acc. : 25.86% 	 (13998/54138)
[Eval] Test Acc. : 24.16% 	 (13755/56926)
Train Time used: 0 	 Loss: 1050.051 | Train Acc: 13.743% (1471/10704)
[Eval] Valid Acc. : 25.86% 	 (13998/54138)
[Eval] Test Acc. : 24.16% 	 (13755/56926)
Train Time used: 0 	 Loss: 1046.192 | Train Acc: 13.743% (1471/10704)
[Eval] Valid Acc. : 25.86% 	 (13998/54138)
[Eval] Test Acc. : 24.16% 	 (13755/56926)
Train Time used: 0 	 Loss: 1031.213 | Train Acc: 13.743% (1471/10704)
[Eval] Valid Acc. : 25.86% 	 (13998/54138)
[Eval] Test Acc. : 24.16% 	 (13755/56926)
Train Time used: 0 	 Loss: 1031.162 | Train Acc: 13.743% (1471/10704)
[Eval] Valid Acc. : 27.25% 	 (14753/54138)
[Eval] Test Acc. : 25.50% 	 (14516/56926)
Train Time used: 0 	 Loss: 1000.002 | Train Acc: 16.611% (1778/10704)
[Eval] Valid Acc. : 27.55% 	 (14917/54138)
[Eval] Test Acc. : 25.54% 	 (14541/56926)
Train Time used: 0 	 Loss: 993.508 | Train Acc: 18.871% (2020/10704)
[Eval] Valid Acc. : 28.38% 	 (15367/54138)
[Eval] Test Acc. : 26.35% 	 (15002/56926)
Train Time used: 0 	 Loss: 956.523 | Train Acc: 19.077% (2042/10704)
[Eval] Valid Acc. : 28.38% 	 (15367/54138)
[Eval] Test Acc. : 26.36% 	 (15003/56926)
Train Time used: 0 	 Loss: 956.461 | Train Acc: 19.068% (2041/10704)
[Eval] Valid Acc. : 28.79% 	 (15588/54138)
[Eval] Test Acc. : 27.07% 	 (15410/56926)
Train Time used: 0 	 Loss: 922.570 | Train Acc: 18.479% (1978/10704)
[Eval] Valid Acc. : 28.81% 	 (15599/54138)
[Eval] Test Acc. : 27.17% 	 (15467/56926)
Train Time used: 0 	 Loss: 935.167 | Train Acc: 19.638% (2102/10704)
[Eval] Valid Acc. : 30.04% 	 (16263/54138)
[Eval] Test Acc. : 28.57% 	 (16262/56926)
Train Time used: 0 	 Loss: 892.511 | Train Acc: 22.393% (2397/10704)
[Eval] Valid Acc. : 30.05% 	 (16266/54138)
[Eval] Test Acc. : 28.58% 	 (16269/56926)
Train Time used: 0 	 Loss: 892.397 | Train Acc: 22.384% (2396/10704)
[Eval] Valid Acc. : 30.72% 	 (16630/54138)
[Eval] Test Acc. : 29.20% 	 (16621/56926)
Train Time used: 0 	 Loss: 874.920 | Train Acc: 22.842% (2445/10704)
[Eval] Valid Acc. : 28.79% 	 (15589/54138)
[Eval] Test Acc. : 27.22% 	 (15495/56926)
Train Time used: 0 	 Loss: 879.016 | Train Acc: 21.347% (2285/10704)
[Eval] Valid Acc. : 33.21% 	 (17981/54138)
[Eval] Test Acc. : 31.28% 	 (17808/56926)
Train Time used: 0 	 Loss: 823.969 | Train Acc: 25.757% (2757/10704)
[Eval] Valid Acc. : 33.22% 	 (17985/54138)
[Eval] Test Acc. : 31.27% 	 (17802/56926)
Train Time used: 0 	 Loss: 823.893 | Train Acc: 25.747% (2756/10704)
[Eval] Valid Acc. : 32.02% 	 (17336/54138)
[Eval] Test Acc. : 30.39% 	 (17302/56926)
Train Time used: 0 	 Loss: 814.961 | Train Acc: 23.477% (2513/10704)
[Eval] Valid Acc. : 35.52% 	 (19232/54138)
[Eval] Test Acc. : 33.33% 	 (18974/56926)
Train Time used: 0 	 Loss: 798.172 | Train Acc: 27.990% (2996/10704)
[Eval] Valid Acc. : 36.99% 	 (20025/54138)
[Eval] Test Acc. : 34.44% 	 (19603/56926)
Train Time used: 0 	 Loss: 763.072 | Train Acc: 30.400% (3254/10704)
[Eval] Valid Acc. : 36.99% 	 (20027/54138)
[Eval] Test Acc. : 34.43% 	 (19599/56926)
Train Time used: 0 	 Loss: 762.977 | Train Acc: 30.400% (3254/10704)
[Eval] Valid Acc. : 36.16% 	 (19577/54138)
[Eval] Test Acc. : 33.85% 	 (19270/56926)
Train Time used: 0 	 Loss: 736.990 | Train Acc: 31.596% (3382/10704)
[Eval] Valid Acc. : 30.83% 	 (16689/54138)
[Eval] Test Acc. : 29.01% 	 (16514/56926)
Train Time used: 0 	 Loss: 778.391 | Train Acc: 25.757% (2757/10704)
[Eval] Valid Acc. : 34.39% 	 (18620/54138)
[Eval] Test Acc. : 32.69% 	 (18611/56926)
Train Time used: 0 	 Loss: 741.184 | Train Acc: 29.989% (3210/10704)
[Eval] Valid Acc. : 34.40% 	 (18622/54138)
[Eval] Test Acc. : 32.68% 	 (18604/56926)
Train Time used: 0 	 Loss: 741.106 | Train Acc: 29.998% (3211/10704)
[Eval] Valid Acc. : 38.43% 	 (20804/54138)
[Eval] Test Acc. : 36.66% 	 (20868/56926)
Train Time used: 0 	 Loss: 704.251 | Train Acc: 32.053% (3431/10704)
[Eval] Valid Acc. : 34.09% 	 (18454/54138)
[Eval] Test Acc. : 32.09% 	 (18269/56926)
Train Time used: 0 	 Loss: 742.013 | Train Acc: 28.176% (3016/10704)
[Eval] Valid Acc. : 35.65% 	 (19298/54138)
[Eval] Test Acc. : 33.16% 	 (18877/56926)
Train Time used: 0 	 Loss: 709.713 | Train Acc: 29.933% (3204/10704)
[Eval] Valid Acc. : 35.64% 	 (19297/54138)
[Eval] Test Acc. : 33.17% 	 (18880/56926)
Train Time used: 0 	 Loss: 709.542 | Train Acc: 29.923% (3203/10704)
[Eval] Valid Acc. : 40.97% 	 (22183/54138)
[Eval] Test Acc. : 38.83% 	 (22103/56926)
Train Time used: 0 	 Loss: 710.123 | Train Acc: 25.813% (2763/10704)
[Eval] Valid Acc. : 37.68% 	 (20399/54138)
[Eval] Test Acc. : 36.25% 	 (20635/56926)
Train Time used: 0 	 Loss: 747.599 | Train Acc: 30.092% (3221/10704)
[Eval] Valid Acc. : 38.03% 	 (20588/54138)
[Eval] Test Acc. : 36.64% 	 (20859/56926)
Train Time used: 0 	 Loss: 715.849 | Train Acc: 32.530% (3482/10704)
[Eval] Valid Acc. : 38.03% 	 (20588/54138)
[Eval] Test Acc. : 36.64% 	 (20858/56926)
Train Time used: 0 	 Loss: 715.665 | Train Acc: 32.539% (3483/10704)
[Eval] Valid Acc. : 38.15% 	 (20651/54138)
[Eval] Test Acc. : 35.39% 	 (20145/56926)
Train Time used: 0 	 Loss: 678.062 | Train Acc: 34.567% (3700/10704)
[Eval] Valid Acc. : 36.02% 	 (19501/54138)
[Eval] Test Acc. : 33.43% 	 (19033/56926)
Train Time used: 0 	 Loss: 741.603 | Train Acc: 29.129% (3118/10704)
[Eval] Valid Acc. : 38.05% 	 (20602/54138)
[Eval] Test Acc. : 35.61% 	 (20269/56926)
Train Time used: 0 	 Loss: 685.988 | Train Acc: 32.679% (3498/10704)
[Eval] Valid Acc. : 38.06% 	 (20605/54138)
[Eval] Test Acc. : 35.61% 	 (20271/56926)
Train Time used: 0 	 Loss: 685.870 | Train Acc: 32.679% (3498/10704)
[Eval] Valid Acc. : 44.28% 	 (23974/54138)
[Eval] Test Acc. : 42.40% 	 (24134/56926)
Train Time used: 0 	 Loss: 633.075 | Train Acc: 37.444% (4008/10704)
[Eval] Valid Acc. : 41.25% 	 (22333/54138)
[Eval] Test Acc. : 40.34% 	 (22966/56926)
Train Time used: 0 	 Loss: 676.424 | Train Acc: 34.230% (3664/10704)
[Eval] Valid Acc. : 42.65% 	 (23092/54138)
[Eval] Test Acc. : 41.50% 	 (23622/56926)
Train Time used: 0 	 Loss: 653.250 | Train Acc: 37.108% (3972/10704)
[Eval] Valid Acc. : 42.66% 	 (23093/54138)
[Eval] Test Acc. : 41.50% 	 (23623/56926)
Train Time used: 0 	 Loss: 653.105 | Train Acc: 37.136% (3975/10704)
[Eval] Valid Acc. : 43.71% 	 (23662/54138)
[Eval] Test Acc. : 42.47% 	 (24178/56926)
Finish training Baseline!
[Result][Baseline] Best epoch : 45 	Valid. Acc. : 44.2831% 	 Test Acc.: 42.3954%
