========CONFIG===========
part_labeled =  0.1
========CONFIG===========
[baseline] CyclicLR step size =  6
[baseline] batch_size =  100
Train Time used: 0 	 Loss: 1171.316 | Train Acc: 8.145% (8760/107548)
Using the default mapping tsv
[Eval] Valid Acc. : 25.86% 	 (13998/54138)
[Eval] Test Acc. : 24.16% 	 (13755/56926)
Train Time used: 0 	 Loss: 1097.057 | Train Acc: 12.827% (13795/107548)
[Eval] Valid Acc. : 19.53% 	 (10571/54138)
[Eval] Test Acc. : 18.26% 	 (10397/56926)
Train Time used: 0 	 Loss: 1052.201 | Train Acc: 13.089% (14077/107548)
[Eval] Valid Acc. : 25.86% 	 (13998/54138)
[Eval] Test Acc. : 24.16% 	 (13755/56926)
Train Time used: 0 	 Loss: 1035.663 | Train Acc: 13.971% (15025/107548)
[Eval] Valid Acc. : 28.31% 	 (15327/54138)
[Eval] Test Acc. : 26.80% 	 (15259/56926)
Train Time used: 0 	 Loss: 950.474 | Train Acc: 17.910% (19262/107548)
[Eval] Valid Acc. : 29.25% 	 (15835/54138)
[Eval] Test Acc. : 27.53% 	 (15670/56926)
Train Time used: 0 	 Loss: 867.682 | Train Acc: 22.715% (24429/107548)
[Eval] Valid Acc. : 33.96% 	 (18385/54138)
[Eval] Test Acc. : 32.43% 	 (18462/56926)
Train Time used: 0 	 Loss: 837.360 | Train Acc: 26.914% (28946/107548)
[Eval] Valid Acc. : 33.97% 	 (18388/54138)
[Eval] Test Acc. : 31.95% 	 (18190/56926)
Train Time used: 0 	 Loss: 789.612 | Train Acc: 28.228% (30359/107548)
[Eval] Valid Acc. : 39.78% 	 (21538/54138)
[Eval] Test Acc. : 38.31% 	 (21810/56926)
Train Time used: 0 	 Loss: 710.156 | Train Acc: 33.053% (35548/107548)
[Eval] Valid Acc. : 41.82% 	 (22641/54138)
[Eval] Test Acc. : 39.77% 	 (22641/56926)
Train Time used: 0 	 Loss: 682.412 | Train Acc: 35.978% (38694/107548)
[Eval] Valid Acc. : 43.61% 	 (23611/54138)
[Eval] Test Acc. : 42.27% 	 (24062/56926)
Train Time used: 0 	 Loss: 676.916 | Train Acc: 36.913% (39699/107548)
[Eval] Valid Acc. : 39.57% 	 (21422/54138)
[Eval] Test Acc. : 38.32% 	 (21812/56926)
Train Time used: 0 	 Loss: 692.179 | Train Acc: 35.105% (37755/107548)
[Eval] Valid Acc. : 45.76% 	 (24771/54138)
[Eval] Test Acc. : 44.28% 	 (25208/56926)
Train Time used: 0 	 Loss: 625.742 | Train Acc: 39.951% (42967/107548)
[Eval] Valid Acc. : 45.11% 	 (24420/54138)
[Eval] Test Acc. : 43.83% 	 (24948/56926)
Train Time used: 0 	 Loss: 610.102 | Train Acc: 40.629% (43696/107548)
[Eval] Valid Acc. : 49.15% 	 (26609/54138)
[Eval] Test Acc. : 48.02% 	 (27336/56926)
Train Time used: 0 	 Loss: 562.047 | Train Acc: 44.853% (48238/107548)
[Eval] Valid Acc. : 51.69% 	 (27982/54138)
[Eval] Test Acc. : 50.68% 	 (28848/56926)
Train Time used: 0 	 Loss: 536.337 | Train Acc: 47.079% (50633/107548)
[Eval] Valid Acc. : 52.08% 	 (28197/54138)
[Eval] Test Acc. : 51.08% 	 (29079/56926)
Train Time used: 0 	 Loss: 530.340 | Train Acc: 48.257% (51899/107548)
[Eval] Valid Acc. : 51.53% 	 (27898/54138)
[Eval] Test Acc. : 50.56% 	 (28784/56926)
Train Time used: 0 	 Loss: 509.289 | Train Acc: 49.103% (52809/107548)
[Eval] Valid Acc. : 55.21% 	 (29892/54138)
[Eval] Test Acc. : 53.93% 	 (30701/56926)
Train Time used: 0 	 Loss: 492.174 | Train Acc: 51.073% (54928/107548)
[Eval] Valid Acc. : 53.40% 	 (28909/54138)
[Eval] Test Acc. : 51.93% 	 (29564/56926)
Train Time used: 0 	 Loss: 487.682 | Train Acc: 50.992% (54841/107548)
[Eval] Valid Acc. : 55.75% 	 (30181/54138)
[Eval] Test Acc. : 54.12% 	 (30807/56926)
Train Time used: 0 	 Loss: 467.881 | Train Acc: 52.856% (56846/107548)
[Eval] Valid Acc. : 57.79% 	 (31289/54138)
[Eval] Test Acc. : 56.69% 	 (32273/56926)
Train Time used: 0 	 Loss: 448.686 | Train Acc: 55.359% (59537/107548)
[Eval] Valid Acc. : 57.16% 	 (30944/54138)
[Eval] Test Acc. : 56.01% 	 (31886/56926)
Train Time used: 0 	 Loss: 450.345 | Train Acc: 54.793% (58929/107548)
[Eval] Valid Acc. : 56.34% 	 (30500/54138)
[Eval] Test Acc. : 55.44% 	 (31557/56926)
Train Time used: 0 	 Loss: 441.977 | Train Acc: 55.122% (59283/107548)
[Eval] Valid Acc. : 59.29% 	 (32098/54138)
[Eval] Test Acc. : 58.03% 	 (33033/56926)
Train Time used: 0 	 Loss: 416.954 | Train Acc: 57.725% (62082/107548)
[Eval] Valid Acc. : 59.13% 	 (32011/54138)
[Eval] Test Acc. : 57.82% 	 (32912/56926)
Train Time used: 0 	 Loss: 426.483 | Train Acc: 57.377% (61708/107548)
[Eval] Valid Acc. : 57.13% 	 (30931/54138)
[Eval] Test Acc. : 54.92% 	 (31261/56926)
Train Time used: 0 	 Loss: 444.489 | Train Acc: 55.862% (60079/107548)
[Eval] Valid Acc. : 59.52% 	 (32221/54138)
[Eval] Test Acc. : 58.64% 	 (33380/56926)
Train Time used: 0 	 Loss: 408.754 | Train Acc: 59.226% (63696/107548)
[Eval] Valid Acc. : 58.91% 	 (31894/54138)
[Eval] Test Acc. : 56.43% 	 (32121/56926)
Train Time used: 0 	 Loss: 429.505 | Train Acc: 56.893% (61187/107548)
[Eval] Valid Acc. : 53.41% 	 (28917/54138)
[Eval] Test Acc. : 52.49% 	 (29882/56926)
Train Time used: 0 	 Loss: 436.563 | Train Acc: 55.447% (59632/107548)
[Eval] Valid Acc. : 59.73% 	 (32336/54138)
[Eval] Test Acc. : 58.28% 	 (33176/56926)
Train Time used: 0 	 Loss: 394.082 | Train Acc: 59.810% (64324/107548)
[Eval] Valid Acc. : 57.05% 	 (30885/54138)
[Eval] Test Acc. : 55.53% 	 (31613/56926)
Train Time used: 0 	 Loss: 404.034 | Train Acc: 58.577% (62998/107548)
[Eval] Valid Acc. : 60.15% 	 (32562/54138)
[Eval] Test Acc. : 58.51% 	 (33306/56926)
Train Time used: 0 	 Loss: 372.573 | Train Acc: 61.359% (65990/107548)
[Eval] Valid Acc. : 62.13% 	 (33634/54138)
[Eval] Test Acc. : 60.32% 	 (34335/56926)
Train Time used: 0 	 Loss: 357.296 | Train Acc: 63.776% (68590/107548)
[Eval] Valid Acc. : 61.67% 	 (33385/54138)
[Eval] Test Acc. : 59.88% 	 (34089/56926)
Train Time used: 0 	 Loss: 353.680 | Train Acc: 63.541% (68337/107548)
[Eval] Valid Acc. : 62.23% 	 (33692/54138)
[Eval] Test Acc. : 60.54% 	 (34461/56926)
Train Time used: 0 	 Loss: 338.503 | Train Acc: 65.613% (70565/107548)
[Eval] Valid Acc. : 63.12% 	 (34174/54138)
[Eval] Test Acc. : 61.52% 	 (35019/56926)
Train Time used: 0 	 Loss: 324.696 | Train Acc: 67.286% (72365/107548)
[Eval] Valid Acc. : 63.20% 	 (34216/54138)
[Eval] Test Acc. : 61.47% 	 (34992/56926)
Train Time used: 0 	 Loss: 324.931 | Train Acc: 66.708% (71743/107548)
[Eval] Valid Acc. : 62.69% 	 (33940/54138)
[Eval] Test Acc. : 61.17% 	 (34824/56926)
Train Time used: 0 	 Loss: 319.391 | Train Acc: 67.346% (72429/107548)
[Eval] Valid Acc. : 63.66% 	 (34463/54138)
[Eval] Test Acc. : 61.64% 	 (35089/56926)
Train Time used: 0 	 Loss: 301.515 | Train Acc: 69.430% (74671/107548)
[Eval] Valid Acc. : 62.86% 	 (34030/54138)
[Eval] Test Acc. : 61.41% 	 (34961/56926)
Train Time used: 0 	 Loss: 314.141 | Train Acc: 68.146% (73290/107548)
[Eval] Valid Acc. : 62.44% 	 (33806/54138)
[Eval] Test Acc. : 60.48% 	 (34428/56926)
Train Time used: 0 	 Loss: 304.740 | Train Acc: 68.178% (73324/107548)
[Eval] Valid Acc. : 63.53% 	 (34394/54138)
[Eval] Test Acc. : 61.64% 	 (35089/56926)
Train Time used: 0 	 Loss: 284.103 | Train Acc: 71.298% (76680/107548)
[Eval] Valid Acc. : 62.59% 	 (33886/54138)
[Eval] Test Acc. : 60.88% 	 (34657/56926)
Train Time used: 0 	 Loss: 316.857 | Train Acc: 68.394% (73556/107548)
[Eval] Valid Acc. : 58.17% 	 (31491/54138)
[Eval] Test Acc. : 56.14% 	 (31958/56926)
Train Time used: 0 	 Loss: 320.686 | Train Acc: 66.631% (71660/107548)
[Eval] Valid Acc. : 63.63% 	 (34447/54138)
[Eval] Test Acc. : 61.52% 	 (35019/56926)
Train Time used: 0 	 Loss: 283.217 | Train Acc: 71.115% (76483/107548)
[Eval] Valid Acc. : 61.15% 	 (33107/54138)
[Eval] Test Acc. : 59.91% 	 (34106/56926)
Train Time used: 0 	 Loss: 301.018 | Train Acc: 69.038% (74249/107548)
[Eval] Valid Acc. : 61.61% 	 (33353/54138)
[Eval] Test Acc. : 60.36% 	 (34360/56926)
Train Time used: 0 	 Loss: 282.639 | Train Acc: 70.817% (76162/107548)
[Eval] Valid Acc. : 64.06% 	 (34680/54138)
[Eval] Test Acc. : 61.92% 	 (35250/56926)
Train Time used: 0 	 Loss: 256.345 | Train Acc: 74.005% (79591/107548)
[Eval] Valid Acc. : 63.23% 	 (34232/54138)
[Eval] Test Acc. : 61.95% 	 (35266/56926)
Train Time used: 0 	 Loss: 259.470 | Train Acc: 73.325% (78860/107548)
[Eval] Valid Acc. : 63.51% 	 (34383/54138)
[Eval] Test Acc. : 62.18% 	 (35398/56926)
Finish training Baseline!
[Result][Baseline] Best epoch : 47 	Valid. Acc. : 64.0585% 	 Test Acc.: 61.9225%
