========CONFIG===========
part_labeled =  0.03
========CONFIG===========
[baseline] CyclicLR step size =  2
[baseline] batch_size =  100
Train Time used: 0 	 Loss: 1249.627 | Train Acc: 3.450% (1097/31797)
Using the default mapping tsv
[Eval] Valid Acc. : 25.86% 	 (13998/54138)
[Eval] Test Acc. : 24.16% 	 (13755/56926)
Train Time used: 0 	 Loss: 1103.309 | Train Acc: 14.256% (4533/31797)
[Eval] Valid Acc. : 25.86% 	 (13998/54138)
[Eval] Test Acc. : 24.16% 	 (13755/56926)
Train Time used: 0 	 Loss: 1170.626 | Train Acc: 14.256% (4533/31797)
[Eval] Valid Acc. : 25.86% 	 (13998/54138)
[Eval] Test Acc. : 24.16% 	 (13755/56926)
Train Time used: 0 	 Loss: 1144.394 | Train Acc: 13.938% (4432/31797)
[Eval] Valid Acc. : 6.70% 	 (3629/54138)
[Eval] Test Acc. : 6.77% 	 (3854/56926)
Train Time used: 0 	 Loss: 1191.502 | Train Acc: 6.488% (2063/31797)
[Eval] Valid Acc. : 25.86% 	 (13998/54138)
[Eval] Test Acc. : 24.16% 	 (13755/56926)
Train Time used: 0 	 Loss: 970.173 | Train Acc: 14.256% (4533/31797)
[Eval] Valid Acc. : 25.86% 	 (13998/54138)
[Eval] Test Acc. : 24.16% 	 (13755/56926)
Train Time used: 0 	 Loss: 1045.620 | Train Acc: 14.256% (4533/31797)
[Eval] Valid Acc. : 27.41% 	 (14837/54138)
[Eval] Test Acc. : 25.39% 	 (14452/56926)
Train Time used: 0 	 Loss: 907.019 | Train Acc: 17.646% (5611/31797)
[Eval] Valid Acc. : 24.93% 	 (13496/54138)
[Eval] Test Acc. : 22.72% 	 (12934/56926)
Train Time used: 0 	 Loss: 998.648 | Train Acc: 18.426% (5859/31797)
[Eval] Valid Acc. : 29.55% 	 (16000/54138)
[Eval] Test Acc. : 27.73% 	 (15786/56926)
Train Time used: 0 	 Loss: 940.721 | Train Acc: 19.024% (6049/31797)
[Eval] Valid Acc. : 26.26% 	 (14217/54138)
[Eval] Test Acc. : 25.15% 	 (14318/56926)
Train Time used: 0 	 Loss: 973.536 | Train Acc: 18.294% (5817/31797)
[Eval] Valid Acc. : 29.68% 	 (16069/54138)
[Eval] Test Acc. : 28.02% 	 (15948/56926)
Train Time used: 0 	 Loss: 865.396 | Train Acc: 20.140% (6404/31797)
[Eval] Valid Acc. : 27.50% 	 (14890/54138)
[Eval] Test Acc. : 25.71% 	 (14638/56926)
Train Time used: 0 	 Loss: 806.268 | Train Acc: 19.590% (6229/31797)
[Eval] Valid Acc. : 31.56% 	 (17085/54138)
[Eval] Test Acc. : 30.00% 	 (17076/56926)
Train Time used: 0 	 Loss: 796.977 | Train Acc: 23.307% (7411/31797)
[Eval] Valid Acc. : 34.49% 	 (18674/54138)
[Eval] Test Acc. : 33.09% 	 (18835/56926)
Train Time used: 0 	 Loss: 775.877 | Train Acc: 25.150% (7997/31797)
[Eval] Valid Acc. : 37.35% 	 (20219/54138)
[Eval] Test Acc. : 36.01% 	 (20501/56926)
Train Time used: 0 	 Loss: 781.693 | Train Acc: 25.968% (8257/31797)
[Eval] Valid Acc. : 38.07% 	 (20610/54138)
[Eval] Test Acc. : 35.99% 	 (20487/56926)
Train Time used: 0 	 Loss: 768.894 | Train Acc: 28.710% (9129/31797)
[Eval] Valid Acc. : 37.31% 	 (20198/54138)
[Eval] Test Acc. : 35.67% 	 (20305/56926)
Train Time used: 0 	 Loss: 758.080 | Train Acc: 29.440% (9361/31797)
[Eval] Valid Acc. : 38.62% 	 (20906/54138)
[Eval] Test Acc. : 37.67% 	 (21445/56926)
Train Time used: 0 	 Loss: 775.098 | Train Acc: 30.776% (9786/31797)
[Eval] Valid Acc. : 41.41% 	 (22421/54138)
[Eval] Test Acc. : 40.28% 	 (22929/56926)
Train Time used: 0 	 Loss: 731.187 | Train Acc: 31.799% (10111/31797)
[Eval] Valid Acc. : 37.47% 	 (20288/54138)
[Eval] Test Acc. : 35.21% 	 (20046/56926)
Train Time used: 0 	 Loss: 678.746 | Train Acc: 29.902% (9508/31797)
[Eval] Valid Acc. : 40.92% 	 (22155/54138)
[Eval] Test Acc. : 38.40% 	 (21857/56926)
Train Time used: 0 	 Loss: 725.999 | Train Acc: 35.604% (11321/31797)
[Eval] Valid Acc. : 39.29% 	 (21272/54138)
[Eval] Test Acc. : 37.56% 	 (21384/56926)
Train Time used: 0 	 Loss: 744.387 | Train Acc: 33.528% (10661/31797)
[Eval] Valid Acc. : 44.10% 	 (23876/54138)
[Eval] Test Acc. : 42.67% 	 (24289/56926)
Train Time used: 0 	 Loss: 643.887 | Train Acc: 36.607% (11640/31797)
[Eval] Valid Acc. : 39.08% 	 (21156/54138)
[Eval] Test Acc. : 37.72% 	 (21474/56926)
Train Time used: 0 	 Loss: 710.232 | Train Acc: 31.336% (9964/31797)
[Eval] Valid Acc. : 41.76% 	 (22610/54138)
[Eval] Test Acc. : 40.51% 	 (23063/56926)
Train Time used: 0 	 Loss: 740.227 | Train Acc: 34.377% (10931/31797)
[Eval] Valid Acc. : 38.76% 	 (20985/54138)
[Eval] Test Acc. : 36.85% 	 (20980/56926)
Train Time used: 0 	 Loss: 594.035 | Train Acc: 31.336% (9964/31797)
[Eval] Valid Acc. : 42.18% 	 (22835/54138)
[Eval] Test Acc. : 39.21% 	 (22323/56926)
Train Time used: 0 	 Loss: 696.597 | Train Acc: 37.123% (11804/31797)
[Eval] Valid Acc. : 44.49% 	 (24085/54138)
[Eval] Test Acc. : 43.14% 	 (24558/56926)
Train Time used: 0 	 Loss: 713.785 | Train Acc: 33.802% (10748/31797)
[Eval] Valid Acc. : 46.34% 	 (25085/54138)
[Eval] Test Acc. : 44.92% 	 (25569/56926)
Train Time used: 0 	 Loss: 640.430 | Train Acc: 38.740% (12318/31797)
[Eval] Valid Acc. : 41.60% 	 (22523/54138)
[Eval] Test Acc. : 39.57% 	 (22524/56926)
Train Time used: 0 	 Loss: 699.341 | Train Acc: 35.239% (11205/31797)
[Eval] Valid Acc. : 46.82% 	 (25345/54138)
[Eval] Test Acc. : 45.28% 	 (25778/56926)
Train Time used: 0 	 Loss: 686.824 | Train Acc: 39.878% (12680/31797)
[Eval] Valid Acc. : 43.94% 	 (23787/54138)
[Eval] Test Acc. : 42.74% 	 (24330/56926)
Train Time used: 0 	 Loss: 614.865 | Train Acc: 38.850% (12353/31797)
[Eval] Valid Acc. : 45.76% 	 (24771/54138)
[Eval] Test Acc. : 44.67% 	 (25428/56926)
Train Time used: 0 	 Loss: 557.984 | Train Acc: 39.538% (12572/31797)
[Eval] Valid Acc. : 47.68% 	 (25813/54138)
[Eval] Test Acc. : 46.64% 	 (26550/56926)
Train Time used: 0 	 Loss: 602.030 | Train Acc: 39.843% (12669/31797)
[Eval] Valid Acc. : 47.12% 	 (25510/54138)
[Eval] Test Acc. : 46.01% 	 (26192/56926)
Train Time used: 0 	 Loss: 650.306 | Train Acc: 41.803% (13292/31797)
[Eval] Valid Acc. : 47.72% 	 (25835/54138)
[Eval] Test Acc. : 46.09% 	 (26240/56926)
Train Time used: 0 	 Loss: 532.280 | Train Acc: 42.501% (13514/31797)
[Eval] Valid Acc. : 49.23% 	 (26652/54138)
[Eval] Test Acc. : 47.89% 	 (27261/56926)
Train Time used: 0 	 Loss: 531.031 | Train Acc: 44.262% (14074/31797)
[Eval] Valid Acc. : 46.55% 	 (25203/54138)
[Eval] Test Acc. : 45.66% 	 (25991/56926)
Train Time used: 0 	 Loss: 584.533 | Train Acc: 41.309% (13135/31797)
[Eval] Valid Acc. : 48.94% 	 (26495/54138)
[Eval] Test Acc. : 47.89% 	 (27262/56926)
Train Time used: 0 	 Loss: 605.882 | Train Acc: 44.070% (14013/31797)
[Eval] Valid Acc. : 47.84% 	 (25899/54138)
[Eval] Test Acc. : 46.14% 	 (26265/56926)
Train Time used: 0 	 Loss: 578.689 | Train Acc: 43.589% (13860/31797)
[Eval] Valid Acc. : 48.49% 	 (26252/54138)
[Eval] Test Acc. : 47.18% 	 (26856/56926)
Train Time used: 0 	 Loss: 583.385 | Train Acc: 44.212% (14058/31797)
[Eval] Valid Acc. : 43.62% 	 (23615/54138)
[Eval] Test Acc. : 42.29% 	 (24076/56926)
Train Time used: 0 	 Loss: 680.984 | Train Acc: 39.284% (12491/31797)
[Eval] Valid Acc. : 50.06% 	 (27102/54138)
[Eval] Test Acc. : 49.12% 	 (27960/56926)
Train Time used: 0 	 Loss: 656.119 | Train Acc: 45.740% (14544/31797)
[Eval] Valid Acc. : 45.25% 	 (24498/54138)
[Eval] Test Acc. : 43.66% 	 (24856/56926)
Train Time used: 0 	 Loss: 539.005 | Train Acc: 41.850% (13307/31797)
[Eval] Valid Acc. : 48.84% 	 (26443/54138)
[Eval] Test Acc. : 47.34% 	 (26950/56926)
Train Time used: 0 	 Loss: 554.084 | Train Acc: 44.787% (14241/31797)
[Eval] Valid Acc. : 47.25% 	 (25578/54138)
[Eval] Test Acc. : 45.59% 	 (25955/56926)
Train Time used: 0 	 Loss: 592.229 | Train Acc: 41.699% (13259/31797)
[Eval] Valid Acc. : 50.08% 	 (27114/54138)
[Eval] Test Acc. : 47.95% 	 (27297/56926)
Train Time used: 0 	 Loss: 544.840 | Train Acc: 45.967% (14616/31797)
[Eval] Valid Acc. : 48.24% 	 (26118/54138)
[Eval] Test Acc. : 46.50% 	 (26471/56926)
Train Time used: 0 	 Loss: 541.889 | Train Acc: 41.551% (13212/31797)
[Eval] Valid Acc. : 48.84% 	 (26441/54138)
[Eval] Test Acc. : 47.47% 	 (27022/56926)
Train Time used: 0 	 Loss: 578.887 | Train Acc: 43.517% (13837/31797)
[Eval] Valid Acc. : 49.63% 	 (26870/54138)
[Eval] Test Acc. : 48.23% 	 (27458/56926)
Finish training Baseline!
[Result][Baseline] Best epoch : 46 	Valid. Acc. : 50.0831% 	 Test Acc.: 47.9517%
