========CONFIG===========
part_labeled =  0.05
========CONFIG===========
[baseline] CyclicLR step size =  2
[baseline] batch_size =  100
Train Time used: 0 	 Loss: 1167.325 | Train Acc: 3.357% (1784/53139)
Using the default mapping tsv
[Eval] Valid Acc. : 25.86% 	 (13998/54138)
[Eval] Test Acc. : 24.16% 	 (13755/56926)
Train Time used: 0 	 Loss: 1112.385 | Train Acc: 14.144% (7516/53139)
[Eval] Valid Acc. : 25.86% 	 (13998/54138)
[Eval] Test Acc. : 24.16% 	 (13755/56926)
Train Time used: 0 	 Loss: 1072.941 | Train Acc: 14.144% (7516/53139)
[Eval] Valid Acc. : 25.86% 	 (13998/54138)
[Eval] Test Acc. : 24.16% 	 (13755/56926)
Train Time used: 0 	 Loss: 1070.693 | Train Acc: 10.742% (5708/53139)
[Eval] Valid Acc. : 15.11% 	 (8178/54138)
[Eval] Test Acc. : 14.71% 	 (8373/56926)
Train Time used: 0 	 Loss: 1055.277 | Train Acc: 10.377% (5514/53139)
[Eval] Valid Acc. : 25.86% 	 (13998/54138)
[Eval] Test Acc. : 24.16% 	 (13755/56926)
Train Time used: 0 	 Loss: 1042.628 | Train Acc: 14.144% (7516/53139)
[Eval] Valid Acc. : 25.86% 	 (13998/54138)
[Eval] Test Acc. : 24.16% 	 (13755/56926)
Train Time used: 0 	 Loss: 1018.407 | Train Acc: 14.144% (7516/53139)
[Eval] Valid Acc. : 28.98% 	 (15691/54138)
[Eval] Test Acc. : 26.82% 	 (15269/56926)
Train Time used: 0 	 Loss: 974.490 | Train Acc: 18.551% (9858/53139)
[Eval] Valid Acc. : 28.71% 	 (15545/54138)
[Eval] Test Acc. : 26.32% 	 (14983/56926)
Train Time used: 0 	 Loss: 936.185 | Train Acc: 22.181% (11787/53139)
[Eval] Valid Acc. : 29.40% 	 (15914/54138)
[Eval] Test Acc. : 27.68% 	 (15756/56926)
Train Time used: 0 	 Loss: 937.000 | Train Acc: 16.267% (8644/53139)
[Eval] Valid Acc. : 29.33% 	 (15877/54138)
[Eval] Test Acc. : 27.88% 	 (15871/56926)
Train Time used: 0 	 Loss: 895.415 | Train Acc: 22.089% (11738/53139)
[Eval] Valid Acc. : 28.04% 	 (15179/54138)
[Eval] Test Acc. : 25.99% 	 (14793/56926)
Train Time used: 0 	 Loss: 889.858 | Train Acc: 21.634% (11496/53139)
[Eval] Valid Acc. : 32.28% 	 (17474/54138)
[Eval] Test Acc. : 30.39% 	 (17299/56926)
Train Time used: 0 	 Loss: 848.354 | Train Acc: 25.166% (13373/53139)
[Eval] Valid Acc. : 32.41% 	 (17546/54138)
[Eval] Test Acc. : 30.77% 	 (17515/56926)
Train Time used: 0 	 Loss: 835.420 | Train Acc: 24.014% (12761/53139)
[Eval] Valid Acc. : 35.10% 	 (19003/54138)
[Eval] Test Acc. : 33.22% 	 (18912/56926)
Train Time used: 0 	 Loss: 797.619 | Train Acc: 27.808% (14777/53139)
[Eval] Valid Acc. : 36.02% 	 (19501/54138)
[Eval] Test Acc. : 34.24% 	 (19491/56926)
Train Time used: 0 	 Loss: 790.545 | Train Acc: 27.016% (14356/53139)
[Eval] Valid Acc. : 33.94% 	 (18373/54138)
[Eval] Test Acc. : 32.79% 	 (18664/56926)
Train Time used: 0 	 Loss: 770.915 | Train Acc: 27.569% (14650/53139)
[Eval] Valid Acc. : 38.75% 	 (20980/54138)
[Eval] Test Acc. : 37.48% 	 (21338/56926)
Train Time used: 0 	 Loss: 747.341 | Train Acc: 30.296% (16099/53139)
[Eval] Valid Acc. : 37.90% 	 (20517/54138)
[Eval] Test Acc. : 36.16% 	 (20582/56926)
Train Time used: 0 	 Loss: 741.020 | Train Acc: 30.550% (16234/53139)
[Eval] Valid Acc. : 40.79% 	 (22081/54138)
[Eval] Test Acc. : 39.04% 	 (22224/56926)
Train Time used: 0 	 Loss: 704.967 | Train Acc: 32.895% (17480/53139)
[Eval] Valid Acc. : 41.41% 	 (22417/54138)
[Eval] Test Acc. : 39.48% 	 (22473/56926)
Train Time used: 0 	 Loss: 690.893 | Train Acc: 34.589% (18380/53139)
[Eval] Valid Acc. : 43.45% 	 (23523/54138)
[Eval] Test Acc. : 42.02% 	 (23920/56926)
Train Time used: 0 	 Loss: 680.579 | Train Acc: 35.849% (19050/53139)
[Eval] Valid Acc. : 43.00% 	 (23280/54138)
[Eval] Test Acc. : 41.34% 	 (23531/56926)
Train Time used: 0 	 Loss: 665.573 | Train Acc: 37.460% (19906/53139)
[Eval] Valid Acc. : 44.31% 	 (23986/54138)
[Eval] Test Acc. : 42.31% 	 (24085/56926)
Train Time used: 0 	 Loss: 653.451 | Train Acc: 36.849% (19581/53139)
[Eval] Valid Acc. : 45.96% 	 (24882/54138)
[Eval] Test Acc. : 44.39% 	 (25272/56926)
Train Time used: 0 	 Loss: 650.857 | Train Acc: 37.641% (20002/53139)
[Eval] Valid Acc. : 46.95% 	 (25420/54138)
[Eval] Test Acc. : 45.92% 	 (26138/56926)
Train Time used: 0 	 Loss: 626.032 | Train Acc: 39.355% (20913/53139)
[Eval] Valid Acc. : 47.18% 	 (25542/54138)
[Eval] Test Acc. : 46.01% 	 (26192/56926)
Train Time used: 0 	 Loss: 620.179 | Train Acc: 39.973% (21241/53139)
[Eval] Valid Acc. : 48.25% 	 (26120/54138)
[Eval] Test Acc. : 46.31% 	 (26360/56926)
Train Time used: 0 	 Loss: 612.893 | Train Acc: 41.047% (21812/53139)
[Eval] Valid Acc. : 47.82% 	 (25890/54138)
[Eval] Test Acc. : 46.42% 	 (26424/56926)
Train Time used: 0 	 Loss: 601.304 | Train Acc: 41.416% (22008/53139)
[Eval] Valid Acc. : 48.55% 	 (26283/54138)
[Eval] Test Acc. : 47.52% 	 (27053/56926)
Train Time used: 0 	 Loss: 570.612 | Train Acc: 43.456% (23092/53139)
[Eval] Valid Acc. : 49.10% 	 (26584/54138)
[Eval] Test Acc. : 48.00% 	 (27322/56926)
Train Time used: 0 	 Loss: 571.459 | Train Acc: 43.262% (22989/53139)
[Eval] Valid Acc. : 51.08% 	 (27652/54138)
[Eval] Test Acc. : 49.70% 	 (28293/56926)
Train Time used: 0 	 Loss: 551.440 | Train Acc: 45.008% (23917/53139)
[Eval] Valid Acc. : 50.44% 	 (27307/54138)
[Eval] Test Acc. : 49.56% 	 (28210/56926)
Train Time used: 0 	 Loss: 545.286 | Train Acc: 45.193% (24015/53139)
[Eval] Valid Acc. : 51.25% 	 (27745/54138)
[Eval] Test Acc. : 50.06% 	 (28497/56926)
Train Time used: 0 	 Loss: 537.157 | Train Acc: 45.912% (24397/53139)
[Eval] Valid Acc. : 49.96% 	 (27045/54138)
[Eval] Test Acc. : 48.25% 	 (27469/56926)
Train Time used: 0 	 Loss: 537.083 | Train Acc: 45.603% (24233/53139)
[Eval] Valid Acc. : 51.84% 	 (28067/54138)
[Eval] Test Acc. : 50.48% 	 (28739/56926)
Train Time used: 0 	 Loss: 534.429 | Train Acc: 45.558% (24209/53139)
[Eval] Valid Acc. : 50.01% 	 (27072/54138)
[Eval] Test Acc. : 49.34% 	 (28088/56926)
Train Time used: 0 	 Loss: 528.666 | Train Acc: 45.609% (24236/53139)
[Eval] Valid Acc. : 53.01% 	 (28699/54138)
[Eval] Test Acc. : 52.14% 	 (29679/56926)
Train Time used: 0 	 Loss: 522.388 | Train Acc: 48.012% (25513/53139)
[Eval] Valid Acc. : 49.71% 	 (26913/54138)
[Eval] Test Acc. : 48.04% 	 (27349/56926)
Train Time used: 0 	 Loss: 531.503 | Train Acc: 46.433% (24674/53139)
[Eval] Valid Acc. : 52.32% 	 (28326/54138)
[Eval] Test Acc. : 51.17% 	 (29129/56926)
Train Time used: 0 	 Loss: 511.124 | Train Acc: 48.742% (25901/53139)
[Eval] Valid Acc. : 51.92% 	 (28110/54138)
[Eval] Test Acc. : 51.26% 	 (29183/56926)
Train Time used: 0 	 Loss: 524.515 | Train Acc: 46.958% (24953/53139)
[Eval] Valid Acc. : 52.98% 	 (28685/54138)
[Eval] Test Acc. : 51.92% 	 (29557/56926)
Train Time used: 0 	 Loss: 499.421 | Train Acc: 48.936% (26004/53139)
[Eval] Valid Acc. : 50.55% 	 (27369/54138)
[Eval] Test Acc. : 48.64% 	 (27688/56926)
Train Time used: 0 	 Loss: 512.321 | Train Acc: 47.285% (25127/53139)
[Eval] Valid Acc. : 53.72% 	 (29083/54138)
[Eval] Test Acc. : 52.38% 	 (29817/56926)
Train Time used: 0 	 Loss: 486.190 | Train Acc: 50.383% (26773/53139)
[Eval] Valid Acc. : 53.39% 	 (28906/54138)
[Eval] Test Acc. : 52.77% 	 (30040/56926)
Train Time used: 0 	 Loss: 492.159 | Train Acc: 50.161% (26655/53139)
[Eval] Valid Acc. : 55.76% 	 (30185/54138)
[Eval] Test Acc. : 54.76% 	 (31170/56926)
Train Time used: 0 	 Loss: 472.679 | Train Acc: 52.090% (27680/53139)
[Eval] Valid Acc. : 53.22% 	 (28812/54138)
[Eval] Test Acc. : 51.39% 	 (29257/56926)
Train Time used: 0 	 Loss: 478.595 | Train Acc: 51.258% (27238/53139)
[Eval] Valid Acc. : 55.72% 	 (30165/54138)
[Eval] Test Acc. : 53.81% 	 (30633/56926)
Train Time used: 0 	 Loss: 460.959 | Train Acc: 53.375% (28363/53139)
[Eval] Valid Acc. : 53.66% 	 (29053/54138)
[Eval] Test Acc. : 53.07% 	 (30212/56926)
Train Time used: 0 	 Loss: 469.555 | Train Acc: 52.127% (27700/53139)
[Eval] Valid Acc. : 55.83% 	 (30224/54138)
[Eval] Test Acc. : 54.81% 	 (31203/56926)
Train Time used: 0 	 Loss: 461.439 | Train Acc: 52.959% (28142/53139)
[Eval] Valid Acc. : 54.49% 	 (29500/54138)
[Eval] Test Acc. : 52.96% 	 (30147/56926)
Finish training Baseline!
[Result][Baseline] Best epoch : 48 	Valid. Acc. : 55.8277% 	 Test Acc.: 54.8133%
