========CONFIG===========
optimization =  adam
part_labeled =  0.1
========CONFIG===========
Train Time used: 0 	 Loss: 1129.076 | Train Acc: 11.012% (11843/107548)
Using the default mapping tsv
[Eval] Valid Acc. : 25.86% 	 (13998/54138)
[Eval] Test Acc. : 24.16% 	 (13755/56926)
Train Time used: 0 	 Loss: 985.847 | Train Acc: 18.264% (19643/107548)
[Eval] Valid Acc. : 30.52% 	 (16525/54138)
[Eval] Test Acc. : 29.03% 	 (16526/56926)
Train Time used: 0 	 Loss: 839.425 | Train Acc: 26.077% (28045/107548)
[Eval] Valid Acc. : 37.36% 	 (20225/54138)
[Eval] Test Acc. : 36.06% 	 (20525/56926)
Train Time used: 0 	 Loss: 746.214 | Train Acc: 32.142% (34568/107548)
[Eval] Valid Acc. : 39.92% 	 (21610/54138)
[Eval] Test Acc. : 38.23% 	 (21764/56926)
Train Time used: 0 	 Loss: 676.718 | Train Acc: 36.149% (38878/107548)
[Eval] Valid Acc. : 42.65% 	 (23090/54138)
[Eval] Test Acc. : 40.97% 	 (23325/56926)
Train Time used: 0 	 Loss: 631.299 | Train Acc: 39.893% (42904/107548)
[Eval] Valid Acc. : 46.99% 	 (25438/54138)
[Eval] Test Acc. : 45.81% 	 (26080/56926)
Train Time used: 0 	 Loss: 593.193 | Train Acc: 42.672% (45893/107548)
[Eval] Valid Acc. : 49.91% 	 (27021/54138)
[Eval] Test Acc. : 48.96% 	 (27872/56926)
Train Time used: 0 	 Loss: 557.132 | Train Acc: 46.001% (49473/107548)
[Eval] Valid Acc. : 52.02% 	 (28162/54138)
[Eval] Test Acc. : 51.04% 	 (29056/56926)
Train Time used: 0 	 Loss: 518.583 | Train Acc: 48.776% (52458/107548)
[Eval] Valid Acc. : 54.63% 	 (29577/54138)
[Eval] Test Acc. : 53.42% 	 (30410/56926)
Train Time used: 0 	 Loss: 490.191 | Train Acc: 51.605% (55500/107548)
[Eval] Valid Acc. : 55.72% 	 (30168/54138)
[Eval] Test Acc. : 54.14% 	 (30817/56926)
Train Time used: 0 	 Loss: 465.771 | Train Acc: 53.303% (57326/107548)
[Eval] Valid Acc. : 57.30% 	 (31019/54138)
[Eval] Test Acc. : 56.19% 	 (31987/56926)
Train Time used: 0 	 Loss: 445.892 | Train Acc: 55.548% (59741/107548)
[Eval] Valid Acc. : 58.36% 	 (31594/54138)
[Eval] Test Acc. : 57.45% 	 (32702/56926)
Train Time used: 0 	 Loss: 424.258 | Train Acc: 57.332% (61659/107548)
[Eval] Valid Acc. : 59.20% 	 (32047/54138)
[Eval] Test Acc. : 58.00% 	 (33016/56926)
Train Time used: 0 	 Loss: 413.480 | Train Acc: 58.451% (62863/107548)
[Eval] Valid Acc. : 59.65% 	 (32291/54138)
[Eval] Test Acc. : 58.39% 	 (33239/56926)
Train Time used: 0 	 Loss: 398.495 | Train Acc: 60.164% (64705/107548)
[Eval] Valid Acc. : 60.50% 	 (32755/54138)
[Eval] Test Acc. : 59.47% 	 (33855/56926)
Train Time used: 0 	 Loss: 379.857 | Train Acc: 61.589% (66238/107548)
[Eval] Valid Acc. : 60.62% 	 (32819/54138)
[Eval] Test Acc. : 59.48% 	 (33858/56926)
Train Time used: 0 	 Loss: 372.626 | Train Acc: 62.558% (67280/107548)
[Eval] Valid Acc. : 61.10% 	 (33077/54138)
[Eval] Test Acc. : 60.07% 	 (34196/56926)
Train Time used: 0 	 Loss: 352.908 | Train Acc: 64.567% (69440/107548)
[Eval] Valid Acc. : 61.33% 	 (33202/54138)
[Eval] Test Acc. : 60.16% 	 (34248/56926)
Train Time used: 0 	 Loss: 340.693 | Train Acc: 65.591% (70542/107548)
[Eval] Valid Acc. : 62.05% 	 (33592/54138)
[Eval] Test Acc. : 60.85% 	 (34639/56926)
Train Time used: 0 	 Loss: 325.237 | Train Acc: 66.779% (71820/107548)
[Eval] Valid Acc. : 62.37% 	 (33764/54138)
[Eval] Test Acc. : 61.36% 	 (34927/56926)
Train Time used: 0 	 Loss: 311.934 | Train Acc: 68.180% (73326/107548)
[Eval] Valid Acc. : 61.99% 	 (33561/54138)
[Eval] Test Acc. : 60.72% 	 (34563/56926)
Train Time used: 0 	 Loss: 302.811 | Train Acc: 69.567% (74818/107548)
[Eval] Valid Acc. : 62.45% 	 (33810/54138)
[Eval] Test Acc. : 61.28% 	 (34884/56926)
Train Time used: 0 	 Loss: 288.866 | Train Acc: 70.985% (76343/107548)
[Eval] Valid Acc. : 62.81% 	 (34004/54138)
[Eval] Test Acc. : 61.57% 	 (35048/56926)
Train Time used: 0 	 Loss: 275.831 | Train Acc: 72.154% (77600/107548)
[Eval] Valid Acc. : 62.32% 	 (33737/54138)
[Eval] Test Acc. : 61.31% 	 (34903/56926)
Train Time used: 0 	 Loss: 265.079 | Train Acc: 73.019% (78531/107548)
[Eval] Valid Acc. : 62.74% 	 (33965/54138)
[Eval] Test Acc. : 61.51% 	 (35015/56926)
Train Time used: 0 	 Loss: 255.346 | Train Acc: 74.288% (79895/107548)
[Eval] Valid Acc. : 62.38% 	 (33773/54138)
[Eval] Test Acc. : 61.20% 	 (34839/56926)
Train Time used: 0 	 Loss: 247.850 | Train Acc: 75.246% (80926/107548)
[Eval] Valid Acc. : 62.31% 	 (33736/54138)
[Eval] Test Acc. : 61.32% 	 (34909/56926)
Train Time used: 0 	 Loss: 235.020 | Train Acc: 76.344% (82106/107548)
[Eval] Valid Acc. : 62.09% 	 (33613/54138)
[Eval] Test Acc. : 60.87% 	 (34649/56926)
Train Time used: 0 	 Loss: 233.233 | Train Acc: 76.490% (82263/107548)
[Eval] Valid Acc. : 62.10% 	 (33618/54138)
[Eval] Test Acc. : 60.73% 	 (34571/56926)
Train Time used: 0 	 Loss: 222.248 | Train Acc: 77.610% (83468/107548)
[Eval] Valid Acc. : 61.91% 	 (33518/54138)
[Eval] Test Acc. : 60.34% 	 (34350/56926)
Train Time used: 0 	 Loss: 211.177 | Train Acc: 78.665% (84603/107548)
[Eval] Valid Acc. : 61.95% 	 (33537/54138)
[Eval] Test Acc. : 60.85% 	 (34638/56926)
Train Time used: 0 	 Loss: 207.462 | Train Acc: 78.914% (84870/107548)
[Eval] Valid Acc. : 61.64% 	 (33373/54138)
[Eval] Test Acc. : 60.17% 	 (34255/56926)
Train Time used: 0 	 Loss: 194.603 | Train Acc: 80.349% (86414/107548)
[Eval] Valid Acc. : 62.54% 	 (33856/54138)
[Eval] Test Acc. : 61.15% 	 (34808/56926)
Train Time used: 0 	 Loss: 186.207 | Train Acc: 81.442% (87589/107548)
[Eval] Valid Acc. : 62.48% 	 (33828/54138)
[Eval] Test Acc. : 60.94% 	 (34692/56926)
Train Time used: 0 	 Loss: 170.938 | Train Acc: 82.843% (89096/107548)
[Eval] Valid Acc. : 62.12% 	 (33629/54138)
[Eval] Test Acc. : 60.75% 	 (34585/56926)
Train Time used: 0 	 Loss: 165.931 | Train Acc: 83.813% (90139/107548)
[Eval] Valid Acc. : 62.28% 	 (33715/54138)
[Eval] Test Acc. : 60.43% 	 (34402/56926)
Train Time used: 0 	 Loss: 159.270 | Train Acc: 84.493% (90871/107548)
[Eval] Valid Acc. : 62.04% 	 (33589/54138)
[Eval] Test Acc. : 60.59% 	 (34492/56926)
Train Time used: 0 	 Loss: 148.273 | Train Acc: 85.425% (91873/107548)
[Eval] Valid Acc. : 62.45% 	 (33809/54138)
[Eval] Test Acc. : 60.94% 	 (34692/56926)
Train Time used: 0 	 Loss: 143.041 | Train Acc: 85.976% (92466/107548)
[Eval] Valid Acc. : 62.12% 	 (33632/54138)
[Eval] Test Acc. : 60.36% 	 (34361/56926)
Train Time used: 0 	 Loss: 135.102 | Train Acc: 86.867% (93424/107548)
[Eval] Valid Acc. : 61.57% 	 (33333/54138)
[Eval] Test Acc. : 59.92% 	 (34109/56926)
Train Time used: 0 	 Loss: 130.640 | Train Acc: 87.237% (93822/107548)
[Eval] Valid Acc. : 61.76% 	 (33437/54138)
[Eval] Test Acc. : 59.73% 	 (34004/56926)
Train Time used: 0 	 Loss: 126.390 | Train Acc: 87.462% (94064/107548)
[Eval] Valid Acc. : 61.74% 	 (33424/54138)
[Eval] Test Acc. : 60.13% 	 (34232/56926)
Train Time used: 0 	 Loss: 123.024 | Train Acc: 88.021% (94665/107548)
[Eval] Valid Acc. : 61.61% 	 (33352/54138)
[Eval] Test Acc. : 60.32% 	 (34338/56926)
Train Time used: 0 	 Loss: 118.652 | Train Acc: 88.347% (95015/107548)
[Eval] Valid Acc. : 61.56% 	 (33325/54138)
[Eval] Test Acc. : 59.83% 	 (34061/56926)
Train Time used: 0 	 Loss: 114.673 | Train Acc: 88.641% (95332/107548)
[Eval] Valid Acc. : 61.60% 	 (33348/54138)
[Eval] Test Acc. : 59.62% 	 (33941/56926)
Train Time used: 0 	 Loss: 110.605 | Train Acc: 88.953% (95667/107548)
[Eval] Valid Acc. : 61.48% 	 (33284/54138)
[Eval] Test Acc. : 59.34% 	 (33781/56926)
Train Time used: 0 	 Loss: 106.519 | Train Acc: 89.575% (96336/107548)
[Eval] Valid Acc. : 61.18% 	 (33123/54138)
[Eval] Test Acc. : 59.40% 	 (33815/56926)
Train Time used: 0 	 Loss: 100.781 | Train Acc: 90.326% (97144/107548)
[Eval] Valid Acc. : 61.41% 	 (33247/54138)
[Eval] Test Acc. : 59.52% 	 (33880/56926)
Train Time used: 0 	 Loss: 94.472 | Train Acc: 90.794% (97647/107548)
[Eval] Valid Acc. : 61.31% 	 (33193/54138)
[Eval] Test Acc. : 59.73% 	 (34001/56926)
Train Time used: 0 	 Loss: 90.279 | Train Acc: 91.242% (98129/107548)
[Eval] Valid Acc. : 60.89% 	 (32963/54138)
[Eval] Test Acc. : 59.48% 	 (33860/56926)
Finish training Baseline!
[Result][Baseline] Best epoch : 22 	Valid. Acc. : 62.8099% 	 Test Acc.: 61.5676%
