========CONFIG===========
part_labeled =  0.05
temp =  10.0
========CONFIG===========
[Student] CyclicLR step size =  70
LogitsTrain Time used: 10 	 Loss: 1070.629
Using the default mapping tsv
[Eval] Valid Acc. : 28.79% 	 (15230/52893)
[Eval] Test Acc. : 28.14% 	 (16021/56926)
LogitsTrain Time used: 10 	 Loss: 406.489
[Eval] Valid Acc. : 47.53% 	 (25141/52893)
[Eval] Test Acc. : 46.80% 	 (26640/56926)
LogitsTrain Time used: 10 	 Loss: 140.128
[Eval] Valid Acc. : 56.06% 	 (29654/52893)
[Eval] Test Acc. : 54.95% 	 (31280/56926)
LogitsTrain Time used: 10 	 Loss: 83.859
[Eval] Valid Acc. : 57.04% 	 (30169/52893)
[Eval] Test Acc. : 56.18% 	 (31982/56926)
LogitsTrain Time used: 10 	 Loss: 75.109
[Eval] Valid Acc. : 57.30% 	 (30310/52893)
[Eval] Test Acc. : 56.46% 	 (32138/56926)
LogitsTrain Time used: 10 	 Loss: 70.507
[Eval] Valid Acc. : 58.22% 	 (30795/52893)
[Eval] Test Acc. : 57.74% 	 (32869/56926)
LogitsTrain Time used: 10 	 Loss: 59.261
[Eval] Valid Acc. : 58.91% 	 (31161/52893)
[Eval] Test Acc. : 58.37% 	 (33228/56926)
LogitsTrain Time used: 9 	 Loss: 53.268
[Eval] Valid Acc. : 59.25% 	 (31338/52893)
[Eval] Test Acc. : 58.61% 	 (33366/56926)
LogitsTrain Time used: 10 	 Loss: 51.896
[Eval] Valid Acc. : 58.73% 	 (31065/52893)
[Eval] Test Acc. : 58.17% 	 (33116/56926)
LogitsTrain Time used: 10 	 Loss: 57.571
[Eval] Valid Acc. : 59.62% 	 (31535/52893)
[Eval] Test Acc. : 58.76% 	 (33449/56926)
LogitsTrain Time used: 10 	 Loss: 48.725
[Eval] Valid Acc. : 59.76% 	 (31608/52893)
[Eval] Test Acc. : 59.26% 	 (33734/56926)
LogitsTrain Time used: 9 	 Loss: 45.733
[Eval] Valid Acc. : 59.84% 	 (31650/52893)
[Eval] Test Acc. : 59.18% 	 (33689/56926)
LogitsTrain Time used: 10 	 Loss: 45.500
[Eval] Valid Acc. : 60.36% 	 (31925/52893)
[Eval] Test Acc. : 59.57% 	 (33910/56926)
LogitsTrain Time used: 10 	 Loss: 48.674
[Eval] Valid Acc. : 59.80% 	 (31629/52893)
[Eval] Test Acc. : 59.05% 	 (33613/56926)
LogitsTrain Time used: 10 	 Loss: 44.131
[Eval] Valid Acc. : 59.99% 	 (31733/52893)
[Eval] Test Acc. : 59.20% 	 (33703/56926)
LogitsTrain Time used: 10 	 Loss: 42.273
[Eval] Valid Acc. : 59.87% 	 (31669/52893)
[Eval] Test Acc. : 59.18% 	 (33686/56926)
LogitsTrain Time used: 10 	 Loss: 42.143
[Eval] Valid Acc. : 59.94% 	 (31705/52893)
[Eval] Test Acc. : 59.03% 	 (33602/56926)
LogitsTrain Time used: 10 	 Loss: 43.926
[Eval] Valid Acc. : 60.00% 	 (31736/52893)
[Eval] Test Acc. : 59.20% 	 (33701/56926)
LogitsTrain Time used: 10 	 Loss: 41.013
[Eval] Valid Acc. : 60.31% 	 (31901/52893)
[Eval] Test Acc. : 59.49% 	 (33866/56926)
LogitsTrain Time used: 10 	 Loss: 39.569
[Eval] Valid Acc. : 60.24% 	 (31861/52893)
[Eval] Test Acc. : 59.57% 	 (33910/56926)
LogitsTrain Time used: 10 	 Loss: 39.861
[Eval] Valid Acc. : 60.23% 	 (31859/52893)
[Eval] Test Acc. : 59.71% 	 (33992/56926)
LogitsTrain Time used: 10 	 Loss: 42.425
[Eval] Valid Acc. : 60.47% 	 (31987/52893)
[Eval] Test Acc. : 59.72% 	 (33999/56926)
LogitsTrain Time used: 9 	 Loss: 38.999
[Eval] Valid Acc. : 60.47% 	 (31985/52893)
[Eval] Test Acc. : 59.80% 	 (34043/56926)
LogitsTrain Time used: 10 	 Loss: 37.644
[Eval] Valid Acc. : 60.39% 	 (31941/52893)
[Eval] Test Acc. : 59.59% 	 (33921/56926)
LogitsTrain Time used: 10 	 Loss: 38.249
[Eval] Valid Acc. : 60.35% 	 (31920/52893)
[Eval] Test Acc. : 59.70% 	 (33986/56926)
LogitsTrain Time used: 10 	 Loss: 44.851
[Eval] Valid Acc. : 60.64% 	 (32072/52893)
[Eval] Test Acc. : 59.73% 	 (34001/56926)
LogitsTrain Time used: 9 	 Loss: 37.359
[Eval] Valid Acc. : 60.54% 	 (32024/52893)
[Eval] Test Acc. : 59.80% 	 (34041/56926)
LogitsTrain Time used: 10 	 Loss: 36.614
[Eval] Valid Acc. : 60.50% 	 (32001/52893)
[Eval] Test Acc. : 59.66% 	 (33960/56926)
LogitsTrain Time used: 10 	 Loss: 37.225
[Eval] Valid Acc. : 60.64% 	 (32076/52893)
[Eval] Test Acc. : 59.81% 	 (34045/56926)
LogitsTrain Time used: 10 	 Loss: 38.598
[Eval] Valid Acc. : 60.44% 	 (31968/52893)
[Eval] Test Acc. : 59.60% 	 (33929/56926)
LogitsTrain Time used: 10 	 Loss: 36.023
[Eval] Valid Acc. : 60.60% 	 (32051/52893)
[Eval] Test Acc. : 59.81% 	 (34047/56926)
LogitsTrain Time used: 9 	 Loss: 35.407
[Eval] Valid Acc. : 60.44% 	 (31966/52893)
[Eval] Test Acc. : 59.63% 	 (33945/56926)
LogitsTrain Time used: 10 	 Loss: 36.869
[Eval] Valid Acc. : 60.56% 	 (32034/52893)
[Eval] Test Acc. : 59.67% 	 (33970/56926)
LogitsTrain Time used: 10 	 Loss: 38.759
[Eval] Valid Acc. : 60.53% 	 (32014/52893)
[Eval] Test Acc. : 60.01% 	 (34163/56926)
LogitsTrain Time used: 10 	 Loss: 35.052
[Eval] Valid Acc. : 60.59% 	 (32049/52893)
[Eval] Test Acc. : 59.85% 	 (34073/56926)
LogitsTrain Time used: 10 	 Loss: 34.487
[Eval] Valid Acc. : 60.44% 	 (31970/52893)
[Eval] Test Acc. : 59.58% 	 (33919/56926)
LogitsTrain Time used: 10 	 Loss: 35.525
[Eval] Valid Acc. : 60.27% 	 (31879/52893)
[Eval] Test Acc. : 59.75% 	 (34015/56926)
LogitsTrain Time used: 10 	 Loss: 35.748
[Eval] Valid Acc. : 60.74% 	 (32128/52893)
[Eval] Test Acc. : 59.96% 	 (34134/56926)
LogitsTrain Time used: 10 	 Loss: 33.974
[Eval] Valid Acc. : 60.69% 	 (32101/52893)
[Eval] Test Acc. : 59.87% 	 (34081/56926)
LogitsTrain Time used: 10 	 Loss: 33.639
[Eval] Valid Acc. : 60.47% 	 (31986/52893)
[Eval] Test Acc. : 59.67% 	 (33967/56926)
LogitsTrain Time used: 9 	 Loss: 36.554
[Eval] Valid Acc. : 59.41% 	 (31425/52893)
[Eval] Test Acc. : 58.51% 	 (33307/56926)
LogitsTrain Time used: 10 	 Loss: 35.592
[Eval] Valid Acc. : 60.66% 	 (32083/52893)
[Eval] Test Acc. : 59.80% 	 (34041/56926)
LogitsTrain Time used: 10 	 Loss: 33.246
[Eval] Valid Acc. : 60.66% 	 (32086/52893)
[Eval] Test Acc. : 59.97% 	 (34139/56926)
LogitsTrain Time used: 10 	 Loss: 33.159
[Eval] Valid Acc. : 60.86% 	 (32189/52893)
[Eval] Test Acc. : 60.07% 	 (34194/56926)
LogitsTrain Time used: 10 	 Loss: 35.390
[Eval] Valid Acc. : 60.93% 	 (32228/52893)
[Eval] Test Acc. : 60.14% 	 (34238/56926)
LogitsTrain Time used: 10 	 Loss: 34.168
[Eval] Valid Acc. : 60.45% 	 (31972/52893)
[Eval] Test Acc. : 59.69% 	 (33980/56926)
LogitsTrain Time used: 10 	 Loss: 32.512
[Eval] Valid Acc. : 60.82% 	 (32169/52893)
[Eval] Test Acc. : 60.14% 	 (34235/56926)
LogitsTrain Time used: 10 	 Loss: 32.626
[Eval] Valid Acc. : 60.73% 	 (32123/52893)
[Eval] Test Acc. : 59.78% 	 (34031/56926)
LogitsTrain Time used: 10 	 Loss: 36.184
[Eval] Valid Acc. : 60.36% 	 (31926/52893)
[Eval] Test Acc. : 59.70% 	 (33985/56926)
LogitsTrain Time used: 10 	 Loss: 33.624
[Eval] Valid Acc. : 60.69% 	 (32099/52893)
[Eval] Test Acc. : 59.87% 	 (34083/56926)
Finish training student!
[Result][Student] Best epoch : 44 	Valid. Acc. : 60.9306% 	 Test Acc.: 60.1447%
