========CONFIG===========
part_labeled =  0.3
temp =  6.0
========CONFIG===========
[Student] CyclicLR step size =  70
LogitsTrain Time used: 14 	 Loss: 2368.029
Using the default mapping tsv
[Eval] Valid Acc. : 30.36% 	 (16437/54138)
[Eval] Test Acc. : 28.65% 	 (16312/56926)
LogitsTrain Time used: 14 	 Loss: 1130.308
[Eval] Valid Acc. : 52.45% 	 (28396/54138)
[Eval] Test Acc. : 51.46% 	 (29294/56926)
LogitsTrain Time used: 14 	 Loss: 584.384
[Eval] Valid Acc. : 60.76% 	 (32894/54138)
[Eval] Test Acc. : 59.87% 	 (34082/56926)
LogitsTrain Time used: 14 	 Loss: 434.463
[Eval] Valid Acc. : 64.07% 	 (34688/54138)
[Eval] Test Acc. : 63.05% 	 (35890/56926)
LogitsTrain Time used: 14 	 Loss: 394.282
[Eval] Valid Acc. : 63.85% 	 (34565/54138)
[Eval] Test Acc. : 63.30% 	 (36034/56926)
LogitsTrain Time used: 14 	 Loss: 390.157
[Eval] Valid Acc. : 64.75% 	 (35056/54138)
[Eval] Test Acc. : 62.89% 	 (35801/56926)
LogitsTrain Time used: 14 	 Loss: 338.954
[Eval] Valid Acc. : 68.42% 	 (37042/54138)
[Eval] Test Acc. : 67.06% 	 (38175/56926)
LogitsTrain Time used: 14 	 Loss: 299.113
[Eval] Valid Acc. : 69.01% 	 (37359/54138)
[Eval] Test Acc. : 67.26% 	 (38288/56926)
LogitsTrain Time used: 14 	 Loss: 292.158
[Eval] Valid Acc. : 68.62% 	 (37151/54138)
[Eval] Test Acc. : 67.33% 	 (38328/56926)
LogitsTrain Time used: 14 	 Loss: 308.222
[Eval] Valid Acc. : 68.55% 	 (37111/54138)
[Eval] Test Acc. : 67.41% 	 (38371/56926)
LogitsTrain Time used: 14 	 Loss: 277.981
[Eval] Valid Acc. : 69.88% 	 (37832/54138)
[Eval] Test Acc. : 68.24% 	 (38847/56926)
LogitsTrain Time used: 14 	 Loss: 261.059
[Eval] Valid Acc. : 70.25% 	 (38033/54138)
[Eval] Test Acc. : 68.61% 	 (39056/56926)
LogitsTrain Time used: 14 	 Loss: 259.008
[Eval] Valid Acc. : 70.29% 	 (38053/54138)
[Eval] Test Acc. : 68.35% 	 (38907/56926)
LogitsTrain Time used: 14 	 Loss: 281.870
[Eval] Valid Acc. : 68.35% 	 (37004/54138)
[Eval] Test Acc. : 66.88% 	 (38070/56926)
LogitsTrain Time used: 14 	 Loss: 259.306
[Eval] Valid Acc. : 71.04% 	 (38460/54138)
[Eval] Test Acc. : 69.07% 	 (39321/56926)
LogitsTrain Time used: 14 	 Loss: 242.164
[Eval] Valid Acc. : 71.22% 	 (38556/54138)
[Eval] Test Acc. : 69.15% 	 (39365/56926)
LogitsTrain Time used: 14 	 Loss: 243.281
[Eval] Valid Acc. : 69.67% 	 (37719/54138)
[Eval] Test Acc. : 67.92% 	 (38666/56926)
LogitsTrain Time used: 14 	 Loss: 256.160
[Eval] Valid Acc. : 70.43% 	 (38127/54138)
[Eval] Test Acc. : 68.84% 	 (39188/56926)
LogitsTrain Time used: 14 	 Loss: 240.286
[Eval] Valid Acc. : 71.45% 	 (38679/54138)
[Eval] Test Acc. : 69.65% 	 (39650/56926)
LogitsTrain Time used: 14 	 Loss: 229.193
[Eval] Valid Acc. : 71.41% 	 (38660/54138)
[Eval] Test Acc. : 69.43% 	 (39522/56926)
LogitsTrain Time used: 14 	 Loss: 233.371
[Eval] Valid Acc. : 70.16% 	 (37984/54138)
[Eval] Test Acc. : 68.69% 	 (39101/56926)
LogitsTrain Time used: 14 	 Loss: 247.413
[Eval] Valid Acc. : 70.93% 	 (38400/54138)
[Eval] Test Acc. : 69.16% 	 (39370/56926)
LogitsTrain Time used: 14 	 Loss: 228.877
[Eval] Valid Acc. : 71.60% 	 (38761/54138)
[Eval] Test Acc. : 69.69% 	 (39673/56926)
LogitsTrain Time used: 14 	 Loss: 221.589
[Eval] Valid Acc. : 71.61% 	 (38766/54138)
[Eval] Test Acc. : 69.75% 	 (39707/56926)
LogitsTrain Time used: 14 	 Loss: 224.990
[Eval] Valid Acc. : 71.29% 	 (38594/54138)
[Eval] Test Acc. : 69.35% 	 (39479/56926)
LogitsTrain Time used: 14 	 Loss: 243.861
[Eval] Valid Acc. : 70.88% 	 (38372/54138)
[Eval] Test Acc. : 69.63% 	 (39636/56926)
LogitsTrain Time used: 14 	 Loss: 221.133
[Eval] Valid Acc. : 71.98% 	 (38966/54138)
[Eval] Test Acc. : 70.04% 	 (39871/56926)
LogitsTrain Time used: 14 	 Loss: 215.420
[Eval] Valid Acc. : 71.83% 	 (38886/54138)
[Eval] Test Acc. : 70.06% 	 (39883/56926)
LogitsTrain Time used: 14 	 Loss: 221.048
[Eval] Valid Acc. : 70.61% 	 (38228/54138)
[Eval] Test Acc. : 69.25% 	 (39420/56926)
LogitsTrain Time used: 14 	 Loss: 228.459
[Eval] Valid Acc. : 71.71% 	 (38820/54138)
[Eval] Test Acc. : 69.77% 	 (39716/56926)
LogitsTrain Time used: 14 	 Loss: 214.613
[Eval] Valid Acc. : 72.00% 	 (38982/54138)
[Eval] Test Acc. : 70.17% 	 (39943/56926)
LogitsTrain Time used: 14 	 Loss: 209.820
[Eval] Valid Acc. : 71.70% 	 (38815/54138)
[Eval] Test Acc. : 69.57% 	 (39605/56926)
LogitsTrain Time used: 14 	 Loss: 220.399
[Eval] Valid Acc. : 70.08% 	 (37942/54138)
[Eval] Test Acc. : 68.15% 	 (38796/56926)
LogitsTrain Time used: 14 	 Loss: 236.638
[Eval] Valid Acc. : 71.90% 	 (38925/54138)
[Eval] Test Acc. : 69.93% 	 (39810/56926)
LogitsTrain Time used: 14 	 Loss: 210.294
[Eval] Valid Acc. : 72.13% 	 (39048/54138)
[Eval] Test Acc. : 70.35% 	 (40048/56926)
LogitsTrain Time used: 14 	 Loss: 206.382
[Eval] Valid Acc. : 71.74% 	 (38839/54138)
[Eval] Test Acc. : 70.12% 	 (39917/56926)
LogitsTrain Time used: 14 	 Loss: 216.646
[Eval] Valid Acc. : 70.05% 	 (37925/54138)
[Eval] Test Acc. : 68.71% 	 (39116/56926)
LogitsTrain Time used: 14 	 Loss: 218.961
[Eval] Valid Acc. : 72.05% 	 (39006/54138)
[Eval] Test Acc. : 70.10% 	 (39906/56926)
LogitsTrain Time used: 14 	 Loss: 205.767
[Eval] Valid Acc. : 72.33% 	 (39158/54138)
[Eval] Test Acc. : 70.34% 	 (40041/56926)
LogitsTrain Time used: 14 	 Loss: 204.011
[Eval] Valid Acc. : 71.66% 	 (38793/54138)
[Eval] Test Acc. : 70.03% 	 (39865/56926)
LogitsTrain Time used: 14 	 Loss: 215.758
[Eval] Valid Acc. : 70.54% 	 (38187/54138)
[Eval] Test Acc. : 68.52% 	 (39008/56926)
LogitsTrain Time used: 14 	 Loss: 215.365
[Eval] Valid Acc. : 71.93% 	 (38943/54138)
[Eval] Test Acc. : 70.00% 	 (39847/56926)
LogitsTrain Time used: 14 	 Loss: 201.865
[Eval] Valid Acc. : 72.35% 	 (39168/54138)
[Eval] Test Acc. : 70.50% 	 (40131/56926)
LogitsTrain Time used: 14 	 Loss: 201.019
[Eval] Valid Acc. : 72.39% 	 (39192/54138)
[Eval] Test Acc. : 70.00% 	 (39850/56926)
LogitsTrain Time used: 14 	 Loss: 210.615
[Eval] Valid Acc. : 71.53% 	 (38724/54138)
[Eval] Test Acc. : 69.56% 	 (39597/56926)
LogitsTrain Time used: 14 	 Loss: 208.162
[Eval] Valid Acc. : 72.38% 	 (39187/54138)
[Eval] Test Acc. : 70.28% 	 (40006/56926)
LogitsTrain Time used: 14 	 Loss: 199.097
[Eval] Valid Acc. : 72.50% 	 (39251/54138)
[Eval] Test Acc. : 70.52% 	 (40145/56926)
LogitsTrain Time used: 14 	 Loss: 200.005
[Eval] Valid Acc. : 71.83% 	 (38885/54138)
[Eval] Test Acc. : 69.87% 	 (39772/56926)
LogitsTrain Time used: 13 	 Loss: 210.571
[Eval] Valid Acc. : 71.76% 	 (38851/54138)
[Eval] Test Acc. : 69.63% 	 (39636/56926)
LogitsTrain Time used: 14 	 Loss: 201.723
[Eval] Valid Acc. : 72.20% 	 (39087/54138)
[Eval] Test Acc. : 70.36% 	 (40054/56926)
Finish training student!
[Result][Student] Best epoch : 46 	Valid. Acc. : 72.5018% 	 Test Acc.: 70.5214%
