========CONFIG===========
part_labeled =  0.05
========CONFIG===========
[Teacher] CyclicLR step size =  2
[Teacher] batch_size =  100
Train Time used: 0 	 Loss: 1145.435 | Train Acc: 2.754% (1425/51734)
Using the default mapping tsv
[Eval] Valid Acc. : 24.39% 	 (12902/52893)
[Eval] Test Acc. : 24.16% 	 (13755/56926)
Train Time used: 0 	 Loss: 1085.401 | Train Acc: 13.765% (7121/51734)
[Eval] Valid Acc. : 24.39% 	 (12902/52893)
[Eval] Test Acc. : 24.16% 	 (13755/56926)
Train Time used: 0 	 Loss: 1049.725 | Train Acc: 13.765% (7121/51734)
[Eval] Valid Acc. : 24.39% 	 (12902/52893)
[Eval] Test Acc. : 24.16% 	 (13755/56926)
Train Time used: 0 	 Loss: 1016.057 | Train Acc: 11.412% (5904/51734)
[Eval] Valid Acc. : 16.52% 	 (8737/52893)
[Eval] Test Acc. : 16.83% 	 (9582/56926)
Train Time used: 0 	 Loss: 977.837 | Train Acc: 12.154% (6288/51734)
[Eval] Valid Acc. : 29.19% 	 (15439/52893)
[Eval] Test Acc. : 29.23% 	 (16639/56926)
Train Time used: 0 	 Loss: 919.453 | Train Acc: 17.982% (9303/51734)
[Eval] Valid Acc. : 30.05% 	 (15896/52893)
[Eval] Test Acc. : 29.10% 	 (16565/56926)
Train Time used: 0 	 Loss: 903.163 | Train Acc: 21.941% (11351/51734)
[Eval] Valid Acc. : 34.85% 	 (18434/52893)
[Eval] Test Acc. : 34.53% 	 (19658/56926)
Train Time used: 0 	 Loss: 850.709 | Train Acc: 24.723% (12790/51734)
[Eval] Valid Acc. : 33.42% 	 (17679/52893)
[Eval] Test Acc. : 32.97% 	 (18771/56926)
Train Time used: 0 	 Loss: 802.581 | Train Acc: 25.301% (13089/51734)
[Eval] Valid Acc. : 38.75% 	 (20496/52893)
[Eval] Test Acc. : 39.34% 	 (22394/56926)
Train Time used: 0 	 Loss: 771.571 | Train Acc: 29.657% (15343/51734)
[Eval] Valid Acc. : 38.05% 	 (20124/52893)
[Eval] Test Acc. : 38.28% 	 (21792/56926)
Train Time used: 0 	 Loss: 728.833 | Train Acc: 31.235% (16159/51734)
[Eval] Valid Acc. : 40.35% 	 (21342/52893)
[Eval] Test Acc. : 39.97% 	 (22753/56926)
Train Time used: 0 	 Loss: 707.534 | Train Acc: 30.491% (15774/51734)
[Eval] Valid Acc. : 43.41% 	 (22963/52893)
[Eval] Test Acc. : 42.68% 	 (24295/56926)
Train Time used: 0 	 Loss: 667.038 | Train Acc: 34.556% (17877/51734)
[Eval] Valid Acc. : 42.78% 	 (22627/52893)
[Eval] Test Acc. : 41.99% 	 (23906/56926)
Train Time used: 0 	 Loss: 665.743 | Train Acc: 34.146% (17665/51734)
[Eval] Valid Acc. : 41.61% 	 (22010/52893)
[Eval] Test Acc. : 40.97% 	 (23323/56926)
Train Time used: 0 	 Loss: 610.932 | Train Acc: 37.741% (19525/51734)
[Eval] Valid Acc. : 46.77% 	 (24738/52893)
[Eval] Test Acc. : 46.58% 	 (26518/56926)
Train Time used: 0 	 Loss: 600.683 | Train Acc: 39.778% (20579/51734)
[Eval] Valid Acc. : 46.34% 	 (24511/52893)
[Eval] Test Acc. : 46.17% 	 (26283/56926)
Train Time used: 0 	 Loss: 587.708 | Train Acc: 39.690% (20533/51734)
[Eval] Valid Acc. : 47.91% 	 (25340/52893)
[Eval] Test Acc. : 47.72% 	 (27164/56926)
Train Time used: 0 	 Loss: 587.191 | Train Acc: 41.650% (21547/51734)
[Eval] Valid Acc. : 46.04% 	 (24352/52893)
[Eval] Test Acc. : 45.55% 	 (25931/56926)
Train Time used: 0 	 Loss: 579.242 | Train Acc: 41.095% (21260/51734)
[Eval] Valid Acc. : 49.30% 	 (26076/52893)
[Eval] Test Acc. : 49.36% 	 (28099/56926)
Train Time used: 0 	 Loss: 564.395 | Train Acc: 40.888% (21153/51734)
[Eval] Valid Acc. : 46.17% 	 (24421/52893)
[Eval] Test Acc. : 47.29% 	 (26922/56926)
Train Time used: 0 	 Loss: 562.315 | Train Acc: 41.822% (21636/51734)
[Eval] Valid Acc. : 50.24% 	 (26572/52893)
[Eval] Test Acc. : 50.88% 	 (28965/56926)
Train Time used: 0 	 Loss: 541.351 | Train Acc: 43.546% (22528/51734)
[Eval] Valid Acc. : 47.62% 	 (25188/52893)
[Eval] Test Acc. : 47.11% 	 (26819/56926)
Train Time used: 0 	 Loss: 550.215 | Train Acc: 42.141% (21801/51734)
[Eval] Valid Acc. : 51.31% 	 (27141/52893)
[Eval] Test Acc. : 50.85% 	 (28948/56926)
Train Time used: 0 	 Loss: 519.254 | Train Acc: 47.259% (24449/51734)
[Eval] Valid Acc. : 50.09% 	 (26493/52893)
[Eval] Test Acc. : 50.38% 	 (28681/56926)
Train Time used: 0 	 Loss: 523.008 | Train Acc: 45.537% (23558/51734)
[Eval] Valid Acc. : 52.74% 	 (27898/52893)
[Eval] Test Acc. : 53.87% 	 (30667/56926)
Train Time used: 0 	 Loss: 509.834 | Train Acc: 48.369% (25023/51734)
[Eval] Valid Acc. : 50.35% 	 (26633/52893)
[Eval] Test Acc. : 50.09% 	 (28515/56926)
Train Time used: 0 	 Loss: 507.366 | Train Acc: 47.137% (24386/51734)
[Eval] Valid Acc. : 53.21% 	 (28142/52893)
[Eval] Test Acc. : 52.82% 	 (30066/56926)
Train Time used: 0 	 Loss: 496.197 | Train Acc: 49.184% (25445/51734)
[Eval] Valid Acc. : 50.86% 	 (26900/52893)
[Eval] Test Acc. : 51.29% 	 (29200/56926)
Train Time used: 0 	 Loss: 496.199 | Train Acc: 47.075% (24354/51734)
[Eval] Valid Acc. : 54.19% 	 (28664/52893)
[Eval] Test Acc. : 53.81% 	 (30631/56926)
Train Time used: 0 	 Loss: 475.251 | Train Acc: 50.785% (26273/51734)
[Eval] Valid Acc. : 53.62% 	 (28359/52893)
[Eval] Test Acc. : 53.62% 	 (30521/56926)
Train Time used: 0 	 Loss: 478.456 | Train Acc: 50.211% (25976/51734)
[Eval] Valid Acc. : 55.84% 	 (29536/52893)
[Eval] Test Acc. : 55.23% 	 (31443/56926)
Train Time used: 0 	 Loss: 451.039 | Train Acc: 52.930% (27383/51734)
[Eval] Valid Acc. : 54.35% 	 (28747/52893)
[Eval] Test Acc. : 54.06% 	 (30772/56926)
Train Time used: 0 	 Loss: 438.019 | Train Acc: 53.576% (27717/51734)
[Eval] Valid Acc. : 57.47% 	 (30396/52893)
[Eval] Test Acc. : 57.18% 	 (32552/56926)
Train Time used: 0 	 Loss: 436.390 | Train Acc: 55.234% (28575/51734)
[Eval] Valid Acc. : 56.42% 	 (29840/52893)
[Eval] Test Acc. : 56.35% 	 (32079/56926)
Train Time used: 0 	 Loss: 420.000 | Train Acc: 56.632% (29298/51734)
[Eval] Valid Acc. : 58.47% 	 (30929/52893)
[Eval] Test Acc. : 58.08% 	 (33061/56926)
Train Time used: 0 	 Loss: 406.139 | Train Acc: 57.616% (29807/51734)
[Eval] Valid Acc. : 56.89% 	 (30090/52893)
[Eval] Test Acc. : 56.59% 	 (32217/56926)
Train Time used: 0 	 Loss: 409.698 | Train Acc: 57.332% (29660/51734)
[Eval] Valid Acc. : 59.09% 	 (31255/52893)
[Eval] Test Acc. : 58.50% 	 (33304/56926)
Train Time used: 0 	 Loss: 385.437 | Train Acc: 59.922% (31000/51734)
[Eval] Valid Acc. : 58.84% 	 (31123/52893)
[Eval] Test Acc. : 58.81% 	 (33477/56926)
Train Time used: 0 	 Loss: 390.868 | Train Acc: 59.149% (30600/51734)
[Eval] Valid Acc. : 60.12% 	 (31797/52893)
[Eval] Test Acc. : 60.73% 	 (34569/56926)
Train Time used: 0 	 Loss: 368.991 | Train Acc: 61.478% (31805/51734)
[Eval] Valid Acc. : 57.84% 	 (30592/52893)
[Eval] Test Acc. : 58.50% 	 (33303/56926)
Train Time used: 0 	 Loss: 368.749 | Train Acc: 60.819% (31464/51734)
[Eval] Valid Acc. : 59.82% 	 (31643/52893)
[Eval] Test Acc. : 59.90% 	 (34099/56926)
Train Time used: 0 	 Loss: 372.426 | Train Acc: 61.652% (31895/51734)
[Eval] Valid Acc. : 59.34% 	 (31387/52893)
[Eval] Test Acc. : 58.87% 	 (33515/56926)
Train Time used: 0 	 Loss: 354.290 | Train Acc: 62.249% (32204/51734)
[Eval] Valid Acc. : 61.41% 	 (32480/52893)
[Eval] Test Acc. : 61.44% 	 (34974/56926)
Train Time used: 0 	 Loss: 371.794 | Train Acc: 60.962% (31538/51734)
[Eval] Valid Acc. : 57.26% 	 (30284/52893)
[Eval] Test Acc. : 57.97% 	 (32998/56926)
Train Time used: 0 	 Loss: 369.454 | Train Acc: 60.475% (31286/51734)
[Eval] Valid Acc. : 61.40% 	 (32477/52893)
[Eval] Test Acc. : 61.37% 	 (34937/56926)
Train Time used: 0 	 Loss: 370.929 | Train Acc: 61.895% (32021/51734)
[Eval] Valid Acc. : 56.33% 	 (29797/52893)
[Eval] Test Acc. : 56.14% 	 (31961/56926)
Train Time used: 0 	 Loss: 389.813 | Train Acc: 59.377% (30718/51734)
[Eval] Valid Acc. : 61.53% 	 (32544/52893)
[Eval] Test Acc. : 60.55% 	 (34471/56926)
Train Time used: 0 	 Loss: 380.136 | Train Acc: 61.319% (31723/51734)
[Eval] Valid Acc. : 56.00% 	 (29621/52893)
[Eval] Test Acc. : 55.61% 	 (31654/56926)
Train Time used: 0 	 Loss: 387.505 | Train Acc: 58.370% (30197/51734)
[Eval] Valid Acc. : 58.63% 	 (31011/52893)
[Eval] Test Acc. : 58.78% 	 (33461/56926)
Train Time used: 0 	 Loss: 351.270 | Train Acc: 62.442% (32304/51734)
[Eval] Valid Acc. : 58.04% 	 (30699/52893)
[Eval] Test Acc. : 57.84% 	 (32928/56926)
Finish training teacher!
[Result][Teacher] Best epoch : 46 	Valid. Acc. : 61.5280% 	 Test Acc.: 60.5541%
