========CONFIG===========
part_labeled =  0.03
========CONFIG===========
[Teacher] CyclicLR step size =  2
[Teacher] batch_size =  100
Train Time used: 33 	 Loss: 1161.362 | Train Acc: 2.802% (872/31120)
Using the default mapping tsv
[Eval] Valid Acc. : 24.39% 	 (12902/52893)
[Eval] Test Acc. : 24.16% 	 (13755/56926)
Train Time used: 0 	 Loss: 1050.568 | Train Acc: 13.454% (4187/31120)
[Eval] Valid Acc. : 24.39% 	 (12902/52893)
[Eval] Test Acc. : 24.16% 	 (13755/56926)
Train Time used: 0 	 Loss: 1059.553 | Train Acc: 13.454% (4187/31120)
[Eval] Valid Acc. : 24.39% 	 (12902/52893)
[Eval] Test Acc. : 24.16% 	 (13755/56926)
Train Time used: 0 	 Loss: 992.277 | Train Acc: 13.397% (4169/31120)
[Eval] Valid Acc. : 19.36% 	 (10238/52893)
[Eval] Test Acc. : 19.53% 	 (11117/56926)
Train Time used: 0 	 Loss: 1107.454 | Train Acc: 14.521% (4519/31120)
[Eval] Valid Acc. : 29.78% 	 (15749/52893)
[Eval] Test Acc. : 29.29% 	 (16671/56926)
Train Time used: 0 	 Loss: 974.824 | Train Acc: 18.779% (5844/31120)
[Eval] Valid Acc. : 21.16% 	 (11191/52893)
[Eval] Test Acc. : 19.80% 	 (11274/56926)
Train Time used: 0 	 Loss: 997.097 | Train Acc: 15.527% (4832/31120)
[Eval] Valid Acc. : 31.77% 	 (16803/52893)
[Eval] Test Acc. : 31.76% 	 (18081/56926)
Train Time used: 0 	 Loss: 915.213 | Train Acc: 22.159% (6896/31120)
[Eval] Valid Acc. : 17.42% 	 (9212/52893)
[Eval] Test Acc. : 17.61% 	 (10027/56926)
Train Time used: 0 	 Loss: 899.967 | Train Acc: 14.492% (4510/31120)
[Eval] Valid Acc. : 31.09% 	 (16446/52893)
[Eval] Test Acc. : 31.03% 	 (17663/56926)
Train Time used: 0 	 Loss: 1063.225 | Train Acc: 19.740% (6143/31120)
[Eval] Valid Acc. : 30.30% 	 (16027/52893)
[Eval] Test Acc. : 29.31% 	 (16686/56926)
Train Time used: 0 	 Loss: 954.117 | Train Acc: 20.717% (6447/31120)
[Eval] Valid Acc. : 30.32% 	 (16035/52893)
[Eval] Test Acc. : 29.43% 	 (16754/56926)
Train Time used: 0 	 Loss: 1005.725 | Train Acc: 21.719% (6759/31120)
[Eval] Valid Acc. : 33.92% 	 (17943/52893)
[Eval] Test Acc. : 33.36% 	 (18993/56926)
Train Time used: 0 	 Loss: 869.260 | Train Acc: 22.494% (7000/31120)
[Eval] Valid Acc. : 35.16% 	 (18596/52893)
[Eval] Test Acc. : 34.92% 	 (19880/56926)
Train Time used: 0 	 Loss: 836.234 | Train Acc: 24.987% (7776/31120)
[Eval] Valid Acc. : 34.47% 	 (18233/52893)
[Eval] Test Acc. : 33.71% 	 (19192/56926)
Train Time used: 0 	 Loss: 771.082 | Train Acc: 25.463% (7924/31120)
[Eval] Valid Acc. : 33.89% 	 (17924/52893)
[Eval] Test Acc. : 32.41% 	 (18450/56926)
Train Time used: 0 	 Loss: 772.955 | Train Acc: 25.219% (7848/31120)
[Eval] Valid Acc. : 36.32% 	 (19211/52893)
[Eval] Test Acc. : 36.33% 	 (20681/56926)
Train Time used: 0 	 Loss: 716.171 | Train Acc: 29.769% (9264/31120)
[Eval] Valid Acc. : 41.70% 	 (22054/52893)
[Eval] Test Acc. : 41.35% 	 (23539/56926)
Train Time used: 0 	 Loss: 797.885 | Train Acc: 34.100% (10612/31120)
[Eval] Valid Acc. : 39.35% 	 (20815/52893)
[Eval] Test Acc. : 37.91% 	 (21583/56926)
Train Time used: 0 	 Loss: 656.871 | Train Acc: 35.096% (10922/31120)
[Eval] Valid Acc. : 43.86% 	 (23199/52893)
[Eval] Test Acc. : 43.51% 	 (24767/56926)
Train Time used: 0 	 Loss: 634.388 | Train Acc: 37.638% (11713/31120)
[Eval] Valid Acc. : 46.11% 	 (24387/52893)
[Eval] Test Acc. : 45.06% 	 (25652/56926)
Train Time used: 0 	 Loss: 609.011 | Train Acc: 39.055% (12154/31120)
[Eval] Valid Acc. : 46.28% 	 (24478/52893)
[Eval] Test Acc. : 45.05% 	 (25647/56926)
Train Time used: 0 	 Loss: 678.549 | Train Acc: 39.762% (12374/31120)
[Eval] Valid Acc. : 43.95% 	 (23246/52893)
[Eval] Test Acc. : 42.49% 	 (24189/56926)
Train Time used: 0 	 Loss: 588.235 | Train Acc: 37.947% (11809/31120)
[Eval] Valid Acc. : 45.59% 	 (24116/52893)
[Eval] Test Acc. : 44.26% 	 (25196/56926)
Train Time used: 0 	 Loss: 513.211 | Train Acc: 39.409% (12264/31120)
[Eval] Valid Acc. : 42.38% 	 (22415/52893)
[Eval] Test Acc. : 40.83% 	 (23243/56926)
Train Time used: 0 	 Loss: 638.519 | Train Acc: 38.885% (12101/31120)
[Eval] Valid Acc. : 46.80% 	 (24755/52893)
[Eval] Test Acc. : 45.88% 	 (26118/56926)
Train Time used: 0 	 Loss: 608.192 | Train Acc: 41.761% (12996/31120)
[Eval] Valid Acc. : 43.47% 	 (22995/52893)
[Eval] Test Acc. : 42.34% 	 (24104/56926)
Train Time used: 0 	 Loss: 728.705 | Train Acc: 37.053% (11531/31120)
[Eval] Valid Acc. : 44.71% 	 (23647/52893)
[Eval] Test Acc. : 42.69% 	 (24301/56926)
Train Time used: 0 	 Loss: 533.475 | Train Acc: 40.003% (12449/31120)
[Eval] Valid Acc. : 41.18% 	 (21782/52893)
[Eval] Test Acc. : 40.18% 	 (22871/56926)
Train Time used: 0 	 Loss: 687.406 | Train Acc: 39.518% (12298/31120)
[Eval] Valid Acc. : 43.85% 	 (23196/52893)
[Eval] Test Acc. : 43.83% 	 (24950/56926)
Train Time used: 0 	 Loss: 546.500 | Train Acc: 41.009% (12762/31120)
[Eval] Valid Acc. : 46.59% 	 (24642/52893)
[Eval] Test Acc. : 46.92% 	 (26707/56926)
Train Time used: 0 	 Loss: 594.968 | Train Acc: 43.840% (13643/31120)
[Eval] Valid Acc. : 48.17% 	 (25481/52893)
[Eval] Test Acc. : 48.51% 	 (27612/56926)
Train Time used: 0 	 Loss: 506.873 | Train Acc: 46.147% (14361/31120)
[Eval] Valid Acc. : 49.50% 	 (26183/52893)
[Eval] Test Acc. : 49.47% 	 (28163/56926)
Train Time used: 0 	 Loss: 503.486 | Train Acc: 46.661% (14521/31120)
[Eval] Valid Acc. : 51.25% 	 (27108/52893)
[Eval] Test Acc. : 51.19% 	 (29142/56926)
Train Time used: 0 	 Loss: 560.548 | Train Acc: 49.981% (15554/31120)
[Eval] Valid Acc. : 49.85% 	 (26367/52893)
[Eval] Test Acc. : 49.76% 	 (28328/56926)
Train Time used: 0 	 Loss: 487.244 | Train Acc: 48.846% (15201/31120)
[Eval] Valid Acc. : 52.31% 	 (27670/52893)
[Eval] Test Acc. : 52.07% 	 (29643/56926)
Train Time used: 0 	 Loss: 507.482 | Train Acc: 51.427% (16004/31120)
[Eval] Valid Acc. : 51.37% 	 (27173/52893)
[Eval] Test Acc. : 51.31% 	 (29211/56926)
Train Time used: 0 	 Loss: 504.660 | Train Acc: 50.064% (15580/31120)
[Eval] Valid Acc. : 53.40% 	 (28246/52893)
[Eval] Test Acc. : 54.21% 	 (30862/56926)
Train Time used: 0 	 Loss: 458.442 | Train Acc: 53.069% (16515/31120)
[Eval] Valid Acc. : 51.08% 	 (27018/52893)
[Eval] Test Acc. : 51.95% 	 (29571/56926)
Train Time used: 0 	 Loss: 508.319 | Train Acc: 50.206% (15624/31120)
[Eval] Valid Acc. : 53.66% 	 (28380/52893)
[Eval] Test Acc. : 53.78% 	 (30615/56926)
Train Time used: 0 	 Loss: 479.175 | Train Acc: 53.821% (16749/31120)
[Eval] Valid Acc. : 47.66% 	 (25207/52893)
[Eval] Test Acc. : 45.77% 	 (26055/56926)
Train Time used: 0 	 Loss: 527.025 | Train Acc: 46.327% (14417/31120)
[Eval] Valid Acc. : 54.00% 	 (28561/52893)
[Eval] Test Acc. : 54.01% 	 (30745/56926)
Train Time used: 0 	 Loss: 510.936 | Train Acc: 54.791% (17051/31120)
[Eval] Valid Acc. : 49.31% 	 (26084/52893)
[Eval] Test Acc. : 48.88% 	 (27827/56926)
Train Time used: 0 	 Loss: 524.405 | Train Acc: 46.571% (14493/31120)
[Eval] Valid Acc. : 52.80% 	 (27927/52893)
[Eval] Test Acc. : 53.36% 	 (30374/56926)
Train Time used: 0 	 Loss: 501.729 | Train Acc: 50.035% (15571/31120)
[Eval] Valid Acc. : 47.37% 	 (25054/52893)
[Eval] Test Acc. : 46.19% 	 (26294/56926)
Train Time used: 0 	 Loss: 539.054 | Train Acc: 42.866% (13340/31120)
[Eval] Valid Acc. : 48.96% 	 (25894/52893)
[Eval] Test Acc. : 48.47% 	 (27593/56926)
Train Time used: 0 	 Loss: 493.198 | Train Acc: 47.465% (14771/31120)
[Eval] Valid Acc. : 51.54% 	 (27261/52893)
[Eval] Test Acc. : 51.21% 	 (29151/56926)
Train Time used: 0 	 Loss: 446.385 | Train Acc: 51.575% (16050/31120)
[Eval] Valid Acc. : 53.45% 	 (28271/52893)
[Eval] Test Acc. : 52.38% 	 (29818/56926)
Train Time used: 0 	 Loss: 445.665 | Train Acc: 53.130% (16534/31120)
[Eval] Valid Acc. : 53.44% 	 (28265/52893)
[Eval] Test Acc. : 52.91% 	 (30120/56926)
Train Time used: 0 	 Loss: 474.729 | Train Acc: 53.859% (16761/31120)
[Eval] Valid Acc. : 56.18% 	 (29716/52893)
[Eval] Test Acc. : 55.79% 	 (31761/56926)
Train Time used: 0 	 Loss: 402.650 | Train Acc: 57.298% (17831/31120)
[Eval] Valid Acc. : 53.68% 	 (28394/52893)
[Eval] Test Acc. : 53.75% 	 (30597/56926)
Finish training teacher!
[Result][Teacher] Best epoch : 48 	Valid. Acc. : 56.1813% 	 Test Acc.: 55.7935%
