========CONFIG===========
part_labeled =  0.3
========CONFIG===========
[Teacher] CyclicLR step size =  20
Train Time used: 5 	 Loss: 1100.567 | Train Acc: 10.125% (31846/314517)
Using the default mapping tsv
[Eval] Valid Acc. : 29.72% 	 (16092/54138)
[Eval] Test Acc. : 28.18% 	 (16042/56926)
Train Time used: 4 	 Loss: 846.001 | Train Acc: 23.902% (75176/314517)
[Eval] Valid Acc. : 42.97% 	 (23262/54138)
[Eval] Test Acc. : 41.01% 	 (23344/56926)
Train Time used: 4 	 Loss: 589.497 | Train Acc: 41.466% (130418/314517)
[Eval] Valid Acc. : 52.62% 	 (28485/54138)
[Eval] Test Acc. : 51.44% 	 (29280/56926)
Train Time used: 4 	 Loss: 509.158 | Train Acc: 49.181% (154684/314517)
[Eval] Valid Acc. : 55.98% 	 (30307/54138)
[Eval] Test Acc. : 54.88% 	 (31239/56926)
Train Time used: 4 	 Loss: 476.670 | Train Acc: 51.512% (162014/314517)
[Eval] Valid Acc. : 57.97% 	 (31384/54138)
[Eval] Test Acc. : 57.08% 	 (32495/56926)
Train Time used: 4 	 Loss: 469.216 | Train Acc: 51.954% (163405/314517)
[Eval] Valid Acc. : 62.06% 	 (33597/54138)
[Eval] Test Acc. : 60.53% 	 (34459/56926)
Train Time used: 4 	 Loss: 394.525 | Train Acc: 59.222% (186262/314517)
[Eval] Valid Acc. : 65.05% 	 (35216/54138)
[Eval] Test Acc. : 63.95% 	 (36406/56926)
Train Time used: 4 	 Loss: 370.315 | Train Acc: 61.798% (194366/314517)
[Eval] Valid Acc. : 66.07% 	 (35769/54138)
[Eval] Test Acc. : 64.79% 	 (36883/56926)
Train Time used: 4 	 Loss: 353.590 | Train Acc: 63.099% (198457/314517)
[Eval] Valid Acc. : 64.73% 	 (35042/54138)
[Eval] Test Acc. : 63.01% 	 (35871/56926)
Train Time used: 4 	 Loss: 368.740 | Train Acc: 61.264% (192685/314517)
[Eval] Valid Acc. : 67.84% 	 (36727/54138)
[Eval] Test Acc. : 66.50% 	 (37857/56926)
Train Time used: 4 	 Loss: 312.262 | Train Acc: 67.164% (211242/314517)
[Eval] Valid Acc. : 69.79% 	 (37785/54138)
[Eval] Test Acc. : 68.59% 	 (39047/56926)
Train Time used: 4 	 Loss: 298.415 | Train Acc: 68.749% (216227/314517)
[Eval] Valid Acc. : 70.13% 	 (37967/54138)
[Eval] Test Acc. : 68.62% 	 (39063/56926)
Train Time used: 4 	 Loss: 293.755 | Train Acc: 68.992% (216993/314517)
[Eval] Valid Acc. : 68.12% 	 (36879/54138)
[Eval] Test Acc. : 67.78% 	 (38585/56926)
Train Time used: 4 	 Loss: 278.772 | Train Acc: 70.195% (220774/314517)
[Eval] Valid Acc. : 71.94% 	 (38945/54138)
[Eval] Test Acc. : 70.29% 	 (40012/56926)
Train Time used: 4 	 Loss: 248.395 | Train Acc: 73.676% (231724/314517)
[Eval] Valid Acc. : 72.40% 	 (39194/54138)
[Eval] Test Acc. : 70.65% 	 (40220/56926)
Train Time used: 4 	 Loss: 247.070 | Train Acc: 73.766% (232008/314517)
[Eval] Valid Acc. : 71.39% 	 (38650/54138)
[Eval] Test Acc. : 69.24% 	 (39414/56926)
Train Time used: 4 	 Loss: 251.077 | Train Acc: 72.941% (229412/314517)
[Eval] Valid Acc. : 71.70% 	 (38817/54138)
[Eval] Test Acc. : 70.01% 	 (39855/56926)
Train Time used: 4 	 Loss: 226.781 | Train Acc: 75.639% (237898/314517)
[Eval] Valid Acc. : 73.39% 	 (39732/54138)
[Eval] Test Acc. : 71.52% 	 (40711/56926)
Train Time used: 4 	 Loss: 206.492 | Train Acc: 77.912% (245047/314517)
[Eval] Valid Acc. : 73.02% 	 (39532/54138)
[Eval] Test Acc. : 70.95% 	 (40388/56926)
Train Time used: 4 	 Loss: 215.769 | Train Acc: 76.805% (241566/314517)
[Eval] Valid Acc. : 71.15% 	 (38520/54138)
[Eval] Test Acc. : 69.28% 	 (39437/56926)
Train Time used: 4 	 Loss: 241.660 | Train Acc: 73.894% (232408/314517)
[Eval] Valid Acc. : 73.35% 	 (39708/54138)
[Eval] Test Acc. : 70.84% 	 (40326/56926)
Train Time used: 4 	 Loss: 194.583 | Train Acc: 79.164% (248983/314517)
[Eval] Valid Acc. : 74.03% 	 (40078/54138)
[Eval] Test Acc. : 71.84% 	 (40894/56926)
Train Time used: 4 	 Loss: 180.759 | Train Acc: 80.574% (253418/314517)
[Eval] Valid Acc. : 73.49% 	 (39787/54138)
[Eval] Test Acc. : 71.29% 	 (40583/56926)
Train Time used: 4 	 Loss: 195.809 | Train Acc: 78.750% (247682/314517)
[Eval] Valid Acc. : 71.61% 	 (38769/54138)
[Eval] Test Acc. : 69.85% 	 (39765/56926)
Train Time used: 4 	 Loss: 187.380 | Train Acc: 79.498% (250034/314517)
[Eval] Valid Acc. : 74.13% 	 (40132/54138)
[Eval] Test Acc. : 71.78% 	 (40859/56926)
Train Time used: 4 	 Loss: 156.983 | Train Acc: 83.294% (261975/314517)
[Eval] Valid Acc. : 74.19% 	 (40165/54138)
[Eval] Test Acc. : 71.43% 	 (40663/56926)
Train Time used: 4 	 Loss: 152.475 | Train Acc: 83.679% (263184/314517)
[Eval] Valid Acc. : 73.82% 	 (39963/54138)
[Eval] Test Acc. : 71.25% 	 (40561/56926)
Train Time used: 4 	 Loss: 161.556 | Train Acc: 82.021% (257969/314517)
[Eval] Valid Acc. : 73.02% 	 (39534/54138)
[Eval] Test Acc. : 70.74% 	 (40268/56926)
Train Time used: 4 	 Loss: 141.340 | Train Acc: 84.700% (266397/314517)
[Eval] Valid Acc. : 74.26% 	 (40203/54138)
[Eval] Test Acc. : 71.72% 	 (40826/56926)
Train Time used: 4 	 Loss: 125.008 | Train Acc: 86.678% (272616/314517)
[Eval] Valid Acc. : 73.68% 	 (39890/54138)
[Eval] Test Acc. : 71.82% 	 (40882/56926)
Train Time used: 4 	 Loss: 125.380 | Train Acc: 86.423% (271814/314517)
[Eval] Valid Acc. : 72.36% 	 (39174/54138)
[Eval] Test Acc. : 70.28% 	 (40006/56926)
Train Time used: 4 	 Loss: 133.475 | Train Acc: 85.246% (268113/314517)
[Eval] Valid Acc. : 73.54% 	 (39814/54138)
[Eval] Test Acc. : 70.95% 	 (40391/56926)
Train Time used: 4 	 Loss: 110.546 | Train Acc: 88.008% (276801/314517)
[Eval] Valid Acc. : 73.98% 	 (40049/54138)
[Eval] Test Acc. : 71.21% 	 (40536/56926)
Train Time used: 4 	 Loss: 103.261 | Train Acc: 88.963% (279804/314517)
[Eval] Valid Acc. : 73.40% 	 (39736/54138)
[Eval] Test Acc. : 70.98% 	 (40406/56926)
Train Time used: 4 	 Loss: 165.215 | Train Acc: 83.536% (262735/314517)
[Eval] Valid Acc. : 68.56% 	 (37117/54138)
[Eval] Test Acc. : 66.12% 	 (37639/56926)
Train Time used: 4 	 Loss: 202.777 | Train Acc: 78.011% (245357/314517)
[Eval] Valid Acc. : 72.99% 	 (39517/54138)
[Eval] Test Acc. : 70.87% 	 (40345/56926)
Train Time used: 4 	 Loss: 140.011 | Train Acc: 84.594% (266064/314517)
[Eval] Valid Acc. : 73.52% 	 (39800/54138)
[Eval] Test Acc. : 70.67% 	 (40232/56926)
Train Time used: 4 	 Loss: 122.089 | Train Acc: 86.543% (272193/314517)
[Eval] Valid Acc. : 73.08% 	 (39566/54138)
[Eval] Test Acc. : 70.15% 	 (39935/56926)
Train Time used: 4 	 Loss: 110.597 | Train Acc: 87.789% (276111/314517)
[Eval] Valid Acc. : 73.91% 	 (40012/54138)
[Eval] Test Acc. : 70.85% 	 (40332/56926)
Train Time used: 4 	 Loss: 91.710 | Train Acc: 90.033% (283170/314517)
[Eval] Valid Acc. : 74.11% 	 (40121/54138)
[Eval] Test Acc. : 71.09% 	 (40467/56926)
Train Time used: 4 	 Loss: 81.219 | Train Acc: 91.330% (287249/314517)
[Eval] Valid Acc. : 73.73% 	 (39918/54138)
[Eval] Test Acc. : 71.09% 	 (40471/56926)
Train Time used: 4 	 Loss: 77.436 | Train Acc: 91.727% (288496/314517)
[Eval] Valid Acc. : 73.55% 	 (39817/54138)
[Eval] Test Acc. : 70.94% 	 (40382/56926)
Train Time used: 4 	 Loss: 72.889 | Train Acc: 92.104% (289682/314517)
[Eval] Valid Acc. : 73.54% 	 (39812/54138)
[Eval] Test Acc. : 70.88% 	 (40351/56926)
Train Time used: 4 	 Loss: 63.361 | Train Acc: 93.306% (293462/314517)
[Eval] Valid Acc. : 73.67% 	 (39884/54138)
[Eval] Test Acc. : 70.89% 	 (40353/56926)
Train Time used: 4 	 Loss: 60.231 | Train Acc: 93.625% (294468/314517)
[Eval] Valid Acc. : 73.28% 	 (39675/54138)
[Eval] Test Acc. : 70.60% 	 (40191/56926)
Train Time used: 4 	 Loss: 58.876 | Train Acc: 93.687% (294663/314517)
[Eval] Valid Acc. : 73.25% 	 (39658/54138)
[Eval] Test Acc. : 70.53% 	 (40151/56926)
Train Time used: 4 	 Loss: 54.832 | Train Acc: 94.126% (296041/314517)
[Eval] Valid Acc. : 73.14% 	 (39595/54138)
[Eval] Test Acc. : 70.37% 	 (40056/56926)
Train Time used: 4 	 Loss: 49.167 | Train Acc: 94.943% (298611/314517)
[Eval] Valid Acc. : 73.12% 	 (39585/54138)
[Eval] Test Acc. : 70.42% 	 (40087/56926)
Train Time used: 4 	 Loss: 48.605 | Train Acc: 94.937% (298594/314517)
[Eval] Valid Acc. : 73.10% 	 (39573/54138)
[Eval] Test Acc. : 70.21% 	 (39966/56926)
Train Time used: 4 	 Loss: 52.779 | Train Acc: 94.205% (296292/314517)
[Eval] Valid Acc. : 72.93% 	 (39481/54138)
[Eval] Test Acc. : 69.95% 	 (39821/56926)
Finish training teacher!
[Result][Teacher] Best epoch : 28 	Valid. Acc. : 74.2602% 	 Test Acc.: 71.7177%
