========CONFIG===========
part_labeled =  0.01
========CONFIG===========
[Teacher] CyclicLR step size =  2
[Teacher] batch_size =  35
Train Time used: 0 	 Loss: 1185.805 | Train Acc: 2.541% (272/10704)
Using the default mapping tsv
[Eval] Valid Acc. : 3.28% 	 (1778/54138)
[Eval] Test Acc. : 3.04% 	 (1728/56926)
Train Time used: 0 	 Loss: 1185.763 | Train Acc: 2.541% (272/10704)
[Eval] Valid Acc. : 25.86% 	 (13998/54138)
[Eval] Test Acc. : 24.16% 	 (13755/56926)
Train Time used: 0 	 Loss: 1149.341 | Train Acc: 13.743% (1471/10704)
[Eval] Valid Acc. : 25.86% 	 (13998/54138)
[Eval] Test Acc. : 24.16% 	 (13755/56926)
Train Time used: 0 	 Loss: 1084.602 | Train Acc: 13.743% (1471/10704)
[Eval] Valid Acc. : 25.86% 	 (13998/54138)
[Eval] Test Acc. : 24.16% 	 (13755/56926)
Train Time used: 0 	 Loss: 1079.806 | Train Acc: 13.743% (1471/10704)
[Eval] Valid Acc. : 25.86% 	 (13998/54138)
[Eval] Test Acc. : 24.16% 	 (13755/56926)
Train Time used: 0 	 Loss: 1079.744 | Train Acc: 13.743% (1471/10704)
[Eval] Valid Acc. : 25.86% 	 (13998/54138)
[Eval] Test Acc. : 24.16% 	 (13755/56926)
Train Time used: 0 	 Loss: 1051.769 | Train Acc: 13.743% (1471/10704)
[Eval] Valid Acc. : 25.86% 	 (13998/54138)
[Eval] Test Acc. : 24.17% 	 (13759/56926)
Train Time used: 0 	 Loss: 1054.006 | Train Acc: 6.941% (743/10704)
[Eval] Valid Acc. : 29.37% 	 (15899/54138)
[Eval] Test Acc. : 27.81% 	 (15833/56926)
Train Time used: 0 	 Loss: 1009.759 | Train Acc: 11.108% (1189/10704)
[Eval] Valid Acc. : 29.38% 	 (15905/54138)
[Eval] Test Acc. : 27.82% 	 (15835/56926)
Train Time used: 0 	 Loss: 1009.571 | Train Acc: 11.117% (1190/10704)
[Eval] Valid Acc. : 29.85% 	 (16162/54138)
[Eval] Test Acc. : 28.29% 	 (16106/56926)
Train Time used: 0 	 Loss: 960.860 | Train Acc: 18.274% (1956/10704)
[Eval] Valid Acc. : 30.55% 	 (16537/54138)
[Eval] Test Acc. : 28.47% 	 (16208/56926)
Train Time used: 0 	 Loss: 928.683 | Train Acc: 19.497% (2087/10704)
[Eval] Valid Acc. : 27.75% 	 (15022/54138)
[Eval] Test Acc. : 25.50% 	 (14514/56926)
Train Time used: 0 	 Loss: 922.540 | Train Acc: 18.003% (1927/10704)
[Eval] Valid Acc. : 27.75% 	 (15022/54138)
[Eval] Test Acc. : 25.49% 	 (14510/56926)
Train Time used: 0 	 Loss: 922.467 | Train Acc: 18.003% (1927/10704)
[Eval] Valid Acc. : 32.59% 	 (17643/54138)
[Eval] Test Acc. : 30.87% 	 (17572/56926)
Train Time used: 0 	 Loss: 877.145 | Train Acc: 23.729% (2540/10704)
[Eval] Valid Acc. : 32.70% 	 (17704/54138)
[Eval] Test Acc. : 31.25% 	 (17791/56926)
Train Time used: 0 	 Loss: 856.448 | Train Acc: 22.683% (2428/10704)
[Eval] Valid Acc. : 35.49% 	 (19214/54138)
[Eval] Test Acc. : 33.76% 	 (19221/56926)
Train Time used: 0 	 Loss: 817.171 | Train Acc: 25.841% (2766/10704)
[Eval] Valid Acc. : 35.50% 	 (19219/54138)
[Eval] Test Acc. : 33.78% 	 (19227/56926)
Train Time used: 0 	 Loss: 817.051 | Train Acc: 25.869% (2769/10704)
[Eval] Valid Acc. : 36.65% 	 (19841/54138)
[Eval] Test Acc. : 34.88% 	 (19857/56926)
Train Time used: 0 	 Loss: 767.733 | Train Acc: 29.466% (3154/10704)
[Eval] Valid Acc. : 36.57% 	 (19800/54138)
[Eval] Test Acc. : 34.49% 	 (19634/56926)
Train Time used: 0 	 Loss: 764.570 | Train Acc: 29.297% (3136/10704)
[Eval] Valid Acc. : 38.98% 	 (21102/54138)
[Eval] Test Acc. : 36.67% 	 (20875/56926)
Train Time used: 0 	 Loss: 721.254 | Train Acc: 31.203% (3340/10704)
[Eval] Valid Acc. : 38.98% 	 (21104/54138)
[Eval] Test Acc. : 36.68% 	 (20880/56926)
Train Time used: 0 	 Loss: 721.142 | Train Acc: 31.231% (3343/10704)
[Eval] Valid Acc. : 41.19% 	 (22300/54138)
[Eval] Test Acc. : 39.78% 	 (22644/56926)
Train Time used: 0 	 Loss: 684.582 | Train Acc: 35.781% (3830/10704)
[Eval] Valid Acc. : 39.24% 	 (21246/54138)
[Eval] Test Acc. : 37.46% 	 (21326/56926)
Train Time used: 0 	 Loss: 705.150 | Train Acc: 33.324% (3567/10704)
[Eval] Valid Acc. : 42.57% 	 (23048/54138)
[Eval] Test Acc. : 40.52% 	 (23066/56926)
Train Time used: 0 	 Loss: 649.292 | Train Acc: 37.089% (3970/10704)
[Eval] Valid Acc. : 42.59% 	 (23056/54138)
[Eval] Test Acc. : 40.53% 	 (23070/56926)
Train Time used: 0 	 Loss: 649.169 | Train Acc: 37.108% (3972/10704)
[Eval] Valid Acc. : 44.84% 	 (24275/54138)
[Eval] Test Acc. : 43.09% 	 (24529/56926)
Train Time used: 0 	 Loss: 621.796 | Train Acc: 40.443% (4329/10704)
[Eval] Valid Acc. : 39.49% 	 (21378/54138)
[Eval] Test Acc. : 37.48% 	 (21337/56926)
Train Time used: 0 	 Loss: 699.306 | Train Acc: 33.436% (3579/10704)
[Eval] Valid Acc. : 43.12% 	 (23343/54138)
[Eval] Test Acc. : 40.84% 	 (23248/56926)
Train Time used: 0 	 Loss: 616.651 | Train Acc: 40.648% (4351/10704)
[Eval] Valid Acc. : 43.13% 	 (23349/54138)
[Eval] Test Acc. : 40.85% 	 (23254/56926)
Train Time used: 0 	 Loss: 616.485 | Train Acc: 40.658% (4352/10704)
[Eval] Valid Acc. : 47.60% 	 (25771/54138)
[Eval] Test Acc. : 45.55% 	 (25930/56926)
Train Time used: 0 	 Loss: 573.831 | Train Acc: 43.666% (4674/10704)
[Eval] Valid Acc. : 42.41% 	 (22962/54138)
[Eval] Test Acc. : 40.66% 	 (23147/56926)
Train Time used: 0 	 Loss: 672.424 | Train Acc: 35.118% (3759/10704)
[Eval] Valid Acc. : 46.54% 	 (25194/54138)
[Eval] Test Acc. : 45.19% 	 (25724/56926)
Train Time used: 0 	 Loss: 606.023 | Train Acc: 40.303% (4314/10704)
[Eval] Valid Acc. : 46.54% 	 (25197/54138)
[Eval] Test Acc. : 45.21% 	 (25738/56926)
Train Time used: 0 	 Loss: 605.782 | Train Acc: 40.293% (4313/10704)
[Eval] Valid Acc. : 47.93% 	 (25948/54138)
[Eval] Test Acc. : 46.63% 	 (26546/56926)
Train Time used: 0 	 Loss: 535.484 | Train Acc: 46.992% (5030/10704)
[Eval] Valid Acc. : 39.38% 	 (21318/54138)
[Eval] Test Acc. : 36.84% 	 (20971/56926)
Train Time used: 0 	 Loss: 666.861 | Train Acc: 36.949% (3955/10704)
[Eval] Valid Acc. : 44.16% 	 (23910/54138)
[Eval] Test Acc. : 42.31% 	 (24087/56926)
Train Time used: 0 	 Loss: 581.589 | Train Acc: 44.395% (4752/10704)
[Eval] Valid Acc. : 44.18% 	 (23920/54138)
[Eval] Test Acc. : 42.32% 	 (24093/56926)
Train Time used: 0 	 Loss: 581.376 | Train Acc: 44.404% (4753/10704)
[Eval] Valid Acc. : 48.28% 	 (26139/54138)
[Eval] Test Acc. : 46.82% 	 (26652/56926)
Train Time used: 0 	 Loss: 524.443 | Train Acc: 47.945% (5132/10704)
[Eval] Valid Acc. : 45.74% 	 (24761/54138)
[Eval] Test Acc. : 43.90% 	 (24992/56926)
Train Time used: 0 	 Loss: 596.328 | Train Acc: 41.162% (4406/10704)
[Eval] Valid Acc. : 47.12% 	 (25509/54138)
[Eval] Test Acc. : 45.19% 	 (25726/56926)
Train Time used: 0 	 Loss: 563.880 | Train Acc: 43.021% (4605/10704)
[Eval] Valid Acc. : 47.12% 	 (25512/54138)
[Eval] Test Acc. : 45.20% 	 (25729/56926)
Train Time used: 0 	 Loss: 563.735 | Train Acc: 43.040% (4607/10704)
[Eval] Valid Acc. : 48.49% 	 (26251/54138)
[Eval] Test Acc. : 46.67% 	 (26566/56926)
Train Time used: 0 	 Loss: 510.725 | Train Acc: 48.188% (5158/10704)
[Eval] Valid Acc. : 43.62% 	 (23617/54138)
[Eval] Test Acc. : 41.12% 	 (23407/56926)
Train Time used: 0 	 Loss: 538.405 | Train Acc: 43.993% (4709/10704)
[Eval] Valid Acc. : 47.07% 	 (25481/54138)
[Eval] Test Acc. : 45.44% 	 (25866/56926)
Train Time used: 0 	 Loss: 495.870 | Train Acc: 49.346% (5282/10704)
[Eval] Valid Acc. : 47.07% 	 (25484/54138)
[Eval] Test Acc. : 45.45% 	 (25872/56926)
Train Time used: 0 	 Loss: 495.780 | Train Acc: 49.318% (5279/10704)
[Eval] Valid Acc. : 50.43% 	 (27301/54138)
[Eval] Test Acc. : 49.30% 	 (28063/56926)
Train Time used: 0 	 Loss: 457.842 | Train Acc: 53.690% (5747/10704)
[Eval] Valid Acc. : 50.11% 	 (27129/54138)
[Eval] Test Acc. : 48.74% 	 (27747/56926)
Train Time used: 0 	 Loss: 483.330 | Train Acc: 50.196% (5373/10704)
[Eval] Valid Acc. : 51.22% 	 (27731/54138)
[Eval] Test Acc. : 50.10% 	 (28519/56926)
Train Time used: 0 	 Loss: 460.324 | Train Acc: 53.148% (5689/10704)
[Eval] Valid Acc. : 51.22% 	 (27730/54138)
[Eval] Test Acc. : 50.11% 	 (28524/56926)
Train Time used: 0 	 Loss: 460.176 | Train Acc: 53.176% (5692/10704)
[Eval] Valid Acc. : 52.86% 	 (28620/54138)
[Eval] Test Acc. : 51.65% 	 (29400/56926)
Finish training teacher!
[Result][Teacher] Best epoch : 49 	Valid. Acc. : 52.8649% 	 Test Acc.: 51.6460%
